[0.209s] Invoking command in '/home/fssja/turtlebot3_ws/build/dynamixel_sdk': CMAKE_PREFIX_PATH=${CMAKE_PREFIX_PATH}:/opt/ros/humble /usr/bin/cmake --build /home/fssja/turtlebot3_ws/build/dynamixel_sdk -- -j2 -l2
[0.341s] [100%] Built target dynamixel_sdk
[0.394s] Invoked command in '/home/fssja/turtlebot3_ws/build/dynamixel_sdk' returned '0': CMAKE_PREFIX_PATH=${CMAKE_PREFIX_PATH}:/opt/ros/humble /usr/bin/cmake --build /home/fssja/turtlebot3_ws/build/dynamixel_sdk -- -j2 -l2
[0.630s] Invoking command in '/home/fssja/turtlebot3_ws/build/dynamixel_sdk': CMAKE_PREFIX_PATH=${CMAKE_PREFIX_PATH}:/opt/ros/humble /usr/bin/cmake --install /home/fssja/turtlebot3_ws/build/dynamixel_sdk
[0.672s] -- Install configuration: ""
[0.672s] -- Up-to-date: /home/fssja/turtlebot3_ws/install/dynamixel_sdk/include/
[0.673s] -- Up-to-date: /home/fssja/turtlebot3_ws/install/dynamixel_sdk/include//dynamixel_sdk
[0.673s] -- Up-to-date: /home/fssja/turtlebot3_ws/install/dynamixel_sdk/include//dynamixel_sdk/packet_handler.h
[0.676s] -- Up-to-date: /home/fssja/turtlebot3_ws/install/dynamixel_sdk/include//dynamixel_sdk/dynamixel_sdk.h
[0.676s] -- Up-to-date: /home/fssja/turtlebot3_ws/install/dynamixel_sdk/include//dynamixel_sdk/port_handler_linux.h
[0.677s] -- Up-to-date: /home/fssja/turtlebot3_ws/install/dynamixel_sdk/include//dynamixel_sdk/port_handler_windows.h
[0.679s] -- Up-to-date: /home/fssja/turtlebot3_ws/install/dynamixel_sdk/include//dynamixel_sdk/protocol1_packet_handler.h
[0.680s] -- Up-to-date: /home/fssja/turtlebot3_ws/install/dynamixel_sdk/include//dynamixel_sdk/port_handler.h
[0.681s] -- Up-to-date: /home/fssja/turtlebot3_ws/install/dynamixel_sdk/include//dynamixel_sdk/port_handler_arduino.h
[0.681s] -- Up-to-date: /home/fssja/turtlebot3_ws/install/dynamixel_sdk/include//dynamixel_sdk/group_bulk_write.h
[0.683s] -- Up-to-date: /home/fssja/turtlebot3_ws/install/dynamixel_sdk/include//dynamixel_sdk/port_handler_mac.h
[0.684s] -- Up-to-date: /home/fssja/turtlebot3_ws/install/dynamixel_sdk/include//dynamixel_sdk/group_sync_write.h
[0.684s] -- Up-to-date: /home/fssja/turtlebot3_ws/install/dynamixel_sdk/include//dynamixel_sdk/group_bulk_read.h
[0.685s] -- Up-to-date: /home/fssja/turtlebot3_ws/install/dynamixel_sdk/include//dynamixel_sdk/group_sync_read.h
[0.685s] -- Up-to-date: /home/fssja/turtlebot3_ws/install/dynamixel_sdk/include//dynamixel_sdk/protocol2_packet_handler.h
[0.687s] -- Up-to-date: /home/fssja/turtlebot3_ws/install/dynamixel_sdk/lib/libdynamixel_sdk.so
[0.690s] -- Up-to-date: /home/fssja/turtlebot3_ws/install/dynamixel_sdk/share/dynamixel_sdk/environment/library_path.sh
[0.691s] -- Up-to-date: /home/fssja/turtlebot3_ws/install/dynamixel_sdk/share/dynamixel_sdk/environment/library_path.dsv
[0.691s] -- Up-to-date: /home/fssja/turtlebot3_ws/install/dynamixel_sdk/share/ament_index/resource_index/package_run_dependencies/dynamixel_sdk
[0.692s] -- Up-to-date: /home/fssja/turtlebot3_ws/install/dynamixel_sdk/share/ament_index/resource_index/parent_prefix_path/dynamixel_sdk
[0.694s] -- Up-to-date: /home/fssja/turtlebot3_ws/install/dynamixel_sdk/share/dynamixel_sdk/environment/ament_prefix_path.sh
[0.695s] -- Up-to-date: /home/fssja/turtlebot3_ws/install/dynamixel_sdk/share/dynamixel_sdk/environment/ament_prefix_path.dsv
[0.695s] -- Up-to-date: /home/fssja/turtlebot3_ws/install/dynamixel_sdk/share/dynamixel_sdk/environment/path.sh
[0.696s] -- Up-to-date: /home/fssja/turtlebot3_ws/install/dynamixel_sdk/share/dynamixel_sdk/environment/path.dsv
[0.698s] -- Up-to-date: /home/fssja/turtlebot3_ws/install/dynamixel_sdk/share/dynamixel_sdk/local_setup.bash
[0.699s] -- Up-to-date: /home/fssja/turtlebot3_ws/install/dynamixel_sdk/share/dynamixel_sdk/local_setup.sh
[0.699s] -- Up-to-date: /home/fssja/turtlebot3_ws/install/dynamixel_sdk/share/dynamixel_sdk/local_setup.zsh
[0.700s] -- Up-to-date: /home/fssja/turtlebot3_ws/install/dynamixel_sdk/share/dynamixel_sdk/local_setup.dsv
[0.700s] -- Installing: /home/fssja/turtlebot3_ws/install/dynamixel_sdk/share/dynamixel_sdk/package.dsv
[0.703s] -- Up-to-date: /home/fssja/turtlebot3_ws/install/dynamixel_sdk/share/ament_index/resource_index/packages/dynamixel_sdk
[0.704s] -- Up-to-date: /home/fssja/turtlebot3_ws/install/dynamixel_sdk/share/dynamixel_sdk/cmake/ament_cmake_export_include_directories-extras.cmake
[0.705s] -- Up-to-date: /home/fssja/turtlebot3_ws/install/dynamixel_sdk/share/dynamixel_sdk/cmake/ament_cmake_export_libraries-extras.cmake
[0.708s] -- Up-to-date: /home/fssja/turtlebot3_ws/install/dynamixel_sdk/share/dynamixel_sdk/cmake/dynamixel_sdkConfig.cmake
[0.708s] -- Up-to-date: /home/fssja/turtlebot3_ws/install/dynamixel_sdk/share/dynamixel_sdk/cmake/dynamixel_sdkConfig-version.cmake
[0.711s] -- Up-to-date: /home/fssja/turtlebot3_ws/install/dynamixel_sdk/share/dynamixel_sdk/package.xml
[0.731s] Invoked command in '/home/fssja/turtlebot3_ws/build/dynamixel_sdk' returned '0': CMAKE_PREFIX_PATH=${CMAKE_PREFIX_PATH}:/opt/ros/humble /usr/bin/cmake --install /home/fssja/turtlebot3_ws/build/dynamixel_sdk
