[2.695s] DEBUG:colcon:Command line arguments: ['/usr/bin/colcon', 'build', '--packages-select', 'robot_controller']
[2.695s] DEBUG:colcon:Parsed command line arguments: Namespace(log_base=None, log_level=None, verb_name='build', build_base='build', install_base='install', merge_install=False, symlink_install=False, test_result_base=None, continue_on_error=False, executor='parallel', parallel_workers=2, event_handlers=None, ignore_user_meta=False, metas=['./colcon.meta'], base_paths=['.'], packages_ignore=None, packages_ignore_regex=None, paths=None, packages_up_to=None, packages_up_to_regex=None, packages_above=None, packages_above_and_dependencies=None, packages_above_depth=None, packages_select_by_dep=None, packages_skip_by_dep=None, packages_skip_up_to=None, packages_select_build_failed=False, packages_skip_build_finished=False, packages_select_test_failures=False, packages_skip_test_passed=False, packages_select=['robot_controller'], packages_skip=None, packages_select_regex=None, packages_skip_regex=None, packages_start=None, packages_end=None, allow_overriding=[], cmake_args=None, cmake_target=None, cmake_target_skip_unavailable=False, cmake_clean_cache=False, cmake_clean_first=False, cmake_force_configure=False, ament_cmake_args=None, catkin_cmake_args=None, catkin_skip_building_tests=False, verb_parser=<colcon_defaults.argument_parser.defaults.DefaultArgumentsDecorator object at 0x704dcf68b700>, verb_extension=<colcon_core.verb.build.BuildVerb object at 0x704dcf6895a0>, main=<bound method BuildVerb.main of <colcon_core.verb.build.BuildVerb object at 0x704dcf6895a0>>)
[2.815s] Level 1:colcon.colcon_core.package_discovery:discover_packages(colcon_meta) check parameters
[2.815s] Level 1:colcon.colcon_core.package_discovery:discover_packages(recursive) check parameters
[2.815s] Level 1:colcon.colcon_core.package_discovery:discover_packages(ignore) check parameters
[2.815s] Level 1:colcon.colcon_core.package_discovery:discover_packages(path) check parameters
[2.815s] Level 1:colcon.colcon_core.package_discovery:discover_packages(colcon_meta) discover
[2.815s] Level 1:colcon.colcon_core.package_discovery:discover_packages(recursive) discover
[2.815s] INFO:colcon.colcon_core.package_discovery:Crawling recursively for packages in '/home/fssja/ros2_ws'
[2.816s] Level 1:colcon.colcon_core.package_identification:_identify(.) by extensions ['ignore', 'ignore_ament_install']
[2.816s] Level 1:colcon.colcon_core.package_identification:_identify(.) by extension 'ignore'
[2.816s] Level 1:colcon.colcon_core.package_identification:_identify(.) by extension 'ignore_ament_install'
[2.816s] Level 1:colcon.colcon_core.package_identification:_identify(.) by extensions ['colcon_pkg']
[2.816s] Level 1:colcon.colcon_core.package_identification:_identify(.) by extension 'colcon_pkg'
[2.816s] Level 1:colcon.colcon_core.package_identification:_identify(.) by extensions ['colcon_meta']
[2.816s] Level 1:colcon.colcon_core.package_identification:_identify(.) by extension 'colcon_meta'
[2.817s] Level 1:colcon.colcon_core.package_identification:_identify(.) by extensions ['ros']
[2.817s] Level 1:colcon.colcon_core.package_identification:_identify(.) by extension 'ros'
[2.842s] Level 1:colcon.colcon_core.package_identification:_identify(.) by extensions ['cmake', 'python']
[2.842s] Level 1:colcon.colcon_core.package_identification:_identify(.) by extension 'cmake'
[2.842s] Level 1:colcon.colcon_core.package_identification:_identify(.) by extension 'python'
[2.842s] Level 1:colcon.colcon_core.package_identification:_identify(.) by extensions ['python_setup_py']
[2.842s] Level 1:colcon.colcon_core.package_identification:_identify(.) by extension 'python_setup_py'
[2.842s] Level 1:colcon.colcon_core.package_identification:_identify(build) by extensions ['ignore', 'ignore_ament_install']
[2.843s] Level 1:colcon.colcon_core.package_identification:_identify(build) by extension 'ignore'
[2.843s] Level 1:colcon.colcon_core.package_identification:_identify(build) ignored
[2.843s] Level 1:colcon.colcon_core.package_identification:_identify(install) by extensions ['ignore', 'ignore_ament_install']
[2.843s] Level 1:colcon.colcon_core.package_identification:_identify(install) by extension 'ignore'
[2.843s] Level 1:colcon.colcon_core.package_identification:_identify(install) ignored
[2.843s] Level 1:colcon.colcon_core.package_identification:_identify(log) by extensions ['ignore', 'ignore_ament_install']
[2.844s] Level 1:colcon.colcon_core.package_identification:_identify(log) by extension 'ignore'
[2.844s] Level 1:colcon.colcon_core.package_identification:_identify(log) ignored
[2.844s] Level 1:colcon.colcon_core.package_identification:_identify(src) by extensions ['ignore', 'ignore_ament_install']
[2.844s] Level 1:colcon.colcon_core.package_identification:_identify(src) by extension 'ignore'
[2.844s] Level 1:colcon.colcon_core.package_identification:_identify(src) by extension 'ignore_ament_install'
[2.844s] Level 1:colcon.colcon_core.package_identification:_identify(src) by extensions ['colcon_pkg']
[2.845s] Level 1:colcon.colcon_core.package_identification:_identify(src) by extension 'colcon_pkg'
[2.845s] Level 1:colcon.colcon_core.package_identification:_identify(src) by extensions ['colcon_meta']
[2.845s] Level 1:colcon.colcon_core.package_identification:_identify(src) by extension 'colcon_meta'
[2.845s] Level 1:colcon.colcon_core.package_identification:_identify(src) by extensions ['ros']
[2.845s] Level 1:colcon.colcon_core.package_identification:_identify(src) by extension 'ros'
[2.845s] Level 1:colcon.colcon_core.package_identification:_identify(src) by extensions ['cmake', 'python']
[2.845s] Level 1:colcon.colcon_core.package_identification:_identify(src) by extension 'cmake'
[2.845s] Level 1:colcon.colcon_core.package_identification:_identify(src) by extension 'python'
[2.845s] Level 1:colcon.colcon_core.package_identification:_identify(src) by extensions ['python_setup_py']
[2.845s] Level 1:colcon.colcon_core.package_identification:_identify(src) by extension 'python_setup_py'
[2.846s] Level 1:colcon.colcon_core.package_identification:_identify(src/add_two_nums) by extensions ['ignore', 'ignore_ament_install']
[2.846s] Level 1:colcon.colcon_core.package_identification:_identify(src/add_two_nums) by extension 'ignore'
[2.846s] Level 1:colcon.colcon_core.package_identification:_identify(src/add_two_nums) by extension 'ignore_ament_install'
[2.846s] Level 1:colcon.colcon_core.package_identification:_identify(src/add_two_nums) by extensions ['colcon_pkg']
[2.846s] Level 1:colcon.colcon_core.package_identification:_identify(src/add_two_nums) by extension 'colcon_pkg'
[2.846s] Level 1:colcon.colcon_core.package_identification:_identify(src/add_two_nums) by extensions ['colcon_meta']
[2.846s] Level 1:colcon.colcon_core.package_identification:_identify(src/add_two_nums) by extension 'colcon_meta'
[2.846s] Level 1:colcon.colcon_core.package_identification:_identify(src/add_two_nums) by extensions ['ros']
[2.847s] Level 1:colcon.colcon_core.package_identification:_identify(src/add_two_nums) by extension 'ros'
[2.852s] DEBUG:colcon.colcon_core.package_identification:Package 'src/add_two_nums' with type 'ros.ament_cmake' and name 'add_two_nums'
[2.852s] Level 1:colcon.colcon_core.package_identification:_identify(src/nav2_test) by extensions ['ignore', 'ignore_ament_install']
[2.853s] Level 1:colcon.colcon_core.package_identification:_identify(src/nav2_test) by extension 'ignore'
[2.853s] Level 1:colcon.colcon_core.package_identification:_identify(src/nav2_test) by extension 'ignore_ament_install'
[2.853s] Level 1:colcon.colcon_core.package_identification:_identify(src/nav2_test) by extensions ['colcon_pkg']
[2.853s] Level 1:colcon.colcon_core.package_identification:_identify(src/nav2_test) by extension 'colcon_pkg'
[2.853s] Level 1:colcon.colcon_core.package_identification:_identify(src/nav2_test) by extensions ['colcon_meta']
[2.853s] Level 1:colcon.colcon_core.package_identification:_identify(src/nav2_test) by extension 'colcon_meta'
[2.853s] Level 1:colcon.colcon_core.package_identification:_identify(src/nav2_test) by extensions ['ros']
[2.853s] Level 1:colcon.colcon_core.package_identification:_identify(src/nav2_test) by extension 'ros'
[2.854s] Level 1:colcon.colcon_core.package_identification:_identify(src/nav2_test) by extensions ['cmake', 'python']
[2.854s] Level 1:colcon.colcon_core.package_identification:_identify(src/nav2_test) by extension 'cmake'
[2.854s] Level 1:colcon.colcon_core.package_identification:_identify(src/nav2_test) by extension 'python'
[2.854s] Level 1:colcon.colcon_core.package_identification:_identify(src/nav2_test) by extensions ['python_setup_py']
[2.854s] Level 1:colcon.colcon_core.package_identification:_identify(src/nav2_test) by extension 'python_setup_py'
[2.854s] Level 1:colcon.colcon_core.package_identification:_identify(src/nav2_test/__pycache__) by extensions ['ignore', 'ignore_ament_install']
[2.855s] Level 1:colcon.colcon_core.package_identification:_identify(src/nav2_test/__pycache__) by extension 'ignore'
[2.855s] Level 1:colcon.colcon_core.package_identification:_identify(src/nav2_test/__pycache__) by extension 'ignore_ament_install'
[2.855s] Level 1:colcon.colcon_core.package_identification:_identify(src/nav2_test/__pycache__) by extensions ['colcon_pkg']
[2.855s] Level 1:colcon.colcon_core.package_identification:_identify(src/nav2_test/__pycache__) by extension 'colcon_pkg'
[2.855s] Level 1:colcon.colcon_core.package_identification:_identify(src/nav2_test/__pycache__) by extensions ['colcon_meta']
[2.855s] Level 1:colcon.colcon_core.package_identification:_identify(src/nav2_test/__pycache__) by extension 'colcon_meta'
[2.855s] Level 1:colcon.colcon_core.package_identification:_identify(src/nav2_test/__pycache__) by extensions ['ros']
[2.855s] Level 1:colcon.colcon_core.package_identification:_identify(src/nav2_test/__pycache__) by extension 'ros'
[2.856s] Level 1:colcon.colcon_core.package_identification:_identify(src/nav2_test/__pycache__) by extensions ['cmake', 'python']
[2.856s] Level 1:colcon.colcon_core.package_identification:_identify(src/nav2_test/__pycache__) by extension 'cmake'
[2.856s] Level 1:colcon.colcon_core.package_identification:_identify(src/nav2_test/__pycache__) by extension 'python'
[2.856s] Level 1:colcon.colcon_core.package_identification:_identify(src/nav2_test/__pycache__) by extensions ['python_setup_py']
[2.856s] Level 1:colcon.colcon_core.package_identification:_identify(src/nav2_test/__pycache__) by extension 'python_setup_py'
[2.856s] Level 1:colcon.colcon_core.package_identification:_identify(src/nav2_test/maps) by extensions ['ignore', 'ignore_ament_install']
[2.856s] Level 1:colcon.colcon_core.package_identification:_identify(src/nav2_test/maps) by extension 'ignore'
[2.856s] Level 1:colcon.colcon_core.package_identification:_identify(src/nav2_test/maps) by extension 'ignore_ament_install'
[2.857s] Level 1:colcon.colcon_core.package_identification:_identify(src/nav2_test/maps) by extensions ['colcon_pkg']
[2.857s] Level 1:colcon.colcon_core.package_identification:_identify(src/nav2_test/maps) by extension 'colcon_pkg'
[2.857s] Level 1:colcon.colcon_core.package_identification:_identify(src/nav2_test/maps) by extensions ['colcon_meta']
[2.857s] Level 1:colcon.colcon_core.package_identification:_identify(src/nav2_test/maps) by extension 'colcon_meta'
[2.857s] Level 1:colcon.colcon_core.package_identification:_identify(src/nav2_test/maps) by extensions ['ros']
[2.857s] Level 1:colcon.colcon_core.package_identification:_identify(src/nav2_test/maps) by extension 'ros'
[2.857s] Level 1:colcon.colcon_core.package_identification:_identify(src/nav2_test/maps) by extensions ['cmake', 'python']
[2.857s] Level 1:colcon.colcon_core.package_identification:_identify(src/nav2_test/maps) by extension 'cmake'
[2.857s] Level 1:colcon.colcon_core.package_identification:_identify(src/nav2_test/maps) by extension 'python'
[2.858s] Level 1:colcon.colcon_core.package_identification:_identify(src/nav2_test/maps) by extensions ['python_setup_py']
[2.858s] Level 1:colcon.colcon_core.package_identification:_identify(src/nav2_test/maps) by extension 'python_setup_py'
[2.858s] Level 1:colcon.colcon_core.package_identification:_identify(src/publish_and_subscribe) by extensions ['ignore', 'ignore_ament_install']
[2.858s] Level 1:colcon.colcon_core.package_identification:_identify(src/publish_and_subscribe) by extension 'ignore'
[2.858s] Level 1:colcon.colcon_core.package_identification:_identify(src/publish_and_subscribe) by extension 'ignore_ament_install'
[2.858s] Level 1:colcon.colcon_core.package_identification:_identify(src/publish_and_subscribe) by extensions ['colcon_pkg']
[2.858s] Level 1:colcon.colcon_core.package_identification:_identify(src/publish_and_subscribe) by extension 'colcon_pkg'
[2.858s] Level 1:colcon.colcon_core.package_identification:_identify(src/publish_and_subscribe) by extensions ['colcon_meta']
[2.859s] Level 1:colcon.colcon_core.package_identification:_identify(src/publish_and_subscribe) by extension 'colcon_meta'
[2.859s] Level 1:colcon.colcon_core.package_identification:_identify(src/publish_and_subscribe) by extensions ['ros']
[2.859s] Level 1:colcon.colcon_core.package_identification:_identify(src/publish_and_subscribe) by extension 'ros'
[2.860s] DEBUG:colcon.colcon_core.package_identification:Package 'src/publish_and_subscribe' with type 'ros.ament_cmake' and name 'publish_and_subscribe'
[2.860s] Level 1:colcon.colcon_core.package_identification:_identify(src/robot_controller) by extensions ['ignore', 'ignore_ament_install']
[2.860s] Level 1:colcon.colcon_core.package_identification:_identify(src/robot_controller) by extension 'ignore'
[2.860s] Level 1:colcon.colcon_core.package_identification:_identify(src/robot_controller) by extension 'ignore_ament_install'
[2.860s] Level 1:colcon.colcon_core.package_identification:_identify(src/robot_controller) by extensions ['colcon_pkg']
[2.861s] Level 1:colcon.colcon_core.package_identification:_identify(src/robot_controller) by extension 'colcon_pkg'
[2.861s] Level 1:colcon.colcon_core.package_identification:_identify(src/robot_controller) by extensions ['colcon_meta']
[2.861s] Level 1:colcon.colcon_core.package_identification:_identify(src/robot_controller) by extension 'colcon_meta'
[2.861s] Level 1:colcon.colcon_core.package_identification:_identify(src/robot_controller) by extensions ['ros']
[2.861s] Level 1:colcon.colcon_core.package_identification:_identify(src/robot_controller) by extension 'ros'
[2.863s] DEBUG:colcon.colcon_core.package_identification:Package 'src/robot_controller' with type 'ros.ament_cmake' and name 'robot_controller'
[2.863s] Level 1:colcon.colcon_core.package_discovery:discover_packages(recursive) using defaults
[2.863s] Level 1:colcon.colcon_core.package_discovery:discover_packages(ignore) discover
[2.863s] Level 1:colcon.colcon_core.package_discovery:discover_packages(ignore) using defaults
[2.863s] Level 1:colcon.colcon_core.package_discovery:discover_packages(path) discover
[2.863s] Level 1:colcon.colcon_core.package_discovery:discover_packages(path) using defaults
[3.027s] INFO:colcon.colcon_core.package_selection:Skipping not selected package 'add_two_nums' in 'src/add_two_nums'
[3.027s] INFO:colcon.colcon_core.package_selection:Skipping not selected package 'publish_and_subscribe' in 'src/publish_and_subscribe'
[3.106s] Level 1:colcon.colcon_core.package_discovery:discover_packages(prefix_path) check parameters
[3.106s] Level 1:colcon.colcon_core.package_discovery:discover_packages(prefix_path) discover
[3.190s] DEBUG:colcon.colcon_installed_package_information.package_discovery:Found 351 installed packages in /opt/ros/humble
[3.195s] Level 1:colcon.colcon_core.package_discovery:discover_packages(prefix_path) using defaults
[3.481s] Level 5:colcon.colcon_core.verb:set package 'robot_controller' build argument 'cmake_args' from command line to 'None'
[3.481s] Level 5:colcon.colcon_core.verb:set package 'robot_controller' build argument 'cmake_target' from command line to 'None'
[3.481s] Level 5:colcon.colcon_core.verb:set package 'robot_controller' build argument 'cmake_target_skip_unavailable' from command line to 'False'
[3.481s] Level 5:colcon.colcon_core.verb:set package 'robot_controller' build argument 'cmake_clean_cache' from command line to 'False'
[3.482s] Level 5:colcon.colcon_core.verb:set package 'robot_controller' build argument 'cmake_clean_first' from command line to 'False'
[3.482s] Level 5:colcon.colcon_core.verb:set package 'robot_controller' build argument 'cmake_force_configure' from command line to 'False'
[3.482s] Level 5:colcon.colcon_core.verb:set package 'robot_controller' build argument 'ament_cmake_args' from command line to 'None'
[3.482s] Level 5:colcon.colcon_core.verb:set package 'robot_controller' build argument 'catkin_cmake_args' from command line to 'None'
[3.482s] Level 5:colcon.colcon_core.verb:set package 'robot_controller' build argument 'catkin_skip_building_tests' from command line to 'False'
[3.482s] DEBUG:colcon.colcon_core.verb:Building package 'robot_controller' with the following arguments: {'ament_cmake_args': None, 'build_base': '/home/fssja/ros2_ws/build/robot_controller', 'catkin_cmake_args': None, 'catkin_skip_building_tests': False, 'cmake_args': None, 'cmake_clean_cache': False, 'cmake_clean_first': False, 'cmake_force_configure': False, 'cmake_target': None, 'cmake_target_skip_unavailable': False, 'install_base': '/home/fssja/ros2_ws/install/robot_controller', 'merge_install': False, 'path': '/home/fssja/ros2_ws/src/robot_controller', 'symlink_install': False, 'test_result_base': None}
[3.522s] INFO:colcon.colcon_core.executor:Executing jobs using 'parallel' executor
[3.564s] DEBUG:colcon.colcon_parallel_executor.executor.parallel:run_until_complete
[3.564s] INFO:colcon.colcon_ros.task.ament_cmake.build:Building ROS package in '/home/fssja/ros2_ws/src/robot_controller' with build type 'ament_cmake'
[3.565s] INFO:colcon.colcon_cmake.task.cmake.build:Building CMake package in '/home/fssja/ros2_ws/src/robot_controller'
[3.613s] INFO:colcon.colcon_core.plugin_system:Skipping extension 'colcon_core.shell.bat': Not used on non-Windows systems
[3.614s] INFO:colcon.colcon_core.shell:Skip shell extension 'powershell' for command environment: Not usable outside of PowerShell
[3.614s] DEBUG:colcon.colcon_core.shell:Skip shell extension 'dsv' for command environment
[3.712s] DEBUG:colcon.colcon_core.event_handler.log_command:Invoking command in '/home/fssja/ros2_ws/build/robot_controller': CMAKE_PREFIX_PATH=/opt/ros/humble /usr/bin/cmake /home/fssja/ros2_ws/src/robot_controller -DCMAKE_INSTALL_PREFIX=/home/fssja/ros2_ws/install/robot_controller
[5.548s] DEBUG:colcon.colcon_core.event_handler.log_command:Invoked command in '/home/fssja/ros2_ws/build/robot_controller' returned '0': CMAKE_PREFIX_PATH=/opt/ros/humble /usr/bin/cmake /home/fssja/ros2_ws/src/robot_controller -DCMAKE_INSTALL_PREFIX=/home/fssja/ros2_ws/install/robot_controller
[5.553s] DEBUG:colcon.colcon_core.event_handler.log_command:Invoking command in '/home/fssja/ros2_ws/build/robot_controller': CMAKE_PREFIX_PATH=/opt/ros/humble /usr/bin/cmake --build /home/fssja/ros2_ws/build/robot_controller -- -j2 -l2
[29.081s] DEBUG:colcon.colcon_core.event_handler.log_command:Invoked command in '/home/fssja/ros2_ws/build/robot_controller' returned '0': CMAKE_PREFIX_PATH=/opt/ros/humble /usr/bin/cmake --build /home/fssja/ros2_ws/build/robot_controller -- -j2 -l2
[29.159s] DEBUG:colcon.colcon_core.event_handler.log_command:Invoking command in '/home/fssja/ros2_ws/build/robot_controller': CMAKE_PREFIX_PATH=/opt/ros/humble /usr/bin/cmake --install /home/fssja/ros2_ws/build/robot_controller
[29.194s] Level 1:colcon.colcon_core.environment:create_environment_scripts_only(robot_controller)
[29.201s] DEBUG:colcon.colcon_core.event_handler.log_command:Invoked command in '/home/fssja/ros2_ws/build/robot_controller' returned '0': CMAKE_PREFIX_PATH=/opt/ros/humble /usr/bin/cmake --install /home/fssja/ros2_ws/build/robot_controller
[29.251s] Level 1:colcon.colcon_core.environment:checking '/home/fssja/ros2_ws/install/robot_controller' for CMake module files
[29.252s] Level 1:colcon.colcon_core.environment:checking '/home/fssja/ros2_ws/install/robot_controller' for CMake config files
[29.253s] Level 1:colcon.colcon_core.shell:create_environment_hook('robot_controller', 'cmake_prefix_path')
[29.294s] INFO:colcon.colcon_core.shell:Creating environment hook '/home/fssja/ros2_ws/install/robot_controller/share/robot_controller/hook/cmake_prefix_path.ps1'
[29.304s] INFO:colcon.colcon_core.shell:Creating environment descriptor '/home/fssja/ros2_ws/install/robot_controller/share/robot_controller/hook/cmake_prefix_path.dsv'
[29.313s] INFO:colcon.colcon_core.shell:Creating environment hook '/home/fssja/ros2_ws/install/robot_controller/share/robot_controller/hook/cmake_prefix_path.sh'
[29.316s] Level 1:colcon.colcon_core.environment:checking '/home/fssja/ros2_ws/install/robot_controller/lib'
[29.316s] Level 1:colcon.colcon_core.environment:checking '/home/fssja/ros2_ws/install/robot_controller/bin'
[29.316s] Level 1:colcon.colcon_core.environment:checking '/home/fssja/ros2_ws/install/robot_controller/lib/pkgconfig/robot_controller.pc'
[29.317s] Level 1:colcon.colcon_core.environment:checking '/home/fssja/ros2_ws/install/robot_controller/lib/python3.10/site-packages'
[29.317s] Level 1:colcon.colcon_core.environment:checking '/home/fssja/ros2_ws/install/robot_controller/bin'
[29.361s] INFO:colcon.colcon_core.shell:Creating package script '/home/fssja/ros2_ws/install/robot_controller/share/robot_controller/package.ps1'
[29.362s] INFO:colcon.colcon_core.shell:Creating package descriptor '/home/fssja/ros2_ws/install/robot_controller/share/robot_controller/package.dsv'
[29.364s] INFO:colcon.colcon_core.shell:Creating package script '/home/fssja/ros2_ws/install/robot_controller/share/robot_controller/package.sh'
[29.366s] INFO:colcon.colcon_core.shell:Creating package script '/home/fssja/ros2_ws/install/robot_controller/share/robot_controller/package.bash'
[29.367s] INFO:colcon.colcon_core.shell:Creating package script '/home/fssja/ros2_ws/install/robot_controller/share/robot_controller/package.zsh'
[29.369s] Level 1:colcon.colcon_core.environment:create_file_with_runtime_dependencies(/home/fssja/ros2_ws/install/robot_controller/share/colcon-core/packages/robot_controller)
[29.470s] Level 1:colcon.colcon_core.environment:create_environment_scripts_only(robot_controller)
[29.510s] Level 1:colcon.colcon_core.environment:checking '/home/fssja/ros2_ws/install/robot_controller' for CMake module files
[29.511s] Level 1:colcon.colcon_core.environment:checking '/home/fssja/ros2_ws/install/robot_controller' for CMake config files
[29.512s] Level 1:colcon.colcon_core.shell:create_environment_hook('robot_controller', 'cmake_prefix_path')
[29.554s] INFO:colcon.colcon_core.shell:Creating environment hook '/home/fssja/ros2_ws/install/robot_controller/share/robot_controller/hook/cmake_prefix_path.ps1'
[29.555s] INFO:colcon.colcon_core.shell:Creating environment descriptor '/home/fssja/ros2_ws/install/robot_controller/share/robot_controller/hook/cmake_prefix_path.dsv'
[29.556s] INFO:colcon.colcon_core.shell:Creating environment hook '/home/fssja/ros2_ws/install/robot_controller/share/robot_controller/hook/cmake_prefix_path.sh'
[29.557s] Level 1:colcon.colcon_core.environment:checking '/home/fssja/ros2_ws/install/robot_controller/lib'
[29.557s] Level 1:colcon.colcon_core.environment:checking '/home/fssja/ros2_ws/install/robot_controller/bin'
[29.557s] Level 1:colcon.colcon_core.environment:checking '/home/fssja/ros2_ws/install/robot_controller/lib/pkgconfig/robot_controller.pc'
[29.558s] Level 1:colcon.colcon_core.environment:checking '/home/fssja/ros2_ws/install/robot_controller/lib/python3.10/site-packages'
[29.558s] Level 1:colcon.colcon_core.environment:checking '/home/fssja/ros2_ws/install/robot_controller/bin'
[29.603s] INFO:colcon.colcon_core.shell:Creating package script '/home/fssja/ros2_ws/install/robot_controller/share/robot_controller/package.ps1'
[29.604s] INFO:colcon.colcon_core.shell:Creating package descriptor '/home/fssja/ros2_ws/install/robot_controller/share/robot_controller/package.dsv'
[29.605s] INFO:colcon.colcon_core.shell:Creating package script '/home/fssja/ros2_ws/install/robot_controller/share/robot_controller/package.sh'
[29.606s] INFO:colcon.colcon_core.shell:Creating package script '/home/fssja/ros2_ws/install/robot_controller/share/robot_controller/package.bash'
[29.607s] INFO:colcon.colcon_core.shell:Creating package script '/home/fssja/ros2_ws/install/robot_controller/share/robot_controller/package.zsh'
[29.608s] Level 1:colcon.colcon_core.environment:create_file_with_runtime_dependencies(/home/fssja/ros2_ws/install/robot_controller/share/colcon-core/packages/robot_controller)
[29.608s] DEBUG:colcon.colcon_parallel_executor.executor.parallel:closing loop
[29.609s] DEBUG:colcon.colcon_parallel_executor.executor.parallel:loop closed
[29.609s] DEBUG:colcon.colcon_parallel_executor.executor.parallel:run_until_complete finished with '0'
[29.610s] DEBUG:colcon.colcon_core.event_reactor:joining thread
[29.670s] INFO:colcon.colcon_core.plugin_system:Skipping extension 'colcon_notification.desktop_notification.terminal_notifier': Not used on non-Darwin systems
[29.670s] INFO:colcon.colcon_core.plugin_system:Skipping extension 'colcon_notification.desktop_notification.win32': Not used on non-Windows systems
[29.670s] INFO:colcon.colcon_notification.desktop_notification:Sending desktop notification using 'notify2'
[29.728s] DEBUG:colcon.colcon_core.event_reactor:joined thread
[29.773s] INFO:colcon.colcon_core.shell:Creating prefix script '/home/fssja/ros2_ws/install/local_setup.ps1'
[29.775s] INFO:colcon.colcon_core.shell:Creating prefix util module '/home/fssja/ros2_ws/install/_local_setup_util_ps1.py'
[29.777s] INFO:colcon.colcon_core.shell:Creating prefix chain script '/home/fssja/ros2_ws/install/setup.ps1'
[29.821s] INFO:colcon.colcon_core.shell:Creating prefix script '/home/fssja/ros2_ws/install/local_setup.sh'
[29.822s] INFO:colcon.colcon_core.shell:Creating prefix util module '/home/fssja/ros2_ws/install/_local_setup_util_sh.py'
[29.823s] INFO:colcon.colcon_core.shell:Creating prefix chain script '/home/fssja/ros2_ws/install/setup.sh'
[29.866s] INFO:colcon.colcon_core.shell:Creating prefix script '/home/fssja/ros2_ws/install/local_setup.bash'
[29.867s] INFO:colcon.colcon_core.shell:Creating prefix chain script '/home/fssja/ros2_ws/install/setup.bash'
[29.910s] INFO:colcon.colcon_core.shell:Creating prefix script '/home/fssja/ros2_ws/install/local_setup.zsh'
[29.911s] INFO:colcon.colcon_core.shell:Creating prefix chain script '/home/fssja/ros2_ws/install/setup.zsh'
