-- Found ament_cmake: 1.3.8 (/opt/ros/humble/share/ament_cmake/cmake)
-- Found Python3: /usr/bin/python3 (found version "3.10.12") found components: Interpreter 
-- Configuring done
-- Generating done
-- Build files have been written to: /home/fssja/turtlebot3_ws/build/turtlebot3
-- Install configuration: ""
-- Up-to-date: /home/fssja/turtlebot3_ws/install/turtlebot3/share/ament_index/resource_index/package_run_dependencies/turtlebot3
-- Installing: /home/fssja/turtlebot3_ws/install/turtlebot3/share/ament_index/resource_index/parent_prefix_path/turtlebot3
-- Installing: /home/fssja/turtlebot3_ws/install/turtlebot3/share/turtlebot3/environment/ament_prefix_path.sh
-- Installing: /home/fssja/turtlebot3_ws/install/turtlebot3/share/turtlebot3/environment/ament_prefix_path.dsv
-- Installing: /home/fssja/turtlebot3_ws/install/turtlebot3/share/turtlebot3/environment/path.sh
-- Installing: /home/fssja/turtlebot3_ws/install/turtlebot3/share/turtlebot3/environment/path.dsv
-- Up-to-date: /home/fssja/turtlebot3_ws/install/turtlebot3/share/turtlebot3/local_setup.bash
-- Up-to-date: /home/fssja/turtlebot3_ws/install/turtlebot3/share/turtlebot3/local_setup.sh
-- Up-to-date: /home/fssja/turtlebot3_ws/install/turtlebot3/share/turtlebot3/local_setup.zsh
-- Installing: /home/fssja/turtlebot3_ws/install/turtlebot3/share/turtlebot3/local_setup.dsv
-- Installing: /home/fssja/turtlebot3_ws/install/turtlebot3/share/turtlebot3/package.dsv
-- Up-to-date: /home/fssja/turtlebot3_ws/install/turtlebot3/share/ament_index/resource_index/packages/turtlebot3
-- Up-to-date: /home/fssja/turtlebot3_ws/install/turtlebot3/share/turtlebot3/cmake/turtlebot3Config.cmake
-- Up-to-date: /home/fssja/turtlebot3_ws/install/turtlebot3/share/turtlebot3/cmake/turtlebot3Config-version.cmake
-- Up-to-date: /home/fssja/turtlebot3_ws/install/turtlebot3/share/turtlebot3/package.xml
