[0.166s] Invoking command in '/home/fssja/turtlebot3_ws/build/turtlebot3_gazebo': CMAKE_PREFIX_PATH=/opt/ros/humble /usr/bin/cmake /home/fssja/turtlebot3_ws/src/turtlebot3_simulations/turtlebot3_gazebo -DCMAKE_INSTALL_PREFIX=/home/fssja/turtlebot3_ws/install/turtlebot3_gazebo
[0.284s] -- The C compiler identification is GNU 11.4.0
[0.405s] -- The CXX compiler identification is GNU 11.4.0
[0.421s] -- Detecting C compiler ABI info
[0.563s] -- Detecting C compiler ABI info - done
[0.583s] -- Check for working C compiler: /usr/bin/cc - skipped
[0.584s] -- Detecting C compile features
[0.585s] -- Detecting C compile features - done
[0.592s] -- Detecting CXX compiler ABI info
[0.762s] -- Detecting CXX compiler ABI info - done
[0.783s] -- Check for working CXX compiler: /usr/bin/c++ - skipped
[0.784s] -- Detecting CXX compile features
[0.785s] -- Detecting CXX compile features - done
[0.790s] -- Found ament_cmake: 1.3.7 (/opt/ros/humble/share/ament_cmake/cmake)
[1.175s] -- Found Python3: /usr/bin/python3.10 (found version "3.10.12") found components: Interpreter 
[1.392s] [33mCMake Warning (dev) at /usr/share/cmake-3.22/Modules/FindPackageHandleStandardArgs.cmake:438 (message):
[1.396s]   The package name passed to `find_package_handle_standard_args` (PkgConfig)
[1.397s]   does not match the name of the calling package (gazebo).  This can lead to
[1.397s]   problems in calling code that expects `find_package` result variables
[1.398s]   (e.g., `_FOUND`) to follow a certain pattern.
[1.398s] Call Stack (most recent call first):
[1.398s]   /usr/share/cmake-3.22/Modules/FindPkgConfig.cmake:99 (find_package_handle_standard_args)
[1.399s]   /usr/lib/x86_64-linux-gnu/cmake/gazebo/gazebo-config.cmake:72 (include)
[1.399s]   CMakeLists.txt:23 (find_package)
[1.400s] This warning is for project developers.  Use -Wno-dev to suppress it.
[1.400s] [0m
[1.400s] -- Found PkgConfig: /usr/bin/pkg-config (found version "0.29.2") 
[1.404s] -- Checking for module 'bullet>=2.82'
[1.455s] --   Found bullet, version 3.05
[1.756s] -- Found fcl: /usr/include (found suitable version "0.7.0", minimum required is "0.5.0") 
[1.910s] -- Found assimp: /usr/include (found version "5.2.0") 
[2.105s] -- Found DART: /usr/include (Required is at least version "6.6") found components: dart 
[2.555s] -- Found Boost: /usr/lib/x86_64-linux-gnu/cmake/Boost-1.74.0/BoostConfig.cmake (found suitable version "1.74.0", minimum required is "1.40.0") found components: thread system filesystem program_options regex iostreams date_time 
[2.604s] -- Found Protobuf: /usr/lib/x86_64-linux-gnu/libprotobuf.so (found version "3.12.4") 
[2.656s] -- Looking for ignition-math6 -- found version 6.15.1
[2.753s] -- Searching for dependencies of ignition-math6
[2.784s] -- Looking for OGRE...
[2.785s] -- OGRE_PREFIX_WATCH changed.
[2.799s] -- Checking for module 'OGRE'
[2.825s] --   Found OGRE, version 1.9.0
[2.900s] -- Found Ogre Ghadamon (1.9.0)
[2.925s] -- Found OGRE: optimized;/usr/lib/x86_64-linux-gnu/libOgreMain.so;debug;/usr/lib/x86_64-linux-gnu/libOgreMain.so
[2.947s] -- Looking for OGRE_Paging...
[2.963s] -- Found OGRE_Paging: optimized;/usr/lib/x86_64-linux-gnu/libOgrePaging.so;debug;/usr/lib/x86_64-linux-gnu/libOgrePaging.so
[2.963s] -- Looking for OGRE_Terrain...
[2.982s] -- Found OGRE_Terrain: optimized;/usr/lib/x86_64-linux-gnu/libOgreTerrain.so;debug;/usr/lib/x86_64-linux-gnu/libOgreTerrain.so
[2.983s] -- Looking for OGRE_Property...
[3.002s] -- Found OGRE_Property: optimized;/usr/lib/x86_64-linux-gnu/libOgreProperty.so;debug;/usr/lib/x86_64-linux-gnu/libOgreProperty.so
[3.002s] -- Looking for OGRE_RTShaderSystem...
[3.018s] -- Found OGRE_RTShaderSystem: optimized;/usr/lib/x86_64-linux-gnu/libOgreRTShaderSystem.so;debug;/usr/lib/x86_64-linux-gnu/libOgreRTShaderSystem.so
[3.018s] -- Looking for OGRE_Volume...
[3.034s] -- Found OGRE_Volume: optimized;/usr/lib/x86_64-linux-gnu/libOgreVolume.so;debug;/usr/lib/x86_64-linux-gnu/libOgreVolume.so
[3.034s] -- Looking for OGRE_Overlay...
[3.050s] -- Found OGRE_Overlay: optimized;/usr/lib/x86_64-linux-gnu/libOgreOverlay.so;debug;/usr/lib/x86_64-linux-gnu/libOgreOverlay.so
[3.450s] -- Looking for ignition-math6 -- found version 6.15.1
[3.454s] -- Looking for ignition-transport8 -- found version 8.2.1
[3.456s] -- Searching for dependencies of ignition-transport8
[3.547s] -- Found Protobuf: /usr/lib/x86_64-linux-gnu/libprotobuf.so (found suitable version "3.12.4", minimum required is "3") 
[3.568s] -- Config-file not installed for ZeroMQ -- checking for pkg-config
[3.578s] -- Checking for module 'libzmq >= 4'
[3.652s] --   Found libzmq , version 4.3.4
[3.748s] -- Found ZeroMQ: TRUE (Required is at least version "4") 
[3.800s] -- Checking for module 'uuid'
[3.860s] --   Found uuid, version 2.37.2
[3.933s] -- Found UUID: TRUE  
[3.936s] -- Looking for ignition-msgs5 -- found version 5.8.1
[3.938s] -- Searching for dependencies of ignition-msgs5
[3.974s] -- Looking for ignition-math6 -- found version 6.15.1
[3.990s] -- Checking for module 'tinyxml2'
[4.035s] --   Found tinyxml2, version 9.0.0
[4.114s] -- Looking for ignition-msgs5 -- found version 5.8.1
[4.118s] -- Looking for ignition-common3 -- found version 3.14.0
[4.120s] -- Searching for dependencies of ignition-common3
[4.121s] -- Looking for dlfcn.h - found
[4.123s] -- Looking for libdl - found
[4.127s] -- Found DL: TRUE  
[4.150s] -- Found tinyobjloader: /usr/lib/x86_64-linux-gnu/cmake/tinyobjloader/tinyobjloader-config.cmake (found version "2.0.0") 
[4.151s] -- Searching for <ignition-common3> component [graphics]
[4.155s] -- Looking for ignition-common3-graphics -- found version 3.14.0
[4.157s] -- Searching for dependencies of ignition-common3-graphics
[4.158s] -- Looking for ignition-math6 -- found version 6.15.1
[4.164s] -- Looking for ignition-fuel_tools4 -- found version 4.4.0
[4.165s] -- Searching for dependencies of ignition-fuel_tools4
[4.396s] -- Found CURL: /usr/lib/x86_64-linux-gnu/libcurl.so (found version "7.81.0")  
[4.451s] -- Checking for module 'jsoncpp'
[4.480s] --   Found jsoncpp, version 1.9.5
[4.555s] -- Found JSONCPP: TRUE  
[4.569s] -- Checking for module 'libzip'
[4.600s] --   Found libzip, version 1.7.3
[4.670s] -- Found ZIP: TRUE  
[4.672s] -- Looking for ignition-common3 -- found version 3.14.0
[4.674s] -- Looking for ignition-math6 -- found version 6.15.1
[4.675s] -- Looking for ignition-msgs5 -- found version 5.8.1
[4.704s] -- Found gazebo_ros_pkgs: 3.7.0 (/opt/ros/humble/share/gazebo_ros_pkgs/cmake)
[4.725s] -- Found geometry_msgs: 4.2.3 (/opt/ros/humble/share/geometry_msgs/cmake)
[4.829s] -- Found rosidl_generator_c: 3.1.5 (/opt/ros/humble/share/rosidl_generator_c/cmake)
[4.841s] -- Found rosidl_adapter: 3.1.5 (/opt/ros/humble/share/rosidl_adapter/cmake)
[4.866s] -- Found rosidl_generator_cpp: 3.1.5 (/opt/ros/humble/share/rosidl_generator_cpp/cmake)
[4.908s] -- Using all available rosidl_typesupport_c: rosidl_typesupport_fastrtps_c;rosidl_typesupport_introspection_c
[4.958s] -- Using all available rosidl_typesupport_cpp: rosidl_typesupport_fastrtps_cpp;rosidl_typesupport_introspection_cpp
[5.322s] -- Found nav_msgs: 4.2.3 (/opt/ros/humble/share/nav_msgs/cmake)
[5.589s] -- Found rclcpp: 16.0.8 (/opt/ros/humble/share/rclcpp/cmake)
[5.810s] -- Found rmw_implementation_cmake: 6.1.1 (/opt/ros/humble/share/rmw_implementation_cmake/cmake)
[5.820s] -- Found rmw_fastrtps_cpp: 6.2.6 (/opt/ros/humble/share/rmw_fastrtps_cpp/cmake)
[6.134s] -- Found OpenSSL: /usr/lib/x86_64-linux-gnu/libcrypto.so (found version "3.0.2")  
[6.185s] -- Found FastRTPS: /opt/ros/humble/include  
[6.290s] -- Using RMW implementation 'rmw_fastrtps_cpp' as default
[6.367s] -- Found Threads: TRUE  
[6.754s] -- Found sensor_msgs: 4.2.3 (/opt/ros/humble/share/sensor_msgs/cmake)
[7.024s] -- Found tf2: 0.25.5 (/opt/ros/humble/share/tf2/cmake)
[7.228s] -- Configuring done
[7.586s] -- Generating done
[7.592s] -- Build files have been written to: /home/fssja/turtlebot3_ws/build/turtlebot3_gazebo
[7.627s] Invoked command in '/home/fssja/turtlebot3_ws/build/turtlebot3_gazebo' returned '0': CMAKE_PREFIX_PATH=/opt/ros/humble /usr/bin/cmake /home/fssja/turtlebot3_ws/src/turtlebot3_simulations/turtlebot3_gazebo -DCMAKE_INSTALL_PREFIX=/home/fssja/turtlebot3_ws/install/turtlebot3_gazebo
[7.628s] Invoking command in '/home/fssja/turtlebot3_ws/build/turtlebot3_gazebo': CMAKE_PREFIX_PATH=/opt/ros/humble /usr/bin/cmake --build /home/fssja/turtlebot3_ws/build/turtlebot3_gazebo -- -j2 -l2
[7.756s] [ 12%] [32mBuilding CXX object CMakeFiles/turtlebot3_drive.dir/src/turtlebot3_drive.cpp.o[0m
[7.791s] [ 25%] [32mBuilding CXX object CMakeFiles/obstacle1.dir/models/turtlebot3_dqn_world/obstacle_plugin/obstacle1.cc.o[0m
[47.364s] [ 37%] [32m[1mLinking CXX executable turtlebot3_drive[0m
[50.866s] [ 37%] Built target turtlebot3_drive
[62.215s] [ 50%] [32m[1mLinking CXX shared library libobstacle1.so[0m
[64.340s] [ 50%] Built target obstacle1
[64.445s] [ 62%] [32mBuilding CXX object CMakeFiles/obstacle2.dir/models/turtlebot3_dqn_world/obstacle_plugin/obstacle2.cc.o[0m
[97.995s] [ 75%] [32m[1mLinking CXX shared library libobstacle2.so[0m
[98.539s] [ 75%] Built target obstacle2
[98.637s] [ 87%] [32mBuilding CXX object CMakeFiles/obstacles.dir/models/turtlebot3_dqn_world/obstacle_plugin/obstacles.cc.o[0m
[124.283s] [100%] [32m[1mLinking CXX shared library libobstacles.so[0m
[124.824s] [100%] Built target obstacles
[124.873s] Invoked command in '/home/fssja/turtlebot3_ws/build/turtlebot3_gazebo' returned '0': CMAKE_PREFIX_PATH=/opt/ros/humble /usr/bin/cmake --build /home/fssja/turtlebot3_ws/build/turtlebot3_gazebo -- -j2 -l2
[124.951s] Invoking command in '/home/fssja/turtlebot3_ws/build/turtlebot3_gazebo': CMAKE_PREFIX_PATH=/opt/ros/humble /usr/bin/cmake --install /home/fssja/turtlebot3_ws/build/turtlebot3_gazebo
[124.966s] -- Install configuration: ""
[124.967s] -- Installing: /home/fssja/turtlebot3_ws/install/turtlebot3_gazebo/lib/turtlebot3_gazebo/turtlebot3_drive
[124.981s] -- Set runtime path of "/home/fssja/turtlebot3_ws/install/turtlebot3_gazebo/lib/turtlebot3_gazebo/turtlebot3_drive" to ""
[124.982s] -- Installing: /home/fssja/turtlebot3_ws/install/turtlebot3_gazebo/share/turtlebot3_gazebo//launch
[124.985s] -- Installing: /home/fssja/turtlebot3_ws/install/turtlebot3_gazebo/share/turtlebot3_gazebo//launch/spawn_turtlebot3.launch.py
[124.994s] -- Installing: /home/fssja/turtlebot3_ws/install/turtlebot3_gazebo/share/turtlebot3_gazebo//launch/turtlebot3_house.launch.py
[124.995s] -- Installing: /home/fssja/turtlebot3_ws/install/turtlebot3_gazebo/share/turtlebot3_gazebo//launch/turtlebot3_dqn_stage3.launch.py
[124.995s] -- Installing: /home/fssja/turtlebot3_ws/install/turtlebot3_gazebo/share/turtlebot3_gazebo//launch/robot_state_publisher.launch.py
[125.005s] -- Installing: /home/fssja/turtlebot3_ws/install/turtlebot3_gazebo/share/turtlebot3_gazebo//launch/turtlebot3_world.launch.py
[125.005s] -- Installing: /home/fssja/turtlebot3_ws/install/turtlebot3_gazebo/share/turtlebot3_gazebo//launch/turtlebot3_dqn_stage4.launch.py
[125.005s] -- Installing: /home/fssja/turtlebot3_ws/install/turtlebot3_gazebo/share/turtlebot3_gazebo//launch/turtlebot3_dqn_stage1.launch.py
[125.006s] -- Installing: /home/fssja/turtlebot3_ws/install/turtlebot3_gazebo/share/turtlebot3_gazebo//launch/empty_world.launch.py
[125.006s] -- Installing: /home/fssja/turtlebot3_ws/install/turtlebot3_gazebo/share/turtlebot3_gazebo//launch/turtlebot3_dqn_stage2.launch.py
[125.007s] -- Installing: /home/fssja/turtlebot3_ws/install/turtlebot3_gazebo/share/turtlebot3_gazebo//models
[125.007s] -- Installing: /home/fssja/turtlebot3_ws/install/turtlebot3_gazebo/share/turtlebot3_gazebo//models/turtlebot3_burger
[125.007s] -- Installing: /home/fssja/turtlebot3_ws/install/turtlebot3_gazebo/share/turtlebot3_gazebo//models/turtlebot3_burger/model.sdf
[125.008s] -- Installing: /home/fssja/turtlebot3_ws/install/turtlebot3_gazebo/share/turtlebot3_gazebo//models/turtlebot3_burger/model-1_4.sdf
[125.008s] -- Installing: /home/fssja/turtlebot3_ws/install/turtlebot3_gazebo/share/turtlebot3_gazebo//models/turtlebot3_burger/model.config
[125.008s] -- Installing: /home/fssja/turtlebot3_ws/install/turtlebot3_gazebo/share/turtlebot3_gazebo//models/turtlebot3_house
[125.019s] -- Installing: /home/fssja/turtlebot3_ws/install/turtlebot3_gazebo/share/turtlebot3_gazebo//models/turtlebot3_house/model.sdf
[125.030s] -- Installing: /home/fssja/turtlebot3_ws/install/turtlebot3_gazebo/share/turtlebot3_gazebo//models/turtlebot3_house/model.config
[125.031s] -- Installing: /home/fssja/turtlebot3_ws/install/turtlebot3_gazebo/share/turtlebot3_gazebo//models/turtlebot3_waffle_pi
[125.031s] -- Installing: /home/fssja/turtlebot3_ws/install/turtlebot3_gazebo/share/turtlebot3_gazebo//models/turtlebot3_waffle_pi/model.sdf
[125.031s] -- Installing: /home/fssja/turtlebot3_ws/install/turtlebot3_gazebo/share/turtlebot3_gazebo//models/turtlebot3_waffle_pi/model-1_4_.sdf
[125.032s] -- Installing: /home/fssja/turtlebot3_ws/install/turtlebot3_gazebo/share/turtlebot3_gazebo//models/turtlebot3_waffle_pi/model.config
[125.033s] -- Installing: /home/fssja/turtlebot3_ws/install/turtlebot3_gazebo/share/turtlebot3_gazebo//models/turtlebot3_waffle
[125.033s] -- Installing: /home/fssja/turtlebot3_ws/install/turtlebot3_gazebo/share/turtlebot3_gazebo//models/turtlebot3_waffle/model.sdf
[125.033s] -- Installing: /home/fssja/turtlebot3_ws/install/turtlebot3_gazebo/share/turtlebot3_gazebo//models/turtlebot3_waffle/model-1_4.sdf
[125.034s] -- Installing: /home/fssja/turtlebot3_ws/install/turtlebot3_gazebo/share/turtlebot3_gazebo//models/turtlebot3_waffle/model.config
[125.034s] -- Installing: /home/fssja/turtlebot3_ws/install/turtlebot3_gazebo/share/turtlebot3_gazebo//models/turtlebot3_common
[125.035s] -- Installing: /home/fssja/turtlebot3_ws/install/turtlebot3_gazebo/share/turtlebot3_gazebo//models/turtlebot3_common/model.config
[125.035s] -- Installing: /home/fssja/turtlebot3_ws/install/turtlebot3_gazebo/share/turtlebot3_gazebo//models/turtlebot3_common/meshes
[125.035s] -- Installing: /home/fssja/turtlebot3_ws/install/turtlebot3_gazebo/share/turtlebot3_gazebo//models/turtlebot3_common/meshes/tire.dae
[125.036s] -- Installing: /home/fssja/turtlebot3_ws/install/turtlebot3_gazebo/share/turtlebot3_gazebo//models/turtlebot3_common/meshes/burger_base.dae
[125.036s] -- Installing: /home/fssja/turtlebot3_ws/install/turtlebot3_gazebo/share/turtlebot3_gazebo//models/turtlebot3_common/meshes/lds.dae
[125.037s] -- Installing: /home/fssja/turtlebot3_ws/install/turtlebot3_gazebo/share/turtlebot3_gazebo//models/turtlebot3_common/meshes/r200.dae
[125.046s] -- Installing: /home/fssja/turtlebot3_ws/install/turtlebot3_gazebo/share/turtlebot3_gazebo//models/turtlebot3_common/meshes/waffle_base.dae
[125.046s] -- Installing: /home/fssja/turtlebot3_ws/install/turtlebot3_gazebo/share/turtlebot3_gazebo//models/turtlebot3_common/meshes/waffle_pi_base.dae
[125.047s] -- Installing: /home/fssja/turtlebot3_ws/install/turtlebot3_gazebo/share/turtlebot3_gazebo//models/turtlebot3_dqn_world
[125.047s] -- Installing: /home/fssja/turtlebot3_ws/install/turtlebot3_gazebo/share/turtlebot3_gazebo//models/turtlebot3_dqn_world/obstacles
[125.048s] -- Installing: /home/fssja/turtlebot3_ws/install/turtlebot3_gazebo/share/turtlebot3_gazebo//models/turtlebot3_dqn_world/obstacles/model.sdf
[125.048s] -- Installing: /home/fssja/turtlebot3_ws/install/turtlebot3_gazebo/share/turtlebot3_gazebo//models/turtlebot3_dqn_world/obstacles/model.config
[125.048s] -- Installing: /home/fssja/turtlebot3_ws/install/turtlebot3_gazebo/share/turtlebot3_gazebo//models/turtlebot3_dqn_world/obstacle1
[125.049s] -- Installing: /home/fssja/turtlebot3_ws/install/turtlebot3_gazebo/share/turtlebot3_gazebo//models/turtlebot3_dqn_world/obstacle1/model.sdf
[125.049s] -- Installing: /home/fssja/turtlebot3_ws/install/turtlebot3_gazebo/share/turtlebot3_gazebo//models/turtlebot3_dqn_world/obstacle1/model.config
[125.049s] -- Installing: /home/fssja/turtlebot3_ws/install/turtlebot3_gazebo/share/turtlebot3_gazebo//models/turtlebot3_dqn_world/model.sdf
[125.050s] -- Installing: /home/fssja/turtlebot3_ws/install/turtlebot3_gazebo/share/turtlebot3_gazebo//models/turtlebot3_dqn_world/inner_walls
[125.050s] -- Installing: /home/fssja/turtlebot3_ws/install/turtlebot3_gazebo/share/turtlebot3_gazebo//models/turtlebot3_dqn_world/inner_walls/model.sdf
[125.050s] -- Installing: /home/fssja/turtlebot3_ws/install/turtlebot3_gazebo/share/turtlebot3_gazebo//models/turtlebot3_dqn_world/inner_walls/model.config
[125.051s] -- Installing: /home/fssja/turtlebot3_ws/install/turtlebot3_gazebo/share/turtlebot3_gazebo//models/turtlebot3_dqn_world/model.config
[125.051s] -- Installing: /home/fssja/turtlebot3_ws/install/turtlebot3_gazebo/share/turtlebot3_gazebo//models/turtlebot3_dqn_world/obstacle2
[125.051s] -- Installing: /home/fssja/turtlebot3_ws/install/turtlebot3_gazebo/share/turtlebot3_gazebo//models/turtlebot3_dqn_world/obstacle2/model.sdf
[125.051s] -- Installing: /home/fssja/turtlebot3_ws/install/turtlebot3_gazebo/share/turtlebot3_gazebo//models/turtlebot3_dqn_world/obstacle2/model.config
[125.052s] -- Installing: /home/fssja/turtlebot3_ws/install/turtlebot3_gazebo/share/turtlebot3_gazebo//models/turtlebot3_dqn_world/obstacle_plugin
[125.053s] -- Installing: /home/fssja/turtlebot3_ws/install/turtlebot3_gazebo/share/turtlebot3_gazebo//models/turtlebot3_dqn_world/obstacle_plugin/obstacle2.cc
[125.053s] -- Installing: /home/fssja/turtlebot3_ws/install/turtlebot3_gazebo/share/turtlebot3_gazebo//models/turtlebot3_dqn_world/obstacle_plugin/obstacles.cc
[125.053s] -- Installing: /home/fssja/turtlebot3_ws/install/turtlebot3_gazebo/share/turtlebot3_gazebo//models/turtlebot3_dqn_world/obstacle_plugin/obstacle1.cc
[125.053s] -- Installing: /home/fssja/turtlebot3_ws/install/turtlebot3_gazebo/share/turtlebot3_gazebo//models/turtlebot3_dqn_world/obstacle_plugin/CMakeLists.txt
[125.054s] -- Installing: /home/fssja/turtlebot3_ws/install/turtlebot3_gazebo/share/turtlebot3_gazebo//models/turtlebot3_dqn_world/goal_box
[125.054s] -- Installing: /home/fssja/turtlebot3_ws/install/turtlebot3_gazebo/share/turtlebot3_gazebo//models/turtlebot3_dqn_world/goal_box/model.sdf
[125.054s] -- Installing: /home/fssja/turtlebot3_ws/install/turtlebot3_gazebo/share/turtlebot3_gazebo//models/turtlebot3_dqn_world/goal_box/model.config
[125.054s] -- Installing: /home/fssja/turtlebot3_ws/install/turtlebot3_gazebo/share/turtlebot3_gazebo//models/turtlebot3_world
[125.054s] -- Installing: /home/fssja/turtlebot3_ws/install/turtlebot3_gazebo/share/turtlebot3_gazebo//models/turtlebot3_world/model.sdf
[125.055s] -- Installing: /home/fssja/turtlebot3_ws/install/turtlebot3_gazebo/share/turtlebot3_gazebo//models/turtlebot3_world/model-1_4.sdf
[125.055s] -- Installing: /home/fssja/turtlebot3_ws/install/turtlebot3_gazebo/share/turtlebot3_gazebo//models/turtlebot3_world/model.config
[125.056s] -- Installing: /home/fssja/turtlebot3_ws/install/turtlebot3_gazebo/share/turtlebot3_gazebo//models/turtlebot3_world/meshes
[125.056s] -- Installing: /home/fssja/turtlebot3_ws/install/turtlebot3_gazebo/share/turtlebot3_gazebo//models/turtlebot3_world/meshes/wall.dae
[125.056s] -- Installing: /home/fssja/turtlebot3_ws/install/turtlebot3_gazebo/share/turtlebot3_gazebo//models/turtlebot3_world/meshes/hexagon.dae
[125.062s] -- Installing: /home/fssja/turtlebot3_ws/install/turtlebot3_gazebo/share/turtlebot3_gazebo//rviz
[125.063s] -- Installing: /home/fssja/turtlebot3_ws/install/turtlebot3_gazebo/share/turtlebot3_gazebo//rviz/tb3_gazebo.rviz
[125.064s] -- Installing: /home/fssja/turtlebot3_ws/install/turtlebot3_gazebo/share/turtlebot3_gazebo//urdf
[125.064s] -- Installing: /home/fssja/turtlebot3_ws/install/turtlebot3_gazebo/share/turtlebot3_gazebo//urdf/turtlebot3_burger.urdf
[125.065s] -- Installing: /home/fssja/turtlebot3_ws/install/turtlebot3_gazebo/share/turtlebot3_gazebo//urdf/turtlebot3_waffle_pi.urdf
[125.065s] -- Installing: /home/fssja/turtlebot3_ws/install/turtlebot3_gazebo/share/turtlebot3_gazebo//urdf/common_properties.urdf
[125.065s] -- Installing: /home/fssja/turtlebot3_ws/install/turtlebot3_gazebo/share/turtlebot3_gazebo//urdf/turtlebot3_waffle.urdf
[125.066s] -- Installing: /home/fssja/turtlebot3_ws/install/turtlebot3_gazebo/share/turtlebot3_gazebo//worlds
[125.066s] -- Installing: /home/fssja/turtlebot3_ws/install/turtlebot3_gazebo/share/turtlebot3_gazebo//worlds/empty_world.world
[125.066s] -- Installing: /home/fssja/turtlebot3_ws/install/turtlebot3_gazebo/share/turtlebot3_gazebo//worlds/turtlebot3_dqn_stage2.world
[125.067s] -- Installing: /home/fssja/turtlebot3_ws/install/turtlebot3_gazebo/share/turtlebot3_gazebo//worlds/turtlebot3_dqn_stage1.world
[125.067s] -- Installing: /home/fssja/turtlebot3_ws/install/turtlebot3_gazebo/share/turtlebot3_gazebo//worlds/turtlebot3_dqn_stage3.world
[125.067s] -- Installing: /home/fssja/turtlebot3_ws/install/turtlebot3_gazebo/share/turtlebot3_gazebo//worlds/turtlebot3_dqn_stage4.world
[125.068s] -- Installing: /home/fssja/turtlebot3_ws/install/turtlebot3_gazebo/share/turtlebot3_gazebo//worlds/turtlebot3_house.world
[125.068s] -- Installing: /home/fssja/turtlebot3_ws/install/turtlebot3_gazebo/share/turtlebot3_gazebo//worlds/turtlebot3_world.world
[125.069s] -- Installing: /home/fssja/turtlebot3_ws/install/turtlebot3_gazebo/include/
[125.069s] -- Installing: /home/fssja/turtlebot3_ws/install/turtlebot3_gazebo/include//turtlebot3_gazebo
[125.069s] -- Installing: /home/fssja/turtlebot3_ws/install/turtlebot3_gazebo/include//turtlebot3_gazebo/turtlebot3_drive.hpp
[125.070s] -- Installing: /home/fssja/turtlebot3_ws/install/turtlebot3_gazebo/share/ament_index/resource_index/package_run_dependencies/turtlebot3_gazebo
[125.070s] -- Installing: /home/fssja/turtlebot3_ws/install/turtlebot3_gazebo/share/ament_index/resource_index/parent_prefix_path/turtlebot3_gazebo
[125.070s] -- Installing: /home/fssja/turtlebot3_ws/install/turtlebot3_gazebo/share/turtlebot3_gazebo/environment/ament_prefix_path.sh
[125.071s] -- Installing: /home/fssja/turtlebot3_ws/install/turtlebot3_gazebo/share/turtlebot3_gazebo/environment/ament_prefix_path.dsv
[125.071s] -- Installing: /home/fssja/turtlebot3_ws/install/turtlebot3_gazebo/share/turtlebot3_gazebo/environment/path.sh
[125.071s] -- Installing: /home/fssja/turtlebot3_ws/install/turtlebot3_gazebo/share/turtlebot3_gazebo/environment/path.dsv
[125.072s] -- Installing: /home/fssja/turtlebot3_ws/install/turtlebot3_gazebo/share/turtlebot3_gazebo/local_setup.bash
[125.072s] -- Installing: /home/fssja/turtlebot3_ws/install/turtlebot3_gazebo/share/turtlebot3_gazebo/local_setup.sh
[125.072s] -- Installing: /home/fssja/turtlebot3_ws/install/turtlebot3_gazebo/share/turtlebot3_gazebo/local_setup.zsh
[125.073s] -- Installing: /home/fssja/turtlebot3_ws/install/turtlebot3_gazebo/share/turtlebot3_gazebo/local_setup.dsv
[125.073s] -- Installing: /home/fssja/turtlebot3_ws/install/turtlebot3_gazebo/share/turtlebot3_gazebo/package.dsv
[125.073s] -- Installing: /home/fssja/turtlebot3_ws/install/turtlebot3_gazebo/share/ament_index/resource_index/packages/turtlebot3_gazebo
[125.074s] -- Installing: /home/fssja/turtlebot3_ws/install/turtlebot3_gazebo/share/turtlebot3_gazebo/cmake/ament_cmake_export_include_directories-extras.cmake
[125.074s] -- Installing: /home/fssja/turtlebot3_ws/install/turtlebot3_gazebo/share/turtlebot3_gazebo/cmake/ament_cmake_export_dependencies-extras.cmake
[125.074s] -- Installing: /home/fssja/turtlebot3_ws/install/turtlebot3_gazebo/share/turtlebot3_gazebo/cmake/turtlebot3_gazeboConfig.cmake
[125.074s] -- Installing: /home/fssja/turtlebot3_ws/install/turtlebot3_gazebo/share/turtlebot3_gazebo/cmake/turtlebot3_gazeboConfig-version.cmake
[125.075s] -- Installing: /home/fssja/turtlebot3_ws/install/turtlebot3_gazebo/share/turtlebot3_gazebo/package.xml
[125.083s] Invoked command in '/home/fssja/turtlebot3_ws/build/turtlebot3_gazebo' returned '0': CMAKE_PREFIX_PATH=/opt/ros/humble /usr/bin/cmake --install /home/fssja/turtlebot3_ws/build/turtlebot3_gazebo
