[0.181s] Invoking command in '/home/fssja/ros2-project/build/two_server_controllers': CMAKE_PREFIX_PATH=${CMAKE_PREFIX_PATH}:/home/fssja/turtlebot3_ws/install/turtlebot3_teleop:/home/fssja/turtlebot3_ws/install/turtlebot3_example:/opt/ros/humble /usr/bin/cmake --build /home/fssja/ros2-project/build/two_server_controllers -- -j2 -l2
[1.068s] -- Found ament_cmake: 1.3.8 (/opt/ros/humble/share/ament_cmake/cmake)
[1.974s] -- Found rclcpp: 16.0.8 (/opt/ros/humble/share/rclcpp/cmake)
[2.662s] -- Found rosidl_generator_c: 3.1.5 (/opt/ros/humble/share/rosidl_generator_c/cmake)
[2.692s] -- Found rosidl_adapter: 3.1.5 (/opt/ros/humble/share/rosidl_adapter/cmake)
[2.762s] -- Found rosidl_generator_cpp: 3.1.5 (/opt/ros/humble/share/rosidl_generator_cpp/cmake)
[2.923s] -- Using all available rosidl_typesupport_c: rosidl_typesupport_fastrtps_c;rosidl_typesupport_introspection_c
[3.084s] -- Using all available rosidl_typesupport_cpp: rosidl_typesupport_fastrtps_cpp;rosidl_typesupport_introspection_cpp
[3.475s] -- Found rmw_implementation_cmake: 6.1.1 (/opt/ros/humble/share/rmw_implementation_cmake/cmake)
[3.518s] -- Found rmw_fastrtps_cpp: 6.2.6 (/opt/ros/humble/share/rmw_fastrtps_cpp/cmake)
[4.388s] -- Using RMW implementation 'rmw_fastrtps_cpp' as default
[5.213s] -- Found turtlesim: 1.4.2 (/opt/ros/humble/share/turtlesim/cmake)
[5.675s] -- Found geometry_msgs: 4.2.3 (/opt/ros/humble/share/geometry_msgs/cmake)
[5.830s] -- Found std_srvs: 4.2.3 (/opt/ros/humble/share/std_srvs/cmake)
[5.908s] -- Found rosidl_default_generators: 1.2.0 (/opt/ros/humble/share/rosidl_default_generators/cmake)
[6.788s] [31mCMake Error at /opt/ros/humble/share/rosidl_adapter/cmake/rosidl_adapt_interfaces.cmake:59 (message):
[6.788s]   execute_process(/usr/bin/python3 -m rosidl_adapter --package-name
[6.788s]   two_server_controllers --arguments-file
[6.788s]   /home/fssja/ros2-project/build/two_server_controllers/rosidl_adapter__arguments__two_server_controllers.json
[6.788s]   --output-dir
[6.789s]   /home/fssja/ros2-project/build/two_server_controllers/rosidl_adapter/two_server_controllers
[6.789s]   --output-file
[6.789s]   /home/fssja/ros2-project/build/two_server_controllers/rosidl_adapter/two_server_controllers.idls)
[6.789s]   returned error code 1:
[6.789s] 
[6.789s]   Traceback (most recent call last):
[6.790s] 
[6.790s]     File "/usr/lib/python3.10/runpy.py", line 196, in _run_module_as_main
[6.790s]       return _run_code(code, main_globals, None,
[6.790s]     File "/usr/lib/python3.10/runpy.py", line 86, in _run_code
[6.790s]       exec(code, run_globals)
[6.790s]     File "/opt/ros/humble/local/lib/python3.10/dist-packages/rosidl_adapter/__main__.py", line 19, in <module>
[6.791s]       sys.exit(main())
[6.791s]     File "/opt/ros/humble/local/lib/python3.10/dist-packages/rosidl_adapter/main.py", line 53, in main
[6.791s]       abs_idl_file = convert_to_idl(
[6.791s]     File "/opt/ros/humble/local/lib/python3.10/dist-packages/rosidl_adapter/__init__.py", line 24, in convert_to_idl
[6.791s]       return convert_srv_to_idl(
[6.792s]     File "/opt/ros/humble/local/lib/python3.10/dist-packages/rosidl_adapter/srv/__init__.py", line 28, in convert_srv_to_idl
[6.792s]       srv = parse_service_string(package_name, input_file.stem, content)
[6.792s]     File "/opt/ros/humble/local/lib/python3.10/dist-packages/rosidl_adapter/parser.py", line 859, in parse_service_string
[6.792s]       request_message = parse_message_string(
[6.792s]     File "/opt/ros/humble/local/lib/python3.10/dist-packages/rosidl_adapter/parser.py", line 544, in parse_message_string
[6.792s]       msg = MessageSpecification(pkg_name, msg_name, fields, constants)
[6.793s]     File "/opt/ros/humble/local/lib/python3.10/dist-packages/rosidl_adapter/parser.py", line 388, in __init__
[6.793s]       self.base_type = BaseType(
[6.793s]     File "/opt/ros/humble/local/lib/python3.10/dist-packages/rosidl_adapter/parser.py", line 205, in __init__
[6.793s]       raise InvalidResourceName(
[6.793s] 
[6.794s]   rosidl_adapter.parser.InvalidResourceName: 'goto_Request' is an invalid
[6.794s]   message name.  It should have the pattern '^[A-Z][A-Za-z0-9]*$'
[6.794s] 
[6.794s] Call Stack (most recent call first):
[6.794s]   /opt/ros/humble/share/rosidl_cmake/cmake/rosidl_generate_interfaces.cmake:130 (rosidl_adapt_interfaces)
[6.795s]   CMakeLists.txt:25 (rosidl_generate_interfaces)
[6.795s] 
[6.795s] [0m
[6.823s] -- Configuring incomplete, errors occurred!
[6.823s] See also "/home/fssja/ros2-project/build/two_server_controllers/CMakeFiles/CMakeOutput.log".
[6.869s] gmake: *** [Makefile:267: cmake_check_build_system] Error 1
[6.876s] Invoked command in '/home/fssja/ros2-project/build/two_server_controllers' returned '2': CMAKE_PREFIX_PATH=${CMAKE_PREFIX_PATH}:/home/fssja/turtlebot3_ws/install/turtlebot3_teleop:/home/fssja/turtlebot3_ws/install/turtlebot3_example:/opt/ros/humble /usr/bin/cmake --build /home/fssja/ros2-project/build/two_server_controllers -- -j2 -l2
