[0.047s] Invoking command in '/home/fssja/ros2-project/build/two_server_controllers': CMAKE_PREFIX_PATH=/home/fssja/ros2-project/install/custom_interfaces:/home/fssja/ros2-project/install/two_server_controllers:/home/fssja/turtlebot3_ws/install/turtlebot3:/home/fssja/turtlebot3_ws/install/turtlebot3_simulations:/home/fssja/turtlebot3_ws/install/turtlebot3_bringup:/home/fssja/turtlebot3_ws/install/turtlebot3_node:/home/fssja/turtlebot3_ws/install/turtlebot3_navigation2:/home/fssja/turtlebot3_ws/install/turtlebot3_fake_node:/home/fssja/turtlebot3_ws/install/turtlebot3_msgs:/home/fssja/turtlebot3_ws/install/turtlebot3_gazebo:/home/fssja/turtlebot3_ws/install/turtlebot3_description:/home/fssja/turtlebot3_ws/install/turtlebot3_cartographer:/home/fssja/turtlebot3_ws/install/robot_controller:/home/fssja/turtlebot3_ws/install/dynamixel_sdk_examples:/home/fssja/turtlebot3_ws/install/dynamixel_sdk_custom_interfaces:/home/fssja/turtlebot3_ws/install/dynamixel_sdk:/home/fssja/ros2_ws/install/the_publisher:/home/fssja/ros2_ws/install/robot_controller:/home/fssja/ros2_ws/install/publish_and_subscribe:/home/fssja/ros2_ws/install/add_two_nums:/home/fssja/turtlebot3_ws/install/turtlebot3_teleop:/home/fssja/turtlebot3_ws/install/turtlebot3_example:/opt/ros/humble /usr/bin/cmake --build /home/fssja/ros2-project/build/two_server_controllers -- -j2 -l2
[0.132s] -- Found ament_cmake: 1.3.8 (/opt/ros/humble/share/ament_cmake/cmake)
[0.522s] -- Found rclcpp: 16.0.8 (/opt/ros/humble/share/rclcpp/cmake)
[1.017s] -- Found rosidl_generator_c: 3.1.5 (/opt/ros/humble/share/rosidl_generator_c/cmake)
[1.024s] -- Found rosidl_adapter: 3.1.5 (/opt/ros/humble/share/rosidl_adapter/cmake)
[1.082s] -- Found rosidl_generator_cpp: 3.1.5 (/opt/ros/humble/share/rosidl_generator_cpp/cmake)
[1.180s] -- Using all available rosidl_typesupport_c: rosidl_typesupport_fastrtps_c;rosidl_typesupport_introspection_c
[1.234s] -- Using all available rosidl_typesupport_cpp: rosidl_typesupport_fastrtps_cpp;rosidl_typesupport_introspection_cpp
[1.522s] -- Found rmw_implementation_cmake: 6.1.1 (/opt/ros/humble/share/rmw_implementation_cmake/cmake)
[1.541s] -- Found rmw_fastrtps_cpp: 6.2.6 (/opt/ros/humble/share/rmw_fastrtps_cpp/cmake)
[2.118s] -- Using RMW implementation 'rmw_fastrtps_cpp' as default
[2.726s] -- Found turtlesim: 1.4.2 (/opt/ros/humble/share/turtlesim/cmake)
[3.130s] -- Found geometry_msgs: 4.2.3 (/opt/ros/humble/share/geometry_msgs/cmake)
[3.300s] -- Found custom_interfaces: 0.0.0 (/home/fssja/ros2-project/install/custom_interfaces/share/custom_interfaces/cmake)
[3.634s] -- Configuring done
[3.728s] -- Generating done
[3.728s] -- Build files have been written to: /home/fssja/ros2-project/build/two_server_controllers
[3.823s] [35m[1mConsolidate compiler generated dependencies of target go_to_goal[0m
[3.871s] [ 25%] [32mBuilding CXX object CMakeFiles/the_client.dir/src/the_client.cpp.o[0m
[3.885s] [ 50%] [32mBuilding CXX object CMakeFiles/go_to_goal.dir/src/goto_server.cpp.o[0m
[11.878s] [01m[K/home/fssja/ros2-project/src/two_server_controllers/src/the_client.cpp:[m[K In function ‘[01m[Kint main(int, char**)[m[K’:
[11.880s] [01m[K/home/fssja/ros2-project/src/two_server_controllers/src/the_client.cpp:24:12:[m[K [01;31m[Kerror: [m[K‘[01m[Kusing element_type = struct custom_interfaces::srv::Goto_Request_<std::allocator<void> >[m[K’ {aka ‘[01m[Kstruct custom_interfaces::srv::Goto_Request_<std::allocator<void> >[m[K’} has no member named ‘[01m[Ka[m[K’
[11.881s]    24 |   request->[01;31m[Ka[m[K = atoll(argv[1]);
[11.882s]       |            [01;31m[K^[m[K
[11.884s] [01m[K/home/fssja/ros2-project/src/two_server_controllers/src/the_client.cpp:25:12:[m[K [01;31m[Kerror: [m[K‘[01m[Kusing element_type = struct custom_interfaces::srv::Goto_Request_<std::allocator<void> >[m[K’ {aka ‘[01m[Kstruct custom_interfaces::srv::Goto_Request_<std::allocator<void> >[m[K’} has no member named ‘[01m[Kb[m[K’
[11.886s]    25 |   request->[01;31m[Kb[m[K = atoll(argv[2]);
[11.887s]       |            [01;31m[K^[m[K
[11.889s] [01m[K/home/fssja/ros2-project/src/two_server_controllers/src/the_client.cpp:26:12:[m[K [01;31m[Kerror: [m[K‘[01m[Kusing element_type = struct custom_interfaces::srv::Goto_Request_<std::allocator<void> >[m[K’ {aka ‘[01m[Kstruct custom_interfaces::srv::Goto_Request_<std::allocator<void> >[m[K’} has no member named ‘[01m[Kc[m[K’
[11.890s]    26 |   request->[01;31m[Kc[m[K = atoll(argv[3]);
[11.891s]       |            [01;31m[K^[m[K
[13.545s] gmake[2]: *** [CMakeFiles/the_client.dir/build.make:76: CMakeFiles/the_client.dir/src/the_client.cpp.o] Error 1
[13.546s] gmake[1]: *** [CMakeFiles/Makefile2:165: CMakeFiles/the_client.dir/all] Error 2
[13.548s] gmake[1]: *** Waiting for unfinished jobs....
[26.931s] [ 75%] [32m[1mLinking CXX executable go_to_goal[0m
[28.284s] [ 75%] Built target go_to_goal
[28.285s] gmake: *** [Makefile:146: all] Error 2
[28.289s] Invoked command in '/home/fssja/ros2-project/build/two_server_controllers' returned '2': CMAKE_PREFIX_PATH=/home/fssja/ros2-project/install/custom_interfaces:/home/fssja/ros2-project/install/two_server_controllers:/home/fssja/turtlebot3_ws/install/turtlebot3:/home/fssja/turtlebot3_ws/install/turtlebot3_simulations:/home/fssja/turtlebot3_ws/install/turtlebot3_bringup:/home/fssja/turtlebot3_ws/install/turtlebot3_node:/home/fssja/turtlebot3_ws/install/turtlebot3_navigation2:/home/fssja/turtlebot3_ws/install/turtlebot3_fake_node:/home/fssja/turtlebot3_ws/install/turtlebot3_msgs:/home/fssja/turtlebot3_ws/install/turtlebot3_gazebo:/home/fssja/turtlebot3_ws/install/turtlebot3_description:/home/fssja/turtlebot3_ws/install/turtlebot3_cartographer:/home/fssja/turtlebot3_ws/install/robot_controller:/home/fssja/turtlebot3_ws/install/dynamixel_sdk_examples:/home/fssja/turtlebot3_ws/install/dynamixel_sdk_custom_interfaces:/home/fssja/turtlebot3_ws/install/dynamixel_sdk:/home/fssja/ros2_ws/install/the_publisher:/home/fssja/ros2_ws/install/robot_controller:/home/fssja/ros2_ws/install/publish_and_subscribe:/home/fssja/ros2_ws/install/add_two_nums:/home/fssja/turtlebot3_ws/install/turtlebot3_teleop:/home/fssja/turtlebot3_ws/install/turtlebot3_example:/opt/ros/humble /usr/bin/cmake --build /home/fssja/ros2-project/build/two_server_controllers -- -j2 -l2
