[10.090s] Invoking command in '/home/fssja/turtlebot3_ws/src/turtlebot3/turtlebot3_example': AMENT_PREFIX_PATH=/home/fssja/turtlebot3_ws/install/turtlebot3_msgs:${AMENT_PREFIX_PATH} CMAKE_PREFIX_PATH=/home/fssja/turtlebot3_ws/install/turtlebot3_msgs:${CMAKE_PREFIX_PATH} LD_LIBRARY_PATH=/home/fssja/turtlebot3_ws/install/turtlebot3_msgs/lib:${LD_LIBRARY_PATH} PYTHONPATH=/home/fssja/turtlebot3_ws/build/turtlebot3_example/prefix_override:/home/fssja/turtlebot3_ws/install/turtlebot3_example/lib/python3.10/site-packages:/home/fssja/turtlebot3_ws/install/turtlebot3_msgs/local/lib/python3.10/dist-packages:${PYTHONPATH} /usr/bin/python3 setup.py egg_info --egg-base ../../../build/turtlebot3_example build --build-base /home/fssja/turtlebot3_ws/build/turtlebot3_example/build install --record /home/fssja/turtlebot3_ws/build/turtlebot3_example/install.log --single-version-externally-managed
[13.365s] running egg_info
[13.365s] writing ../../../build/turtlebot3_example/turtlebot3_example.egg-info/PKG-INFO
[13.365s] writing dependency_links to ../../../build/turtlebot3_example/turtlebot3_example.egg-info/dependency_links.txt
[13.365s] writing entry points to ../../../build/turtlebot3_example/turtlebot3_example.egg-info/entry_points.txt
[13.365s] writing requirements to ../../../build/turtlebot3_example/turtlebot3_example.egg-info/requires.txt
[13.366s] writing top-level names to ../../../build/turtlebot3_example/turtlebot3_example.egg-info/top_level.txt
[13.375s] reading manifest file '../../../build/turtlebot3_example/turtlebot3_example.egg-info/SOURCES.txt'
[13.376s] writing manifest file '../../../build/turtlebot3_example/turtlebot3_example.egg-info/SOURCES.txt'
[13.381s] running build
[13.381s] running build_py
[13.415s] running install
[13.418s] running install_lib
[13.419s] /usr/lib/python3/dist-packages/setuptools/command/install.py:34: SetuptoolsDeprecationWarning: setup.py install is deprecated. Use build and pip and other standards-based tools.
[13.419s]   warnings.warn(
[13.479s] running install_data
[13.483s] running install_egg_info
[13.507s] removing '/home/fssja/turtlebot3_ws/install/turtlebot3_example/lib/python3.10/site-packages/turtlebot3_example-2.1.5-py3.10.egg-info' (and everything under it)
[13.518s] Copying ../../../build/turtlebot3_example/turtlebot3_example.egg-info to /home/fssja/turtlebot3_ws/install/turtlebot3_example/lib/python3.10/site-packages/turtlebot3_example-2.1.5-py3.10.egg-info
[13.553s] running install_scripts
[13.651s] Installing turtlebot3_obstacle_detection script to /home/fssja/turtlebot3_ws/install/turtlebot3_example/lib/turtlebot3_example
[13.652s] Installing turtlebot3_patrol_client script to /home/fssja/turtlebot3_ws/install/turtlebot3_example/lib/turtlebot3_example
[13.652s] Installing turtlebot3_patrol_server script to /home/fssja/turtlebot3_ws/install/turtlebot3_example/lib/turtlebot3_example
[13.652s] Installing turtlebot3_position_control script to /home/fssja/turtlebot3_ws/install/turtlebot3_example/lib/turtlebot3_example
[13.652s] writing list of installed files to '/home/fssja/turtlebot3_ws/build/turtlebot3_example/install.log'
[13.968s] Invoked command in '/home/fssja/turtlebot3_ws/src/turtlebot3/turtlebot3_example' returned '0': AMENT_PREFIX_PATH=/home/fssja/turtlebot3_ws/install/turtlebot3_msgs:${AMENT_PREFIX_PATH} CMAKE_PREFIX_PATH=/home/fssja/turtlebot3_ws/install/turtlebot3_msgs:${CMAKE_PREFIX_PATH} LD_LIBRARY_PATH=/home/fssja/turtlebot3_ws/install/turtlebot3_msgs/lib:${LD_LIBRARY_PATH} PYTHONPATH=/home/fssja/turtlebot3_ws/build/turtlebot3_example/prefix_override:/home/fssja/turtlebot3_ws/install/turtlebot3_example/lib/python3.10/site-packages:/home/fssja/turtlebot3_ws/install/turtlebot3_msgs/local/lib/python3.10/dist-packages:${PYTHONPATH} /usr/bin/python3 setup.py egg_info --egg-base ../../../build/turtlebot3_example build --build-base /home/fssja/turtlebot3_ws/build/turtlebot3_example/build install --record /home/fssja/turtlebot3_ws/build/turtlebot3_example/install.log --single-version-externally-managed
