[0.555s] Invoking command in '/home/fssja/turtlebot3_ws/build/turtlebot3_cartographer': CMAKE_PREFIX_PATH=${CMAKE_PREFIX_PATH}:/opt/ros/humble /usr/bin/cmake --build /home/fssja/turtlebot3_ws/build/turtlebot3_cartographer -- -j2 -l2
[0.695s] Invoked command in '/home/fssja/turtlebot3_ws/build/turtlebot3_cartographer' returned '0': CMAKE_PREFIX_PATH=${CMAKE_PREFIX_PATH}:/opt/ros/humble /usr/bin/cmake --build /home/fssja/turtlebot3_ws/build/turtlebot3_cartographer -- -j2 -l2
[0.800s] Invoking command in '/home/fssja/turtlebot3_ws/build/turtlebot3_cartographer': CMAKE_PREFIX_PATH=${CMAKE_PREFIX_PATH}:/opt/ros/humble /usr/bin/cmake --install /home/fssja/turtlebot3_ws/build/turtlebot3_cartographer
[0.826s] -- Install configuration: ""
[0.827s] -- Up-to-date: /home/fssja/turtlebot3_ws/install/turtlebot3_cartographer/share/turtlebot3_cartographer/config
[0.867s] -- Up-to-date: /home/fssja/turtlebot3_ws/install/turtlebot3_cartographer/share/turtlebot3_cartographer/config/turtlebot3_lds_2d.lua
[0.868s] -- Up-to-date: /home/fssja/turtlebot3_ws/install/turtlebot3_cartographer/share/turtlebot3_cartographer/launch
[0.868s] -- Up-to-date: /home/fssja/turtlebot3_ws/install/turtlebot3_cartographer/share/turtlebot3_cartographer/launch/occupancy_grid.launch.py
[0.868s] -- Up-to-date: /home/fssja/turtlebot3_ws/install/turtlebot3_cartographer/share/turtlebot3_cartographer/launch/cartographer.launch.py
[0.868s] -- Up-to-date: /home/fssja/turtlebot3_ws/install/turtlebot3_cartographer/share/turtlebot3_cartographer/rviz
[0.879s] -- Up-to-date: /home/fssja/turtlebot3_ws/install/turtlebot3_cartographer/share/turtlebot3_cartographer/rviz/tb3_cartographer.rviz
[0.883s] -- Up-to-date: /home/fssja/turtlebot3_ws/install/turtlebot3_cartographer/share/ament_index/resource_index/package_run_dependencies/turtlebot3_cartographer
[0.883s] -- Up-to-date: /home/fssja/turtlebot3_ws/install/turtlebot3_cartographer/share/ament_index/resource_index/parent_prefix_path/turtlebot3_cartographer
[0.884s] -- Up-to-date: /home/fssja/turtlebot3_ws/install/turtlebot3_cartographer/share/turtlebot3_cartographer/environment/ament_prefix_path.sh
[0.884s] -- Up-to-date: /home/fssja/turtlebot3_ws/install/turtlebot3_cartographer/share/turtlebot3_cartographer/environment/ament_prefix_path.dsv
[0.884s] -- Up-to-date: /home/fssja/turtlebot3_ws/install/turtlebot3_cartographer/share/turtlebot3_cartographer/environment/path.sh
[0.884s] -- Up-to-date: /home/fssja/turtlebot3_ws/install/turtlebot3_cartographer/share/turtlebot3_cartographer/environment/path.dsv
[0.887s] -- Up-to-date: /home/fssja/turtlebot3_ws/install/turtlebot3_cartographer/share/turtlebot3_cartographer/local_setup.bash
[0.887s] -- Up-to-date: /home/fssja/turtlebot3_ws/install/turtlebot3_cartographer/share/turtlebot3_cartographer/local_setup.sh
[0.887s] -- Up-to-date: /home/fssja/turtlebot3_ws/install/turtlebot3_cartographer/share/turtlebot3_cartographer/local_setup.zsh
[0.888s] -- Up-to-date: /home/fssja/turtlebot3_ws/install/turtlebot3_cartographer/share/turtlebot3_cartographer/local_setup.dsv
[0.888s] -- Installing: /home/fssja/turtlebot3_ws/install/turtlebot3_cartographer/share/turtlebot3_cartographer/package.dsv
[0.888s] -- Up-to-date: /home/fssja/turtlebot3_ws/install/turtlebot3_cartographer/share/ament_index/resource_index/packages/turtlebot3_cartographer
[0.888s] -- Up-to-date: /home/fssja/turtlebot3_ws/install/turtlebot3_cartographer/share/turtlebot3_cartographer/cmake/turtlebot3_cartographerConfig.cmake
[0.888s] -- Up-to-date: /home/fssja/turtlebot3_ws/install/turtlebot3_cartographer/share/turtlebot3_cartographer/cmake/turtlebot3_cartographerConfig-version.cmake
[0.888s] -- Up-to-date: /home/fssja/turtlebot3_ws/install/turtlebot3_cartographer/share/turtlebot3_cartographer/package.xml
[1.475s] Invoked command in '/home/fssja/turtlebot3_ws/build/turtlebot3_cartographer' returned '0': CMAKE_PREFIX_PATH=${CMAKE_PREFIX_PATH}:/opt/ros/humble /usr/bin/cmake --install /home/fssja/turtlebot3_ws/build/turtlebot3_cartographer
