[0.751s] Invoking command in '/home/fssja/turtlebot3_ws/build/turtlebot3_simulations': AMENT_PREFIX_PATH=/home/fssja/turtlebot3_ws/install/turtlebot3_fake_node:/home/fssja/turtlebot3_ws/install/turtlebot3_msgs:/home/fssja/turtlebot3_ws/install/turtlebot3_gazebo:${AMENT_PREFIX_PATH} CMAKE_PREFIX_PATH=/home/fssja/turtlebot3_ws/install/turtlebot3_fake_node:/home/fssja/turtlebot3_ws/install/turtlebot3_msgs:/home/fssja/turtlebot3_ws/install/turtlebot3_gazebo:/home/fssja/ros2_ws/install/the_publisher:/home/fssja/ros2_ws/install/publish_and_subscribe:/opt/ros/humble LD_LIBRARY_PATH=/home/fssja/turtlebot3_ws/install/turtlebot3_msgs/lib:${LD_LIBRARY_PATH} PYTHONPATH=/home/fssja/turtlebot3_ws/install/turtlebot3_msgs/local/lib/python3.10/dist-packages:${PYTHONPATH} /usr/bin/cmake --build /home/fssja/turtlebot3_ws/build/turtlebot3_simulations -- -j2 -l2
[1.024s] Invoked command in '/home/fssja/turtlebot3_ws/build/turtlebot3_simulations' returned '0': AMENT_PREFIX_PATH=/home/fssja/turtlebot3_ws/install/turtlebot3_fake_node:/home/fssja/turtlebot3_ws/install/turtlebot3_msgs:/home/fssja/turtlebot3_ws/install/turtlebot3_gazebo:${AMENT_PREFIX_PATH} CMAKE_PREFIX_PATH=/home/fssja/turtlebot3_ws/install/turtlebot3_fake_node:/home/fssja/turtlebot3_ws/install/turtlebot3_msgs:/home/fssja/turtlebot3_ws/install/turtlebot3_gazebo:/home/fssja/ros2_ws/install/the_publisher:/home/fssja/ros2_ws/install/publish_and_subscribe:/opt/ros/humble LD_LIBRARY_PATH=/home/fssja/turtlebot3_ws/install/turtlebot3_msgs/lib:${LD_LIBRARY_PATH} PYTHONPATH=/home/fssja/turtlebot3_ws/install/turtlebot3_msgs/local/lib/python3.10/dist-packages:${PYTHONPATH} /usr/bin/cmake --build /home/fssja/turtlebot3_ws/build/turtlebot3_simulations -- -j2 -l2
[1.166s] Invoking command in '/home/fssja/turtlebot3_ws/build/turtlebot3_simulations': AMENT_PREFIX_PATH=/home/fssja/turtlebot3_ws/install/turtlebot3_fake_node:/home/fssja/turtlebot3_ws/install/turtlebot3_msgs:/home/fssja/turtlebot3_ws/install/turtlebot3_gazebo:${AMENT_PREFIX_PATH} CMAKE_PREFIX_PATH=/home/fssja/turtlebot3_ws/install/turtlebot3_fake_node:/home/fssja/turtlebot3_ws/install/turtlebot3_msgs:/home/fssja/turtlebot3_ws/install/turtlebot3_gazebo:/home/fssja/ros2_ws/install/the_publisher:/home/fssja/ros2_ws/install/publish_and_subscribe:/opt/ros/humble LD_LIBRARY_PATH=/home/fssja/turtlebot3_ws/install/turtlebot3_msgs/lib:${LD_LIBRARY_PATH} PYTHONPATH=/home/fssja/turtlebot3_ws/install/turtlebot3_msgs/local/lib/python3.10/dist-packages:${PYTHONPATH} /usr/bin/cmake --install /home/fssja/turtlebot3_ws/build/turtlebot3_simulations
[1.228s] -- Install configuration: ""
[1.231s] -- Up-to-date: /home/fssja/turtlebot3_ws/install/turtlebot3_simulations/share/ament_index/resource_index/package_run_dependencies/turtlebot3_simulations
[1.281s] -- Up-to-date: /home/fssja/turtlebot3_ws/install/turtlebot3_simulations/share/ament_index/resource_index/parent_prefix_path/turtlebot3_simulations
[1.282s] -- Up-to-date: /home/fssja/turtlebot3_ws/install/turtlebot3_simulations/share/turtlebot3_simulations/environment/ament_prefix_path.sh
[1.282s] -- Up-to-date: /home/fssja/turtlebot3_ws/install/turtlebot3_simulations/share/turtlebot3_simulations/environment/ament_prefix_path.dsv
[1.282s] -- Up-to-date: /home/fssja/turtlebot3_ws/install/turtlebot3_simulations/share/turtlebot3_simulations/environment/path.sh
[1.282s] -- Up-to-date: /home/fssja/turtlebot3_ws/install/turtlebot3_simulations/share/turtlebot3_simulations/environment/path.dsv
[1.283s] -- Up-to-date: /home/fssja/turtlebot3_ws/install/turtlebot3_simulations/share/turtlebot3_simulations/local_setup.bash
[1.283s] -- Up-to-date: /home/fssja/turtlebot3_ws/install/turtlebot3_simulations/share/turtlebot3_simulations/local_setup.sh
[1.283s] -- Up-to-date: /home/fssja/turtlebot3_ws/install/turtlebot3_simulations/share/turtlebot3_simulations/local_setup.zsh
[1.283s] -- Up-to-date: /home/fssja/turtlebot3_ws/install/turtlebot3_simulations/share/turtlebot3_simulations/local_setup.dsv
[1.283s] -- Installing: /home/fssja/turtlebot3_ws/install/turtlebot3_simulations/share/turtlebot3_simulations/package.dsv
[1.283s] -- Up-to-date: /home/fssja/turtlebot3_ws/install/turtlebot3_simulations/share/ament_index/resource_index/packages/turtlebot3_simulations
[1.284s] -- Up-to-date: /home/fssja/turtlebot3_ws/install/turtlebot3_simulations/share/turtlebot3_simulations/cmake/turtlebot3_simulationsConfig.cmake
[1.284s] -- Up-to-date: /home/fssja/turtlebot3_ws/install/turtlebot3_simulations/share/turtlebot3_simulations/cmake/turtlebot3_simulationsConfig-version.cmake
[1.284s] -- Up-to-date: /home/fssja/turtlebot3_ws/install/turtlebot3_simulations/share/turtlebot3_simulations/package.xml
[1.284s] Invoked command in '/home/fssja/turtlebot3_ws/build/turtlebot3_simulations' returned '0': AMENT_PREFIX_PATH=/home/fssja/turtlebot3_ws/install/turtlebot3_fake_node:/home/fssja/turtlebot3_ws/install/turtlebot3_msgs:/home/fssja/turtlebot3_ws/install/turtlebot3_gazebo:${AMENT_PREFIX_PATH} CMAKE_PREFIX_PATH=/home/fssja/turtlebot3_ws/install/turtlebot3_fake_node:/home/fssja/turtlebot3_ws/install/turtlebot3_msgs:/home/fssja/turtlebot3_ws/install/turtlebot3_gazebo:/home/fssja/ros2_ws/install/the_publisher:/home/fssja/ros2_ws/install/publish_and_subscribe:/opt/ros/humble LD_LIBRARY_PATH=/home/fssja/turtlebot3_ws/install/turtlebot3_msgs/lib:${LD_LIBRARY_PATH} PYTHONPATH=/home/fssja/turtlebot3_ws/install/turtlebot3_msgs/local/lib/python3.10/dist-packages:${PYTHONPATH} /usr/bin/cmake --install /home/fssja/turtlebot3_ws/build/turtlebot3_simulations
