[0.365s] Invoking command in '/home/fssja/turtlebot3_ws/build/turtlebot3_description': CMAKE_PREFIX_PATH=${CMAKE_PREFIX_PATH}:/home/fssja/turtlebot3_ws/install/turtlebot3_teleop:/home/fssja/turtlebot3_ws/install/turtlebot3_example:/opt/ros/humble /usr/bin/cmake --build /home/fssja/turtlebot3_ws/build/turtlebot3_description -- -j2 -l2
[0.528s] -- Found ament_cmake: 1.3.8 (/opt/ros/humble/share/ament_cmake/cmake)
[0.884s] -- Found Python3: /usr/bin/python3 (found version "3.10.12") found components: Interpreter 
[1.138s] -- Found urdf: 2.6.0 (/opt/ros/humble/share/urdf/cmake)
[1.818s] -- Configuring done
[1.868s] -- Generating done
[1.870s] -- Build files have been written to: /home/fssja/turtlebot3_ws/build/turtlebot3_description
[1.917s] Invoked command in '/home/fssja/turtlebot3_ws/build/turtlebot3_description' returned '0': CMAKE_PREFIX_PATH=${CMAKE_PREFIX_PATH}:/home/fssja/turtlebot3_ws/install/turtlebot3_teleop:/home/fssja/turtlebot3_ws/install/turtlebot3_example:/opt/ros/humble /usr/bin/cmake --build /home/fssja/turtlebot3_ws/build/turtlebot3_description -- -j2 -l2
[1.967s] Invoking command in '/home/fssja/turtlebot3_ws/build/turtlebot3_description': CMAKE_PREFIX_PATH=${CMAKE_PREFIX_PATH}:/home/fssja/turtlebot3_ws/install/turtlebot3_teleop:/home/fssja/turtlebot3_ws/install/turtlebot3_example:/opt/ros/humble /usr/bin/cmake --install /home/fssja/turtlebot3_ws/build/turtlebot3_description
[1.985s] -- Install configuration: ""
[1.986s] -- Up-to-date: /home/fssja/turtlebot3_ws/install/turtlebot3_description/share/turtlebot3_description/meshes
[2.029s] -- Up-to-date: /home/fssja/turtlebot3_ws/install/turtlebot3_description/share/turtlebot3_description/meshes/sensors
[2.052s] -- Up-to-date: /home/fssja/turtlebot3_ws/install/turtlebot3_description/share/turtlebot3_description/meshes/sensors/astra.jpg
[2.053s] -- Up-to-date: /home/fssja/turtlebot3_ws/install/turtlebot3_description/share/turtlebot3_description/meshes/sensors/r200.dae
[2.053s] -- Up-to-date: /home/fssja/turtlebot3_ws/install/turtlebot3_description/share/turtlebot3_description/meshes/sensors/lds.stl
[2.054s] -- Up-to-date: /home/fssja/turtlebot3_ws/install/turtlebot3_description/share/turtlebot3_description/meshes/sensors/astra.dae
[2.055s] -- Up-to-date: /home/fssja/turtlebot3_ws/install/turtlebot3_description/share/turtlebot3_description/meshes/sensors/r200.jpg
[2.055s] -- Up-to-date: /home/fssja/turtlebot3_ws/install/turtlebot3_description/share/turtlebot3_description/meshes/wheels
[2.056s] -- Up-to-date: /home/fssja/turtlebot3_ws/install/turtlebot3_description/share/turtlebot3_description/meshes/wheels/left_tire.stl
[2.056s] -- Up-to-date: /home/fssja/turtlebot3_ws/install/turtlebot3_description/share/turtlebot3_description/meshes/wheels/right_tire.stl
[2.056s] -- Up-to-date: /home/fssja/turtlebot3_ws/install/turtlebot3_description/share/turtlebot3_description/meshes/bases
[2.057s] -- Up-to-date: /home/fssja/turtlebot3_ws/install/turtlebot3_description/share/turtlebot3_description/meshes/bases/burger_base.stl
[2.057s] -- Up-to-date: /home/fssja/turtlebot3_ws/install/turtlebot3_description/share/turtlebot3_description/meshes/bases/waffle_base.stl
[2.058s] -- Up-to-date: /home/fssja/turtlebot3_ws/install/turtlebot3_description/share/turtlebot3_description/meshes/bases/waffle_pi_base.stl
[2.058s] -- Up-to-date: /home/fssja/turtlebot3_ws/install/turtlebot3_description/share/turtlebot3_description/rviz
[2.058s] -- Up-to-date: /home/fssja/turtlebot3_ws/install/turtlebot3_description/share/turtlebot3_description/rviz/model.rviz
[2.058s] -- Up-to-date: /home/fssja/turtlebot3_ws/install/turtlebot3_description/share/turtlebot3_description/urdf
[2.058s] -- Up-to-date: /home/fssja/turtlebot3_ws/install/turtlebot3_description/share/turtlebot3_description/urdf/turtlebot3_burger.urdf
[2.059s] -- Up-to-date: /home/fssja/turtlebot3_ws/install/turtlebot3_description/share/turtlebot3_description/urdf/turtlebot3_waffle_pi.urdf
[2.059s] -- Up-to-date: /home/fssja/turtlebot3_ws/install/turtlebot3_description/share/turtlebot3_description/urdf/common_properties.urdf
[2.059s] -- Up-to-date: /home/fssja/turtlebot3_ws/install/turtlebot3_description/share/turtlebot3_description/urdf/turtlebot3_waffle.urdf
[2.059s] -- Up-to-date: /home/fssja/turtlebot3_ws/install/turtlebot3_description/share/ament_index/resource_index/package_run_dependencies/turtlebot3_description
[2.059s] -- Installing: /home/fssja/turtlebot3_ws/install/turtlebot3_description/share/ament_index/resource_index/parent_prefix_path/turtlebot3_description
[2.060s] -- Installing: /home/fssja/turtlebot3_ws/install/turtlebot3_description/share/turtlebot3_description/environment/ament_prefix_path.sh
[2.060s] -- Installing: /home/fssja/turtlebot3_ws/install/turtlebot3_description/share/turtlebot3_description/environment/ament_prefix_path.dsv
[2.060s] -- Installing: /home/fssja/turtlebot3_ws/install/turtlebot3_description/share/turtlebot3_description/environment/path.sh
[2.060s] -- Installing: /home/fssja/turtlebot3_ws/install/turtlebot3_description/share/turtlebot3_description/environment/path.dsv
[2.061s] -- Up-to-date: /home/fssja/turtlebot3_ws/install/turtlebot3_description/share/turtlebot3_description/local_setup.bash
[2.061s] -- Up-to-date: /home/fssja/turtlebot3_ws/install/turtlebot3_description/share/turtlebot3_description/local_setup.sh
[2.061s] -- Up-to-date: /home/fssja/turtlebot3_ws/install/turtlebot3_description/share/turtlebot3_description/local_setup.zsh
[2.061s] -- Installing: /home/fssja/turtlebot3_ws/install/turtlebot3_description/share/turtlebot3_description/local_setup.dsv
[2.061s] -- Installing: /home/fssja/turtlebot3_ws/install/turtlebot3_description/share/turtlebot3_description/package.dsv
[2.062s] -- Up-to-date: /home/fssja/turtlebot3_ws/install/turtlebot3_description/share/ament_index/resource_index/packages/turtlebot3_description
[2.063s] -- Up-to-date: /home/fssja/turtlebot3_ws/install/turtlebot3_description/share/turtlebot3_description/cmake/turtlebot3_descriptionConfig.cmake
[2.063s] -- Up-to-date: /home/fssja/turtlebot3_ws/install/turtlebot3_description/share/turtlebot3_description/cmake/turtlebot3_descriptionConfig-version.cmake
[2.063s] -- Up-to-date: /home/fssja/turtlebot3_ws/install/turtlebot3_description/share/turtlebot3_description/package.xml
[2.067s] Invoked command in '/home/fssja/turtlebot3_ws/build/turtlebot3_description' returned '0': CMAKE_PREFIX_PATH=${CMAKE_PREFIX_PATH}:/home/fssja/turtlebot3_ws/install/turtlebot3_teleop:/home/fssja/turtlebot3_ws/install/turtlebot3_example:/opt/ros/humble /usr/bin/cmake --install /home/fssja/turtlebot3_ws/build/turtlebot3_description
