[11.588s] DEBUG:colcon:Command line arguments: ['/usr/bin/colcon', 'build', '--packages-select', 'robot_controller']
[11.589s] DEBUG:colcon:Parsed command line arguments: Namespace(log_base=None, log_level=None, verb_name='build', build_base='build', install_base='install', merge_install=False, symlink_install=False, test_result_base=None, continue_on_error=False, executor='parallel', parallel_workers=2, event_handlers=None, ignore_user_meta=False, metas=['./colcon.meta'], base_paths=['.'], packages_ignore=None, packages_ignore_regex=None, paths=None, packages_up_to=None, packages_up_to_regex=None, packages_above=None, packages_above_and_dependencies=None, packages_above_depth=None, packages_select_by_dep=None, packages_skip_by_dep=None, packages_skip_up_to=None, packages_select_build_failed=False, packages_skip_build_finished=False, packages_select_test_failures=False, packages_skip_test_passed=False, packages_select=['robot_controller'], packages_skip=None, packages_select_regex=None, packages_skip_regex=None, packages_start=None, packages_end=None, allow_overriding=[], cmake_args=None, cmake_target=None, cmake_target_skip_unavailable=False, cmake_clean_cache=False, cmake_clean_first=False, cmake_force_configure=False, ament_cmake_args=None, catkin_cmake_args=None, catkin_skip_building_tests=False, verb_parser=<colcon_defaults.argument_parser.defaults.DefaultArgumentsDecorator object at 0x78793c98b730>, verb_extension=<colcon_core.verb.build.BuildVerb object at 0x78793c9895d0>, main=<bound method BuildVerb.main of <colcon_core.verb.build.BuildVerb object at 0x78793c9895d0>>)
[12.160s] Level 1:colcon.colcon_core.package_discovery:discover_packages(colcon_meta) check parameters
[12.161s] Level 1:colcon.colcon_core.package_discovery:discover_packages(recursive) check parameters
[12.161s] Level 1:colcon.colcon_core.package_discovery:discover_packages(ignore) check parameters
[12.161s] Level 1:colcon.colcon_core.package_discovery:discover_packages(path) check parameters
[12.161s] Level 1:colcon.colcon_core.package_discovery:discover_packages(colcon_meta) discover
[12.161s] Level 1:colcon.colcon_core.package_discovery:discover_packages(recursive) discover
[12.161s] INFO:colcon.colcon_core.package_discovery:Crawling recursively for packages in '/home/fssja/ros2_ws'
[12.161s] Level 1:colcon.colcon_core.package_identification:_identify(.) by extensions ['ignore', 'ignore_ament_install']
[12.161s] Level 1:colcon.colcon_core.package_identification:_identify(.) by extension 'ignore'
[12.162s] Level 1:colcon.colcon_core.package_identification:_identify(.) by extension 'ignore_ament_install'
[12.162s] Level 1:colcon.colcon_core.package_identification:_identify(.) by extensions ['colcon_pkg']
[12.162s] Level 1:colcon.colcon_core.package_identification:_identify(.) by extension 'colcon_pkg'
[12.162s] Level 1:colcon.colcon_core.package_identification:_identify(.) by extensions ['colcon_meta']
[12.162s] Level 1:colcon.colcon_core.package_identification:_identify(.) by extension 'colcon_meta'
[12.162s] Level 1:colcon.colcon_core.package_identification:_identify(.) by extensions ['ros']
[12.162s] Level 1:colcon.colcon_core.package_identification:_identify(.) by extension 'ros'
[12.270s] Level 1:colcon.colcon_core.package_identification:_identify(.) by extensions ['cmake', 'python']
[12.270s] Level 1:colcon.colcon_core.package_identification:_identify(.) by extension 'cmake'
[12.270s] Level 1:colcon.colcon_core.package_identification:_identify(.) by extension 'python'
[12.270s] Level 1:colcon.colcon_core.package_identification:_identify(.) by extensions ['python_setup_py']
[12.270s] Level 1:colcon.colcon_core.package_identification:_identify(.) by extension 'python_setup_py'
[12.271s] Level 1:colcon.colcon_core.package_identification:_identify(build) by extensions ['ignore', 'ignore_ament_install']
[12.271s] Level 1:colcon.colcon_core.package_identification:_identify(build) by extension 'ignore'
[12.271s] Level 1:colcon.colcon_core.package_identification:_identify(build) ignored
[12.299s] Level 1:colcon.colcon_core.package_identification:_identify(install) by extensions ['ignore', 'ignore_ament_install']
[12.300s] Level 1:colcon.colcon_core.package_identification:_identify(install) by extension 'ignore'
[12.300s] Level 1:colcon.colcon_core.package_identification:_identify(install) ignored
[12.300s] Level 1:colcon.colcon_core.package_identification:_identify(log) by extensions ['ignore', 'ignore_ament_install']
[12.300s] Level 1:colcon.colcon_core.package_identification:_identify(log) by extension 'ignore'
[12.301s] Level 1:colcon.colcon_core.package_identification:_identify(log) ignored
[12.301s] Level 1:colcon.colcon_core.package_identification:_identify(src) by extensions ['ignore', 'ignore_ament_install']
[12.301s] Level 1:colcon.colcon_core.package_identification:_identify(src) by extension 'ignore'
[12.302s] Level 1:colcon.colcon_core.package_identification:_identify(src) by extension 'ignore_ament_install'
[12.302s] Level 1:colcon.colcon_core.package_identification:_identify(src) by extensions ['colcon_pkg']
[12.302s] Level 1:colcon.colcon_core.package_identification:_identify(src) by extension 'colcon_pkg'
[12.302s] Level 1:colcon.colcon_core.package_identification:_identify(src) by extensions ['colcon_meta']
[12.302s] Level 1:colcon.colcon_core.package_identification:_identify(src) by extension 'colcon_meta'
[12.302s] Level 1:colcon.colcon_core.package_identification:_identify(src) by extensions ['ros']
[12.303s] Level 1:colcon.colcon_core.package_identification:_identify(src) by extension 'ros'
[12.303s] Level 1:colcon.colcon_core.package_identification:_identify(src) by extensions ['cmake', 'python']
[12.303s] Level 1:colcon.colcon_core.package_identification:_identify(src) by extension 'cmake'
[12.303s] Level 1:colcon.colcon_core.package_identification:_identify(src) by extension 'python'
[12.303s] Level 1:colcon.colcon_core.package_identification:_identify(src) by extensions ['python_setup_py']
[12.304s] Level 1:colcon.colcon_core.package_identification:_identify(src) by extension 'python_setup_py'
[12.313s] Level 1:colcon.colcon_core.package_identification:_identify(src/add_two_nums) by extensions ['ignore', 'ignore_ament_install']
[12.313s] Level 1:colcon.colcon_core.package_identification:_identify(src/add_two_nums) by extension 'ignore'
[12.314s] Level 1:colcon.colcon_core.package_identification:_identify(src/add_two_nums) by extension 'ignore_ament_install'
[12.314s] Level 1:colcon.colcon_core.package_identification:_identify(src/add_two_nums) by extensions ['colcon_pkg']
[12.314s] Level 1:colcon.colcon_core.package_identification:_identify(src/add_two_nums) by extension 'colcon_pkg'
[12.314s] Level 1:colcon.colcon_core.package_identification:_identify(src/add_two_nums) by extensions ['colcon_meta']
[12.314s] Level 1:colcon.colcon_core.package_identification:_identify(src/add_two_nums) by extension 'colcon_meta'
[12.315s] Level 1:colcon.colcon_core.package_identification:_identify(src/add_two_nums) by extensions ['ros']
[12.315s] Level 1:colcon.colcon_core.package_identification:_identify(src/add_two_nums) by extension 'ros'
[12.392s] DEBUG:colcon.colcon_core.package_identification:Package 'src/add_two_nums' with type 'ros.ament_cmake' and name 'add_two_nums'
[12.419s] Level 1:colcon.colcon_core.package_identification:_identify(src/nav2_test) by extensions ['ignore', 'ignore_ament_install']
[12.420s] Level 1:colcon.colcon_core.package_identification:_identify(src/nav2_test) by extension 'ignore'
[12.421s] Level 1:colcon.colcon_core.package_identification:_identify(src/nav2_test) by extension 'ignore_ament_install'
[12.421s] Level 1:colcon.colcon_core.package_identification:_identify(src/nav2_test) by extensions ['colcon_pkg']
[12.421s] Level 1:colcon.colcon_core.package_identification:_identify(src/nav2_test) by extension 'colcon_pkg'
[12.422s] Level 1:colcon.colcon_core.package_identification:_identify(src/nav2_test) by extensions ['colcon_meta']
[12.422s] Level 1:colcon.colcon_core.package_identification:_identify(src/nav2_test) by extension 'colcon_meta'
[12.422s] Level 1:colcon.colcon_core.package_identification:_identify(src/nav2_test) by extensions ['ros']
[12.422s] Level 1:colcon.colcon_core.package_identification:_identify(src/nav2_test) by extension 'ros'
[12.423s] Level 1:colcon.colcon_core.package_identification:_identify(src/nav2_test) by extensions ['cmake', 'python']
[12.423s] Level 1:colcon.colcon_core.package_identification:_identify(src/nav2_test) by extension 'cmake'
[12.423s] Level 1:colcon.colcon_core.package_identification:_identify(src/nav2_test) by extension 'python'
[12.424s] Level 1:colcon.colcon_core.package_identification:_identify(src/nav2_test) by extensions ['python_setup_py']
[12.424s] Level 1:colcon.colcon_core.package_identification:_identify(src/nav2_test) by extension 'python_setup_py'
[12.429s] Level 1:colcon.colcon_core.package_identification:_identify(src/nav2_test/__pycache__) by extensions ['ignore', 'ignore_ament_install']
[12.430s] Level 1:colcon.colcon_core.package_identification:_identify(src/nav2_test/__pycache__) by extension 'ignore'
[12.430s] Level 1:colcon.colcon_core.package_identification:_identify(src/nav2_test/__pycache__) by extension 'ignore_ament_install'
[12.430s] Level 1:colcon.colcon_core.package_identification:_identify(src/nav2_test/__pycache__) by extensions ['colcon_pkg']
[12.431s] Level 1:colcon.colcon_core.package_identification:_identify(src/nav2_test/__pycache__) by extension 'colcon_pkg'
[12.431s] Level 1:colcon.colcon_core.package_identification:_identify(src/nav2_test/__pycache__) by extensions ['colcon_meta']
[12.431s] Level 1:colcon.colcon_core.package_identification:_identify(src/nav2_test/__pycache__) by extension 'colcon_meta'
[12.431s] Level 1:colcon.colcon_core.package_identification:_identify(src/nav2_test/__pycache__) by extensions ['ros']
[12.432s] Level 1:colcon.colcon_core.package_identification:_identify(src/nav2_test/__pycache__) by extension 'ros'
[12.432s] Level 1:colcon.colcon_core.package_identification:_identify(src/nav2_test/__pycache__) by extensions ['cmake', 'python']
[12.432s] Level 1:colcon.colcon_core.package_identification:_identify(src/nav2_test/__pycache__) by extension 'cmake'
[12.433s] Level 1:colcon.colcon_core.package_identification:_identify(src/nav2_test/__pycache__) by extension 'python'
[12.433s] Level 1:colcon.colcon_core.package_identification:_identify(src/nav2_test/__pycache__) by extensions ['python_setup_py']
[12.433s] Level 1:colcon.colcon_core.package_identification:_identify(src/nav2_test/__pycache__) by extension 'python_setup_py'
[12.446s] Level 1:colcon.colcon_core.package_identification:_identify(src/nav2_test/maps) by extensions ['ignore', 'ignore_ament_install']
[12.446s] Level 1:colcon.colcon_core.package_identification:_identify(src/nav2_test/maps) by extension 'ignore'
[12.447s] Level 1:colcon.colcon_core.package_identification:_identify(src/nav2_test/maps) by extension 'ignore_ament_install'
[12.447s] Level 1:colcon.colcon_core.package_identification:_identify(src/nav2_test/maps) by extensions ['colcon_pkg']
[12.447s] Level 1:colcon.colcon_core.package_identification:_identify(src/nav2_test/maps) by extension 'colcon_pkg'
[12.448s] Level 1:colcon.colcon_core.package_identification:_identify(src/nav2_test/maps) by extensions ['colcon_meta']
[12.448s] Level 1:colcon.colcon_core.package_identification:_identify(src/nav2_test/maps) by extension 'colcon_meta'
[12.448s] Level 1:colcon.colcon_core.package_identification:_identify(src/nav2_test/maps) by extensions ['ros']
[12.448s] Level 1:colcon.colcon_core.package_identification:_identify(src/nav2_test/maps) by extension 'ros'
[12.449s] Level 1:colcon.colcon_core.package_identification:_identify(src/nav2_test/maps) by extensions ['cmake', 'python']
[12.449s] Level 1:colcon.colcon_core.package_identification:_identify(src/nav2_test/maps) by extension 'cmake'
[12.450s] Level 1:colcon.colcon_core.package_identification:_identify(src/nav2_test/maps) by extension 'python'
[12.450s] Level 1:colcon.colcon_core.package_identification:_identify(src/nav2_test/maps) by extensions ['python_setup_py']
[12.450s] Level 1:colcon.colcon_core.package_identification:_identify(src/nav2_test/maps) by extension 'python_setup_py'
[12.478s] Level 1:colcon.colcon_core.package_identification:_identify(src/publish_and_subscribe) by extensions ['ignore', 'ignore_ament_install']
[12.478s] Level 1:colcon.colcon_core.package_identification:_identify(src/publish_and_subscribe) by extension 'ignore'
[12.479s] Level 1:colcon.colcon_core.package_identification:_identify(src/publish_and_subscribe) by extension 'ignore_ament_install'
[12.479s] Level 1:colcon.colcon_core.package_identification:_identify(src/publish_and_subscribe) by extensions ['colcon_pkg']
[12.479s] Level 1:colcon.colcon_core.package_identification:_identify(src/publish_and_subscribe) by extension 'colcon_pkg'
[12.480s] Level 1:colcon.colcon_core.package_identification:_identify(src/publish_and_subscribe) by extensions ['colcon_meta']
[12.480s] Level 1:colcon.colcon_core.package_identification:_identify(src/publish_and_subscribe) by extension 'colcon_meta'
[12.480s] Level 1:colcon.colcon_core.package_identification:_identify(src/publish_and_subscribe) by extensions ['ros']
[12.480s] Level 1:colcon.colcon_core.package_identification:_identify(src/publish_and_subscribe) by extension 'ros'
[12.499s] DEBUG:colcon.colcon_core.package_identification:Package 'src/publish_and_subscribe' with type 'ros.ament_cmake' and name 'publish_and_subscribe'
[12.500s] Level 1:colcon.colcon_core.package_identification:_identify(src/robot_controller) by extensions ['ignore', 'ignore_ament_install']
[12.500s] Level 1:colcon.colcon_core.package_identification:_identify(src/robot_controller) by extension 'ignore'
[12.501s] Level 1:colcon.colcon_core.package_identification:_identify(src/robot_controller) by extension 'ignore_ament_install'
[12.501s] Level 1:colcon.colcon_core.package_identification:_identify(src/robot_controller) by extensions ['colcon_pkg']
[12.501s] Level 1:colcon.colcon_core.package_identification:_identify(src/robot_controller) by extension 'colcon_pkg'
[12.502s] Level 1:colcon.colcon_core.package_identification:_identify(src/robot_controller) by extensions ['colcon_meta']
[12.502s] Level 1:colcon.colcon_core.package_identification:_identify(src/robot_controller) by extension 'colcon_meta'
[12.502s] Level 1:colcon.colcon_core.package_identification:_identify(src/robot_controller) by extensions ['ros']
[12.502s] Level 1:colcon.colcon_core.package_identification:_identify(src/robot_controller) by extension 'ros'
[12.506s] DEBUG:colcon.colcon_core.package_identification:Package 'src/robot_controller' with type 'ros.ament_cmake' and name 'robot_controller'
[12.507s] Level 1:colcon.colcon_core.package_discovery:discover_packages(recursive) using defaults
[12.507s] Level 1:colcon.colcon_core.package_discovery:discover_packages(ignore) discover
[12.507s] Level 1:colcon.colcon_core.package_discovery:discover_packages(ignore) using defaults
[12.507s] Level 1:colcon.colcon_core.package_discovery:discover_packages(path) discover
[12.507s] Level 1:colcon.colcon_core.package_discovery:discover_packages(path) using defaults
[13.015s] INFO:colcon.colcon_core.package_selection:Skipping not selected package 'add_two_nums' in 'src/add_two_nums'
[13.016s] INFO:colcon.colcon_core.package_selection:Skipping not selected package 'publish_and_subscribe' in 'src/publish_and_subscribe'
[13.116s] Level 1:colcon.colcon_core.package_discovery:discover_packages(prefix_path) check parameters
[13.116s] Level 1:colcon.colcon_core.package_discovery:discover_packages(prefix_path) discover
[13.297s] DEBUG:colcon.colcon_installed_package_information.package_discovery:Found 351 installed packages in /opt/ros/humble
[13.304s] Level 1:colcon.colcon_core.package_discovery:discover_packages(prefix_path) using defaults
[17.384s] Level 5:colcon.colcon_core.verb:set package 'robot_controller' build argument 'cmake_args' from command line to 'None'
[17.384s] Level 5:colcon.colcon_core.verb:set package 'robot_controller' build argument 'cmake_target' from command line to 'None'
[17.384s] Level 5:colcon.colcon_core.verb:set package 'robot_controller' build argument 'cmake_target_skip_unavailable' from command line to 'False'
[17.384s] Level 5:colcon.colcon_core.verb:set package 'robot_controller' build argument 'cmake_clean_cache' from command line to 'False'
[17.384s] Level 5:colcon.colcon_core.verb:set package 'robot_controller' build argument 'cmake_clean_first' from command line to 'False'
[17.384s] Level 5:colcon.colcon_core.verb:set package 'robot_controller' build argument 'cmake_force_configure' from command line to 'False'
[17.384s] Level 5:colcon.colcon_core.verb:set package 'robot_controller' build argument 'ament_cmake_args' from command line to 'None'
[17.384s] Level 5:colcon.colcon_core.verb:set package 'robot_controller' build argument 'catkin_cmake_args' from command line to 'None'
[17.384s] Level 5:colcon.colcon_core.verb:set package 'robot_controller' build argument 'catkin_skip_building_tests' from command line to 'False'
[17.384s] DEBUG:colcon.colcon_core.verb:Building package 'robot_controller' with the following arguments: {'ament_cmake_args': None, 'build_base': '/home/fssja/ros2_ws/build/robot_controller', 'catkin_cmake_args': None, 'catkin_skip_building_tests': False, 'cmake_args': None, 'cmake_clean_cache': False, 'cmake_clean_first': False, 'cmake_force_configure': False, 'cmake_target': None, 'cmake_target_skip_unavailable': False, 'install_base': '/home/fssja/ros2_ws/install/robot_controller', 'merge_install': False, 'path': '/home/fssja/ros2_ws/src/robot_controller', 'symlink_install': False, 'test_result_base': None}
[17.426s] INFO:colcon.colcon_core.executor:Executing jobs using 'parallel' executor
[17.468s] DEBUG:colcon.colcon_parallel_executor.executor.parallel:run_until_complete
[17.469s] INFO:colcon.colcon_ros.task.ament_cmake.build:Building ROS package in '/home/fssja/ros2_ws/src/robot_controller' with build type 'ament_cmake'
[17.469s] INFO:colcon.colcon_cmake.task.cmake.build:Building CMake package in '/home/fssja/ros2_ws/src/robot_controller'
[17.628s] INFO:colcon.colcon_core.plugin_system:Skipping extension 'colcon_core.shell.bat': Not used on non-Windows systems
[17.628s] INFO:colcon.colcon_core.shell:Skip shell extension 'powershell' for command environment: Not usable outside of PowerShell
[17.628s] DEBUG:colcon.colcon_core.shell:Skip shell extension 'dsv' for command environment
[17.769s] DEBUG:colcon.colcon_core.event_handler.log_command:Invoking command in '/home/fssja/ros2_ws/build/robot_controller': CMAKE_PREFIX_PATH=/opt/ros/humble /usr/bin/cmake /home/fssja/ros2_ws/src/robot_controller -DCMAKE_INSTALL_PREFIX=/home/fssja/ros2_ws/install/robot_controller
[26.574s] DEBUG:colcon.colcon_core.event_handler.log_command:Invoked command in '/home/fssja/ros2_ws/build/robot_controller' returned '1': CMAKE_PREFIX_PATH=/opt/ros/humble /usr/bin/cmake /home/fssja/ros2_ws/src/robot_controller -DCMAKE_INSTALL_PREFIX=/home/fssja/ros2_ws/install/robot_controller
[26.603s] Level 1:colcon.colcon_core.environment:create_environment_scripts_only(robot_controller)
[26.749s] Level 1:colcon.colcon_core.environment:checking '/home/fssja/ros2_ws/install/robot_controller' for CMake module files
[26.751s] Level 1:colcon.colcon_core.environment:checking '/home/fssja/ros2_ws/install/robot_controller' for CMake config files
[26.753s] Level 1:colcon.colcon_core.environment:checking '/home/fssja/ros2_ws/install/robot_controller/bin'
[26.754s] Level 1:colcon.colcon_core.environment:checking '/home/fssja/ros2_ws/install/robot_controller/lib/pkgconfig/robot_controller.pc'
[26.755s] Level 1:colcon.colcon_core.environment:checking '/home/fssja/ros2_ws/install/robot_controller/lib/python3.10/site-packages'
[26.756s] Level 1:colcon.colcon_core.environment:checking '/home/fssja/ros2_ws/install/robot_controller/bin'
[26.797s] INFO:colcon.colcon_core.shell:Creating package script '/home/fssja/ros2_ws/install/robot_controller/share/robot_controller/package.ps1'
[26.813s] INFO:colcon.colcon_core.shell:Creating package descriptor '/home/fssja/ros2_ws/install/robot_controller/share/robot_controller/package.dsv'
[26.828s] INFO:colcon.colcon_core.shell:Creating package script '/home/fssja/ros2_ws/install/robot_controller/share/robot_controller/package.sh'
[26.830s] INFO:colcon.colcon_core.shell:Creating package script '/home/fssja/ros2_ws/install/robot_controller/share/robot_controller/package.bash'
[26.845s] INFO:colcon.colcon_core.shell:Creating package script '/home/fssja/ros2_ws/install/robot_controller/share/robot_controller/package.zsh'
[26.854s] Level 1:colcon.colcon_core.environment:create_file_with_runtime_dependencies(/home/fssja/ros2_ws/install/robot_controller/share/colcon-core/packages/robot_controller)
[26.865s] DEBUG:colcon.colcon_parallel_executor.executor.parallel:closing loop
[26.865s] DEBUG:colcon.colcon_parallel_executor.executor.parallel:loop closed
[26.866s] DEBUG:colcon.colcon_parallel_executor.executor.parallel:run_until_complete finished with '1'
[26.866s] DEBUG:colcon.colcon_core.event_reactor:joining thread
[27.061s] INFO:colcon.colcon_core.plugin_system:Skipping extension 'colcon_notification.desktop_notification.terminal_notifier': Not used on non-Darwin systems
[27.061s] INFO:colcon.colcon_core.plugin_system:Skipping extension 'colcon_notification.desktop_notification.win32': Not used on non-Windows systems
[27.061s] INFO:colcon.colcon_notification.desktop_notification:Sending desktop notification using 'notify2'
[27.134s] DEBUG:colcon.colcon_core.event_reactor:joined thread
[27.187s] INFO:colcon.colcon_core.shell:Creating prefix script '/home/fssja/ros2_ws/install/local_setup.ps1'
[27.214s] INFO:colcon.colcon_core.shell:Creating prefix util module '/home/fssja/ros2_ws/install/_local_setup_util_ps1.py'
[27.231s] INFO:colcon.colcon_core.shell:Creating prefix chain script '/home/fssja/ros2_ws/install/setup.ps1'
[27.277s] INFO:colcon.colcon_core.shell:Creating prefix script '/home/fssja/ros2_ws/install/local_setup.sh'
[27.279s] INFO:colcon.colcon_core.shell:Creating prefix util module '/home/fssja/ros2_ws/install/_local_setup_util_sh.py'
[27.280s] INFO:colcon.colcon_core.shell:Creating prefix chain script '/home/fssja/ros2_ws/install/setup.sh'
[27.324s] INFO:colcon.colcon_core.shell:Creating prefix script '/home/fssja/ros2_ws/install/local_setup.bash'
[27.345s] INFO:colcon.colcon_core.shell:Creating prefix chain script '/home/fssja/ros2_ws/install/setup.bash'
[27.387s] INFO:colcon.colcon_core.shell:Creating prefix script '/home/fssja/ros2_ws/install/local_setup.zsh'
[27.389s] INFO:colcon.colcon_core.shell:Creating prefix chain script '/home/fssja/ros2_ws/install/setup.zsh'
