[0.510s] Invoking command in '/home/fssja/turtlebot3_ws/build/turtlebot3_description': CMAKE_PREFIX_PATH=${CMAKE_PREFIX_PATH}:/opt/ros/humble /usr/bin/cmake --build /home/fssja/turtlebot3_ws/build/turtlebot3_description -- -j2 -l2
[1.900s] Invoked command in '/home/fssja/turtlebot3_ws/build/turtlebot3_description' returned '0': CMAKE_PREFIX_PATH=${CMAKE_PREFIX_PATH}:/opt/ros/humble /usr/bin/cmake --build /home/fssja/turtlebot3_ws/build/turtlebot3_description -- -j2 -l2
[1.956s] Invoking command in '/home/fssja/turtlebot3_ws/build/turtlebot3_description': CMAKE_PREFIX_PATH=${CMAKE_PREFIX_PATH}:/opt/ros/humble /usr/bin/cmake --install /home/fssja/turtlebot3_ws/build/turtlebot3_description
[2.030s] -- Install configuration: ""
[2.030s] -- Up-to-date: /home/fssja/turtlebot3_ws/install/turtlebot3_description/share/turtlebot3_description/meshes
[2.031s] -- Up-to-date: /home/fssja/turtlebot3_ws/install/turtlebot3_description/share/turtlebot3_description/meshes/sensors
[2.031s] -- Up-to-date: /home/fssja/turtlebot3_ws/install/turtlebot3_description/share/turtlebot3_description/meshes/sensors/astra.jpg
[2.032s] -- Up-to-date: /home/fssja/turtlebot3_ws/install/turtlebot3_description/share/turtlebot3_description/meshes/sensors/r200.dae
[2.032s] -- Up-to-date: /home/fssja/turtlebot3_ws/install/turtlebot3_description/share/turtlebot3_description/meshes/sensors/lds.stl
[2.032s] -- Up-to-date: /home/fssja/turtlebot3_ws/install/turtlebot3_description/share/turtlebot3_description/meshes/sensors/astra.dae
[2.033s] -- Up-to-date: /home/fssja/turtlebot3_ws/install/turtlebot3_description/share/turtlebot3_description/meshes/sensors/r200.jpg
[2.033s] -- Up-to-date: /home/fssja/turtlebot3_ws/install/turtlebot3_description/share/turtlebot3_description/meshes/wheels
[2.034s] -- Up-to-date: /home/fssja/turtlebot3_ws/install/turtlebot3_description/share/turtlebot3_description/meshes/wheels/left_tire.stl
[2.036s] -- Up-to-date: /home/fssja/turtlebot3_ws/install/turtlebot3_description/share/turtlebot3_description/meshes/wheels/right_tire.stl
[2.037s] -- Up-to-date: /home/fssja/turtlebot3_ws/install/turtlebot3_description/share/turtlebot3_description/meshes/bases
[2.038s] -- Up-to-date: /home/fssja/turtlebot3_ws/install/turtlebot3_description/share/turtlebot3_description/meshes/bases/burger_base.stl
[2.039s] -- Up-to-date: /home/fssja/turtlebot3_ws/install/turtlebot3_description/share/turtlebot3_description/meshes/bases/waffle_base.stl
[2.039s] -- Up-to-date: /home/fssja/turtlebot3_ws/install/turtlebot3_description/share/turtlebot3_description/meshes/bases/waffle_pi_base.stl
[2.039s] -- Up-to-date: /home/fssja/turtlebot3_ws/install/turtlebot3_description/share/turtlebot3_description/rviz
[2.040s] -- Up-to-date: /home/fssja/turtlebot3_ws/install/turtlebot3_description/share/turtlebot3_description/rviz/model.rviz
[2.041s] -- Up-to-date: /home/fssja/turtlebot3_ws/install/turtlebot3_description/share/turtlebot3_description/urdf
[2.041s] -- Up-to-date: /home/fssja/turtlebot3_ws/install/turtlebot3_description/share/turtlebot3_description/urdf/turtlebot3_burger.urdf
[2.041s] -- Up-to-date: /home/fssja/turtlebot3_ws/install/turtlebot3_description/share/turtlebot3_description/urdf/turtlebot3_waffle_pi.urdf
[2.042s] -- Up-to-date: /home/fssja/turtlebot3_ws/install/turtlebot3_description/share/turtlebot3_description/urdf/common_properties.urdf
[2.042s] -- Up-to-date: /home/fssja/turtlebot3_ws/install/turtlebot3_description/share/turtlebot3_description/urdf/turtlebot3_waffle.urdf
[2.042s] -- Up-to-date: /home/fssja/turtlebot3_ws/install/turtlebot3_description/share/ament_index/resource_index/package_run_dependencies/turtlebot3_description
[2.043s] -- Up-to-date: /home/fssja/turtlebot3_ws/install/turtlebot3_description/share/ament_index/resource_index/parent_prefix_path/turtlebot3_description
[2.043s] -- Up-to-date: /home/fssja/turtlebot3_ws/install/turtlebot3_description/share/turtlebot3_description/environment/ament_prefix_path.sh
[2.044s] -- Up-to-date: /home/fssja/turtlebot3_ws/install/turtlebot3_description/share/turtlebot3_description/environment/ament_prefix_path.dsv
[2.044s] -- Up-to-date: /home/fssja/turtlebot3_ws/install/turtlebot3_description/share/turtlebot3_description/environment/path.sh
[2.045s] -- Up-to-date: /home/fssja/turtlebot3_ws/install/turtlebot3_description/share/turtlebot3_description/environment/path.dsv
[2.045s] -- Up-to-date: /home/fssja/turtlebot3_ws/install/turtlebot3_description/share/turtlebot3_description/local_setup.bash
[2.046s] -- Up-to-date: /home/fssja/turtlebot3_ws/install/turtlebot3_description/share/turtlebot3_description/local_setup.sh
[2.046s] -- Up-to-date: /home/fssja/turtlebot3_ws/install/turtlebot3_description/share/turtlebot3_description/local_setup.zsh
[2.047s] -- Up-to-date: /home/fssja/turtlebot3_ws/install/turtlebot3_description/share/turtlebot3_description/local_setup.dsv
[2.047s] -- Installing: /home/fssja/turtlebot3_ws/install/turtlebot3_description/share/turtlebot3_description/package.dsv
[2.137s] -- Up-to-date: /home/fssja/turtlebot3_ws/install/turtlebot3_description/share/ament_index/resource_index/packages/turtlebot3_description
[2.137s] -- Up-to-date: /home/fssja/turtlebot3_ws/install/turtlebot3_description/share/turtlebot3_description/cmake/turtlebot3_descriptionConfig.cmake
[2.138s] -- Up-to-date: /home/fssja/turtlebot3_ws/install/turtlebot3_description/share/turtlebot3_description/cmake/turtlebot3_descriptionConfig-version.cmake
[2.138s] -- Up-to-date: /home/fssja/turtlebot3_ws/install/turtlebot3_description/share/turtlebot3_description/package.xml
[2.164s] Invoked command in '/home/fssja/turtlebot3_ws/build/turtlebot3_description' returned '0': CMAKE_PREFIX_PATH=${CMAKE_PREFIX_PATH}:/opt/ros/humble /usr/bin/cmake --install /home/fssja/turtlebot3_ws/build/turtlebot3_description
