-- Found ament_cmake: 1.3.7 (/opt/ros/humble/share/ament_cmake/cmake)
-- Found rclcpp: 16.0.8 (/opt/ros/humble/share/rclcpp/cmake)
-- Found rosidl_generator_c: 3.1.5 (/opt/ros/humble/share/rosidl_generator_c/cmake)
-- Found rosidl_adapter: 3.1.5 (/opt/ros/humble/share/rosidl_adapter/cmake)
-- Found rosidl_generator_cpp: 3.1.5 (/opt/ros/humble/share/rosidl_generator_cpp/cmake)
-- Using all available rosidl_typesupport_c: rosidl_typesupport_fastrtps_c;rosidl_typesupport_introspection_c
-- Using all available rosidl_typesupport_cpp: rosidl_typesupport_fastrtps_cpp;rosidl_typesupport_introspection_cpp
-- Found rmw_implementation_cmake: 6.1.1 (/opt/ros/humble/share/rmw_implementation_cmake/cmake)
-- Found rmw_fastrtps_cpp: 6.2.6 (/opt/ros/humble/share/rmw_fastrtps_cpp/cmake)
-- Using RMW implementation 'rmw_fastrtps_cpp' as default
-- Found example_interfaces: 0.9.3 (/opt/ros/humble/share/example_interfaces/cmake)
-- Configuring done
-- Generating done
-- Build files have been written to: /home/fssja/ros2_ws/build/add_two_nums
[ 25%] [32mBuilding CXX object CMakeFiles/server.dir/src/add_two_ints_server.cpp.o[0m
[ 50%] [32mBuilding CXX object CMakeFiles/client.dir/src/add_two_ints_client.cpp.o[0m
[ 75%] [32m[1mLinking CXX executable server[0m
[100%] [32m[1mLinking CXX executable client[0m
[100%] Built target client
[100%] Built target server
-- Install configuration: ""
-- Installing: /home/fssja/ros2_ws/install/add_two_nums/lib/add_two_nums/server
-- Set runtime path of "/home/fssja/ros2_ws/install/add_two_nums/lib/add_two_nums/server" to ""
-- Installing: /home/fssja/ros2_ws/install/add_two_nums/lib/add_two_nums/client
-- Set runtime path of "/home/fssja/ros2_ws/install/add_two_nums/lib/add_two_nums/client" to ""
-- Installing: /home/fssja/ros2_ws/install/add_two_nums/share/ament_index/resource_index/package_run_dependencies/add_two_nums
-- Installing: /home/fssja/ros2_ws/install/add_two_nums/share/ament_index/resource_index/parent_prefix_path/add_two_nums
-- Installing: /home/fssja/ros2_ws/install/add_two_nums/share/add_two_nums/environment/ament_prefix_path.sh
-- Installing: /home/fssja/ros2_ws/install/add_two_nums/share/add_two_nums/environment/ament_prefix_path.dsv
-- Installing: /home/fssja/ros2_ws/install/add_two_nums/share/add_two_nums/environment/path.sh
-- Installing: /home/fssja/ros2_ws/install/add_two_nums/share/add_two_nums/environment/path.dsv
-- Installing: /home/fssja/ros2_ws/install/add_two_nums/share/add_two_nums/local_setup.bash
-- Installing: /home/fssja/ros2_ws/install/add_two_nums/share/add_two_nums/local_setup.sh
-- Installing: /home/fssja/ros2_ws/install/add_two_nums/share/add_two_nums/local_setup.zsh
-- Installing: /home/fssja/ros2_ws/install/add_two_nums/share/add_two_nums/local_setup.dsv
-- Installing: /home/fssja/ros2_ws/install/add_two_nums/share/add_two_nums/package.dsv
-- Installing: /home/fssja/ros2_ws/install/add_two_nums/share/ament_index/resource_index/packages/add_two_nums
-- Installing: /home/fssja/ros2_ws/install/add_two_nums/share/add_two_nums/cmake/add_two_numsConfig.cmake
-- Installing: /home/fssja/ros2_ws/install/add_two_nums/share/add_two_nums/cmake/add_two_numsConfig-version.cmake
-- Installing: /home/fssja/ros2_ws/install/add_two_nums/share/add_two_nums/package.xml
