[0.165s] Invoking command in '/home/fssja/ros2_ws/build/add_two_nums': CMAKE_PREFIX_PATH=${CMAKE_PREFIX_PATH}:/opt/ros/humble /usr/bin/cmake /home/fssja/ros2_ws/src/add_two_nums -DCMAKE_INSTALL_PREFIX=/home/fssja/ros2_ws/install/add_two_nums
[0.194s] -- Found ament_cmake: 1.3.7 (/opt/ros/humble/share/ament_cmake/cmake)
[0.538s] -- Found rclcpp: 16.0.8 (/opt/ros/humble/share/rclcpp/cmake)
[0.603s] -- Found rosidl_generator_c: 3.1.5 (/opt/ros/humble/share/rosidl_generator_c/cmake)
[0.610s] -- Found rosidl_adapter: 3.1.5 (/opt/ros/humble/share/rosidl_adapter/cmake)
[0.625s] -- Found rosidl_generator_cpp: 3.1.5 (/opt/ros/humble/share/rosidl_generator_cpp/cmake)
[0.655s] -- Using all available rosidl_typesupport_c: rosidl_typesupport_fastrtps_c;rosidl_typesupport_introspection_c
[0.696s] -- Using all available rosidl_typesupport_cpp: rosidl_typesupport_fastrtps_cpp;rosidl_typesupport_introspection_cpp
[0.846s] -- Found rmw_implementation_cmake: 6.1.1 (/opt/ros/humble/share/rmw_implementation_cmake/cmake)
[0.849s] -- Found rmw_fastrtps_cpp: 6.2.6 (/opt/ros/humble/share/rmw_fastrtps_cpp/cmake)
[1.120s] -- Using RMW implementation 'rmw_fastrtps_cpp' as default
[1.535s] -- Found example_interfaces: 0.9.3 (/opt/ros/humble/share/example_interfaces/cmake)
[2.048s] -- Configuring done
[2.078s] -- Generating done
[2.082s] -- Build files have been written to: /home/fssja/ros2_ws/build/add_two_nums
[2.103s] Invoked command in '/home/fssja/ros2_ws/build/add_two_nums' returned '0': CMAKE_PREFIX_PATH=${CMAKE_PREFIX_PATH}:/opt/ros/humble /usr/bin/cmake /home/fssja/ros2_ws/src/add_two_nums -DCMAKE_INSTALL_PREFIX=/home/fssja/ros2_ws/install/add_two_nums
[2.104s] Invoking command in '/home/fssja/ros2_ws/build/add_two_nums': CMAKE_PREFIX_PATH=${CMAKE_PREFIX_PATH}:/opt/ros/humble /usr/bin/cmake --build /home/fssja/ros2_ws/build/add_two_nums -- -j2 -l2
[2.204s] [ 25%] [32mBuilding CXX object CMakeFiles/server.dir/src/add_two_ints_server.cpp.o[0m
[2.206s] [ 50%] [32mBuilding CXX object CMakeFiles/client.dir/src/add_two_ints_client.cpp.o[0m
[13.769s] [ 75%] [32m[1mLinking CXX executable server[0m
[13.848s] [100%] [32m[1mLinking CXX executable client[0m
[15.050s] [100%] Built target client
[15.067s] [100%] Built target server
[15.096s] Invoked command in '/home/fssja/ros2_ws/build/add_two_nums' returned '0': CMAKE_PREFIX_PATH=${CMAKE_PREFIX_PATH}:/opt/ros/humble /usr/bin/cmake --build /home/fssja/ros2_ws/build/add_two_nums -- -j2 -l2
[15.181s] Invoking command in '/home/fssja/ros2_ws/build/add_two_nums': CMAKE_PREFIX_PATH=${CMAKE_PREFIX_PATH}:/opt/ros/humble /usr/bin/cmake --install /home/fssja/ros2_ws/build/add_two_nums
[15.197s] -- Install configuration: ""
[15.199s] -- Installing: /home/fssja/ros2_ws/install/add_two_nums/lib/add_two_nums/server
[15.200s] -- Set runtime path of "/home/fssja/ros2_ws/install/add_two_nums/lib/add_two_nums/server" to ""
[15.201s] -- Installing: /home/fssja/ros2_ws/install/add_two_nums/lib/add_two_nums/client
[15.202s] -- Set runtime path of "/home/fssja/ros2_ws/install/add_two_nums/lib/add_two_nums/client" to ""
[15.203s] -- Installing: /home/fssja/ros2_ws/install/add_two_nums/share/ament_index/resource_index/package_run_dependencies/add_two_nums
[15.204s] -- Installing: /home/fssja/ros2_ws/install/add_two_nums/share/ament_index/resource_index/parent_prefix_path/add_two_nums
[15.206s] -- Installing: /home/fssja/ros2_ws/install/add_two_nums/share/add_two_nums/environment/ament_prefix_path.sh
[15.220s] -- Installing: /home/fssja/ros2_ws/install/add_two_nums/share/add_two_nums/environment/ament_prefix_path.dsv
[15.221s] -- Installing: /home/fssja/ros2_ws/install/add_two_nums/share/add_two_nums/environment/path.sh
[15.222s] -- Installing: /home/fssja/ros2_ws/install/add_two_nums/share/add_two_nums/environment/path.dsv
[15.223s] -- Installing: /home/fssja/ros2_ws/install/add_two_nums/share/add_two_nums/local_setup.bash
[15.225s] -- Installing: /home/fssja/ros2_ws/install/add_two_nums/share/add_two_nums/local_setup.sh
[15.229s] -- Installing: /home/fssja/ros2_ws/install/add_two_nums/share/add_two_nums/local_setup.zsh
[15.230s] -- Installing: /home/fssja/ros2_ws/install/add_two_nums/share/add_two_nums/local_setup.dsv
[15.230s] -- Installing: /home/fssja/ros2_ws/install/add_two_nums/share/add_two_nums/package.dsv
[15.231s] -- Installing: /home/fssja/ros2_ws/install/add_two_nums/share/ament_index/resource_index/packages/add_two_nums
[15.231s] -- Installing: /home/fssja/ros2_ws/install/add_two_nums/share/add_two_nums/cmake/add_two_numsConfig.cmake
[15.231s] -- Installing: /home/fssja/ros2_ws/install/add_two_nums/share/add_two_nums/cmake/add_two_numsConfig-version.cmake
[15.231s] -- Installing: /home/fssja/ros2_ws/install/add_two_nums/share/add_two_nums/package.xml
[15.231s] Invoked command in '/home/fssja/ros2_ws/build/add_two_nums' returned '0': CMAKE_PREFIX_PATH=${CMAKE_PREFIX_PATH}:/opt/ros/humble /usr/bin/cmake --install /home/fssja/ros2_ws/build/add_two_nums
