In file included from [01m[K/opt/ros/humble/include/rclcpp/rclcpp/logging.hpp:24[m[K,
                 from [01m[K/opt/ros/humble/include/rclcpp/rclcpp/client.hpp:40[m[K,
                 from [01m[K/opt/ros/humble/include/rclcpp/rclcpp/callback_group.hpp:24[m[K,
                 from [01m[K/opt/ros/humble/include/rclcpp/rclcpp/any_executable.hpp:20[m[K,
                 from [01m[K/opt/ros/humble/include/rclcpp/rclcpp/memory_strategy.hpp:25[m[K,
                 from [01m[K/opt/ros/humble/include/rclcpp/rclcpp/memory_strategies.hpp:18[m[K,
                 from [01m[K/opt/ros/humble/include/rclcpp/rclcpp/executor_options.hpp:20[m[K,
                 from [01m[K/opt/ros/humble/include/rclcpp/rclcpp/executor.hpp:37[m[K,
                 from [01m[K/opt/ros/humble/include/rclcpp/rclcpp/executors/multi_threaded_executor.hpp:25[m[K,
                 from [01m[K/opt/ros/humble/include/rclcpp/rclcpp/executors.hpp:21[m[K,
                 from [01m[K/opt/ros/humble/include/rclcpp/rclcpp/rclcpp.hpp:155[m[K,
                 from [01m[K/home/fssja/ros2-project/src/two_server_controllers/src/goto_server.cpp:1[m[K:
[01m[K/home/fssja/ros2-project/src/two_server_controllers/src/goto_server.cpp:[m[K In member function ‘[01m[Kvoid GoToGoal::go_to(std::shared_ptr<custom_interfaces::srv::Goto_Request_<std::allocator<void> > >, std::shared_ptr<custom_interfaces::srv::Goto_Response_<std::allocator<void> > >)[m[K’:
[01m[K/home/fssja/ros2-project/src/two_server_controllers/src/goto_server.cpp:44:39:[m[K [01;35m[Kwarning: [m[Ktoo many arguments for format [[01;35m[K]8;;https://gcc.gnu.org/onlinedocs/gcc/Warning-Options.html#index-Wformat-extra-args-Wformat-extra-args]8;;[m[K]
   44 |       RCLCPP_INFO(this->get_logger(), [01;35m[K"my_result:"[m[K, my_result);
      |                                       [01;35m[K^~~~~~~~~~~~[m[K
[01m[K/home/fssja/ros2-project/src/two_server_controllers/src/goto_server.cpp:[m[K In member function ‘[01m[Kint GoToGoal::move_to_goal()[m[K’:
[01m[K/home/fssja/ros2-project/src/two_server_controllers/src/goto_server.cpp:110:7:[m[K [01;31m[Kerror: [m[Kexpected ‘[01m[K;[m[K’ before ‘[01m[Kvelocity_publisher_[m[K’
  110 |       [01;31m[Kvelocity_publisher_[m[K->publish(speed);
      |       [01;31m[K^~~~~~~~~~~~~~~~~~~[m[K
[01m[K/home/fssja/ros2-project/src/two_server_controllers/src/goto_server.cpp:112:3:[m[K [01;35m[Kwarning: [m[Kcontrol reaches end of non-void function [[01;35m[K]8;;https://gcc.gnu.org/onlinedocs/gcc/Warning-Options.html#index-Wreturn-type-Wreturn-type]8;;[m[K]
  112 |   [01;35m[K}[m[K
      |   [01;35m[K^[m[K
gmake[2]: *** [CMakeFiles/go_to_goal.dir/build.make:76: CMakeFiles/go_to_goal.dir/src/goto_server.cpp.o] Error 1
gmake[1]: *** [CMakeFiles/Makefile2:139: CMakeFiles/go_to_goal.dir/all] Error 2
gmake: *** [Makefile:146: all] Error 2
