[0.074s] Invoking command in '/home/fssja/ros2-project/build/two_server_controllers': CMAKE_PREFIX_PATH=${CMAKE_PREFIX_PATH}:/home/fssja/turtlebot3_ws/install/turtlebot3_teleop:/home/fssja/turtlebot3_ws/install/turtlebot3_example:/opt/ros/humble /usr/bin/cmake --build /home/fssja/ros2-project/build/two_server_controllers -- -j2 -l2
[0.196s] -- Found ament_cmake: 1.3.8 (/opt/ros/humble/share/ament_cmake/cmake)
[0.515s] -- Found rclcpp: 16.0.8 (/opt/ros/humble/share/rclcpp/cmake)
[0.611s] -- Found rosidl_generator_c: 3.1.5 (/opt/ros/humble/share/rosidl_generator_c/cmake)
[0.624s] -- Found rosidl_adapter: 3.1.5 (/opt/ros/humble/share/rosidl_adapter/cmake)
[0.636s] -- Found rosidl_generator_cpp: 3.1.5 (/opt/ros/humble/share/rosidl_generator_cpp/cmake)
[0.667s] -- Using all available rosidl_typesupport_c: rosidl_typesupport_fastrtps_c;rosidl_typesupport_introspection_c
[0.711s] -- Using all available rosidl_typesupport_cpp: rosidl_typesupport_fastrtps_cpp;rosidl_typesupport_introspection_cpp
[0.867s] -- Found rmw_implementation_cmake: 6.1.1 (/opt/ros/humble/share/rmw_implementation_cmake/cmake)
[0.873s] -- Found rmw_fastrtps_cpp: 6.2.6 (/opt/ros/humble/share/rmw_fastrtps_cpp/cmake)
[1.175s] -- Using RMW implementation 'rmw_fastrtps_cpp' as default
[1.593s] -- Found turtlesim: 1.4.2 (/opt/ros/humble/share/turtlesim/cmake)
[1.940s] -- Found geometry_msgs: 4.2.3 (/opt/ros/humble/share/geometry_msgs/cmake)
[2.079s] [31mCMake Error at CMakeLists.txt:13 (find_package):
[2.079s]   By not providing "Findtutorial_interfaces.cmake" in CMAKE_MODULE_PATH this
[2.079s]   project has asked CMake to find a package configuration file provided by
[2.079s]   "tutorial_interfaces", but CMake did not find one.
[2.080s] 
[2.080s]   Could not find a package configuration file provided by
[2.080s]   "tutorial_interfaces" with any of the following names:
[2.080s] 
[2.080s]     tutorial_interfacesConfig.cmake
[2.080s]     tutorial_interfaces-config.cmake
[2.081s] 
[2.081s]   Add the installation prefix of "tutorial_interfaces" to CMAKE_PREFIX_PATH
[2.081s]   or set "tutorial_interfaces_DIR" to a directory containing one of the above
[2.081s]   files.  If "tutorial_interfaces" provides a separate development package or
[2.081s]   SDK, be sure it has been installed.
[2.081s] 
[2.082s] [0m
[2.082s] -- Configuring incomplete, errors occurred!
[2.082s] See also "/home/fssja/ros2-project/build/two_server_controllers/CMakeFiles/CMakeOutput.log".
[2.096s] gmake: *** [Makefile:788: cmake_check_build_system] Error 1
[2.100s] Invoked command in '/home/fssja/ros2-project/build/two_server_controllers' returned '2': CMAKE_PREFIX_PATH=${CMAKE_PREFIX_PATH}:/home/fssja/turtlebot3_ws/install/turtlebot3_teleop:/home/fssja/turtlebot3_ws/install/turtlebot3_example:/opt/ros/humble /usr/bin/cmake --build /home/fssja/ros2-project/build/two_server_controllers -- -j2 -l2
