[0.500s] Invoking command in '/home/fssja/turtlebot3_ws/build/turtlebot3_description': CMAKE_PREFIX_PATH=${CMAKE_PREFIX_PATH}:/opt/ros/humble /usr/bin/cmake --build /home/fssja/turtlebot3_ws/build/turtlebot3_description -- -j2 -l2
[0.670s] Invoked command in '/home/fssja/turtlebot3_ws/build/turtlebot3_description' returned '0': CMAKE_PREFIX_PATH=${CMAKE_PREFIX_PATH}:/opt/ros/humble /usr/bin/cmake --build /home/fssja/turtlebot3_ws/build/turtlebot3_description -- -j2 -l2
[0.833s] Invoking command in '/home/fssja/turtlebot3_ws/build/turtlebot3_description': CMAKE_PREFIX_PATH=${CMAKE_PREFIX_PATH}:/opt/ros/humble /usr/bin/cmake --install /home/fssja/turtlebot3_ws/build/turtlebot3_description
[0.876s] -- Install configuration: ""
[0.878s] -- Up-to-date: /home/fssja/turtlebot3_ws/install/turtlebot3_description/share/turtlebot3_description/meshes
[0.880s] -- Up-to-date: /home/fssja/turtlebot3_ws/install/turtlebot3_description/share/turtlebot3_description/meshes/sensors
[0.882s] -- Up-to-date: /home/fssja/turtlebot3_ws/install/turtlebot3_description/share/turtlebot3_description/meshes/sensors/astra.jpg
[0.884s] -- Up-to-date: /home/fssja/turtlebot3_ws/install/turtlebot3_description/share/turtlebot3_description/meshes/sensors/r200.dae
[0.885s] -- Up-to-date: /home/fssja/turtlebot3_ws/install/turtlebot3_description/share/turtlebot3_description/meshes/sensors/lds.stl
[0.886s] -- Up-to-date: /home/fssja/turtlebot3_ws/install/turtlebot3_description/share/turtlebot3_description/meshes/sensors/astra.dae
[0.886s] -- Up-to-date: /home/fssja/turtlebot3_ws/install/turtlebot3_description/share/turtlebot3_description/meshes/sensors/r200.jpg
[0.887s] -- Up-to-date: /home/fssja/turtlebot3_ws/install/turtlebot3_description/share/turtlebot3_description/meshes/wheels
[0.894s] -- Up-to-date: /home/fssja/turtlebot3_ws/install/turtlebot3_description/share/turtlebot3_description/meshes/wheels/left_tire.stl
[0.895s] -- Up-to-date: /home/fssja/turtlebot3_ws/install/turtlebot3_description/share/turtlebot3_description/meshes/wheels/right_tire.stl
[0.895s] -- Up-to-date: /home/fssja/turtlebot3_ws/install/turtlebot3_description/share/turtlebot3_description/meshes/bases
[0.895s] -- Up-to-date: /home/fssja/turtlebot3_ws/install/turtlebot3_description/share/turtlebot3_description/meshes/bases/burger_base.stl
[0.896s] -- Up-to-date: /home/fssja/turtlebot3_ws/install/turtlebot3_description/share/turtlebot3_description/meshes/bases/waffle_base.stl
[0.896s] -- Up-to-date: /home/fssja/turtlebot3_ws/install/turtlebot3_description/share/turtlebot3_description/meshes/bases/waffle_pi_base.stl
[0.897s] -- Up-to-date: /home/fssja/turtlebot3_ws/install/turtlebot3_description/share/turtlebot3_description/rviz
[0.897s] -- Up-to-date: /home/fssja/turtlebot3_ws/install/turtlebot3_description/share/turtlebot3_description/rviz/model.rviz
[0.898s] -- Up-to-date: /home/fssja/turtlebot3_ws/install/turtlebot3_description/share/turtlebot3_description/urdf
[0.898s] -- Up-to-date: /home/fssja/turtlebot3_ws/install/turtlebot3_description/share/turtlebot3_description/urdf/turtlebot3_burger.urdf
[0.899s] -- Up-to-date: /home/fssja/turtlebot3_ws/install/turtlebot3_description/share/turtlebot3_description/urdf/turtlebot3_waffle_pi.urdf
[0.899s] -- Up-to-date: /home/fssja/turtlebot3_ws/install/turtlebot3_description/share/turtlebot3_description/urdf/common_properties.urdf
[0.902s] -- Up-to-date: /home/fssja/turtlebot3_ws/install/turtlebot3_description/share/turtlebot3_description/urdf/turtlebot3_waffle.urdf
[0.903s] -- Up-to-date: /home/fssja/turtlebot3_ws/install/turtlebot3_description/share/ament_index/resource_index/package_run_dependencies/turtlebot3_description
[0.903s] -- Up-to-date: /home/fssja/turtlebot3_ws/install/turtlebot3_description/share/ament_index/resource_index/parent_prefix_path/turtlebot3_description
[0.904s] -- Up-to-date: /home/fssja/turtlebot3_ws/install/turtlebot3_description/share/turtlebot3_description/environment/ament_prefix_path.sh
[0.910s] -- Up-to-date: /home/fssja/turtlebot3_ws/install/turtlebot3_description/share/turtlebot3_description/environment/ament_prefix_path.dsv
[0.911s] -- Up-to-date: /home/fssja/turtlebot3_ws/install/turtlebot3_description/share/turtlebot3_description/environment/path.sh
[0.911s] -- Up-to-date: /home/fssja/turtlebot3_ws/install/turtlebot3_description/share/turtlebot3_description/environment/path.dsv
[0.915s] -- Up-to-date: /home/fssja/turtlebot3_ws/install/turtlebot3_description/share/turtlebot3_description/local_setup.bash
[0.915s] -- Up-to-date: /home/fssja/turtlebot3_ws/install/turtlebot3_description/share/turtlebot3_description/local_setup.sh
[0.918s] -- Up-to-date: /home/fssja/turtlebot3_ws/install/turtlebot3_description/share/turtlebot3_description/local_setup.zsh
[0.919s] -- Up-to-date: /home/fssja/turtlebot3_ws/install/turtlebot3_description/share/turtlebot3_description/local_setup.dsv
[0.923s] -- Installing: /home/fssja/turtlebot3_ws/install/turtlebot3_description/share/turtlebot3_description/package.dsv
[0.924s] -- Up-to-date: /home/fssja/turtlebot3_ws/install/turtlebot3_description/share/ament_index/resource_index/packages/turtlebot3_description
[0.930s] -- Up-to-date: /home/fssja/turtlebot3_ws/install/turtlebot3_description/share/turtlebot3_description/cmake/turtlebot3_descriptionConfig.cmake
[0.933s] -- Up-to-date: /home/fssja/turtlebot3_ws/install/turtlebot3_description/share/turtlebot3_description/cmake/turtlebot3_descriptionConfig-version.cmake
[0.950s] -- Up-to-date: /home/fssja/turtlebot3_ws/install/turtlebot3_description/share/turtlebot3_description/package.xml
[0.955s] Invoked command in '/home/fssja/turtlebot3_ws/build/turtlebot3_description' returned '0': CMAKE_PREFIX_PATH=${CMAKE_PREFIX_PATH}:/opt/ros/humble /usr/bin/cmake --install /home/fssja/turtlebot3_ws/build/turtlebot3_description
