-- Found ament_cmake: 1.3.8 (/opt/ros/humble/share/ament_cmake/cmake)
-- Found Python3: /usr/bin/python3 (found version "3.10.12") found components: Interpreter 
-- Found rclcpp: 16.0.8 (/opt/ros/humble/share/rclcpp/cmake)
-- Found rosidl_generator_c: 3.1.5 (/opt/ros/humble/share/rosidl_generator_c/cmake)
-- Found rosidl_adapter: 3.1.5 (/opt/ros/humble/share/rosidl_adapter/cmake)
-- Found rosidl_generator_cpp: 3.1.5 (/opt/ros/humble/share/rosidl_generator_cpp/cmake)
-- Using all available rosidl_typesupport_c: rosidl_typesupport_fastrtps_c;rosidl_typesupport_introspection_c
-- Using all available rosidl_typesupport_cpp: rosidl_typesupport_fastrtps_cpp;rosidl_typesupport_introspection_cpp
-- Found rmw_implementation_cmake: 6.1.1 (/opt/ros/humble/share/rmw_implementation_cmake/cmake)
-- Found rmw_fastrtps_cpp: 6.2.6 (/opt/ros/humble/share/rmw_fastrtps_cpp/cmake)
-- Using RMW implementation 'rmw_fastrtps_cpp' as default
-- Found nav_msgs: 4.2.3 (/opt/ros/humble/share/nav_msgs/cmake)
-- Configuring done
-- Generating done
-- Build files have been written to: /home/fssja/turtlebot3_ws/build/robot_controller
[35m[1mConsolidate compiler generated dependencies of target talker[0m
[ 25%] [32mBuilding CXX object CMakeFiles/talker.dir/src/publisher_cmd.cpp.o[0m
[ 50%] [32m[1mLinking CXX executable talker[0m
[ 50%] Built target talker
[35m[1mConsolidate compiler generated dependencies of target listener[0m
[ 75%] [32mBuilding CXX object CMakeFiles/listener.dir/src/subscriber_odom.cpp.o[0m
[100%] [32m[1mLinking CXX executable listener[0m
[100%] Built target listener
-- Install configuration: ""
-- Installing: /home/fssja/turtlebot3_ws/install/robot_controller/lib/robot_controller/talker
-- Set runtime path of "/home/fssja/turtlebot3_ws/install/robot_controller/lib/robot_controller/talker" to ""
-- Installing: /home/fssja/turtlebot3_ws/install/robot_controller/lib/robot_controller/listener
-- Set runtime path of "/home/fssja/turtlebot3_ws/install/robot_controller/lib/robot_controller/listener" to ""
-- Up-to-date: /home/fssja/turtlebot3_ws/install/robot_controller/share/ament_index/resource_index/package_run_dependencies/robot_controller
-- Installing: /home/fssja/turtlebot3_ws/install/robot_controller/share/ament_index/resource_index/parent_prefix_path/robot_controller
-- Installing: /home/fssja/turtlebot3_ws/install/robot_controller/share/robot_controller/environment/ament_prefix_path.sh
-- Installing: /home/fssja/turtlebot3_ws/install/robot_controller/share/robot_controller/environment/ament_prefix_path.dsv
-- Installing: /home/fssja/turtlebot3_ws/install/robot_controller/share/robot_controller/environment/path.sh
-- Installing: /home/fssja/turtlebot3_ws/install/robot_controller/share/robot_controller/environment/path.dsv
-- Up-to-date: /home/fssja/turtlebot3_ws/install/robot_controller/share/robot_controller/local_setup.bash
-- Up-to-date: /home/fssja/turtlebot3_ws/install/robot_controller/share/robot_controller/local_setup.sh
-- Up-to-date: /home/fssja/turtlebot3_ws/install/robot_controller/share/robot_controller/local_setup.zsh
-- Installing: /home/fssja/turtlebot3_ws/install/robot_controller/share/robot_controller/local_setup.dsv
-- Installing: /home/fssja/turtlebot3_ws/install/robot_controller/share/robot_controller/package.dsv
-- Up-to-date: /home/fssja/turtlebot3_ws/install/robot_controller/share/ament_index/resource_index/packages/robot_controller
-- Up-to-date: /home/fssja/turtlebot3_ws/install/robot_controller/share/robot_controller/cmake/robot_controllerConfig.cmake
-- Up-to-date: /home/fssja/turtlebot3_ws/install/robot_controller/share/robot_controller/cmake/robot_controllerConfig-version.cmake
-- Up-to-date: /home/fssja/turtlebot3_ws/install/robot_controller/share/robot_controller/package.xml
