[0.157s] Invoking command in '/home/fssja/ros2-project/build/two_server_controllers': CMAKE_PREFIX_PATH=${CMAKE_PREFIX_PATH}:/home/fssja/turtlebot3_ws/install/turtlebot3_teleop:/home/fssja/turtlebot3_ws/install/turtlebot3_example:/opt/ros/humble /usr/bin/cmake --build /home/fssja/ros2-project/build/two_server_controllers -- -j2 -l2
[0.372s] [35m[1mConsolidate compiler generated dependencies of target go_to_goal[0m
[0.414s] [ 50%] [32mBuilding CXX object CMakeFiles/go_to_goal.dir/src/goto.cpp.o[0m
[26.340s] [100%] [32m[1mLinking CXX executable go_to_goal[0m
[27.595s] [100%] Built target go_to_goal
[27.621s] Invoked command in '/home/fssja/ros2-project/build/two_server_controllers' returned '0': CMAKE_PREFIX_PATH=${CMAKE_PREFIX_PATH}:/home/fssja/turtlebot3_ws/install/turtlebot3_teleop:/home/fssja/turtlebot3_ws/install/turtlebot3_example:/opt/ros/humble /usr/bin/cmake --build /home/fssja/ros2-project/build/two_server_controllers -- -j2 -l2
[27.721s] Invoking command in '/home/fssja/ros2-project/build/two_server_controllers': CMAKE_PREFIX_PATH=${CMAKE_PREFIX_PATH}:/home/fssja/turtlebot3_ws/install/turtlebot3_teleop:/home/fssja/turtlebot3_ws/install/turtlebot3_example:/opt/ros/humble /usr/bin/cmake --install /home/fssja/ros2-project/build/two_server_controllers
[27.737s] -- Install configuration: ""
[27.737s] -- Installing: /home/fssja/ros2-project/install/two_server_controllers/lib/two_server_controllers/go_to_goal
[27.748s] -- Set runtime path of "/home/fssja/ros2-project/install/two_server_controllers/lib/two_server_controllers/go_to_goal" to ""
[27.749s] -- Up-to-date: /home/fssja/ros2-project/install/two_server_controllers/share/ament_index/resource_index/package_run_dependencies/two_server_controllers
[27.749s] -- Up-to-date: /home/fssja/ros2-project/install/two_server_controllers/share/ament_index/resource_index/parent_prefix_path/two_server_controllers
[27.750s] -- Up-to-date: /home/fssja/ros2-project/install/two_server_controllers/share/two_server_controllers/environment/ament_prefix_path.sh
[27.750s] -- Up-to-date: /home/fssja/ros2-project/install/two_server_controllers/share/two_server_controllers/environment/ament_prefix_path.dsv
[27.750s] -- Up-to-date: /home/fssja/ros2-project/install/two_server_controllers/share/two_server_controllers/environment/path.sh
[27.750s] -- Up-to-date: /home/fssja/ros2-project/install/two_server_controllers/share/two_server_controllers/environment/path.dsv
[27.751s] -- Up-to-date: /home/fssja/ros2-project/install/two_server_controllers/share/two_server_controllers/local_setup.bash
[27.754s] -- Up-to-date: /home/fssja/ros2-project/install/two_server_controllers/share/two_server_controllers/local_setup.sh
[27.754s] -- Up-to-date: /home/fssja/ros2-project/install/two_server_controllers/share/two_server_controllers/local_setup.zsh
[27.754s] -- Up-to-date: /home/fssja/ros2-project/install/two_server_controllers/share/two_server_controllers/local_setup.dsv
[27.755s] -- Installing: /home/fssja/ros2-project/install/two_server_controllers/share/two_server_controllers/package.dsv
[27.755s] -- Up-to-date: /home/fssja/ros2-project/install/two_server_controllers/share/ament_index/resource_index/packages/two_server_controllers
[27.755s] -- Up-to-date: /home/fssja/ros2-project/install/two_server_controllers/share/two_server_controllers/cmake/two_server_controllersConfig.cmake
[27.755s] -- Up-to-date: /home/fssja/ros2-project/install/two_server_controllers/share/two_server_controllers/cmake/two_server_controllersConfig-version.cmake
[27.755s] -- Up-to-date: /home/fssja/ros2-project/install/two_server_controllers/share/two_server_controllers/package.xml
[27.758s] Invoked command in '/home/fssja/ros2-project/build/two_server_controllers' returned '0': CMAKE_PREFIX_PATH=${CMAKE_PREFIX_PATH}:/home/fssja/turtlebot3_ws/install/turtlebot3_teleop:/home/fssja/turtlebot3_ws/install/turtlebot3_example:/opt/ros/humble /usr/bin/cmake --install /home/fssja/ros2-project/build/two_server_controllers
