[0.033s] Invoking command in '/home/fssja/ros2-project/build/custom_interfaces': CMAKE_PREFIX_PATH=${CMAKE_PREFIX_PATH}:/home/fssja/turtlebot3_ws/install/turtlebot3_teleop:/home/fssja/turtlebot3_ws/install/turtlebot3_example:/opt/ros/humble /usr/bin/cmake /home/fssja/ros2-project/src/custom_interfaces -DCMAKE_INSTALL_PREFIX=/home/fssja/ros2-project/install/custom_interfaces
[1.185s] -- The C compiler identification is GNU 11.4.0
[1.445s] -- The CXX compiler identification is GNU 11.4.0
[1.508s] -- Detecting C compiler ABI info
[1.870s] -- Detecting C compiler ABI info - done
[1.889s] -- Check for working C compiler: /usr/bin/cc - skipped
[1.901s] -- Detecting C compile features
[1.916s] -- Detecting C compile features - done
[1.921s] -- Detecting CXX compiler ABI info
[2.200s] -- Detecting CXX compiler ABI info - done
[2.227s] -- Check for working CXX compiler: /usr/bin/c++ - skipped
[2.229s] -- Detecting CXX compile features
[2.232s] -- Detecting CXX compile features - done
[2.341s] -- Found ament_cmake: 1.3.8 (/opt/ros/humble/share/ament_cmake/cmake)
[2.793s] -- Found Python3: /usr/bin/python3 (found version "3.10.12") found components: Interpreter 
[3.123s] -- Found ament_lint_auto: 0.12.10 (/opt/ros/humble/share/ament_lint_auto/cmake)
[3.387s] -- Added test 'lint_cmake' to check CMake code style
[3.398s] -- Added test 'xmllint' to check XML markup files
[3.398s] -- Configuring done
[3.405s] -- Generating done
[3.407s] -- Build files have been written to: /home/fssja/ros2-project/build/custom_interfaces
[3.424s] Invoked command in '/home/fssja/ros2-project/build/custom_interfaces' returned '0': CMAKE_PREFIX_PATH=${CMAKE_PREFIX_PATH}:/home/fssja/turtlebot3_ws/install/turtlebot3_teleop:/home/fssja/turtlebot3_ws/install/turtlebot3_example:/opt/ros/humble /usr/bin/cmake /home/fssja/ros2-project/src/custom_interfaces -DCMAKE_INSTALL_PREFIX=/home/fssja/ros2-project/install/custom_interfaces
[3.432s] Invoking command in '/home/fssja/ros2-project/build/custom_interfaces': CMAKE_PREFIX_PATH=${CMAKE_PREFIX_PATH}:/home/fssja/turtlebot3_ws/install/turtlebot3_teleop:/home/fssja/turtlebot3_ws/install/turtlebot3_example:/opt/ros/humble /usr/bin/cmake --build /home/fssja/ros2-project/build/custom_interfaces -- -j2 -l2
[3.523s] Invoked command in '/home/fssja/ros2-project/build/custom_interfaces' returned '0': CMAKE_PREFIX_PATH=${CMAKE_PREFIX_PATH}:/home/fssja/turtlebot3_ws/install/turtlebot3_teleop:/home/fssja/turtlebot3_ws/install/turtlebot3_example:/opt/ros/humble /usr/bin/cmake --build /home/fssja/ros2-project/build/custom_interfaces -- -j2 -l2
[3.602s] Invoking command in '/home/fssja/ros2-project/build/custom_interfaces': CMAKE_PREFIX_PATH=${CMAKE_PREFIX_PATH}:/home/fssja/turtlebot3_ws/install/turtlebot3_teleop:/home/fssja/turtlebot3_ws/install/turtlebot3_example:/opt/ros/humble /usr/bin/cmake --install /home/fssja/ros2-project/build/custom_interfaces
[3.622s] -- Install configuration: ""
[3.624s] -- Installing: /home/fssja/ros2-project/install/custom_interfaces/share/ament_index/resource_index/package_run_dependencies/custom_interfaces
[3.626s] -- Installing: /home/fssja/ros2-project/install/custom_interfaces/share/ament_index/resource_index/parent_prefix_path/custom_interfaces
[3.628s] -- Installing: /home/fssja/ros2-project/install/custom_interfaces/share/custom_interfaces/environment/ament_prefix_path.sh
[3.629s] -- Installing: /home/fssja/ros2-project/install/custom_interfaces/share/custom_interfaces/environment/ament_prefix_path.dsv
[3.629s] -- Installing: /home/fssja/ros2-project/install/custom_interfaces/share/custom_interfaces/environment/path.sh
[3.630s] -- Installing: /home/fssja/ros2-project/install/custom_interfaces/share/custom_interfaces/environment/path.dsv
[3.631s] -- Installing: /home/fssja/ros2-project/install/custom_interfaces/share/custom_interfaces/local_setup.bash
[3.632s] -- Installing: /home/fssja/ros2-project/install/custom_interfaces/share/custom_interfaces/local_setup.sh
[3.632s] -- Installing: /home/fssja/ros2-project/install/custom_interfaces/share/custom_interfaces/local_setup.zsh
[3.633s] -- Installing: /home/fssja/ros2-project/install/custom_interfaces/share/custom_interfaces/local_setup.dsv
[3.634s] -- Installing: /home/fssja/ros2-project/install/custom_interfaces/share/custom_interfaces/package.dsv
[3.635s] -- Installing: /home/fssja/ros2-project/install/custom_interfaces/share/ament_index/resource_index/packages/custom_interfaces
[3.635s] -- Installing: /home/fssja/ros2-project/install/custom_interfaces/share/custom_interfaces/cmake/custom_interfacesConfig.cmake
[3.636s] -- Installing: /home/fssja/ros2-project/install/custom_interfaces/share/custom_interfaces/cmake/custom_interfacesConfig-version.cmake
[3.637s] -- Installing: /home/fssja/ros2-project/install/custom_interfaces/share/custom_interfaces/package.xml
[3.642s] Invoked command in '/home/fssja/ros2-project/build/custom_interfaces' returned '0': CMAKE_PREFIX_PATH=${CMAKE_PREFIX_PATH}:/home/fssja/turtlebot3_ws/install/turtlebot3_teleop:/home/fssja/turtlebot3_ws/install/turtlebot3_example:/opt/ros/humble /usr/bin/cmake --install /home/fssja/ros2-project/build/custom_interfaces
