[0.041s] Invoking command in '/home/fssja/ros2-project/build/two_server_controllers': CMAKE_PREFIX_PATH=${CMAKE_PREFIX_PATH}:/home/fssja/turtlebot3_ws/install/turtlebot3_teleop:/home/fssja/turtlebot3_ws/install/turtlebot3_example:/opt/ros/humble /usr/bin/cmake --build /home/fssja/ros2-project/build/two_server_controllers -- -j2 -l2
[0.102s] -- Found ament_cmake: 1.3.8 (/opt/ros/humble/share/ament_cmake/cmake)
[0.430s] -- Found rclcpp: 16.0.8 (/opt/ros/humble/share/rclcpp/cmake)
[0.503s] -- Found rosidl_generator_c: 3.1.5 (/opt/ros/humble/share/rosidl_generator_c/cmake)
[0.509s] -- Found rosidl_adapter: 3.1.5 (/opt/ros/humble/share/rosidl_adapter/cmake)
[0.524s] -- Found rosidl_generator_cpp: 3.1.5 (/opt/ros/humble/share/rosidl_generator_cpp/cmake)
[0.560s] -- Using all available rosidl_typesupport_c: rosidl_typesupport_fastrtps_c;rosidl_typesupport_introspection_c
[0.602s] -- Using all available rosidl_typesupport_cpp: rosidl_typesupport_fastrtps_cpp;rosidl_typesupport_introspection_cpp
[0.762s] -- Found rmw_implementation_cmake: 6.1.1 (/opt/ros/humble/share/rmw_implementation_cmake/cmake)
[0.767s] -- Found rmw_fastrtps_cpp: 6.2.6 (/opt/ros/humble/share/rmw_fastrtps_cpp/cmake)
[1.076s] -- Using RMW implementation 'rmw_fastrtps_cpp' as default
[1.497s] -- Found turtlesim: 1.4.2 (/opt/ros/humble/share/turtlesim/cmake)
[1.843s] -- Found geometry_msgs: 4.2.3 (/opt/ros/humble/share/geometry_msgs/cmake)
[1.987s] [31mCMake Error at CMakeLists.txt:13 (find_package):
[1.988s]   By not providing "Findtutorial_interfaces.cmake" in CMAKE_MODULE_PATH this
[1.989s]   project has asked CMake to find a package configuration file provided by
[1.990s]   "tutorial_interfaces", but CMake did not find one.
[1.992s] 
[1.992s]   Could not find a package configuration file provided by
[1.992s]   "tutorial_interfaces" with any of the following names:
[1.992s] 
[1.992s]     tutorial_interfacesConfig.cmake
[1.993s]     tutorial_interfaces-config.cmake
[1.993s] 
[1.993s]   Add the installation prefix of "tutorial_interfaces" to CMAKE_PREFIX_PATH
[1.993s]   or set "tutorial_interfaces_DIR" to a directory containing one of the above
[1.993s]   files.  If "tutorial_interfaces" provides a separate development package or
[1.994s]   SDK, be sure it has been installed.
[1.994s] 
[1.994s] [0m
[1.994s] -- Configuring incomplete, errors occurred!
[1.994s] See also "/home/fssja/ros2-project/build/two_server_controllers/CMakeFiles/CMakeOutput.log".
[2.001s] gmake: *** [Makefile:788: cmake_check_build_system] Error 1
[2.004s] Invoked command in '/home/fssja/ros2-project/build/two_server_controllers' returned '2': CMAKE_PREFIX_PATH=${CMAKE_PREFIX_PATH}:/home/fssja/turtlebot3_ws/install/turtlebot3_teleop:/home/fssja/turtlebot3_ws/install/turtlebot3_example:/opt/ros/humble /usr/bin/cmake --build /home/fssja/ros2-project/build/two_server_controllers -- -j2 -l2
