[0.085s] Invoking command in '/home/fssja/ros2-project/build/custom_interfaces': CMAKE_PREFIX_PATH=${CMAKE_PREFIX_PATH}:/home/fssja/turtlebot3_ws/install/turtlebot3_teleop:/home/fssja/turtlebot3_ws/install/turtlebot3_example:/opt/ros/humble /usr/bin/cmake --build /home/fssja/ros2-project/build/custom_interfaces -- -j2 -l2
[0.157s] [35m[1mConsolidate compiler generated dependencies of target custom_interfaces__rosidl_generator_c[0m
[0.176s] [  3%] Built target custom_interfaces__cpp
[0.193s] [ 12%] Built target custom_interfaces__rosidl_generator_c
[0.217s] [35m[1mConsolidate compiler generated dependencies of target custom_interfaces__rosidl_typesupport_c[0m
[0.243s] [ 12%] Built target ament_cmake_python_copy_custom_interfaces
[0.257s] [ 22%] Built target custom_interfaces__rosidl_typesupport_c
[0.272s] [35m[1mConsolidate compiler generated dependencies of target custom_interfaces__rosidl_typesupport_fastrtps_cpp[0m
[0.291s] [35m[1mConsolidate compiler generated dependencies of target custom_interfaces__rosidl_typesupport_introspection_cpp[0m
[0.297s] [ 32%] Built target custom_interfaces__rosidl_typesupport_fastrtps_cpp
[0.326s] [35m[1mConsolidate compiler generated dependencies of target custom_interfaces__rosidl_typesupport_cpp[0m
[0.345s] [ 41%] Built target custom_interfaces__rosidl_typesupport_introspection_cpp
[0.353s] [ 51%] Built target custom_interfaces__rosidl_typesupport_cpp
[0.383s] [35m[1mConsolidate compiler generated dependencies of target custom_interfaces__rosidl_typesupport_introspection_c[0m
[0.383s] [35m[1mConsolidate compiler generated dependencies of target custom_interfaces__rosidl_typesupport_fastrtps_c[0m
[0.408s] [ 61%] Built target custom_interfaces__rosidl_typesupport_fastrtps_c
[0.418s] [ 70%] Built target custom_interfaces__rosidl_typesupport_introspection_c
[0.475s] [ 70%] Built target custom_interfaces
[0.611s] [ 74%] Built target custom_interfaces__py
[0.638s] [35m[1mConsolidate compiler generated dependencies of target custom_interfaces__rosidl_generator_py[0m
[0.676s] [ 80%] Built target custom_interfaces__rosidl_generator_py
[0.709s] [35m[1mConsolidate compiler generated dependencies of target custom_interfaces__rosidl_typesupport_fastrtps_c__pyext[0m
[0.735s] [ 87%] Built target custom_interfaces__rosidl_typesupport_fastrtps_c__pyext
[0.766s] [35m[1mConsolidate compiler generated dependencies of target custom_interfaces__rosidl_typesupport_introspection_c__pyext[0m
[0.790s] [ 93%] Built target custom_interfaces__rosidl_typesupport_introspection_c__pyext
[0.818s] [35m[1mConsolidate compiler generated dependencies of target custom_interfaces__rosidl_typesupport_c__pyext[0m
[0.843s] [100%] Built target custom_interfaces__rosidl_typesupport_c__pyext
[1.157s] running egg_info
[1.158s] writing custom_interfaces.egg-info/PKG-INFO
[1.160s] writing dependency_links to custom_interfaces.egg-info/dependency_links.txt
[1.160s] writing top-level names to custom_interfaces.egg-info/top_level.txt
[1.165s] reading manifest file 'custom_interfaces.egg-info/SOURCES.txt'
[1.166s] writing manifest file 'custom_interfaces.egg-info/SOURCES.txt'
[1.227s] [100%] Built target ament_cmake_python_build_custom_interfaces_egg
[1.259s] Invoked command in '/home/fssja/ros2-project/build/custom_interfaces' returned '0': CMAKE_PREFIX_PATH=${CMAKE_PREFIX_PATH}:/home/fssja/turtlebot3_ws/install/turtlebot3_teleop:/home/fssja/turtlebot3_ws/install/turtlebot3_example:/opt/ros/humble /usr/bin/cmake --build /home/fssja/ros2-project/build/custom_interfaces -- -j2 -l2
[1.416s] Invoking command in '/home/fssja/ros2-project/build/custom_interfaces': CMAKE_PREFIX_PATH=${CMAKE_PREFIX_PATH}:/home/fssja/turtlebot3_ws/install/turtlebot3_teleop:/home/fssja/turtlebot3_ws/install/turtlebot3_example:/opt/ros/humble /usr/bin/cmake --install /home/fssja/ros2-project/build/custom_interfaces
[1.435s] -- Install configuration: ""
[1.435s] -- Up-to-date: /home/fssja/ros2-project/install/custom_interfaces/share/ament_index/resource_index/rosidl_interfaces/custom_interfaces
[1.458s] -- Up-to-date: /home/fssja/ros2-project/install/custom_interfaces/include/custom_interfaces/custom_interfaces
[1.458s] -- Up-to-date: /home/fssja/ros2-project/install/custom_interfaces/include/custom_interfaces/custom_interfaces/srv
[1.459s] -- Up-to-date: /home/fssja/ros2-project/install/custom_interfaces/include/custom_interfaces/custom_interfaces/srv/detail
[1.459s] -- Up-to-date: /home/fssja/ros2-project/install/custom_interfaces/include/custom_interfaces/custom_interfaces/srv/detail/goto__struct.h
[1.459s] -- Up-to-date: /home/fssja/ros2-project/install/custom_interfaces/include/custom_interfaces/custom_interfaces/srv/detail/goto__functions.h
[1.460s] -- Up-to-date: /home/fssja/ros2-project/install/custom_interfaces/include/custom_interfaces/custom_interfaces/srv/detail/goto__type_support.h
[1.460s] -- Up-to-date: /home/fssja/ros2-project/install/custom_interfaces/include/custom_interfaces/custom_interfaces/srv/detail/goto__functions.c
[1.460s] -- Up-to-date: /home/fssja/ros2-project/install/custom_interfaces/include/custom_interfaces/custom_interfaces/srv/goto.h
[1.461s] -- Up-to-date: /home/fssja/ros2-project/install/custom_interfaces/include/custom_interfaces/custom_interfaces/msg
[1.461s] -- Up-to-date: /home/fssja/ros2-project/install/custom_interfaces/include/custom_interfaces/custom_interfaces/msg/rosidl_generator_c__visibility_control.h
[1.462s] -- Up-to-date: /home/fssja/ros2-project/install/custom_interfaces/share/custom_interfaces/environment/library_path.sh
[1.462s] -- Up-to-date: /home/fssja/ros2-project/install/custom_interfaces/share/custom_interfaces/environment/library_path.dsv
[1.463s] -- Up-to-date: /home/fssja/ros2-project/install/custom_interfaces/lib/libcustom_interfaces__rosidl_generator_c.so
[1.464s] -- Up-to-date: /home/fssja/ros2-project/install/custom_interfaces/include/custom_interfaces/custom_interfaces
[1.465s] -- Up-to-date: /home/fssja/ros2-project/install/custom_interfaces/include/custom_interfaces/custom_interfaces/srv
[1.465s] -- Up-to-date: /home/fssja/ros2-project/install/custom_interfaces/include/custom_interfaces/custom_interfaces/srv/detail
[1.465s] -- Up-to-date: /home/fssja/ros2-project/install/custom_interfaces/include/custom_interfaces/custom_interfaces/srv/detail/goto__rosidl_typesupport_fastrtps_c.h
[1.466s] -- Up-to-date: /home/fssja/ros2-project/install/custom_interfaces/include/custom_interfaces/custom_interfaces/msg
[1.466s] -- Up-to-date: /home/fssja/ros2-project/install/custom_interfaces/include/custom_interfaces/custom_interfaces/msg/rosidl_typesupport_fastrtps_c__visibility_control.h
[1.467s] -- Up-to-date: /home/fssja/ros2-project/install/custom_interfaces/lib/libcustom_interfaces__rosidl_typesupport_fastrtps_c.so
[1.468s] -- Up-to-date: /home/fssja/ros2-project/install/custom_interfaces/include/custom_interfaces/custom_interfaces
[1.468s] -- Up-to-date: /home/fssja/ros2-project/install/custom_interfaces/include/custom_interfaces/custom_interfaces/srv
[1.468s] -- Up-to-date: /home/fssja/ros2-project/install/custom_interfaces/include/custom_interfaces/custom_interfaces/srv/detail
[1.469s] -- Up-to-date: /home/fssja/ros2-project/install/custom_interfaces/include/custom_interfaces/custom_interfaces/srv/detail/goto__type_support.c
[1.469s] -- Up-to-date: /home/fssja/ros2-project/install/custom_interfaces/include/custom_interfaces/custom_interfaces/srv/detail/goto__rosidl_typesupport_introspection_c.h
[1.470s] -- Up-to-date: /home/fssja/ros2-project/install/custom_interfaces/include/custom_interfaces/custom_interfaces/msg
[1.470s] -- Up-to-date: /home/fssja/ros2-project/install/custom_interfaces/include/custom_interfaces/custom_interfaces/msg/rosidl_typesupport_introspection_c__visibility_control.h
[1.471s] -- Up-to-date: /home/fssja/ros2-project/install/custom_interfaces/lib/libcustom_interfaces__rosidl_typesupport_introspection_c.so
[1.472s] -- Up-to-date: /home/fssja/ros2-project/install/custom_interfaces/lib/libcustom_interfaces__rosidl_typesupport_c.so
[1.473s] -- Up-to-date: /home/fssja/ros2-project/install/custom_interfaces/include/custom_interfaces/custom_interfaces
[1.473s] -- Up-to-date: /home/fssja/ros2-project/install/custom_interfaces/include/custom_interfaces/custom_interfaces/srv
[1.474s] -- Up-to-date: /home/fssja/ros2-project/install/custom_interfaces/include/custom_interfaces/custom_interfaces/srv/detail
[1.474s] -- Up-to-date: /home/fssja/ros2-project/install/custom_interfaces/include/custom_interfaces/custom_interfaces/srv/detail/goto__builder.hpp
[1.474s] -- Up-to-date: /home/fssja/ros2-project/install/custom_interfaces/include/custom_interfaces/custom_interfaces/srv/detail/goto__struct.hpp
[1.475s] -- Up-to-date: /home/fssja/ros2-project/install/custom_interfaces/include/custom_interfaces/custom_interfaces/srv/detail/goto__traits.hpp
[1.475s] -- Up-to-date: /home/fssja/ros2-project/install/custom_interfaces/include/custom_interfaces/custom_interfaces/srv/goto.hpp
[1.476s] -- Up-to-date: /home/fssja/ros2-project/install/custom_interfaces/include/custom_interfaces/custom_interfaces
[1.476s] -- Up-to-date: /home/fssja/ros2-project/install/custom_interfaces/include/custom_interfaces/custom_interfaces/srv
[1.476s] -- Up-to-date: /home/fssja/ros2-project/install/custom_interfaces/include/custom_interfaces/custom_interfaces/srv/detail
[1.477s] -- Up-to-date: /home/fssja/ros2-project/install/custom_interfaces/include/custom_interfaces/custom_interfaces/srv/detail/dds_fastrtps
[1.477s] -- Up-to-date: /home/fssja/ros2-project/install/custom_interfaces/include/custom_interfaces/custom_interfaces/srv/detail/goto__rosidl_typesupport_fastrtps_cpp.hpp
[1.477s] -- Up-to-date: /home/fssja/ros2-project/install/custom_interfaces/include/custom_interfaces/custom_interfaces/msg
[1.478s] -- Up-to-date: /home/fssja/ros2-project/install/custom_interfaces/include/custom_interfaces/custom_interfaces/msg/rosidl_typesupport_fastrtps_cpp__visibility_control.h
[1.479s] -- Up-to-date: /home/fssja/ros2-project/install/custom_interfaces/lib/libcustom_interfaces__rosidl_typesupport_fastrtps_cpp.so
[1.479s] -- Up-to-date: /home/fssja/ros2-project/install/custom_interfaces/include/custom_interfaces/custom_interfaces
[1.480s] -- Up-to-date: /home/fssja/ros2-project/install/custom_interfaces/include/custom_interfaces/custom_interfaces/srv
[1.480s] -- Up-to-date: /home/fssja/ros2-project/install/custom_interfaces/include/custom_interfaces/custom_interfaces/srv/detail
[1.481s] -- Up-to-date: /home/fssja/ros2-project/install/custom_interfaces/include/custom_interfaces/custom_interfaces/srv/detail/goto__rosidl_typesupport_introspection_cpp.hpp
[1.481s] -- Up-to-date: /home/fssja/ros2-project/install/custom_interfaces/include/custom_interfaces/custom_interfaces/srv/detail/goto__type_support.cpp
[1.482s] -- Up-to-date: /home/fssja/ros2-project/install/custom_interfaces/lib/libcustom_interfaces__rosidl_typesupport_introspection_cpp.so
[1.483s] -- Up-to-date: /home/fssja/ros2-project/install/custom_interfaces/lib/libcustom_interfaces__rosidl_typesupport_cpp.so
[1.484s] -- Up-to-date: /home/fssja/ros2-project/install/custom_interfaces/share/custom_interfaces/environment/pythonpath.sh
[1.484s] -- Up-to-date: /home/fssja/ros2-project/install/custom_interfaces/share/custom_interfaces/environment/pythonpath.dsv
[1.484s] -- Up-to-date: /home/fssja/ros2-project/install/custom_interfaces/local/lib/python3.10/dist-packages/custom_interfaces-0.0.0-py3.10.egg-info
[1.485s] -- Installing: /home/fssja/ros2-project/install/custom_interfaces/local/lib/python3.10/dist-packages/custom_interfaces-0.0.0-py3.10.egg-info/PKG-INFO
[1.486s] -- Installing: /home/fssja/ros2-project/install/custom_interfaces/local/lib/python3.10/dist-packages/custom_interfaces-0.0.0-py3.10.egg-info/SOURCES.txt
[1.487s] -- Installing: /home/fssja/ros2-project/install/custom_interfaces/local/lib/python3.10/dist-packages/custom_interfaces-0.0.0-py3.10.egg-info/top_level.txt
[1.488s] -- Installing: /home/fssja/ros2-project/install/custom_interfaces/local/lib/python3.10/dist-packages/custom_interfaces-0.0.0-py3.10.egg-info/dependency_links.txt
[1.489s] -- Up-to-date: /home/fssja/ros2-project/install/custom_interfaces/local/lib/python3.10/dist-packages/custom_interfaces
[1.489s] -- Up-to-date: /home/fssja/ros2-project/install/custom_interfaces/local/lib/python3.10/dist-packages/custom_interfaces/srv
[1.490s] -- Up-to-date: /home/fssja/ros2-project/install/custom_interfaces/local/lib/python3.10/dist-packages/custom_interfaces/srv/_goto_s.c
[1.490s] -- Up-to-date: /home/fssja/ros2-project/install/custom_interfaces/local/lib/python3.10/dist-packages/custom_interfaces/srv/__init__.py
[1.490s] -- Up-to-date: /home/fssja/ros2-project/install/custom_interfaces/local/lib/python3.10/dist-packages/custom_interfaces/srv/_goto.py
[1.491s] -- Up-to-date: /home/fssja/ros2-project/install/custom_interfaces/local/lib/python3.10/dist-packages/custom_interfaces/__init__.py
[1.491s] -- Up-to-date: /home/fssja/ros2-project/install/custom_interfaces/local/lib/python3.10/dist-packages/custom_interfaces/_custom_interfaces_s.ep.rosidl_typesupport_c.c
[1.491s] -- Up-to-date: /home/fssja/ros2-project/install/custom_interfaces/local/lib/python3.10/dist-packages/custom_interfaces/custom_interfaces_s__rosidl_typesupport_fastrtps_c.cpython-310-x86_64-linux-gnu.so
[1.492s] -- Up-to-date: /home/fssja/ros2-project/install/custom_interfaces/local/lib/python3.10/dist-packages/custom_interfaces/custom_interfaces_s__rosidl_typesupport_c.cpython-310-x86_64-linux-gnu.so
[1.492s] -- Up-to-date: /home/fssja/ros2-project/install/custom_interfaces/local/lib/python3.10/dist-packages/custom_interfaces/_custom_interfaces_s.ep.rosidl_typesupport_introspection_c.c
[1.492s] -- Up-to-date: /home/fssja/ros2-project/install/custom_interfaces/local/lib/python3.10/dist-packages/custom_interfaces/custom_interfaces_s__rosidl_typesupport_introspection_c.cpython-310-x86_64-linux-gnu.so
[1.493s] -- Up-to-date: /home/fssja/ros2-project/install/custom_interfaces/local/lib/python3.10/dist-packages/custom_interfaces/libcustom_interfaces__rosidl_generator_py.so
[1.493s] -- Up-to-date: /home/fssja/ros2-project/install/custom_interfaces/local/lib/python3.10/dist-packages/custom_interfaces/_custom_interfaces_s.ep.rosidl_typesupport_fastrtps_c.c
[1.574s] Listing '/home/fssja/ros2-project/install/custom_interfaces/local/lib/python3.10/dist-packages/custom_interfaces'...
[1.574s] Listing '/home/fssja/ros2-project/install/custom_interfaces/local/lib/python3.10/dist-packages/custom_interfaces/srv'...
[1.584s] -- Up-to-date: /home/fssja/ros2-project/install/custom_interfaces/local/lib/python3.10/dist-packages/custom_interfaces/custom_interfaces_s__rosidl_typesupport_fastrtps_c.cpython-310-x86_64-linux-gnu.so
[1.585s] -- Up-to-date: /home/fssja/ros2-project/install/custom_interfaces/local/lib/python3.10/dist-packages/custom_interfaces/custom_interfaces_s__rosidl_typesupport_introspection_c.cpython-310-x86_64-linux-gnu.so
[1.586s] -- Up-to-date: /home/fssja/ros2-project/install/custom_interfaces/local/lib/python3.10/dist-packages/custom_interfaces/custom_interfaces_s__rosidl_typesupport_c.cpython-310-x86_64-linux-gnu.so
[1.588s] -- Up-to-date: /home/fssja/ros2-project/install/custom_interfaces/lib/libcustom_interfaces__rosidl_generator_py.so
[1.589s] -- Up-to-date: /home/fssja/ros2-project/install/custom_interfaces/share/custom_interfaces/srv/Goto.idl
[1.589s] -- Up-to-date: /home/fssja/ros2-project/install/custom_interfaces/share/custom_interfaces/srv/Goto.srv
[1.590s] -- Up-to-date: /home/fssja/ros2-project/install/custom_interfaces/share/custom_interfaces/srv/Goto_Request.msg
[1.591s] -- Up-to-date: /home/fssja/ros2-project/install/custom_interfaces/share/custom_interfaces/srv/Goto_Response.msg
[1.592s] -- Up-to-date: /home/fssja/ros2-project/install/custom_interfaces/share/ament_index/resource_index/package_run_dependencies/custom_interfaces
[1.592s] -- Up-to-date: /home/fssja/ros2-project/install/custom_interfaces/share/ament_index/resource_index/parent_prefix_path/custom_interfaces
[1.592s] -- Up-to-date: /home/fssja/ros2-project/install/custom_interfaces/share/custom_interfaces/environment/ament_prefix_path.sh
[1.602s] -- Up-to-date: /home/fssja/ros2-project/install/custom_interfaces/share/custom_interfaces/environment/ament_prefix_path.dsv
[1.603s] -- Up-to-date: /home/fssja/ros2-project/install/custom_interfaces/share/custom_interfaces/environment/path.sh
[1.603s] -- Up-to-date: /home/fssja/ros2-project/install/custom_interfaces/share/custom_interfaces/environment/path.dsv
[1.603s] -- Up-to-date: /home/fssja/ros2-project/install/custom_interfaces/share/custom_interfaces/local_setup.bash
[1.603s] -- Up-to-date: /home/fssja/ros2-project/install/custom_interfaces/share/custom_interfaces/local_setup.sh
[1.603s] -- Up-to-date: /home/fssja/ros2-project/install/custom_interfaces/share/custom_interfaces/local_setup.zsh
[1.603s] -- Up-to-date: /home/fssja/ros2-project/install/custom_interfaces/share/custom_interfaces/local_setup.dsv
[1.604s] -- Installing: /home/fssja/ros2-project/install/custom_interfaces/share/custom_interfaces/package.dsv
[1.604s] -- Up-to-date: /home/fssja/ros2-project/install/custom_interfaces/share/ament_index/resource_index/packages/custom_interfaces
[1.604s] -- Up-to-date: /home/fssja/ros2-project/install/custom_interfaces/share/custom_interfaces/cmake/export_custom_interfaces__rosidl_generator_cExport.cmake
[1.604s] -- Up-to-date: /home/fssja/ros2-project/install/custom_interfaces/share/custom_interfaces/cmake/export_custom_interfaces__rosidl_generator_cExport-noconfig.cmake
[1.605s] -- Up-to-date: /home/fssja/ros2-project/install/custom_interfaces/share/custom_interfaces/cmake/export_custom_interfaces__rosidl_typesupport_fastrtps_cExport.cmake
[1.605s] -- Up-to-date: /home/fssja/ros2-project/install/custom_interfaces/share/custom_interfaces/cmake/export_custom_interfaces__rosidl_typesupport_fastrtps_cExport-noconfig.cmake
[1.605s] -- Up-to-date: /home/fssja/ros2-project/install/custom_interfaces/share/custom_interfaces/cmake/custom_interfaces__rosidl_typesupport_introspection_cExport.cmake
[1.605s] -- Up-to-date: /home/fssja/ros2-project/install/custom_interfaces/share/custom_interfaces/cmake/custom_interfaces__rosidl_typesupport_introspection_cExport-noconfig.cmake
[1.605s] -- Up-to-date: /home/fssja/ros2-project/install/custom_interfaces/share/custom_interfaces/cmake/custom_interfaces__rosidl_typesupport_cExport.cmake
[1.606s] -- Up-to-date: /home/fssja/ros2-project/install/custom_interfaces/share/custom_interfaces/cmake/custom_interfaces__rosidl_typesupport_cExport-noconfig.cmake
[1.606s] -- Up-to-date: /home/fssja/ros2-project/install/custom_interfaces/share/custom_interfaces/cmake/export_custom_interfaces__rosidl_generator_cppExport.cmake
[1.606s] -- Up-to-date: /home/fssja/ros2-project/install/custom_interfaces/share/custom_interfaces/cmake/export_custom_interfaces__rosidl_typesupport_fastrtps_cppExport.cmake
[1.606s] -- Up-to-date: /home/fssja/ros2-project/install/custom_interfaces/share/custom_interfaces/cmake/export_custom_interfaces__rosidl_typesupport_fastrtps_cppExport-noconfig.cmake
[1.606s] -- Up-to-date: /home/fssja/ros2-project/install/custom_interfaces/share/custom_interfaces/cmake/custom_interfaces__rosidl_typesupport_introspection_cppExport.cmake
[1.607s] -- Up-to-date: /home/fssja/ros2-project/install/custom_interfaces/share/custom_interfaces/cmake/custom_interfaces__rosidl_typesupport_introspection_cppExport-noconfig.cmake
[1.607s] -- Up-to-date: /home/fssja/ros2-project/install/custom_interfaces/share/custom_interfaces/cmake/custom_interfaces__rosidl_typesupport_cppExport.cmake
[1.607s] -- Up-to-date: /home/fssja/ros2-project/install/custom_interfaces/share/custom_interfaces/cmake/custom_interfaces__rosidl_typesupport_cppExport-noconfig.cmake
[1.607s] -- Up-to-date: /home/fssja/ros2-project/install/custom_interfaces/share/custom_interfaces/cmake/export_custom_interfaces__rosidl_generator_pyExport.cmake
[1.607s] -- Up-to-date: /home/fssja/ros2-project/install/custom_interfaces/share/custom_interfaces/cmake/export_custom_interfaces__rosidl_generator_pyExport-noconfig.cmake
[1.607s] -- Up-to-date: /home/fssja/ros2-project/install/custom_interfaces/share/custom_interfaces/cmake/rosidl_cmake-extras.cmake
[1.608s] -- Up-to-date: /home/fssja/ros2-project/install/custom_interfaces/share/custom_interfaces/cmake/ament_cmake_export_include_directories-extras.cmake
[1.608s] -- Up-to-date: /home/fssja/ros2-project/install/custom_interfaces/share/custom_interfaces/cmake/ament_cmake_export_libraries-extras.cmake
[1.608s] -- Up-to-date: /home/fssja/ros2-project/install/custom_interfaces/share/custom_interfaces/cmake/ament_cmake_export_targets-extras.cmake
[1.608s] -- Up-to-date: /home/fssja/ros2-project/install/custom_interfaces/share/custom_interfaces/cmake/rosidl_cmake_export_typesupport_targets-extras.cmake
[1.608s] -- Up-to-date: /home/fssja/ros2-project/install/custom_interfaces/share/custom_interfaces/cmake/ament_cmake_export_dependencies-extras.cmake
[1.608s] -- Up-to-date: /home/fssja/ros2-project/install/custom_interfaces/share/custom_interfaces/cmake/rosidl_cmake_export_typesupport_libraries-extras.cmake
[1.609s] -- Up-to-date: /home/fssja/ros2-project/install/custom_interfaces/share/custom_interfaces/cmake/custom_interfacesConfig.cmake
[1.609s] -- Up-to-date: /home/fssja/ros2-project/install/custom_interfaces/share/custom_interfaces/cmake/custom_interfacesConfig-version.cmake
[1.609s] -- Up-to-date: /home/fssja/ros2-project/install/custom_interfaces/share/custom_interfaces/package.xml
[1.609s] Invoked command in '/home/fssja/ros2-project/build/custom_interfaces' returned '0': CMAKE_PREFIX_PATH=${CMAKE_PREFIX_PATH}:/home/fssja/turtlebot3_ws/install/turtlebot3_teleop:/home/fssja/turtlebot3_ws/install/turtlebot3_example:/opt/ros/humble /usr/bin/cmake --install /home/fssja/ros2-project/build/custom_interfaces
