[0.047s] Invoking command in '/home/fssja/ros2-project/build/custom_interfaces': CMAKE_PREFIX_PATH=${CMAKE_PREFIX_PATH}:/home/fssja/turtlebot3_ws/install/turtlebot3_teleop:/home/fssja/turtlebot3_ws/install/turtlebot3_example:/opt/ros/humble /usr/bin/cmake --build /home/fssja/ros2-project/build/custom_interfaces -- -j2 -l2
[0.186s] [  9%] Built target custom_interfaces__rosidl_generator_c
[0.241s] [ 12%] Built target custom_interfaces__cpp
[0.352s] [ 12%] Built target ament_cmake_python_copy_custom_interfaces
[0.440s] [ 22%] Built target custom_interfaces__rosidl_typesupport_c
[0.552s] [ 32%] Built target custom_interfaces__rosidl_typesupport_fastrtps_cpp
[0.607s] [ 41%] Built target custom_interfaces__rosidl_typesupport_introspection_cpp
[0.662s] [ 51%] Built target custom_interfaces__rosidl_typesupport_cpp
[0.737s] [ 61%] Built target custom_interfaces__rosidl_typesupport_fastrtps_c
[0.793s] [ 70%] Built target custom_interfaces__rosidl_typesupport_introspection_c
[1.736s] running egg_info
[1.743s] writing custom_interfaces.egg-info/PKG-INFO
[1.747s] writing dependency_links to custom_interfaces.egg-info/dependency_links.txt
[1.752s] writing top-level names to custom_interfaces.egg-info/top_level.txt
[1.759s] reading manifest file 'custom_interfaces.egg-info/SOURCES.txt'
[1.763s] writing manifest file 'custom_interfaces.egg-info/SOURCES.txt'
[1.886s] [ 70%] Built target ament_cmake_python_build_custom_interfaces_egg
[1.946s] [ 70%] Built target custom_interfaces
[2.005s] [ 74%] Built target custom_interfaces__py
[2.072s] [ 80%] Built target custom_interfaces__rosidl_generator_py
[2.133s] [ 87%] Built target custom_interfaces__rosidl_typesupport_fastrtps_c__pyext
[2.207s] [ 93%] Built target custom_interfaces__rosidl_typesupport_introspection_c__pyext
[2.277s] [100%] Built target custom_interfaces__rosidl_typesupport_c__pyext
[2.378s] Invoked command in '/home/fssja/ros2-project/build/custom_interfaces' returned '0': CMAKE_PREFIX_PATH=${CMAKE_PREFIX_PATH}:/home/fssja/turtlebot3_ws/install/turtlebot3_teleop:/home/fssja/turtlebot3_ws/install/turtlebot3_example:/opt/ros/humble /usr/bin/cmake --build /home/fssja/ros2-project/build/custom_interfaces -- -j2 -l2
[2.742s] Invoking command in '/home/fssja/ros2-project/build/custom_interfaces': CMAKE_PREFIX_PATH=${CMAKE_PREFIX_PATH}:/home/fssja/turtlebot3_ws/install/turtlebot3_teleop:/home/fssja/turtlebot3_ws/install/turtlebot3_example:/opt/ros/humble /usr/bin/cmake --install /home/fssja/ros2-project/build/custom_interfaces
[2.792s] -- Install configuration: ""
[2.795s] -- Up-to-date: /home/fssja/ros2-project/install/custom_interfaces/share/ament_index/resource_index/rosidl_interfaces/custom_interfaces
[2.795s] -- Up-to-date: /home/fssja/ros2-project/install/custom_interfaces/include/custom_interfaces/custom_interfaces
[2.795s] -- Up-to-date: /home/fssja/ros2-project/install/custom_interfaces/include/custom_interfaces/custom_interfaces/srv
[2.795s] -- Up-to-date: /home/fssja/ros2-project/install/custom_interfaces/include/custom_interfaces/custom_interfaces/srv/detail
[2.795s] -- Up-to-date: /home/fssja/ros2-project/install/custom_interfaces/include/custom_interfaces/custom_interfaces/srv/detail/goto__struct.h
[2.796s] -- Up-to-date: /home/fssja/ros2-project/install/custom_interfaces/include/custom_interfaces/custom_interfaces/srv/detail/goto__functions.h
[2.796s] -- Up-to-date: /home/fssja/ros2-project/install/custom_interfaces/include/custom_interfaces/custom_interfaces/srv/detail/goto__type_support.h
[2.796s] -- Up-to-date: /home/fssja/ros2-project/install/custom_interfaces/include/custom_interfaces/custom_interfaces/srv/detail/goto__functions.c
[2.796s] -- Up-to-date: /home/fssja/ros2-project/install/custom_interfaces/include/custom_interfaces/custom_interfaces/srv/goto.h
[2.796s] -- Up-to-date: /home/fssja/ros2-project/install/custom_interfaces/include/custom_interfaces/custom_interfaces/msg
[2.797s] -- Up-to-date: /home/fssja/ros2-project/install/custom_interfaces/include/custom_interfaces/custom_interfaces/msg/rosidl_generator_c__visibility_control.h
[2.797s] -- Up-to-date: /home/fssja/ros2-project/install/custom_interfaces/share/custom_interfaces/environment/library_path.sh
[2.797s] -- Up-to-date: /home/fssja/ros2-project/install/custom_interfaces/share/custom_interfaces/environment/library_path.dsv
[2.797s] -- Up-to-date: /home/fssja/ros2-project/install/custom_interfaces/lib/libcustom_interfaces__rosidl_generator_c.so
[2.797s] -- Up-to-date: /home/fssja/ros2-project/install/custom_interfaces/include/custom_interfaces/custom_interfaces
[2.797s] -- Up-to-date: /home/fssja/ros2-project/install/custom_interfaces/include/custom_interfaces/custom_interfaces/srv
[2.798s] -- Up-to-date: /home/fssja/ros2-project/install/custom_interfaces/include/custom_interfaces/custom_interfaces/srv/detail
[2.798s] -- Up-to-date: /home/fssja/ros2-project/install/custom_interfaces/include/custom_interfaces/custom_interfaces/srv/detail/goto__rosidl_typesupport_fastrtps_c.h
[2.798s] -- Up-to-date: /home/fssja/ros2-project/install/custom_interfaces/include/custom_interfaces/custom_interfaces/msg
[2.828s] -- Up-to-date: /home/fssja/ros2-project/install/custom_interfaces/include/custom_interfaces/custom_interfaces/msg/rosidl_typesupport_fastrtps_c__visibility_control.h
[2.829s] -- Up-to-date: /home/fssja/ros2-project/install/custom_interfaces/lib/libcustom_interfaces__rosidl_typesupport_fastrtps_c.so
[2.829s] -- Up-to-date: /home/fssja/ros2-project/install/custom_interfaces/include/custom_interfaces/custom_interfaces
[2.829s] -- Up-to-date: /home/fssja/ros2-project/install/custom_interfaces/include/custom_interfaces/custom_interfaces/srv
[2.829s] -- Up-to-date: /home/fssja/ros2-project/install/custom_interfaces/include/custom_interfaces/custom_interfaces/srv/detail
[2.830s] -- Up-to-date: /home/fssja/ros2-project/install/custom_interfaces/include/custom_interfaces/custom_interfaces/srv/detail/goto__type_support.c
[2.830s] -- Up-to-date: /home/fssja/ros2-project/install/custom_interfaces/include/custom_interfaces/custom_interfaces/srv/detail/goto__rosidl_typesupport_introspection_c.h
[2.830s] -- Up-to-date: /home/fssja/ros2-project/install/custom_interfaces/include/custom_interfaces/custom_interfaces/msg
[2.838s] -- Up-to-date: /home/fssja/ros2-project/install/custom_interfaces/include/custom_interfaces/custom_interfaces/msg/rosidl_typesupport_introspection_c__visibility_control.h
[2.847s] -- Up-to-date: /home/fssja/ros2-project/install/custom_interfaces/lib/libcustom_interfaces__rosidl_typesupport_introspection_c.so
[2.847s] -- Up-to-date: /home/fssja/ros2-project/install/custom_interfaces/lib/libcustom_interfaces__rosidl_typesupport_c.so
[2.847s] -- Up-to-date: /home/fssja/ros2-project/install/custom_interfaces/include/custom_interfaces/custom_interfaces
[2.848s] -- Up-to-date: /home/fssja/ros2-project/install/custom_interfaces/include/custom_interfaces/custom_interfaces/srv
[2.848s] -- Up-to-date: /home/fssja/ros2-project/install/custom_interfaces/include/custom_interfaces/custom_interfaces/srv/detail
[2.848s] -- Up-to-date: /home/fssja/ros2-project/install/custom_interfaces/include/custom_interfaces/custom_interfaces/srv/detail/goto__builder.hpp
[2.848s] -- Up-to-date: /home/fssja/ros2-project/install/custom_interfaces/include/custom_interfaces/custom_interfaces/srv/detail/goto__struct.hpp
[2.848s] -- Up-to-date: /home/fssja/ros2-project/install/custom_interfaces/include/custom_interfaces/custom_interfaces/srv/detail/goto__traits.hpp
[2.849s] -- Up-to-date: /home/fssja/ros2-project/install/custom_interfaces/include/custom_interfaces/custom_interfaces/srv/goto.hpp
[2.849s] -- Up-to-date: /home/fssja/ros2-project/install/custom_interfaces/include/custom_interfaces/custom_interfaces
[2.849s] -- Up-to-date: /home/fssja/ros2-project/install/custom_interfaces/include/custom_interfaces/custom_interfaces/srv
[2.849s] -- Up-to-date: /home/fssja/ros2-project/install/custom_interfaces/include/custom_interfaces/custom_interfaces/srv/detail
[2.856s] -- Up-to-date: /home/fssja/ros2-project/install/custom_interfaces/include/custom_interfaces/custom_interfaces/srv/detail/dds_fastrtps
[2.857s] -- Up-to-date: /home/fssja/ros2-project/install/custom_interfaces/include/custom_interfaces/custom_interfaces/srv/detail/goto__rosidl_typesupport_fastrtps_cpp.hpp
[2.857s] -- Up-to-date: /home/fssja/ros2-project/install/custom_interfaces/include/custom_interfaces/custom_interfaces/msg
[2.857s] -- Up-to-date: /home/fssja/ros2-project/install/custom_interfaces/include/custom_interfaces/custom_interfaces/msg/rosidl_typesupport_fastrtps_cpp__visibility_control.h
[2.858s] -- Up-to-date: /home/fssja/ros2-project/install/custom_interfaces/lib/libcustom_interfaces__rosidl_typesupport_fastrtps_cpp.so
[2.858s] -- Up-to-date: /home/fssja/ros2-project/install/custom_interfaces/include/custom_interfaces/custom_interfaces
[2.862s] -- Up-to-date: /home/fssja/ros2-project/install/custom_interfaces/include/custom_interfaces/custom_interfaces/srv
[2.862s] -- Up-to-date: /home/fssja/ros2-project/install/custom_interfaces/include/custom_interfaces/custom_interfaces/srv/detail
[2.863s] -- Up-to-date: /home/fssja/ros2-project/install/custom_interfaces/include/custom_interfaces/custom_interfaces/srv/detail/goto__rosidl_typesupport_introspection_cpp.hpp
[2.863s] -- Up-to-date: /home/fssja/ros2-project/install/custom_interfaces/include/custom_interfaces/custom_interfaces/srv/detail/goto__type_support.cpp
[2.863s] -- Up-to-date: /home/fssja/ros2-project/install/custom_interfaces/lib/libcustom_interfaces__rosidl_typesupport_introspection_cpp.so
[2.863s] -- Up-to-date: /home/fssja/ros2-project/install/custom_interfaces/lib/libcustom_interfaces__rosidl_typesupport_cpp.so
[2.863s] -- Up-to-date: /home/fssja/ros2-project/install/custom_interfaces/share/custom_interfaces/environment/pythonpath.sh
[2.864s] -- Up-to-date: /home/fssja/ros2-project/install/custom_interfaces/share/custom_interfaces/environment/pythonpath.dsv
[2.864s] -- Up-to-date: /home/fssja/ros2-project/install/custom_interfaces/local/lib/python3.10/dist-packages/custom_interfaces-0.0.0-py3.10.egg-info
[2.874s] -- Installing: /home/fssja/ros2-project/install/custom_interfaces/local/lib/python3.10/dist-packages/custom_interfaces-0.0.0-py3.10.egg-info/PKG-INFO
[2.878s] -- Installing: /home/fssja/ros2-project/install/custom_interfaces/local/lib/python3.10/dist-packages/custom_interfaces-0.0.0-py3.10.egg-info/SOURCES.txt
[2.878s] -- Installing: /home/fssja/ros2-project/install/custom_interfaces/local/lib/python3.10/dist-packages/custom_interfaces-0.0.0-py3.10.egg-info/top_level.txt
[2.879s] -- Installing: /home/fssja/ros2-project/install/custom_interfaces/local/lib/python3.10/dist-packages/custom_interfaces-0.0.0-py3.10.egg-info/dependency_links.txt
[2.879s] -- Up-to-date: /home/fssja/ros2-project/install/custom_interfaces/local/lib/python3.10/dist-packages/custom_interfaces
[2.879s] -- Up-to-date: /home/fssja/ros2-project/install/custom_interfaces/local/lib/python3.10/dist-packages/custom_interfaces/srv
[2.879s] -- Up-to-date: /home/fssja/ros2-project/install/custom_interfaces/local/lib/python3.10/dist-packages/custom_interfaces/srv/_goto_s.c
[2.879s] -- Up-to-date: /home/fssja/ros2-project/install/custom_interfaces/local/lib/python3.10/dist-packages/custom_interfaces/srv/__init__.py
[2.880s] -- Up-to-date: /home/fssja/ros2-project/install/custom_interfaces/local/lib/python3.10/dist-packages/custom_interfaces/srv/_goto.py
[2.880s] -- Up-to-date: /home/fssja/ros2-project/install/custom_interfaces/local/lib/python3.10/dist-packages/custom_interfaces/__init__.py
[2.880s] -- Up-to-date: /home/fssja/ros2-project/install/custom_interfaces/local/lib/python3.10/dist-packages/custom_interfaces/_custom_interfaces_s.ep.rosidl_typesupport_c.c
[2.880s] -- Up-to-date: /home/fssja/ros2-project/install/custom_interfaces/local/lib/python3.10/dist-packages/custom_interfaces/custom_interfaces_s__rosidl_typesupport_fastrtps_c.cpython-310-x86_64-linux-gnu.so
[2.880s] -- Up-to-date: /home/fssja/ros2-project/install/custom_interfaces/local/lib/python3.10/dist-packages/custom_interfaces/custom_interfaces_s__rosidl_typesupport_c.cpython-310-x86_64-linux-gnu.so
[2.880s] -- Up-to-date: /home/fssja/ros2-project/install/custom_interfaces/local/lib/python3.10/dist-packages/custom_interfaces/_custom_interfaces_s.ep.rosidl_typesupport_introspection_c.c
[2.881s] -- Up-to-date: /home/fssja/ros2-project/install/custom_interfaces/local/lib/python3.10/dist-packages/custom_interfaces/custom_interfaces_s__rosidl_typesupport_introspection_c.cpython-310-x86_64-linux-gnu.so
[2.881s] -- Up-to-date: /home/fssja/ros2-project/install/custom_interfaces/local/lib/python3.10/dist-packages/custom_interfaces/libcustom_interfaces__rosidl_generator_py.so
[2.881s] -- Up-to-date: /home/fssja/ros2-project/install/custom_interfaces/local/lib/python3.10/dist-packages/custom_interfaces/_custom_interfaces_s.ep.rosidl_typesupport_fastrtps_c.c
[3.001s] Listing '/home/fssja/ros2-project/install/custom_interfaces/local/lib/python3.10/dist-packages/custom_interfaces'...
[3.002s] Listing '/home/fssja/ros2-project/install/custom_interfaces/local/lib/python3.10/dist-packages/custom_interfaces/srv'...
[3.020s] -- Up-to-date: /home/fssja/ros2-project/install/custom_interfaces/local/lib/python3.10/dist-packages/custom_interfaces/custom_interfaces_s__rosidl_typesupport_fastrtps_c.cpython-310-x86_64-linux-gnu.so
[3.020s] -- Up-to-date: /home/fssja/ros2-project/install/custom_interfaces/local/lib/python3.10/dist-packages/custom_interfaces/custom_interfaces_s__rosidl_typesupport_introspection_c.cpython-310-x86_64-linux-gnu.so
[3.021s] -- Up-to-date: /home/fssja/ros2-project/install/custom_interfaces/local/lib/python3.10/dist-packages/custom_interfaces/custom_interfaces_s__rosidl_typesupport_c.cpython-310-x86_64-linux-gnu.so
[3.022s] -- Up-to-date: /home/fssja/ros2-project/install/custom_interfaces/lib/libcustom_interfaces__rosidl_generator_py.so
[3.023s] -- Up-to-date: /home/fssja/ros2-project/install/custom_interfaces/share/custom_interfaces/srv/Goto.idl
[3.023s] -- Up-to-date: /home/fssja/ros2-project/install/custom_interfaces/share/custom_interfaces/srv/Goto.srv
[3.023s] -- Up-to-date: /home/fssja/ros2-project/install/custom_interfaces/share/custom_interfaces/srv/Goto_Request.msg
[3.023s] -- Up-to-date: /home/fssja/ros2-project/install/custom_interfaces/share/custom_interfaces/srv/Goto_Response.msg
[3.024s] -- Up-to-date: /home/fssja/ros2-project/install/custom_interfaces/share/ament_index/resource_index/package_run_dependencies/custom_interfaces
[3.024s] -- Up-to-date: /home/fssja/ros2-project/install/custom_interfaces/share/ament_index/resource_index/parent_prefix_path/custom_interfaces
[3.024s] -- Up-to-date: /home/fssja/ros2-project/install/custom_interfaces/share/custom_interfaces/environment/ament_prefix_path.sh
[3.024s] -- Up-to-date: /home/fssja/ros2-project/install/custom_interfaces/share/custom_interfaces/environment/ament_prefix_path.dsv
[3.025s] -- Up-to-date: /home/fssja/ros2-project/install/custom_interfaces/share/custom_interfaces/environment/path.sh
[3.025s] -- Up-to-date: /home/fssja/ros2-project/install/custom_interfaces/share/custom_interfaces/environment/path.dsv
[3.025s] -- Up-to-date: /home/fssja/ros2-project/install/custom_interfaces/share/custom_interfaces/local_setup.bash
[3.025s] -- Up-to-date: /home/fssja/ros2-project/install/custom_interfaces/share/custom_interfaces/local_setup.sh
[3.026s] -- Up-to-date: /home/fssja/ros2-project/install/custom_interfaces/share/custom_interfaces/local_setup.zsh
[3.026s] -- Up-to-date: /home/fssja/ros2-project/install/custom_interfaces/share/custom_interfaces/local_setup.dsv
[3.026s] -- Installing: /home/fssja/ros2-project/install/custom_interfaces/share/custom_interfaces/package.dsv
[3.027s] -- Up-to-date: /home/fssja/ros2-project/install/custom_interfaces/share/ament_index/resource_index/packages/custom_interfaces
[3.027s] -- Up-to-date: /home/fssja/ros2-project/install/custom_interfaces/share/custom_interfaces/cmake/export_custom_interfaces__rosidl_generator_cExport.cmake
[3.027s] -- Up-to-date: /home/fssja/ros2-project/install/custom_interfaces/share/custom_interfaces/cmake/export_custom_interfaces__rosidl_generator_cExport-noconfig.cmake
[3.028s] -- Up-to-date: /home/fssja/ros2-project/install/custom_interfaces/share/custom_interfaces/cmake/export_custom_interfaces__rosidl_typesupport_fastrtps_cExport.cmake
[3.029s] -- Up-to-date: /home/fssja/ros2-project/install/custom_interfaces/share/custom_interfaces/cmake/export_custom_interfaces__rosidl_typesupport_fastrtps_cExport-noconfig.cmake
[3.029s] -- Up-to-date: /home/fssja/ros2-project/install/custom_interfaces/share/custom_interfaces/cmake/custom_interfaces__rosidl_typesupport_introspection_cExport.cmake
[3.029s] -- Up-to-date: /home/fssja/ros2-project/install/custom_interfaces/share/custom_interfaces/cmake/custom_interfaces__rosidl_typesupport_introspection_cExport-noconfig.cmake
[3.030s] -- Up-to-date: /home/fssja/ros2-project/install/custom_interfaces/share/custom_interfaces/cmake/custom_interfaces__rosidl_typesupport_cExport.cmake
[3.030s] -- Up-to-date: /home/fssja/ros2-project/install/custom_interfaces/share/custom_interfaces/cmake/custom_interfaces__rosidl_typesupport_cExport-noconfig.cmake
[3.030s] -- Up-to-date: /home/fssja/ros2-project/install/custom_interfaces/share/custom_interfaces/cmake/export_custom_interfaces__rosidl_generator_cppExport.cmake
[3.030s] -- Up-to-date: /home/fssja/ros2-project/install/custom_interfaces/share/custom_interfaces/cmake/export_custom_interfaces__rosidl_typesupport_fastrtps_cppExport.cmake
[3.030s] -- Up-to-date: /home/fssja/ros2-project/install/custom_interfaces/share/custom_interfaces/cmake/export_custom_interfaces__rosidl_typesupport_fastrtps_cppExport-noconfig.cmake
[3.031s] -- Up-to-date: /home/fssja/ros2-project/install/custom_interfaces/share/custom_interfaces/cmake/custom_interfaces__rosidl_typesupport_introspection_cppExport.cmake
[3.031s] -- Up-to-date: /home/fssja/ros2-project/install/custom_interfaces/share/custom_interfaces/cmake/custom_interfaces__rosidl_typesupport_introspection_cppExport-noconfig.cmake
[3.031s] -- Up-to-date: /home/fssja/ros2-project/install/custom_interfaces/share/custom_interfaces/cmake/custom_interfaces__rosidl_typesupport_cppExport.cmake
[3.031s] -- Up-to-date: /home/fssja/ros2-project/install/custom_interfaces/share/custom_interfaces/cmake/custom_interfaces__rosidl_typesupport_cppExport-noconfig.cmake
[3.031s] -- Up-to-date: /home/fssja/ros2-project/install/custom_interfaces/share/custom_interfaces/cmake/export_custom_interfaces__rosidl_generator_pyExport.cmake
[3.043s] -- Up-to-date: /home/fssja/ros2-project/install/custom_interfaces/share/custom_interfaces/cmake/export_custom_interfaces__rosidl_generator_pyExport-noconfig.cmake
[3.043s] -- Up-to-date: /home/fssja/ros2-project/install/custom_interfaces/share/custom_interfaces/cmake/rosidl_cmake-extras.cmake
[3.043s] -- Up-to-date: /home/fssja/ros2-project/install/custom_interfaces/share/custom_interfaces/cmake/ament_cmake_export_include_directories-extras.cmake
[3.044s] -- Up-to-date: /home/fssja/ros2-project/install/custom_interfaces/share/custom_interfaces/cmake/ament_cmake_export_libraries-extras.cmake
[3.044s] -- Up-to-date: /home/fssja/ros2-project/install/custom_interfaces/share/custom_interfaces/cmake/ament_cmake_export_targets-extras.cmake
[3.044s] -- Up-to-date: /home/fssja/ros2-project/install/custom_interfaces/share/custom_interfaces/cmake/rosidl_cmake_export_typesupport_targets-extras.cmake
[3.044s] -- Up-to-date: /home/fssja/ros2-project/install/custom_interfaces/share/custom_interfaces/cmake/ament_cmake_export_dependencies-extras.cmake
[3.044s] -- Up-to-date: /home/fssja/ros2-project/install/custom_interfaces/share/custom_interfaces/cmake/rosidl_cmake_export_typesupport_libraries-extras.cmake
[3.045s] -- Up-to-date: /home/fssja/ros2-project/install/custom_interfaces/share/custom_interfaces/cmake/custom_interfacesConfig.cmake
[3.045s] -- Up-to-date: /home/fssja/ros2-project/install/custom_interfaces/share/custom_interfaces/cmake/custom_interfacesConfig-version.cmake
[3.045s] -- Up-to-date: /home/fssja/ros2-project/install/custom_interfaces/share/custom_interfaces/package.xml
[3.063s] Invoked command in '/home/fssja/ros2-project/build/custom_interfaces' returned '0': CMAKE_PREFIX_PATH=${CMAKE_PREFIX_PATH}:/home/fssja/turtlebot3_ws/install/turtlebot3_teleop:/home/fssja/turtlebot3_ws/install/turtlebot3_example:/opt/ros/humble /usr/bin/cmake --install /home/fssja/ros2-project/build/custom_interfaces
