[0.105s] Invoking command in '/home/fssja/ros2-project/build/custom_interfaces': CMAKE_PREFIX_PATH=${CMAKE_PREFIX_PATH}:/home/fssja/turtlebot3_ws/install/turtlebot3_teleop:/home/fssja/turtlebot3_ws/install/turtlebot3_example:/opt/ros/humble /usr/bin/cmake --build /home/fssja/ros2-project/build/custom_interfaces -- -j2 -l2
[0.394s] [  9%] Built target custom_interfaces__rosidl_generator_c
[0.416s] [ 12%] Built target custom_interfaces__cpp
[0.554s] [ 12%] Built target ament_cmake_python_copy_custom_interfaces
[0.575s] [ 22%] Built target custom_interfaces__rosidl_typesupport_c
[0.667s] [ 32%] Built target custom_interfaces__rosidl_typesupport_introspection_cpp
[0.769s] [ 41%] Built target custom_interfaces__rosidl_typesupport_fastrtps_cpp
[0.806s] [ 51%] Built target custom_interfaces__rosidl_typesupport_cpp
[0.944s] [ 61%] Built target custom_interfaces__rosidl_typesupport_fastrtps_c
[0.963s] [ 70%] Built target custom_interfaces__rosidl_typesupport_introspection_c
[1.080s] [ 70%] Built target custom_interfaces
[1.199s] [ 74%] Built target custom_interfaces__py
[1.377s] [ 80%] Built target custom_interfaces__rosidl_generator_py
[1.536s] [ 87%] Built target custom_interfaces__rosidl_typesupport_fastrtps_c__pyext
[1.672s] [ 93%] Built target custom_interfaces__rosidl_typesupport_introspection_c__pyext
[1.818s] [100%] Built target custom_interfaces__rosidl_typesupport_c__pyext
[2.087s] running egg_info
[2.089s] writing custom_interfaces.egg-info/PKG-INFO
[2.090s] writing dependency_links to custom_interfaces.egg-info/dependency_links.txt
[2.090s] writing top-level names to custom_interfaces.egg-info/top_level.txt
[2.124s] reading manifest file 'custom_interfaces.egg-info/SOURCES.txt'
[2.144s] writing manifest file 'custom_interfaces.egg-info/SOURCES.txt'
[2.210s] [100%] Built target ament_cmake_python_build_custom_interfaces_egg
[2.255s] Invoked command in '/home/fssja/ros2-project/build/custom_interfaces' returned '0': CMAKE_PREFIX_PATH=${CMAKE_PREFIX_PATH}:/home/fssja/turtlebot3_ws/install/turtlebot3_teleop:/home/fssja/turtlebot3_ws/install/turtlebot3_example:/opt/ros/humble /usr/bin/cmake --build /home/fssja/ros2-project/build/custom_interfaces -- -j2 -l2
[2.490s] Invoking command in '/home/fssja/ros2-project/build/custom_interfaces': CMAKE_PREFIX_PATH=${CMAKE_PREFIX_PATH}:/home/fssja/turtlebot3_ws/install/turtlebot3_teleop:/home/fssja/turtlebot3_ws/install/turtlebot3_example:/opt/ros/humble /usr/bin/cmake --install /home/fssja/ros2-project/build/custom_interfaces
[2.539s] -- Install configuration: ""
[2.539s] -- Up-to-date: /home/fssja/ros2-project/install/custom_interfaces/share/ament_index/resource_index/rosidl_interfaces/custom_interfaces
[2.540s] -- Up-to-date: /home/fssja/ros2-project/install/custom_interfaces/include/custom_interfaces/custom_interfaces
[2.540s] -- Up-to-date: /home/fssja/ros2-project/install/custom_interfaces/include/custom_interfaces/custom_interfaces/srv
[2.541s] -- Up-to-date: /home/fssja/ros2-project/install/custom_interfaces/include/custom_interfaces/custom_interfaces/srv/detail
[2.541s] -- Up-to-date: /home/fssja/ros2-project/install/custom_interfaces/include/custom_interfaces/custom_interfaces/srv/detail/goto__struct.h
[2.542s] -- Up-to-date: /home/fssja/ros2-project/install/custom_interfaces/include/custom_interfaces/custom_interfaces/srv/detail/goto__functions.h
[2.542s] -- Up-to-date: /home/fssja/ros2-project/install/custom_interfaces/include/custom_interfaces/custom_interfaces/srv/detail/goto__type_support.h
[2.548s] -- Up-to-date: /home/fssja/ros2-project/install/custom_interfaces/include/custom_interfaces/custom_interfaces/srv/detail/goto__functions.c
[2.549s] -- Up-to-date: /home/fssja/ros2-project/install/custom_interfaces/include/custom_interfaces/custom_interfaces/srv/goto.h
[2.549s] -- Up-to-date: /home/fssja/ros2-project/install/custom_interfaces/include/custom_interfaces/custom_interfaces/msg
[2.550s] -- Up-to-date: /home/fssja/ros2-project/install/custom_interfaces/include/custom_interfaces/custom_interfaces/msg/rosidl_generator_c__visibility_control.h
[2.551s] -- Up-to-date: /home/fssja/ros2-project/install/custom_interfaces/share/custom_interfaces/environment/library_path.sh
[2.552s] -- Up-to-date: /home/fssja/ros2-project/install/custom_interfaces/share/custom_interfaces/environment/library_path.dsv
[2.562s] -- Up-to-date: /home/fssja/ros2-project/install/custom_interfaces/lib/libcustom_interfaces__rosidl_generator_c.so
[2.563s] -- Up-to-date: /home/fssja/ros2-project/install/custom_interfaces/include/custom_interfaces/custom_interfaces
[2.563s] -- Up-to-date: /home/fssja/ros2-project/install/custom_interfaces/include/custom_interfaces/custom_interfaces/srv
[2.563s] -- Up-to-date: /home/fssja/ros2-project/install/custom_interfaces/include/custom_interfaces/custom_interfaces/srv/detail
[2.563s] -- Up-to-date: /home/fssja/ros2-project/install/custom_interfaces/include/custom_interfaces/custom_interfaces/srv/detail/goto__rosidl_typesupport_fastrtps_c.h
[2.564s] -- Up-to-date: /home/fssja/ros2-project/install/custom_interfaces/include/custom_interfaces/custom_interfaces/msg
[2.564s] -- Up-to-date: /home/fssja/ros2-project/install/custom_interfaces/include/custom_interfaces/custom_interfaces/msg/rosidl_typesupport_fastrtps_c__visibility_control.h
[2.565s] -- Up-to-date: /home/fssja/ros2-project/install/custom_interfaces/lib/libcustom_interfaces__rosidl_typesupport_fastrtps_c.so
[2.566s] -- Up-to-date: /home/fssja/ros2-project/install/custom_interfaces/include/custom_interfaces/custom_interfaces
[2.566s] -- Up-to-date: /home/fssja/ros2-project/install/custom_interfaces/include/custom_interfaces/custom_interfaces/srv
[2.567s] -- Up-to-date: /home/fssja/ros2-project/install/custom_interfaces/include/custom_interfaces/custom_interfaces/srv/detail
[2.567s] -- Up-to-date: /home/fssja/ros2-project/install/custom_interfaces/include/custom_interfaces/custom_interfaces/srv/detail/goto__type_support.c
[2.568s] -- Up-to-date: /home/fssja/ros2-project/install/custom_interfaces/include/custom_interfaces/custom_interfaces/srv/detail/goto__rosidl_typesupport_introspection_c.h
[2.570s] -- Up-to-date: /home/fssja/ros2-project/install/custom_interfaces/include/custom_interfaces/custom_interfaces/msg
[2.570s] -- Up-to-date: /home/fssja/ros2-project/install/custom_interfaces/include/custom_interfaces/custom_interfaces/msg/rosidl_typesupport_introspection_c__visibility_control.h
[2.572s] -- Up-to-date: /home/fssja/ros2-project/install/custom_interfaces/lib/libcustom_interfaces__rosidl_typesupport_introspection_c.so
[2.574s] -- Up-to-date: /home/fssja/ros2-project/install/custom_interfaces/lib/libcustom_interfaces__rosidl_typesupport_c.so
[2.575s] -- Up-to-date: /home/fssja/ros2-project/install/custom_interfaces/include/custom_interfaces/custom_interfaces
[2.576s] -- Up-to-date: /home/fssja/ros2-project/install/custom_interfaces/include/custom_interfaces/custom_interfaces/srv
[2.576s] -- Up-to-date: /home/fssja/ros2-project/install/custom_interfaces/include/custom_interfaces/custom_interfaces/srv/detail
[2.580s] -- Up-to-date: /home/fssja/ros2-project/install/custom_interfaces/include/custom_interfaces/custom_interfaces/srv/detail/goto__builder.hpp
[2.580s] -- Up-to-date: /home/fssja/ros2-project/install/custom_interfaces/include/custom_interfaces/custom_interfaces/srv/detail/goto__struct.hpp
[2.581s] -- Up-to-date: /home/fssja/ros2-project/install/custom_interfaces/include/custom_interfaces/custom_interfaces/srv/detail/goto__traits.hpp
[2.581s] -- Up-to-date: /home/fssja/ros2-project/install/custom_interfaces/include/custom_interfaces/custom_interfaces/srv/goto.hpp
[2.582s] -- Up-to-date: /home/fssja/ros2-project/install/custom_interfaces/include/custom_interfaces/custom_interfaces
[2.582s] -- Up-to-date: /home/fssja/ros2-project/install/custom_interfaces/include/custom_interfaces/custom_interfaces/srv
[2.583s] -- Up-to-date: /home/fssja/ros2-project/install/custom_interfaces/include/custom_interfaces/custom_interfaces/srv/detail
[2.583s] -- Up-to-date: /home/fssja/ros2-project/install/custom_interfaces/include/custom_interfaces/custom_interfaces/srv/detail/dds_fastrtps
[2.583s] -- Up-to-date: /home/fssja/ros2-project/install/custom_interfaces/include/custom_interfaces/custom_interfaces/srv/detail/goto__rosidl_typesupport_fastrtps_cpp.hpp
[2.584s] -- Up-to-date: /home/fssja/ros2-project/install/custom_interfaces/include/custom_interfaces/custom_interfaces/msg
[2.584s] -- Up-to-date: /home/fssja/ros2-project/install/custom_interfaces/include/custom_interfaces/custom_interfaces/msg/rosidl_typesupport_fastrtps_cpp__visibility_control.h
[2.585s] -- Up-to-date: /home/fssja/ros2-project/install/custom_interfaces/lib/libcustom_interfaces__rosidl_typesupport_fastrtps_cpp.so
[2.588s] -- Up-to-date: /home/fssja/ros2-project/install/custom_interfaces/include/custom_interfaces/custom_interfaces
[2.588s] -- Up-to-date: /home/fssja/ros2-project/install/custom_interfaces/include/custom_interfaces/custom_interfaces/srv
[2.589s] -- Up-to-date: /home/fssja/ros2-project/install/custom_interfaces/include/custom_interfaces/custom_interfaces/srv/detail
[2.589s] -- Up-to-date: /home/fssja/ros2-project/install/custom_interfaces/include/custom_interfaces/custom_interfaces/srv/detail/goto__rosidl_typesupport_introspection_cpp.hpp
[2.589s] -- Up-to-date: /home/fssja/ros2-project/install/custom_interfaces/include/custom_interfaces/custom_interfaces/srv/detail/goto__type_support.cpp
[2.600s] -- Up-to-date: /home/fssja/ros2-project/install/custom_interfaces/lib/libcustom_interfaces__rosidl_typesupport_introspection_cpp.so
[2.600s] -- Up-to-date: /home/fssja/ros2-project/install/custom_interfaces/lib/libcustom_interfaces__rosidl_typesupport_cpp.so
[2.600s] -- Up-to-date: /home/fssja/ros2-project/install/custom_interfaces/share/custom_interfaces/environment/pythonpath.sh
[2.601s] -- Up-to-date: /home/fssja/ros2-project/install/custom_interfaces/share/custom_interfaces/environment/pythonpath.dsv
[2.601s] -- Up-to-date: /home/fssja/ros2-project/install/custom_interfaces/local/lib/python3.10/dist-packages/custom_interfaces-0.0.0-py3.10.egg-info
[2.601s] -- Installing: /home/fssja/ros2-project/install/custom_interfaces/local/lib/python3.10/dist-packages/custom_interfaces-0.0.0-py3.10.egg-info/PKG-INFO
[2.601s] -- Installing: /home/fssja/ros2-project/install/custom_interfaces/local/lib/python3.10/dist-packages/custom_interfaces-0.0.0-py3.10.egg-info/SOURCES.txt
[2.601s] -- Installing: /home/fssja/ros2-project/install/custom_interfaces/local/lib/python3.10/dist-packages/custom_interfaces-0.0.0-py3.10.egg-info/top_level.txt
[2.602s] -- Installing: /home/fssja/ros2-project/install/custom_interfaces/local/lib/python3.10/dist-packages/custom_interfaces-0.0.0-py3.10.egg-info/dependency_links.txt
[2.602s] -- Up-to-date: /home/fssja/ros2-project/install/custom_interfaces/local/lib/python3.10/dist-packages/custom_interfaces
[2.602s] -- Up-to-date: /home/fssja/ros2-project/install/custom_interfaces/local/lib/python3.10/dist-packages/custom_interfaces/srv
[2.602s] -- Up-to-date: /home/fssja/ros2-project/install/custom_interfaces/local/lib/python3.10/dist-packages/custom_interfaces/srv/_goto_s.c
[2.602s] -- Up-to-date: /home/fssja/ros2-project/install/custom_interfaces/local/lib/python3.10/dist-packages/custom_interfaces/srv/__init__.py
[2.602s] -- Up-to-date: /home/fssja/ros2-project/install/custom_interfaces/local/lib/python3.10/dist-packages/custom_interfaces/srv/_goto.py
[2.603s] -- Up-to-date: /home/fssja/ros2-project/install/custom_interfaces/local/lib/python3.10/dist-packages/custom_interfaces/__init__.py
[2.603s] -- Up-to-date: /home/fssja/ros2-project/install/custom_interfaces/local/lib/python3.10/dist-packages/custom_interfaces/_custom_interfaces_s.ep.rosidl_typesupport_c.c
[2.603s] -- Up-to-date: /home/fssja/ros2-project/install/custom_interfaces/local/lib/python3.10/dist-packages/custom_interfaces/custom_interfaces_s__rosidl_typesupport_fastrtps_c.cpython-310-x86_64-linux-gnu.so
[2.603s] -- Up-to-date: /home/fssja/ros2-project/install/custom_interfaces/local/lib/python3.10/dist-packages/custom_interfaces/custom_interfaces_s__rosidl_typesupport_c.cpython-310-x86_64-linux-gnu.so
[2.603s] -- Up-to-date: /home/fssja/ros2-project/install/custom_interfaces/local/lib/python3.10/dist-packages/custom_interfaces/_custom_interfaces_s.ep.rosidl_typesupport_introspection_c.c
[2.605s] -- Up-to-date: /home/fssja/ros2-project/install/custom_interfaces/local/lib/python3.10/dist-packages/custom_interfaces/custom_interfaces_s__rosidl_typesupport_introspection_c.cpython-310-x86_64-linux-gnu.so
[2.606s] -- Up-to-date: /home/fssja/ros2-project/install/custom_interfaces/local/lib/python3.10/dist-packages/custom_interfaces/libcustom_interfaces__rosidl_generator_py.so
[2.606s] -- Up-to-date: /home/fssja/ros2-project/install/custom_interfaces/local/lib/python3.10/dist-packages/custom_interfaces/_custom_interfaces_s.ep.rosidl_typesupport_fastrtps_c.c
[2.812s] Listing '/home/fssja/ros2-project/install/custom_interfaces/local/lib/python3.10/dist-packages/custom_interfaces'...
[2.812s] Listing '/home/fssja/ros2-project/install/custom_interfaces/local/lib/python3.10/dist-packages/custom_interfaces/srv'...
[2.826s] -- Up-to-date: /home/fssja/ros2-project/install/custom_interfaces/local/lib/python3.10/dist-packages/custom_interfaces/custom_interfaces_s__rosidl_typesupport_fastrtps_c.cpython-310-x86_64-linux-gnu.so
[2.827s] -- Up-to-date: /home/fssja/ros2-project/install/custom_interfaces/local/lib/python3.10/dist-packages/custom_interfaces/custom_interfaces_s__rosidl_typesupport_introspection_c.cpython-310-x86_64-linux-gnu.so
[2.828s] -- Up-to-date: /home/fssja/ros2-project/install/custom_interfaces/local/lib/python3.10/dist-packages/custom_interfaces/custom_interfaces_s__rosidl_typesupport_c.cpython-310-x86_64-linux-gnu.so
[2.829s] -- Up-to-date: /home/fssja/ros2-project/install/custom_interfaces/lib/libcustom_interfaces__rosidl_generator_py.so
[2.830s] -- Up-to-date: /home/fssja/ros2-project/install/custom_interfaces/share/custom_interfaces/srv/Goto.idl
[2.831s] -- Up-to-date: /home/fssja/ros2-project/install/custom_interfaces/share/custom_interfaces/srv/Goto.srv
[2.834s] -- Up-to-date: /home/fssja/ros2-project/install/custom_interfaces/share/custom_interfaces/srv/Goto_Request.msg
[2.835s] -- Up-to-date: /home/fssja/ros2-project/install/custom_interfaces/share/custom_interfaces/srv/Goto_Response.msg
[2.836s] -- Up-to-date: /home/fssja/ros2-project/install/custom_interfaces/share/ament_index/resource_index/package_run_dependencies/custom_interfaces
[2.836s] -- Up-to-date: /home/fssja/ros2-project/install/custom_interfaces/share/ament_index/resource_index/parent_prefix_path/custom_interfaces
[2.837s] -- Up-to-date: /home/fssja/ros2-project/install/custom_interfaces/share/custom_interfaces/environment/ament_prefix_path.sh
[2.837s] -- Up-to-date: /home/fssja/ros2-project/install/custom_interfaces/share/custom_interfaces/environment/ament_prefix_path.dsv
[2.838s] -- Up-to-date: /home/fssja/ros2-project/install/custom_interfaces/share/custom_interfaces/environment/path.sh
[2.844s] -- Up-to-date: /home/fssja/ros2-project/install/custom_interfaces/share/custom_interfaces/environment/path.dsv
[2.844s] -- Up-to-date: /home/fssja/ros2-project/install/custom_interfaces/share/custom_interfaces/local_setup.bash
[2.845s] -- Up-to-date: /home/fssja/ros2-project/install/custom_interfaces/share/custom_interfaces/local_setup.sh
[2.845s] -- Up-to-date: /home/fssja/ros2-project/install/custom_interfaces/share/custom_interfaces/local_setup.zsh
[2.846s] -- Up-to-date: /home/fssja/ros2-project/install/custom_interfaces/share/custom_interfaces/local_setup.dsv
[2.846s] -- Installing: /home/fssja/ros2-project/install/custom_interfaces/share/custom_interfaces/package.dsv
[2.853s] -- Up-to-date: /home/fssja/ros2-project/install/custom_interfaces/share/ament_index/resource_index/packages/custom_interfaces
[2.867s] -- Up-to-date: /home/fssja/ros2-project/install/custom_interfaces/share/custom_interfaces/cmake/export_custom_interfaces__rosidl_generator_cExport.cmake
[2.868s] -- Up-to-date: /home/fssja/ros2-project/install/custom_interfaces/share/custom_interfaces/cmake/export_custom_interfaces__rosidl_generator_cExport-noconfig.cmake
[2.869s] -- Up-to-date: /home/fssja/ros2-project/install/custom_interfaces/share/custom_interfaces/cmake/export_custom_interfaces__rosidl_typesupport_fastrtps_cExport.cmake
[2.869s] -- Up-to-date: /home/fssja/ros2-project/install/custom_interfaces/share/custom_interfaces/cmake/export_custom_interfaces__rosidl_typesupport_fastrtps_cExport-noconfig.cmake
[2.870s] -- Up-to-date: /home/fssja/ros2-project/install/custom_interfaces/share/custom_interfaces/cmake/custom_interfaces__rosidl_typesupport_introspection_cExport.cmake
[2.870s] -- Up-to-date: /home/fssja/ros2-project/install/custom_interfaces/share/custom_interfaces/cmake/custom_interfaces__rosidl_typesupport_introspection_cExport-noconfig.cmake
[2.871s] -- Up-to-date: /home/fssja/ros2-project/install/custom_interfaces/share/custom_interfaces/cmake/custom_interfaces__rosidl_typesupport_cExport.cmake
[2.872s] -- Up-to-date: /home/fssja/ros2-project/install/custom_interfaces/share/custom_interfaces/cmake/custom_interfaces__rosidl_typesupport_cExport-noconfig.cmake
[2.874s] -- Up-to-date: /home/fssja/ros2-project/install/custom_interfaces/share/custom_interfaces/cmake/export_custom_interfaces__rosidl_generator_cppExport.cmake
[2.880s] -- Up-to-date: /home/fssja/ros2-project/install/custom_interfaces/share/custom_interfaces/cmake/export_custom_interfaces__rosidl_typesupport_fastrtps_cppExport.cmake
[2.881s] -- Up-to-date: /home/fssja/ros2-project/install/custom_interfaces/share/custom_interfaces/cmake/export_custom_interfaces__rosidl_typesupport_fastrtps_cppExport-noconfig.cmake
[2.882s] -- Up-to-date: /home/fssja/ros2-project/install/custom_interfaces/share/custom_interfaces/cmake/custom_interfaces__rosidl_typesupport_introspection_cppExport.cmake
[2.882s] -- Up-to-date: /home/fssja/ros2-project/install/custom_interfaces/share/custom_interfaces/cmake/custom_interfaces__rosidl_typesupport_introspection_cppExport-noconfig.cmake
[2.883s] -- Up-to-date: /home/fssja/ros2-project/install/custom_interfaces/share/custom_interfaces/cmake/custom_interfaces__rosidl_typesupport_cppExport.cmake
[2.883s] -- Up-to-date: /home/fssja/ros2-project/install/custom_interfaces/share/custom_interfaces/cmake/custom_interfaces__rosidl_typesupport_cppExport-noconfig.cmake
[2.884s] -- Up-to-date: /home/fssja/ros2-project/install/custom_interfaces/share/custom_interfaces/cmake/export_custom_interfaces__rosidl_generator_pyExport.cmake
[2.885s] -- Up-to-date: /home/fssja/ros2-project/install/custom_interfaces/share/custom_interfaces/cmake/export_custom_interfaces__rosidl_generator_pyExport-noconfig.cmake
[2.885s] -- Up-to-date: /home/fssja/ros2-project/install/custom_interfaces/share/custom_interfaces/cmake/rosidl_cmake-extras.cmake
[2.886s] -- Up-to-date: /home/fssja/ros2-project/install/custom_interfaces/share/custom_interfaces/cmake/ament_cmake_export_include_directories-extras.cmake
[2.886s] -- Up-to-date: /home/fssja/ros2-project/install/custom_interfaces/share/custom_interfaces/cmake/ament_cmake_export_libraries-extras.cmake
[2.889s] -- Up-to-date: /home/fssja/ros2-project/install/custom_interfaces/share/custom_interfaces/cmake/ament_cmake_export_targets-extras.cmake
[2.890s] -- Up-to-date: /home/fssja/ros2-project/install/custom_interfaces/share/custom_interfaces/cmake/rosidl_cmake_export_typesupport_targets-extras.cmake
[2.890s] -- Up-to-date: /home/fssja/ros2-project/install/custom_interfaces/share/custom_interfaces/cmake/ament_cmake_export_dependencies-extras.cmake
[2.891s] -- Up-to-date: /home/fssja/ros2-project/install/custom_interfaces/share/custom_interfaces/cmake/rosidl_cmake_export_typesupport_libraries-extras.cmake
[2.892s] -- Up-to-date: /home/fssja/ros2-project/install/custom_interfaces/share/custom_interfaces/cmake/custom_interfacesConfig.cmake
[2.892s] -- Up-to-date: /home/fssja/ros2-project/install/custom_interfaces/share/custom_interfaces/cmake/custom_interfacesConfig-version.cmake
[2.895s] -- Up-to-date: /home/fssja/ros2-project/install/custom_interfaces/share/custom_interfaces/package.xml
[2.908s] Invoked command in '/home/fssja/ros2-project/build/custom_interfaces' returned '0': CMAKE_PREFIX_PATH=${CMAKE_PREFIX_PATH}:/home/fssja/turtlebot3_ws/install/turtlebot3_teleop:/home/fssja/turtlebot3_ws/install/turtlebot3_example:/opt/ros/humble /usr/bin/cmake --install /home/fssja/ros2-project/build/custom_interfaces
