[1.212s] Invoking command in '/home/fssja/turtlebot3_ws/build/turtlebot3_bringup': AMENT_PREFIX_PATH=/home/fssja/turtlebot3_ws/install/turtlebot3_node:/home/fssja/turtlebot3_ws/install/turtlebot3_msgs:/home/fssja/turtlebot3_ws/install/turtlebot3_description:/home/fssja/turtlebot3_ws/install/dynamixel_sdk:${AMENT_PREFIX_PATH} CMAKE_PREFIX_PATH=/home/fssja/turtlebot3_ws/install/turtlebot3_node:/home/fssja/turtlebot3_ws/install/turtlebot3_msgs:/home/fssja/turtlebot3_ws/install/turtlebot3_description:/home/fssja/turtlebot3_ws/install/dynamixel_sdk:/home/fssja/ros2_ws/install/the_publisher:/home/fssja/ros2_ws/install/publish_and_subscribe:/opt/ros/humble LD_LIBRARY_PATH=/home/fssja/turtlebot3_ws/install/turtlebot3_msgs/lib:/home/fssja/turtlebot3_ws/install/dynamixel_sdk/lib:${LD_LIBRARY_PATH} PYTHONPATH=/home/fssja/turtlebot3_ws/install/turtlebot3_msgs/local/lib/python3.10/dist-packages:${PYTHONPATH} /usr/bin/cmake --build /home/fssja/turtlebot3_ws/build/turtlebot3_bringup -- -j2 -l2
[1.595s] Invoked command in '/home/fssja/turtlebot3_ws/build/turtlebot3_bringup' returned '0': AMENT_PREFIX_PATH=/home/fssja/turtlebot3_ws/install/turtlebot3_node:/home/fssja/turtlebot3_ws/install/turtlebot3_msgs:/home/fssja/turtlebot3_ws/install/turtlebot3_description:/home/fssja/turtlebot3_ws/install/dynamixel_sdk:${AMENT_PREFIX_PATH} CMAKE_PREFIX_PATH=/home/fssja/turtlebot3_ws/install/turtlebot3_node:/home/fssja/turtlebot3_ws/install/turtlebot3_msgs:/home/fssja/turtlebot3_ws/install/turtlebot3_description:/home/fssja/turtlebot3_ws/install/dynamixel_sdk:/home/fssja/ros2_ws/install/the_publisher:/home/fssja/ros2_ws/install/publish_and_subscribe:/opt/ros/humble LD_LIBRARY_PATH=/home/fssja/turtlebot3_ws/install/turtlebot3_msgs/lib:/home/fssja/turtlebot3_ws/install/dynamixel_sdk/lib:${LD_LIBRARY_PATH} PYTHONPATH=/home/fssja/turtlebot3_ws/install/turtlebot3_msgs/local/lib/python3.10/dist-packages:${PYTHONPATH} /usr/bin/cmake --build /home/fssja/turtlebot3_ws/build/turtlebot3_bringup -- -j2 -l2
[1.983s] Invoking command in '/home/fssja/turtlebot3_ws/build/turtlebot3_bringup': AMENT_PREFIX_PATH=/home/fssja/turtlebot3_ws/install/turtlebot3_node:/home/fssja/turtlebot3_ws/install/turtlebot3_msgs:/home/fssja/turtlebot3_ws/install/turtlebot3_description:/home/fssja/turtlebot3_ws/install/dynamixel_sdk:${AMENT_PREFIX_PATH} CMAKE_PREFIX_PATH=/home/fssja/turtlebot3_ws/install/turtlebot3_node:/home/fssja/turtlebot3_ws/install/turtlebot3_msgs:/home/fssja/turtlebot3_ws/install/turtlebot3_description:/home/fssja/turtlebot3_ws/install/dynamixel_sdk:/home/fssja/ros2_ws/install/the_publisher:/home/fssja/ros2_ws/install/publish_and_subscribe:/opt/ros/humble LD_LIBRARY_PATH=/home/fssja/turtlebot3_ws/install/turtlebot3_msgs/lib:/home/fssja/turtlebot3_ws/install/dynamixel_sdk/lib:${LD_LIBRARY_PATH} PYTHONPATH=/home/fssja/turtlebot3_ws/install/turtlebot3_msgs/local/lib/python3.10/dist-packages:${PYTHONPATH} /usr/bin/cmake --install /home/fssja/turtlebot3_ws/build/turtlebot3_bringup
[2.073s] -- Install configuration: ""
[2.074s] -- Up-to-date: /home/fssja/turtlebot3_ws/install/turtlebot3_bringup/share/turtlebot3_bringup/launch
[2.078s] -- Up-to-date: /home/fssja/turtlebot3_ws/install/turtlebot3_bringup/share/turtlebot3_bringup/launch/turtlebot3_state_publisher.launch.py
[2.079s] -- Up-to-date: /home/fssja/turtlebot3_ws/install/turtlebot3_bringup/share/turtlebot3_bringup/launch/robot.launch.py
[2.079s] -- Up-to-date: /home/fssja/turtlebot3_ws/install/turtlebot3_bringup/share/turtlebot3_bringup/launch/rviz2.launch.py
[2.079s] -- Up-to-date: /home/fssja/turtlebot3_ws/install/turtlebot3_bringup/share/turtlebot3_bringup/param
[2.080s] -- Up-to-date: /home/fssja/turtlebot3_ws/install/turtlebot3_bringup/share/turtlebot3_bringup/param/burger.yaml
[2.135s] -- Up-to-date: /home/fssja/turtlebot3_ws/install/turtlebot3_bringup/share/turtlebot3_bringup/param/waffle.yaml
[2.136s] -- Up-to-date: /home/fssja/turtlebot3_ws/install/turtlebot3_bringup/share/turtlebot3_bringup/param/waffle_pi.yaml
[2.136s] -- Up-to-date: /home/fssja/turtlebot3_ws/install/turtlebot3_bringup/share/turtlebot3_bringup/script
[2.137s] -- Up-to-date: /home/fssja/turtlebot3_ws/install/turtlebot3_bringup/share/turtlebot3_bringup/script/99-turtlebot3-cdc.rules
[2.137s] -- Up-to-date: /home/fssja/turtlebot3_ws/install/turtlebot3_bringup/share/turtlebot3_bringup/script/create_udev_rules
[2.137s] -- Up-to-date: /home/fssja/turtlebot3_ws/install/turtlebot3_bringup/share/ament_index/resource_index/package_run_dependencies/turtlebot3_bringup
[2.137s] -- Up-to-date: /home/fssja/turtlebot3_ws/install/turtlebot3_bringup/share/ament_index/resource_index/parent_prefix_path/turtlebot3_bringup
[2.137s] -- Up-to-date: /home/fssja/turtlebot3_ws/install/turtlebot3_bringup/share/turtlebot3_bringup/environment/ament_prefix_path.sh
[2.138s] -- Up-to-date: /home/fssja/turtlebot3_ws/install/turtlebot3_bringup/share/turtlebot3_bringup/environment/ament_prefix_path.dsv
[2.138s] -- Up-to-date: /home/fssja/turtlebot3_ws/install/turtlebot3_bringup/share/turtlebot3_bringup/environment/path.sh
[2.138s] -- Up-to-date: /home/fssja/turtlebot3_ws/install/turtlebot3_bringup/share/turtlebot3_bringup/environment/path.dsv
[2.138s] -- Up-to-date: /home/fssja/turtlebot3_ws/install/turtlebot3_bringup/share/turtlebot3_bringup/local_setup.bash
[2.138s] -- Up-to-date: /home/fssja/turtlebot3_ws/install/turtlebot3_bringup/share/turtlebot3_bringup/local_setup.sh
[2.138s] -- Up-to-date: /home/fssja/turtlebot3_ws/install/turtlebot3_bringup/share/turtlebot3_bringup/local_setup.zsh
[2.139s] -- Up-to-date: /home/fssja/turtlebot3_ws/install/turtlebot3_bringup/share/turtlebot3_bringup/local_setup.dsv
[2.139s] -- Installing: /home/fssja/turtlebot3_ws/install/turtlebot3_bringup/share/turtlebot3_bringup/package.dsv
[2.139s] -- Up-to-date: /home/fssja/turtlebot3_ws/install/turtlebot3_bringup/share/ament_index/resource_index/packages/turtlebot3_bringup
[2.139s] -- Up-to-date: /home/fssja/turtlebot3_ws/install/turtlebot3_bringup/share/turtlebot3_bringup/cmake/turtlebot3_bringupConfig.cmake
[2.139s] -- Up-to-date: /home/fssja/turtlebot3_ws/install/turtlebot3_bringup/share/turtlebot3_bringup/cmake/turtlebot3_bringupConfig-version.cmake
[2.139s] -- Up-to-date: /home/fssja/turtlebot3_ws/install/turtlebot3_bringup/share/turtlebot3_bringup/package.xml
[2.140s] Invoked command in '/home/fssja/turtlebot3_ws/build/turtlebot3_bringup' returned '0': AMENT_PREFIX_PATH=/home/fssja/turtlebot3_ws/install/turtlebot3_node:/home/fssja/turtlebot3_ws/install/turtlebot3_msgs:/home/fssja/turtlebot3_ws/install/turtlebot3_description:/home/fssja/turtlebot3_ws/install/dynamixel_sdk:${AMENT_PREFIX_PATH} CMAKE_PREFIX_PATH=/home/fssja/turtlebot3_ws/install/turtlebot3_node:/home/fssja/turtlebot3_ws/install/turtlebot3_msgs:/home/fssja/turtlebot3_ws/install/turtlebot3_description:/home/fssja/turtlebot3_ws/install/dynamixel_sdk:/home/fssja/ros2_ws/install/the_publisher:/home/fssja/ros2_ws/install/publish_and_subscribe:/opt/ros/humble LD_LIBRARY_PATH=/home/fssja/turtlebot3_ws/install/turtlebot3_msgs/lib:/home/fssja/turtlebot3_ws/install/dynamixel_sdk/lib:${LD_LIBRARY_PATH} PYTHONPATH=/home/fssja/turtlebot3_ws/install/turtlebot3_msgs/local/lib/python3.10/dist-packages:${PYTHONPATH} /usr/bin/cmake --install /home/fssja/turtlebot3_ws/build/turtlebot3_bringup
