[1.530s] Invoking command in '/home/fssja/turtlebot3_ws/build/turtlebot3_description': CMAKE_PREFIX_PATH=${CMAKE_PREFIX_PATH}:/opt/ros/humble /usr/bin/cmake --build /home/fssja/turtlebot3_ws/build/turtlebot3_description -- -j2 -l2
[2.111s] Invoked command in '/home/fssja/turtlebot3_ws/build/turtlebot3_description' returned '0': CMAKE_PREFIX_PATH=${CMAKE_PREFIX_PATH}:/opt/ros/humble /usr/bin/cmake --build /home/fssja/turtlebot3_ws/build/turtlebot3_description -- -j2 -l2
[2.315s] Invoking command in '/home/fssja/turtlebot3_ws/build/turtlebot3_description': CMAKE_PREFIX_PATH=${CMAKE_PREFIX_PATH}:/opt/ros/humble /usr/bin/cmake --install /home/fssja/turtlebot3_ws/build/turtlebot3_description
[2.520s] -- Install configuration: ""
[2.531s] -- Up-to-date: /home/fssja/turtlebot3_ws/install/turtlebot3_description/share/turtlebot3_description/meshes
[2.562s] -- Up-to-date: /home/fssja/turtlebot3_ws/install/turtlebot3_description/share/turtlebot3_description/meshes/sensors
[2.567s] -- Up-to-date: /home/fssja/turtlebot3_ws/install/turtlebot3_description/share/turtlebot3_description/meshes/sensors/astra.jpg
[2.568s] -- Up-to-date: /home/fssja/turtlebot3_ws/install/turtlebot3_description/share/turtlebot3_description/meshes/sensors/r200.dae
[2.571s] -- Up-to-date: /home/fssja/turtlebot3_ws/install/turtlebot3_description/share/turtlebot3_description/meshes/sensors/lds.stl
[2.574s] -- Up-to-date: /home/fssja/turtlebot3_ws/install/turtlebot3_description/share/turtlebot3_description/meshes/sensors/astra.dae
[2.575s] -- Up-to-date: /home/fssja/turtlebot3_ws/install/turtlebot3_description/share/turtlebot3_description/meshes/sensors/r200.jpg
[2.578s] -- Up-to-date: /home/fssja/turtlebot3_ws/install/turtlebot3_description/share/turtlebot3_description/meshes/wheels
[2.580s] -- Up-to-date: /home/fssja/turtlebot3_ws/install/turtlebot3_description/share/turtlebot3_description/meshes/wheels/left_tire.stl
[2.587s] -- Up-to-date: /home/fssja/turtlebot3_ws/install/turtlebot3_description/share/turtlebot3_description/meshes/wheels/right_tire.stl
[2.598s] -- Up-to-date: /home/fssja/turtlebot3_ws/install/turtlebot3_description/share/turtlebot3_description/meshes/bases
[2.627s] -- Up-to-date: /home/fssja/turtlebot3_ws/install/turtlebot3_description/share/turtlebot3_description/meshes/bases/burger_base.stl
[2.631s] -- Up-to-date: /home/fssja/turtlebot3_ws/install/turtlebot3_description/share/turtlebot3_description/meshes/bases/waffle_base.stl
[2.631s] -- Up-to-date: /home/fssja/turtlebot3_ws/install/turtlebot3_description/share/turtlebot3_description/meshes/bases/waffle_pi_base.stl
[2.631s] -- Up-to-date: /home/fssja/turtlebot3_ws/install/turtlebot3_description/share/turtlebot3_description/rviz
[2.632s] -- Up-to-date: /home/fssja/turtlebot3_ws/install/turtlebot3_description/share/turtlebot3_description/rviz/model.rviz
[2.632s] -- Up-to-date: /home/fssja/turtlebot3_ws/install/turtlebot3_description/share/turtlebot3_description/urdf
[2.632s] -- Up-to-date: /home/fssja/turtlebot3_ws/install/turtlebot3_description/share/turtlebot3_description/urdf/turtlebot3_burger.urdf
[2.649s] -- Up-to-date: /home/fssja/turtlebot3_ws/install/turtlebot3_description/share/turtlebot3_description/urdf/turtlebot3_waffle_pi.urdf
[2.649s] -- Up-to-date: /home/fssja/turtlebot3_ws/install/turtlebot3_description/share/turtlebot3_description/urdf/common_properties.urdf
[2.649s] -- Up-to-date: /home/fssja/turtlebot3_ws/install/turtlebot3_description/share/turtlebot3_description/urdf/turtlebot3_waffle.urdf
[2.650s] -- Up-to-date: /home/fssja/turtlebot3_ws/install/turtlebot3_description/share/ament_index/resource_index/package_run_dependencies/turtlebot3_description
[2.650s] -- Up-to-date: /home/fssja/turtlebot3_ws/install/turtlebot3_description/share/ament_index/resource_index/parent_prefix_path/turtlebot3_description
[2.650s] -- Up-to-date: /home/fssja/turtlebot3_ws/install/turtlebot3_description/share/turtlebot3_description/environment/ament_prefix_path.sh
[2.651s] -- Up-to-date: /home/fssja/turtlebot3_ws/install/turtlebot3_description/share/turtlebot3_description/environment/ament_prefix_path.dsv
[2.651s] -- Up-to-date: /home/fssja/turtlebot3_ws/install/turtlebot3_description/share/turtlebot3_description/environment/path.sh
[2.768s] -- Up-to-date: /home/fssja/turtlebot3_ws/install/turtlebot3_description/share/turtlebot3_description/environment/path.dsv
[2.769s] -- Up-to-date: /home/fssja/turtlebot3_ws/install/turtlebot3_description/share/turtlebot3_description/local_setup.bash
[2.769s] -- Up-to-date: /home/fssja/turtlebot3_ws/install/turtlebot3_description/share/turtlebot3_description/local_setup.sh
[2.769s] -- Up-to-date: /home/fssja/turtlebot3_ws/install/turtlebot3_description/share/turtlebot3_description/local_setup.zsh
[2.769s] -- Up-to-date: /home/fssja/turtlebot3_ws/install/turtlebot3_description/share/turtlebot3_description/local_setup.dsv
[2.769s] -- Installing: /home/fssja/turtlebot3_ws/install/turtlebot3_description/share/turtlebot3_description/package.dsv
[2.770s] -- Up-to-date: /home/fssja/turtlebot3_ws/install/turtlebot3_description/share/ament_index/resource_index/packages/turtlebot3_description
[2.770s] -- Up-to-date: /home/fssja/turtlebot3_ws/install/turtlebot3_description/share/turtlebot3_description/cmake/turtlebot3_descriptionConfig.cmake
[2.770s] -- Up-to-date: /home/fssja/turtlebot3_ws/install/turtlebot3_description/share/turtlebot3_description/cmake/turtlebot3_descriptionConfig-version.cmake
[2.770s] -- Up-to-date: /home/fssja/turtlebot3_ws/install/turtlebot3_description/share/turtlebot3_description/package.xml
[2.770s] Invoked command in '/home/fssja/turtlebot3_ws/build/turtlebot3_description' returned '0': CMAKE_PREFIX_PATH=${CMAKE_PREFIX_PATH}:/opt/ros/humble /usr/bin/cmake --install /home/fssja/turtlebot3_ws/build/turtlebot3_description
