[2.380s] DEBUG:colcon:Command line arguments: ['/usr/bin/colcon', 'build', '--packages-select', 'publish_and_subscribe']
[2.380s] DEBUG:colcon:Parsed command line arguments: Namespace(log_base=None, log_level=None, verb_name='build', build_base='build', install_base='install', merge_install=False, symlink_install=False, test_result_base=None, continue_on_error=False, executor='parallel', parallel_workers=2, event_handlers=None, ignore_user_meta=False, metas=['./colcon.meta'], base_paths=['.'], packages_ignore=None, packages_ignore_regex=None, paths=None, packages_up_to=None, packages_up_to_regex=None, packages_above=None, packages_above_and_dependencies=None, packages_above_depth=None, packages_select_by_dep=None, packages_skip_by_dep=None, packages_skip_up_to=None, packages_select_build_failed=False, packages_skip_build_finished=False, packages_select_test_failures=False, packages_skip_test_passed=False, packages_select=['publish_and_subscribe'], packages_skip=None, packages_select_regex=None, packages_skip_regex=None, packages_start=None, packages_end=None, allow_overriding=[], cmake_args=None, cmake_target=None, cmake_target_skip_unavailable=False, cmake_clean_cache=False, cmake_clean_first=False, cmake_force_configure=False, ament_cmake_args=None, catkin_cmake_args=None, catkin_skip_building_tests=False, verb_parser=<colcon_defaults.argument_parser.defaults.DefaultArgumentsDecorator object at 0x7fad50b86860>, verb_extension=<colcon_core.verb.build.BuildVerb object at 0x7fad50b877f0>, main=<bound method BuildVerb.main of <colcon_core.verb.build.BuildVerb object at 0x7fad50b877f0>>)
[2.489s] Level 1:colcon.colcon_core.package_discovery:discover_packages(colcon_meta) check parameters
[2.489s] Level 1:colcon.colcon_core.package_discovery:discover_packages(recursive) check parameters
[2.490s] Level 1:colcon.colcon_core.package_discovery:discover_packages(ignore) check parameters
[2.490s] Level 1:colcon.colcon_core.package_discovery:discover_packages(path) check parameters
[2.490s] Level 1:colcon.colcon_core.package_discovery:discover_packages(colcon_meta) discover
[2.490s] Level 1:colcon.colcon_core.package_discovery:discover_packages(recursive) discover
[2.490s] INFO:colcon.colcon_core.package_discovery:Crawling recursively for packages in '/home/fssja/ros2_ws'
[2.491s] Level 1:colcon.colcon_core.package_identification:_identify(.) by extensions ['ignore', 'ignore_ament_install']
[2.491s] Level 1:colcon.colcon_core.package_identification:_identify(.) by extension 'ignore'
[2.491s] Level 1:colcon.colcon_core.package_identification:_identify(.) by extension 'ignore_ament_install'
[2.491s] Level 1:colcon.colcon_core.package_identification:_identify(.) by extensions ['colcon_pkg']
[2.491s] Level 1:colcon.colcon_core.package_identification:_identify(.) by extension 'colcon_pkg'
[2.491s] Level 1:colcon.colcon_core.package_identification:_identify(.) by extensions ['colcon_meta']
[2.491s] Level 1:colcon.colcon_core.package_identification:_identify(.) by extension 'colcon_meta'
[2.492s] Level 1:colcon.colcon_core.package_identification:_identify(.) by extensions ['ros']
[2.492s] Level 1:colcon.colcon_core.package_identification:_identify(.) by extension 'ros'
[2.518s] Level 1:colcon.colcon_core.package_identification:_identify(.) by extensions ['cmake', 'python']
[2.518s] Level 1:colcon.colcon_core.package_identification:_identify(.) by extension 'cmake'
[2.518s] Level 1:colcon.colcon_core.package_identification:_identify(.) by extension 'python'
[2.518s] Level 1:colcon.colcon_core.package_identification:_identify(.) by extensions ['python_setup_py']
[2.519s] Level 1:colcon.colcon_core.package_identification:_identify(.) by extension 'python_setup_py'
[2.519s] Level 1:colcon.colcon_core.package_identification:_identify(build) by extensions ['ignore', 'ignore_ament_install']
[2.519s] Level 1:colcon.colcon_core.package_identification:_identify(build) by extension 'ignore'
[2.519s] Level 1:colcon.colcon_core.package_identification:_identify(build) ignored
[2.519s] Level 1:colcon.colcon_core.package_identification:_identify(install) by extensions ['ignore', 'ignore_ament_install']
[2.520s] Level 1:colcon.colcon_core.package_identification:_identify(install) by extension 'ignore'
[2.520s] Level 1:colcon.colcon_core.package_identification:_identify(install) ignored
[2.520s] Level 1:colcon.colcon_core.package_identification:_identify(log) by extensions ['ignore', 'ignore_ament_install']
[2.520s] Level 1:colcon.colcon_core.package_identification:_identify(log) by extension 'ignore'
[2.520s] Level 1:colcon.colcon_core.package_identification:_identify(log) ignored
[2.521s] Level 1:colcon.colcon_core.package_identification:_identify(src) by extensions ['ignore', 'ignore_ament_install']
[2.521s] Level 1:colcon.colcon_core.package_identification:_identify(src) by extension 'ignore'
[2.521s] Level 1:colcon.colcon_core.package_identification:_identify(src) by extension 'ignore_ament_install'
[2.521s] Level 1:colcon.colcon_core.package_identification:_identify(src) by extensions ['colcon_pkg']
[2.521s] Level 1:colcon.colcon_core.package_identification:_identify(src) by extension 'colcon_pkg'
[2.521s] Level 1:colcon.colcon_core.package_identification:_identify(src) by extensions ['colcon_meta']
[2.521s] Level 1:colcon.colcon_core.package_identification:_identify(src) by extension 'colcon_meta'
[2.521s] Level 1:colcon.colcon_core.package_identification:_identify(src) by extensions ['ros']
[2.521s] Level 1:colcon.colcon_core.package_identification:_identify(src) by extension 'ros'
[2.522s] Level 1:colcon.colcon_core.package_identification:_identify(src) by extensions ['cmake', 'python']
[2.522s] Level 1:colcon.colcon_core.package_identification:_identify(src) by extension 'cmake'
[2.522s] Level 1:colcon.colcon_core.package_identification:_identify(src) by extension 'python'
[2.522s] Level 1:colcon.colcon_core.package_identification:_identify(src) by extensions ['python_setup_py']
[2.522s] Level 1:colcon.colcon_core.package_identification:_identify(src) by extension 'python_setup_py'
[2.522s] Level 1:colcon.colcon_core.package_identification:_identify(src/publish_and_subscribe) by extensions ['ignore', 'ignore_ament_install']
[2.522s] Level 1:colcon.colcon_core.package_identification:_identify(src/publish_and_subscribe) by extension 'ignore'
[2.523s] Level 1:colcon.colcon_core.package_identification:_identify(src/publish_and_subscribe) by extension 'ignore_ament_install'
[2.523s] Level 1:colcon.colcon_core.package_identification:_identify(src/publish_and_subscribe) by extensions ['colcon_pkg']
[2.523s] Level 1:colcon.colcon_core.package_identification:_identify(src/publish_and_subscribe) by extension 'colcon_pkg'
[2.523s] Level 1:colcon.colcon_core.package_identification:_identify(src/publish_and_subscribe) by extensions ['colcon_meta']
[2.523s] Level 1:colcon.colcon_core.package_identification:_identify(src/publish_and_subscribe) by extension 'colcon_meta'
[2.523s] Level 1:colcon.colcon_core.package_identification:_identify(src/publish_and_subscribe) by extensions ['ros']
[2.523s] Level 1:colcon.colcon_core.package_identification:_identify(src/publish_and_subscribe) by extension 'ros'
[2.528s] DEBUG:colcon.colcon_core.package_identification:Package 'src/publish_and_subscribe' with type 'ros.ament_cmake' and name 'publish_and_subscribe'
[2.528s] Level 1:colcon.colcon_core.package_discovery:discover_packages(recursive) using defaults
[2.528s] Level 1:colcon.colcon_core.package_discovery:discover_packages(ignore) discover
[2.529s] Level 1:colcon.colcon_core.package_discovery:discover_packages(ignore) using defaults
[2.529s] Level 1:colcon.colcon_core.package_discovery:discover_packages(path) discover
[2.529s] Level 1:colcon.colcon_core.package_discovery:discover_packages(path) using defaults
[2.743s] Level 1:colcon.colcon_core.package_discovery:discover_packages(prefix_path) check parameters
[2.743s] Level 1:colcon.colcon_core.package_discovery:discover_packages(prefix_path) discover
[2.816s] DEBUG:colcon.colcon_installed_package_information.package_discovery:Found 2 installed packages in /home/fssja/ros2_ws/install
[2.854s] DEBUG:colcon.colcon_installed_package_information.package_discovery:Found 291 installed packages in /opt/ros/humble
[2.858s] Level 1:colcon.colcon_core.package_discovery:discover_packages(prefix_path) using defaults
[3.086s] Level 5:colcon.colcon_core.verb:set package 'publish_and_subscribe' build argument 'cmake_args' from command line to 'None'
[3.086s] Level 5:colcon.colcon_core.verb:set package 'publish_and_subscribe' build argument 'cmake_target' from command line to 'None'
[3.086s] Level 5:colcon.colcon_core.verb:set package 'publish_and_subscribe' build argument 'cmake_target_skip_unavailable' from command line to 'False'
[3.086s] Level 5:colcon.colcon_core.verb:set package 'publish_and_subscribe' build argument 'cmake_clean_cache' from command line to 'False'
[3.086s] Level 5:colcon.colcon_core.verb:set package 'publish_and_subscribe' build argument 'cmake_clean_first' from command line to 'False'
[3.087s] Level 5:colcon.colcon_core.verb:set package 'publish_and_subscribe' build argument 'cmake_force_configure' from command line to 'False'
[3.087s] Level 5:colcon.colcon_core.verb:set package 'publish_and_subscribe' build argument 'ament_cmake_args' from command line to 'None'
[3.087s] Level 5:colcon.colcon_core.verb:set package 'publish_and_subscribe' build argument 'catkin_cmake_args' from command line to 'None'
[3.087s] Level 5:colcon.colcon_core.verb:set package 'publish_and_subscribe' build argument 'catkin_skip_building_tests' from command line to 'False'
[3.087s] DEBUG:colcon.colcon_core.verb:Building package 'publish_and_subscribe' with the following arguments: {'ament_cmake_args': None, 'build_base': '/home/fssja/ros2_ws/build/publish_and_subscribe', 'catkin_cmake_args': None, 'catkin_skip_building_tests': False, 'cmake_args': None, 'cmake_clean_cache': False, 'cmake_clean_first': False, 'cmake_force_configure': False, 'cmake_target': None, 'cmake_target_skip_unavailable': False, 'install_base': '/home/fssja/ros2_ws/install/publish_and_subscribe', 'merge_install': False, 'path': '/home/fssja/ros2_ws/src/publish_and_subscribe', 'symlink_install': False, 'test_result_base': None}
[3.122s] INFO:colcon.colcon_core.executor:Executing jobs using 'parallel' executor
[3.159s] DEBUG:colcon.colcon_parallel_executor.executor.parallel:run_until_complete
[3.159s] INFO:colcon.colcon_ros.task.ament_cmake.build:Building ROS package in '/home/fssja/ros2_ws/src/publish_and_subscribe' with build type 'ament_cmake'
[3.160s] INFO:colcon.colcon_cmake.task.cmake.build:Building CMake package in '/home/fssja/ros2_ws/src/publish_and_subscribe'
[3.204s] INFO:colcon.colcon_core.plugin_system:Skipping extension 'colcon_core.shell.bat': Not used on non-Windows systems
[3.204s] INFO:colcon.colcon_core.shell:Skip shell extension 'powershell' for command environment: Not usable outside of PowerShell
[3.204s] DEBUG:colcon.colcon_core.shell:Skip shell extension 'dsv' for command environment
[3.330s] DEBUG:colcon.colcon_core.event_handler.log_command:Invoking command in '/home/fssja/ros2_ws/build/publish_and_subscribe': CMAKE_PREFIX_PATH=${CMAKE_PREFIX_PATH}:/opt/ros/humble /usr/bin/cmake /home/fssja/ros2_ws/src/publish_and_subscribe -DCMAKE_INSTALL_PREFIX=/home/fssja/ros2_ws/install/publish_and_subscribe
[4.883s] DEBUG:colcon.colcon_core.event_handler.log_command:Invoked command in '/home/fssja/ros2_ws/build/publish_and_subscribe' returned '0': CMAKE_PREFIX_PATH=${CMAKE_PREFIX_PATH}:/opt/ros/humble /usr/bin/cmake /home/fssja/ros2_ws/src/publish_and_subscribe -DCMAKE_INSTALL_PREFIX=/home/fssja/ros2_ws/install/publish_and_subscribe
[4.887s] DEBUG:colcon.colcon_core.event_handler.log_command:Invoking command in '/home/fssja/ros2_ws/build/publish_and_subscribe': CMAKE_PREFIX_PATH=${CMAKE_PREFIX_PATH}:/opt/ros/humble /usr/bin/cmake --build /home/fssja/ros2_ws/build/publish_and_subscribe -- -j2 -l2
[26.957s] DEBUG:colcon.colcon_core.event_handler.log_command:Invoked command in '/home/fssja/ros2_ws/build/publish_and_subscribe' returned '0': CMAKE_PREFIX_PATH=${CMAKE_PREFIX_PATH}:/opt/ros/humble /usr/bin/cmake --build /home/fssja/ros2_ws/build/publish_and_subscribe -- -j2 -l2
[27.032s] DEBUG:colcon.colcon_core.event_handler.log_command:Invoking command in '/home/fssja/ros2_ws/build/publish_and_subscribe': CMAKE_PREFIX_PATH=${CMAKE_PREFIX_PATH}:/opt/ros/humble /usr/bin/cmake --install /home/fssja/ros2_ws/build/publish_and_subscribe
[27.131s] Level 1:colcon.colcon_core.environment:create_environment_scripts_only(publish_and_subscribe)
[27.134s] DEBUG:colcon.colcon_core.event_handler.log_command:Invoked command in '/home/fssja/ros2_ws/build/publish_and_subscribe' returned '0': CMAKE_PREFIX_PATH=${CMAKE_PREFIX_PATH}:/opt/ros/humble /usr/bin/cmake --install /home/fssja/ros2_ws/build/publish_and_subscribe
[28.429s] Level 1:colcon.colcon_core.environment:checking '/home/fssja/ros2_ws/install/publish_and_subscribe' for CMake module files
[28.432s] Level 1:colcon.colcon_core.environment:checking '/home/fssja/ros2_ws/install/publish_and_subscribe' for CMake config files
[28.457s] Level 1:colcon.colcon_core.shell:create_environment_hook('publish_and_subscribe', 'cmake_prefix_path')
[28.530s] INFO:colcon.colcon_core.shell:Creating environment hook '/home/fssja/ros2_ws/install/publish_and_subscribe/share/publish_and_subscribe/hook/cmake_prefix_path.ps1'
[28.531s] INFO:colcon.colcon_core.shell:Creating environment descriptor '/home/fssja/ros2_ws/install/publish_and_subscribe/share/publish_and_subscribe/hook/cmake_prefix_path.dsv'
[28.558s] INFO:colcon.colcon_core.shell:Creating environment hook '/home/fssja/ros2_ws/install/publish_and_subscribe/share/publish_and_subscribe/hook/cmake_prefix_path.sh'
[28.561s] Level 1:colcon.colcon_core.environment:checking '/home/fssja/ros2_ws/install/publish_and_subscribe/lib'
[28.562s] Level 1:colcon.colcon_core.environment:checking '/home/fssja/ros2_ws/install/publish_and_subscribe/bin'
[28.562s] Level 1:colcon.colcon_core.environment:checking '/home/fssja/ros2_ws/install/publish_and_subscribe/lib/pkgconfig/publish_and_subscribe.pc'
[28.563s] Level 1:colcon.colcon_core.environment:checking '/home/fssja/ros2_ws/install/publish_and_subscribe/lib/python3.10/site-packages'
[28.564s] Level 1:colcon.colcon_core.environment:checking '/home/fssja/ros2_ws/install/publish_and_subscribe/bin'
[28.617s] INFO:colcon.colcon_core.shell:Creating package script '/home/fssja/ros2_ws/install/publish_and_subscribe/share/publish_and_subscribe/package.ps1'
[28.631s] INFO:colcon.colcon_core.shell:Creating package descriptor '/home/fssja/ros2_ws/install/publish_and_subscribe/share/publish_and_subscribe/package.dsv'
[28.632s] INFO:colcon.colcon_core.shell:Creating package script '/home/fssja/ros2_ws/install/publish_and_subscribe/share/publish_and_subscribe/package.sh'
[28.634s] INFO:colcon.colcon_core.shell:Creating package script '/home/fssja/ros2_ws/install/publish_and_subscribe/share/publish_and_subscribe/package.bash'
[28.637s] INFO:colcon.colcon_core.shell:Creating package script '/home/fssja/ros2_ws/install/publish_and_subscribe/share/publish_and_subscribe/package.zsh'
[28.639s] Level 1:colcon.colcon_core.environment:create_file_with_runtime_dependencies(/home/fssja/ros2_ws/install/publish_and_subscribe/share/colcon-core/packages/publish_and_subscribe)
[28.737s] Level 1:colcon.colcon_core.environment:create_environment_scripts_only(publish_and_subscribe)
[28.774s] Level 1:colcon.colcon_core.environment:checking '/home/fssja/ros2_ws/install/publish_and_subscribe' for CMake module files
[28.775s] Level 1:colcon.colcon_core.environment:checking '/home/fssja/ros2_ws/install/publish_and_subscribe' for CMake config files
[28.776s] Level 1:colcon.colcon_core.shell:create_environment_hook('publish_and_subscribe', 'cmake_prefix_path')
[28.814s] INFO:colcon.colcon_core.shell:Creating environment hook '/home/fssja/ros2_ws/install/publish_and_subscribe/share/publish_and_subscribe/hook/cmake_prefix_path.ps1'
[28.815s] INFO:colcon.colcon_core.shell:Creating environment descriptor '/home/fssja/ros2_ws/install/publish_and_subscribe/share/publish_and_subscribe/hook/cmake_prefix_path.dsv'
[28.816s] INFO:colcon.colcon_core.shell:Creating environment hook '/home/fssja/ros2_ws/install/publish_and_subscribe/share/publish_and_subscribe/hook/cmake_prefix_path.sh'
[28.817s] Level 1:colcon.colcon_core.environment:checking '/home/fssja/ros2_ws/install/publish_and_subscribe/lib'
[28.817s] Level 1:colcon.colcon_core.environment:checking '/home/fssja/ros2_ws/install/publish_and_subscribe/bin'
[28.817s] Level 1:colcon.colcon_core.environment:checking '/home/fssja/ros2_ws/install/publish_and_subscribe/lib/pkgconfig/publish_and_subscribe.pc'
[28.818s] Level 1:colcon.colcon_core.environment:checking '/home/fssja/ros2_ws/install/publish_and_subscribe/lib/python3.10/site-packages'
[28.818s] Level 1:colcon.colcon_core.environment:checking '/home/fssja/ros2_ws/install/publish_and_subscribe/bin'
[28.855s] INFO:colcon.colcon_core.shell:Creating package script '/home/fssja/ros2_ws/install/publish_and_subscribe/share/publish_and_subscribe/package.ps1'
[28.856s] INFO:colcon.colcon_core.shell:Creating package descriptor '/home/fssja/ros2_ws/install/publish_and_subscribe/share/publish_and_subscribe/package.dsv'
[28.857s] INFO:colcon.colcon_core.shell:Creating package script '/home/fssja/ros2_ws/install/publish_and_subscribe/share/publish_and_subscribe/package.sh'
[28.858s] INFO:colcon.colcon_core.shell:Creating package script '/home/fssja/ros2_ws/install/publish_and_subscribe/share/publish_and_subscribe/package.bash'
[28.859s] INFO:colcon.colcon_core.shell:Creating package script '/home/fssja/ros2_ws/install/publish_and_subscribe/share/publish_and_subscribe/package.zsh'
[28.860s] Level 1:colcon.colcon_core.environment:create_file_with_runtime_dependencies(/home/fssja/ros2_ws/install/publish_and_subscribe/share/colcon-core/packages/publish_and_subscribe)
[28.860s] DEBUG:colcon.colcon_parallel_executor.executor.parallel:closing loop
[28.861s] DEBUG:colcon.colcon_parallel_executor.executor.parallel:loop closed
[28.861s] DEBUG:colcon.colcon_parallel_executor.executor.parallel:run_until_complete finished with '0'
[28.862s] DEBUG:colcon.colcon_core.event_reactor:joining thread
[28.986s] INFO:colcon.colcon_core.plugin_system:Skipping extension 'colcon_notification.desktop_notification.terminal_notifier': Not used on non-Darwin systems
[28.987s] INFO:colcon.colcon_core.plugin_system:Skipping extension 'colcon_notification.desktop_notification.win32': Not used on non-Windows systems
[28.987s] INFO:colcon.colcon_notification.desktop_notification:Sending desktop notification using 'notify2'
[29.023s] DEBUG:colcon.colcon_core.event_reactor:joined thread
[29.063s] INFO:colcon.colcon_core.shell:Creating prefix script '/home/fssja/ros2_ws/install/local_setup.ps1'
[29.066s] INFO:colcon.colcon_core.shell:Creating prefix util module '/home/fssja/ros2_ws/install/_local_setup_util_ps1.py'
[29.107s] INFO:colcon.colcon_core.shell:Creating prefix chain script '/home/fssja/ros2_ws/install/setup.ps1'
[29.208s] INFO:colcon.colcon_core.shell:Creating prefix script '/home/fssja/ros2_ws/install/local_setup.sh'
[29.210s] INFO:colcon.colcon_core.shell:Creating prefix util module '/home/fssja/ros2_ws/install/_local_setup_util_sh.py'
[29.211s] INFO:colcon.colcon_core.shell:Creating prefix chain script '/home/fssja/ros2_ws/install/setup.sh'
[29.254s] INFO:colcon.colcon_core.shell:Creating prefix script '/home/fssja/ros2_ws/install/local_setup.bash'
[29.255s] INFO:colcon.colcon_core.shell:Creating prefix chain script '/home/fssja/ros2_ws/install/setup.bash'
[29.294s] INFO:colcon.colcon_core.shell:Creating prefix script '/home/fssja/ros2_ws/install/local_setup.zsh'
[29.296s] INFO:colcon.colcon_core.shell:Creating prefix chain script '/home/fssja/ros2_ws/install/setup.zsh'
