[5.357s] Invoking command in '/home/fssja/turtlebot3_ws/src/turtlebot3/turtlebot3_teleop': PYTHONPATH=/home/fssja/turtlebot3_ws/build/turtlebot3_teleop/prefix_override:/home/fssja/turtlebot3_ws/install/turtlebot3_teleop/lib/python3.10/site-packages:${PYTHONPATH} /usr/bin/python3 setup.py egg_info --egg-base ../../../build/turtlebot3_teleop build --build-base /home/fssja/turtlebot3_ws/build/turtlebot3_teleop/build install --record /home/fssja/turtlebot3_ws/build/turtlebot3_teleop/install.log --single-version-externally-managed
[7.205s] running egg_info
[7.242s] writing ../../../build/turtlebot3_teleop/turtlebot3_teleop.egg-info/PKG-INFO
[7.243s] writing dependency_links to ../../../build/turtlebot3_teleop/turtlebot3_teleop.egg-info/dependency_links.txt
[7.245s] writing entry points to ../../../build/turtlebot3_teleop/turtlebot3_teleop.egg-info/entry_points.txt
[7.246s] writing requirements to ../../../build/turtlebot3_teleop/turtlebot3_teleop.egg-info/requires.txt
[7.247s] writing top-level names to ../../../build/turtlebot3_teleop/turtlebot3_teleop.egg-info/top_level.txt
[7.255s] reading manifest file '../../../build/turtlebot3_teleop/turtlebot3_teleop.egg-info/SOURCES.txt'
[7.271s] writing manifest file '../../../build/turtlebot3_teleop/turtlebot3_teleop.egg-info/SOURCES.txt'
[7.274s] running build
[7.275s] running build_py
[7.279s] running install
[7.281s] /usr/lib/python3/dist-packages/setuptools/command/install.py:34: SetuptoolsDeprecationWarning: setup.py install is deprecated. Use build and pip and other standards-based tools.
[7.283s]   warnings.warn(
[7.289s] running install_lib
[7.297s] running install_data
[7.298s] running install_egg_info
[7.307s] removing '/home/fssja/turtlebot3_ws/install/turtlebot3_teleop/lib/python3.10/site-packages/turtlebot3_teleop-2.1.5-py3.10.egg-info' (and everything under it)
[7.314s] Copying ../../../build/turtlebot3_teleop/turtlebot3_teleop.egg-info to /home/fssja/turtlebot3_ws/install/turtlebot3_teleop/lib/python3.10/site-packages/turtlebot3_teleop-2.1.5-py3.10.egg-info
[7.330s] running install_scripts
[7.423s] Installing teleop_keyboard script to /home/fssja/turtlebot3_ws/install/turtlebot3_teleop/lib/turtlebot3_teleop
[7.423s] writing list of installed files to '/home/fssja/turtlebot3_ws/build/turtlebot3_teleop/install.log'
[8.043s] Invoked command in '/home/fssja/turtlebot3_ws/src/turtlebot3/turtlebot3_teleop' returned '0': PYTHONPATH=/home/fssja/turtlebot3_ws/build/turtlebot3_teleop/prefix_override:/home/fssja/turtlebot3_ws/install/turtlebot3_teleop/lib/python3.10/site-packages:${PYTHONPATH} /usr/bin/python3 setup.py egg_info --egg-base ../../../build/turtlebot3_teleop build --build-base /home/fssja/turtlebot3_ws/build/turtlebot3_teleop/build install --record /home/fssja/turtlebot3_ws/build/turtlebot3_teleop/install.log --single-version-externally-managed
