[0.280s] Invoking command in '/home/fssja/turtlebot3_ws/build/robot_controller': CMAKE_PREFIX_PATH=${CMAKE_PREFIX_PATH}:/home/fssja/turtlebot3_ws/install/turtlebot3_teleop:/home/fssja/turtlebot3_ws/install/turtlebot3_example:/opt/ros/humble /usr/bin/cmake --build /home/fssja/turtlebot3_ws/build/robot_controller -- -j2 -l2
[0.344s] -- Found ament_cmake: 1.3.8 (/opt/ros/humble/share/ament_cmake/cmake)
[0.641s] -- Found rclcpp: 16.0.8 (/opt/ros/humble/share/rclcpp/cmake)
[0.763s] -- Found rosidl_generator_c: 3.1.5 (/opt/ros/humble/share/rosidl_generator_c/cmake)
[0.770s] -- Found rosidl_adapter: 3.1.5 (/opt/ros/humble/share/rosidl_adapter/cmake)
[0.784s] -- Found rosidl_generator_cpp: 3.1.5 (/opt/ros/humble/share/rosidl_generator_cpp/cmake)
[0.814s] -- Using all available rosidl_typesupport_c: rosidl_typesupport_fastrtps_c;rosidl_typesupport_introspection_c
[0.858s] -- Using all available rosidl_typesupport_cpp: rosidl_typesupport_fastrtps_cpp;rosidl_typesupport_introspection_cpp
[1.010s] -- Found rmw_implementation_cmake: 6.1.1 (/opt/ros/humble/share/rmw_implementation_cmake/cmake)
[1.015s] -- Found rmw_fastrtps_cpp: 6.2.6 (/opt/ros/humble/share/rmw_fastrtps_cpp/cmake)
[1.312s] -- Using RMW implementation 'rmw_fastrtps_cpp' as default
[1.726s] -- Found nav_msgs: 4.2.3 (/opt/ros/humble/share/nav_msgs/cmake)
[2.224s] -- Configuring done
[2.259s] -- Generating done
[2.263s] -- Build files have been written to: /home/fssja/turtlebot3_ws/build/robot_controller
[2.317s] [35m[1mConsolidate compiler generated dependencies of target talker[0m
[2.318s] [35m[1mConsolidate compiler generated dependencies of target listener[0m
[2.358s] [ 33%] Built target talker
[2.359s] [ 66%] Built target listener
[2.380s] [35m[1mConsolidate compiler generated dependencies of target random[0m
[2.416s] [ 83%] [32mBuilding CXX object CMakeFiles/random.dir/src/random.cpp.o[0m
[12.420s] [100%] [32m[1mLinking CXX executable random[0m
[12.870s] [100%] Built target random
[12.897s] Invoked command in '/home/fssja/turtlebot3_ws/build/robot_controller' returned '0': CMAKE_PREFIX_PATH=${CMAKE_PREFIX_PATH}:/home/fssja/turtlebot3_ws/install/turtlebot3_teleop:/home/fssja/turtlebot3_ws/install/turtlebot3_example:/opt/ros/humble /usr/bin/cmake --build /home/fssja/turtlebot3_ws/build/robot_controller -- -j2 -l2
[12.987s] Invoking command in '/home/fssja/turtlebot3_ws/build/robot_controller': CMAKE_PREFIX_PATH=${CMAKE_PREFIX_PATH}:/home/fssja/turtlebot3_ws/install/turtlebot3_teleop:/home/fssja/turtlebot3_ws/install/turtlebot3_example:/opt/ros/humble /usr/bin/cmake --install /home/fssja/turtlebot3_ws/build/robot_controller
[13.002s] -- Install configuration: ""
[13.002s] -- Up-to-date: /home/fssja/turtlebot3_ws/install/robot_controller/lib/robot_controller/talker
[13.002s] -- Up-to-date: /home/fssja/turtlebot3_ws/install/robot_controller/lib/robot_controller/listener
[13.003s] -- Installing: /home/fssja/turtlebot3_ws/install/robot_controller/lib/robot_controller/random
[13.039s] -- Set runtime path of "/home/fssja/turtlebot3_ws/install/robot_controller/lib/robot_controller/random" to ""
[13.039s] -- Installing: /home/fssja/turtlebot3_ws/install/robot_controller/share/ament_index/resource_index/package_run_dependencies/robot_controller
[13.040s] -- Up-to-date: /home/fssja/turtlebot3_ws/install/robot_controller/share/ament_index/resource_index/parent_prefix_path/robot_controller
[13.040s] -- Up-to-date: /home/fssja/turtlebot3_ws/install/robot_controller/share/robot_controller/environment/ament_prefix_path.sh
[13.040s] -- Installing: /home/fssja/turtlebot3_ws/install/robot_controller/share/robot_controller/environment/ament_prefix_path.dsv
[13.041s] -- Up-to-date: /home/fssja/turtlebot3_ws/install/robot_controller/share/robot_controller/environment/path.sh
[13.041s] -- Installing: /home/fssja/turtlebot3_ws/install/robot_controller/share/robot_controller/environment/path.dsv
[13.041s] -- Up-to-date: /home/fssja/turtlebot3_ws/install/robot_controller/share/robot_controller/local_setup.bash
[13.042s] -- Up-to-date: /home/fssja/turtlebot3_ws/install/robot_controller/share/robot_controller/local_setup.sh
[13.042s] -- Up-to-date: /home/fssja/turtlebot3_ws/install/robot_controller/share/robot_controller/local_setup.zsh
[13.042s] -- Installing: /home/fssja/turtlebot3_ws/install/robot_controller/share/robot_controller/local_setup.dsv
[13.042s] -- Installing: /home/fssja/turtlebot3_ws/install/robot_controller/share/robot_controller/package.dsv
[13.043s] -- Up-to-date: /home/fssja/turtlebot3_ws/install/robot_controller/share/ament_index/resource_index/packages/robot_controller
[13.043s] -- Up-to-date: /home/fssja/turtlebot3_ws/install/robot_controller/share/robot_controller/cmake/robot_controllerConfig.cmake
[13.043s] -- Up-to-date: /home/fssja/turtlebot3_ws/install/robot_controller/share/robot_controller/cmake/robot_controllerConfig-version.cmake
[13.043s] -- Installing: /home/fssja/turtlebot3_ws/install/robot_controller/share/robot_controller/package.xml
[13.047s] Invoked command in '/home/fssja/turtlebot3_ws/build/robot_controller' returned '0': CMAKE_PREFIX_PATH=${CMAKE_PREFIX_PATH}:/home/fssja/turtlebot3_ws/install/turtlebot3_teleop:/home/fssja/turtlebot3_ws/install/turtlebot3_example:/opt/ros/humble /usr/bin/cmake --install /home/fssja/turtlebot3_ws/build/robot_controller
