-- Found ament_cmake: 1.3.7 (/opt/ros/humble/share/ament_cmake/cmake)
-- Found rclcpp: 16.0.8 (/opt/ros/humble/share/rclcpp/cmake)
-- Found rosidl_generator_c: 3.1.5 (/opt/ros/humble/share/rosidl_generator_c/cmake)
-- Found rosidl_adapter: 3.1.5 (/opt/ros/humble/share/rosidl_adapter/cmake)
-- Found rosidl_generator_cpp: 3.1.5 (/opt/ros/humble/share/rosidl_generator_cpp/cmake)
-- Using all available rosidl_typesupport_c: rosidl_typesupport_fastrtps_c;rosidl_typesupport_introspection_c
-- Using all available rosidl_typesupport_cpp: rosidl_typesupport_fastrtps_cpp;rosidl_typesupport_introspection_cpp
-- Found rmw_implementation_cmake: 6.1.1 (/opt/ros/humble/share/rmw_implementation_cmake/cmake)
-- Found rmw_fastrtps_cpp: 6.2.6 (/opt/ros/humble/share/rmw_fastrtps_cpp/cmake)
-- Using RMW implementation 'rmw_fastrtps_cpp' as default
-- Configuring done
-- Generating done
-- Build files have been written to: /home/fssja/ros2_ws/build/the_publisher
[ 50%] [32mBuilding CXX object CMakeFiles/talker.dir/src/first_publisher.cpp.o[0m
[100%] [32m[1mLinking CXX executable talker[0m
[100%] Built target talker
-- Install configuration: ""
-- Installing: /home/fssja/ros2_ws/install/the_publisher/lib/the_publisher/talker
-- Set runtime path of "/home/fssja/ros2_ws/install/the_publisher/lib/the_publisher/talker" to ""
-- Installing: /home/fssja/ros2_ws/install/the_publisher/share/ament_index/resource_index/package_run_dependencies/the_publisher
-- Installing: /home/fssja/ros2_ws/install/the_publisher/share/ament_index/resource_index/parent_prefix_path/the_publisher
-- Installing: /home/fssja/ros2_ws/install/the_publisher/share/the_publisher/environment/ament_prefix_path.sh
-- Installing: /home/fssja/ros2_ws/install/the_publisher/share/the_publisher/environment/ament_prefix_path.dsv
-- Installing: /home/fssja/ros2_ws/install/the_publisher/share/the_publisher/environment/path.sh
-- Installing: /home/fssja/ros2_ws/install/the_publisher/share/the_publisher/environment/path.dsv
-- Installing: /home/fssja/ros2_ws/install/the_publisher/share/the_publisher/local_setup.bash
-- Installing: /home/fssja/ros2_ws/install/the_publisher/share/the_publisher/local_setup.sh
-- Installing: /home/fssja/ros2_ws/install/the_publisher/share/the_publisher/local_setup.zsh
-- Installing: /home/fssja/ros2_ws/install/the_publisher/share/the_publisher/local_setup.dsv
-- Installing: /home/fssja/ros2_ws/install/the_publisher/share/the_publisher/package.dsv
-- Installing: /home/fssja/ros2_ws/install/the_publisher/share/ament_index/resource_index/packages/the_publisher
-- Installing: /home/fssja/ros2_ws/install/the_publisher/share/the_publisher/cmake/the_publisherConfig.cmake
-- Installing: /home/fssja/ros2_ws/install/the_publisher/share/the_publisher/cmake/the_publisherConfig-version.cmake
-- Installing: /home/fssja/ros2_ws/install/the_publisher/share/the_publisher/package.xml
