[0.145s] Invoking command in '/home/fssja/ros2_ws/build/robot_controller': CMAKE_PREFIX_PATH=/opt/ros/humble /usr/bin/cmake /home/fssja/ros2_ws/src/robot_controller -DCMAKE_INSTALL_PREFIX=/home/fssja/ros2_ws/install/robot_controller
[0.175s] -- Found ament_cmake: 1.3.8 (/opt/ros/humble/share/ament_cmake/cmake)
[0.473s] -- Found rclcpp: 16.0.8 (/opt/ros/humble/share/rclcpp/cmake)
[0.541s] -- Found rosidl_generator_c: 3.1.5 (/opt/ros/humble/share/rosidl_generator_c/cmake)
[0.548s] -- Found rosidl_adapter: 3.1.5 (/opt/ros/humble/share/rosidl_adapter/cmake)
[0.562s] -- Found rosidl_generator_cpp: 3.1.5 (/opt/ros/humble/share/rosidl_generator_cpp/cmake)
[0.590s] -- Using all available rosidl_typesupport_c: rosidl_typesupport_fastrtps_c;rosidl_typesupport_introspection_c
[0.631s] -- Using all available rosidl_typesupport_cpp: rosidl_typesupport_fastrtps_cpp;rosidl_typesupport_introspection_cpp
[0.780s] -- Found rmw_implementation_cmake: 6.1.1 (/opt/ros/humble/share/rmw_implementation_cmake/cmake)
[0.783s] -- Found rmw_fastrtps_cpp: 6.2.6 (/opt/ros/humble/share/rmw_fastrtps_cpp/cmake)
[1.058s] -- Using RMW implementation 'rmw_fastrtps_cpp' as default
[1.464s] -- Found nav_msgs: 4.2.3 (/opt/ros/humble/share/nav_msgs/cmake)
[1.938s] -- Configuring done
[1.962s] -- Generating done
[1.966s] -- Build files have been written to: /home/fssja/ros2_ws/build/robot_controller
[1.981s] Invoked command in '/home/fssja/ros2_ws/build/robot_controller' returned '0': CMAKE_PREFIX_PATH=/opt/ros/humble /usr/bin/cmake /home/fssja/ros2_ws/src/robot_controller -DCMAKE_INSTALL_PREFIX=/home/fssja/ros2_ws/install/robot_controller
[1.986s] Invoking command in '/home/fssja/ros2_ws/build/robot_controller': CMAKE_PREFIX_PATH=/opt/ros/humble /usr/bin/cmake --build /home/fssja/ros2_ws/build/robot_controller -- -j2 -l2
[2.091s] [ 50%] [32mBuilding CXX object CMakeFiles/talker.dir/src/publisher_member_function.cpp.o[0m
[2.091s] [ 50%] [32mBuilding CXX object CMakeFiles/listener.dir/src/subscriber_member_function.cpp.o[0m
[16.128s] [ 75%] [32m[1mLinking CXX executable talker[0m
[17.224s] [ 75%] Built target talker
[24.629s] [100%] [32m[1mLinking CXX executable listener[0m
[25.491s] [100%] Built target listener
[25.514s] Invoked command in '/home/fssja/ros2_ws/build/robot_controller' returned '0': CMAKE_PREFIX_PATH=/opt/ros/humble /usr/bin/cmake --build /home/fssja/ros2_ws/build/robot_controller -- -j2 -l2
[25.592s] Invoking command in '/home/fssja/ros2_ws/build/robot_controller': CMAKE_PREFIX_PATH=/opt/ros/humble /usr/bin/cmake --install /home/fssja/ros2_ws/build/robot_controller
[25.608s] -- Install configuration: ""
[25.609s] -- Installing: /home/fssja/ros2_ws/install/robot_controller/lib/robot_controller/talker
[25.612s] -- Set runtime path of "/home/fssja/ros2_ws/install/robot_controller/lib/robot_controller/talker" to ""
[25.612s] -- Installing: /home/fssja/ros2_ws/install/robot_controller/lib/robot_controller/listener
[25.620s] -- Set runtime path of "/home/fssja/ros2_ws/install/robot_controller/lib/robot_controller/listener" to ""
[25.620s] -- Installing: /home/fssja/ros2_ws/install/robot_controller/share/ament_index/resource_index/package_run_dependencies/robot_controller
[25.621s] -- Installing: /home/fssja/ros2_ws/install/robot_controller/share/ament_index/resource_index/parent_prefix_path/robot_controller
[25.621s] -- Installing: /home/fssja/ros2_ws/install/robot_controller/share/robot_controller/environment/ament_prefix_path.sh
[25.621s] -- Installing: /home/fssja/ros2_ws/install/robot_controller/share/robot_controller/environment/ament_prefix_path.dsv
[25.621s] -- Installing: /home/fssja/ros2_ws/install/robot_controller/share/robot_controller/environment/path.sh
[25.622s] -- Installing: /home/fssja/ros2_ws/install/robot_controller/share/robot_controller/environment/path.dsv
[25.622s] -- Installing: /home/fssja/ros2_ws/install/robot_controller/share/robot_controller/local_setup.bash
[25.622s] -- Installing: /home/fssja/ros2_ws/install/robot_controller/share/robot_controller/local_setup.sh
[25.623s] -- Installing: /home/fssja/ros2_ws/install/robot_controller/share/robot_controller/local_setup.zsh
[25.623s] -- Installing: /home/fssja/ros2_ws/install/robot_controller/share/robot_controller/local_setup.dsv
[25.623s] -- Installing: /home/fssja/ros2_ws/install/robot_controller/share/robot_controller/package.dsv
[25.624s] -- Installing: /home/fssja/ros2_ws/install/robot_controller/share/ament_index/resource_index/packages/robot_controller
[25.624s] -- Installing: /home/fssja/ros2_ws/install/robot_controller/share/robot_controller/cmake/robot_controllerConfig.cmake
[25.624s] -- Installing: /home/fssja/ros2_ws/install/robot_controller/share/robot_controller/cmake/robot_controllerConfig-version.cmake
[25.624s] -- Installing: /home/fssja/ros2_ws/install/robot_controller/share/robot_controller/package.xml
[25.631s] Invoked command in '/home/fssja/ros2_ws/build/robot_controller' returned '0': CMAKE_PREFIX_PATH=/opt/ros/humble /usr/bin/cmake --install /home/fssja/ros2_ws/build/robot_controller
