[0.271s] DEBUG:colcon:Command line arguments: ['/usr/bin/colcon', 'build']
[0.271s] DEBUG:colcon:Parsed command line arguments: Namespace(log_base=None, log_level=None, verb_name='build', build_base='build', install_base='install', merge_install=False, symlink_install=False, test_result_base=None, continue_on_error=False, executor='parallel', parallel_workers=2, event_handlers=None, ignore_user_meta=False, metas=['./colcon.meta'], base_paths=['.'], packages_ignore=None, packages_ignore_regex=None, paths=None, packages_up_to=None, packages_up_to_regex=None, packages_above=None, packages_above_and_dependencies=None, packages_above_depth=None, packages_select_by_dep=None, packages_skip_by_dep=None, packages_skip_up_to=None, packages_select_build_failed=False, packages_skip_build_finished=False, packages_select_test_failures=False, packages_skip_test_passed=False, packages_select=None, packages_skip=None, packages_select_regex=None, packages_skip_regex=None, packages_start=None, packages_end=None, allow_overriding=[], cmake_args=None, cmake_target=None, cmake_target_skip_unavailable=False, cmake_clean_cache=False, cmake_clean_first=False, cmake_force_configure=False, ament_cmake_args=None, catkin_cmake_args=None, catkin_skip_building_tests=False, verb_parser=<colcon_defaults.argument_parser.defaults.DefaultArgumentsDecorator object at 0x7c7f709a8ac0>, verb_extension=<colcon_core.verb.build.BuildVerb object at 0x7c7f709a8670>, main=<bound method BuildVerb.main of <colcon_core.verb.build.BuildVerb object at 0x7c7f709a8670>>)
[0.734s] Level 1:colcon.colcon_core.package_discovery:discover_packages(colcon_meta) check parameters
[0.734s] Level 1:colcon.colcon_core.package_discovery:discover_packages(recursive) check parameters
[0.735s] Level 1:colcon.colcon_core.package_discovery:discover_packages(ignore) check parameters
[0.735s] Level 1:colcon.colcon_core.package_discovery:discover_packages(path) check parameters
[0.735s] Level 1:colcon.colcon_core.package_discovery:discover_packages(colcon_meta) discover
[0.735s] Level 1:colcon.colcon_core.package_discovery:discover_packages(recursive) discover
[0.735s] INFO:colcon.colcon_core.package_discovery:Crawling recursively for packages in '/home/fssja/ros2-project'
[0.735s] Level 1:colcon.colcon_core.package_identification:_identify(.) by extensions ['ignore', 'ignore_ament_install']
[0.735s] Level 1:colcon.colcon_core.package_identification:_identify(.) by extension 'ignore'
[0.735s] Level 1:colcon.colcon_core.package_identification:_identify(.) by extension 'ignore_ament_install'
[0.736s] Level 1:colcon.colcon_core.package_identification:_identify(.) by extensions ['colcon_pkg']
[0.736s] Level 1:colcon.colcon_core.package_identification:_identify(.) by extension 'colcon_pkg'
[0.736s] Level 1:colcon.colcon_core.package_identification:_identify(.) by extensions ['colcon_meta']
[0.736s] Level 1:colcon.colcon_core.package_identification:_identify(.) by extension 'colcon_meta'
[0.736s] Level 1:colcon.colcon_core.package_identification:_identify(.) by extensions ['ros']
[0.736s] Level 1:colcon.colcon_core.package_identification:_identify(.) by extension 'ros'
[0.764s] Level 1:colcon.colcon_core.package_identification:_identify(.) by extensions ['cmake', 'python']
[0.764s] Level 1:colcon.colcon_core.package_identification:_identify(.) by extension 'cmake'
[0.764s] Level 1:colcon.colcon_core.package_identification:_identify(.) by extension 'python'
[0.764s] Level 1:colcon.colcon_core.package_identification:_identify(.) by extensions ['python_setup_py']
[0.765s] Level 1:colcon.colcon_core.package_identification:_identify(.) by extension 'python_setup_py'
[0.765s] Level 1:colcon.colcon_core.package_identification:_identify(build) by extensions ['ignore', 'ignore_ament_install']
[0.765s] Level 1:colcon.colcon_core.package_identification:_identify(build) by extension 'ignore'
[0.765s] Level 1:colcon.colcon_core.package_identification:_identify(build) ignored
[0.765s] Level 1:colcon.colcon_core.package_identification:_identify(install) by extensions ['ignore', 'ignore_ament_install']
[0.766s] Level 1:colcon.colcon_core.package_identification:_identify(install) by extension 'ignore'
[0.766s] Level 1:colcon.colcon_core.package_identification:_identify(install) ignored
[0.766s] Level 1:colcon.colcon_core.package_identification:_identify(log) by extensions ['ignore', 'ignore_ament_install']
[0.766s] Level 1:colcon.colcon_core.package_identification:_identify(log) by extension 'ignore'
[0.766s] Level 1:colcon.colcon_core.package_identification:_identify(log) ignored
[0.767s] Level 1:colcon.colcon_core.package_identification:_identify(src) by extensions ['ignore', 'ignore_ament_install']
[0.767s] Level 1:colcon.colcon_core.package_identification:_identify(src) by extension 'ignore'
[0.767s] Level 1:colcon.colcon_core.package_identification:_identify(src) by extension 'ignore_ament_install'
[0.767s] Level 1:colcon.colcon_core.package_identification:_identify(src) by extensions ['colcon_pkg']
[0.767s] Level 1:colcon.colcon_core.package_identification:_identify(src) by extension 'colcon_pkg'
[0.767s] Level 1:colcon.colcon_core.package_identification:_identify(src) by extensions ['colcon_meta']
[0.767s] Level 1:colcon.colcon_core.package_identification:_identify(src) by extension 'colcon_meta'
[0.768s] Level 1:colcon.colcon_core.package_identification:_identify(src) by extensions ['ros']
[0.768s] Level 1:colcon.colcon_core.package_identification:_identify(src) by extension 'ros'
[0.768s] Level 1:colcon.colcon_core.package_identification:_identify(src) by extensions ['cmake', 'python']
[0.768s] Level 1:colcon.colcon_core.package_identification:_identify(src) by extension 'cmake'
[0.768s] Level 1:colcon.colcon_core.package_identification:_identify(src) by extension 'python'
[0.768s] Level 1:colcon.colcon_core.package_identification:_identify(src) by extensions ['python_setup_py']
[0.768s] Level 1:colcon.colcon_core.package_identification:_identify(src) by extension 'python_setup_py'
[0.768s] Level 1:colcon.colcon_core.package_identification:_identify(src/two_server_controllers) by extensions ['ignore', 'ignore_ament_install']
[0.769s] Level 1:colcon.colcon_core.package_identification:_identify(src/two_server_controllers) by extension 'ignore'
[0.769s] Level 1:colcon.colcon_core.package_identification:_identify(src/two_server_controllers) by extension 'ignore_ament_install'
[0.769s] Level 1:colcon.colcon_core.package_identification:_identify(src/two_server_controllers) by extensions ['colcon_pkg']
[0.769s] Level 1:colcon.colcon_core.package_identification:_identify(src/two_server_controllers) by extension 'colcon_pkg'
[0.769s] Level 1:colcon.colcon_core.package_identification:_identify(src/two_server_controllers) by extensions ['colcon_meta']
[0.769s] Level 1:colcon.colcon_core.package_identification:_identify(src/two_server_controllers) by extension 'colcon_meta'
[0.769s] Level 1:colcon.colcon_core.package_identification:_identify(src/two_server_controllers) by extensions ['ros']
[0.769s] Level 1:colcon.colcon_core.package_identification:_identify(src/two_server_controllers) by extension 'ros'
[0.775s] DEBUG:colcon.colcon_core.package_identification:Package 'src/two_server_controllers' with type 'ros.ament_cmake' and name 'two_server_controllers'
[0.775s] Level 1:colcon.colcon_core.package_discovery:discover_packages(recursive) using defaults
[0.776s] Level 1:colcon.colcon_core.package_discovery:discover_packages(ignore) discover
[0.776s] Level 1:colcon.colcon_core.package_discovery:discover_packages(ignore) using defaults
[0.776s] Level 1:colcon.colcon_core.package_discovery:discover_packages(path) discover
[0.776s] Level 1:colcon.colcon_core.package_discovery:discover_packages(path) using defaults
[0.824s] Level 1:colcon.colcon_core.package_discovery:discover_packages(prefix_path) check parameters
[0.824s] Level 1:colcon.colcon_core.package_discovery:discover_packages(prefix_path) discover
[0.850s] DEBUG:colcon.colcon_installed_package_information.package_discovery:Found 1 installed packages in /home/fssja/ros2-project/install
[0.852s] DEBUG:colcon.colcon_installed_package_information.package_discovery:Found 16 installed packages in /home/fssja/turtlebot3_ws/install
[0.854s] DEBUG:colcon.colcon_installed_package_information.package_discovery:Found 4 installed packages in /home/fssja/ros2_ws/install
[0.858s] DEBUG:colcon.colcon_installed_package_information.package_discovery:Found 368 installed packages in /opt/ros/humble
[0.864s] Level 1:colcon.colcon_core.package_discovery:discover_packages(prefix_path) using defaults
[0.996s] Level 5:colcon.colcon_core.verb:set package 'two_server_controllers' build argument 'cmake_args' from command line to 'None'
[0.996s] Level 5:colcon.colcon_core.verb:set package 'two_server_controllers' build argument 'cmake_target' from command line to 'None'
[0.996s] Level 5:colcon.colcon_core.verb:set package 'two_server_controllers' build argument 'cmake_target_skip_unavailable' from command line to 'False'
[0.996s] Level 5:colcon.colcon_core.verb:set package 'two_server_controllers' build argument 'cmake_clean_cache' from command line to 'False'
[0.996s] Level 5:colcon.colcon_core.verb:set package 'two_server_controllers' build argument 'cmake_clean_first' from command line to 'False'
[0.996s] Level 5:colcon.colcon_core.verb:set package 'two_server_controllers' build argument 'cmake_force_configure' from command line to 'False'
[0.996s] Level 5:colcon.colcon_core.verb:set package 'two_server_controllers' build argument 'ament_cmake_args' from command line to 'None'
[0.997s] Level 5:colcon.colcon_core.verb:set package 'two_server_controllers' build argument 'catkin_cmake_args' from command line to 'None'
[0.997s] Level 5:colcon.colcon_core.verb:set package 'two_server_controllers' build argument 'catkin_skip_building_tests' from command line to 'False'
[0.997s] DEBUG:colcon.colcon_core.verb:Building package 'two_server_controllers' with the following arguments: {'ament_cmake_args': None, 'build_base': '/home/fssja/ros2-project/build/two_server_controllers', 'catkin_cmake_args': None, 'catkin_skip_building_tests': False, 'cmake_args': None, 'cmake_clean_cache': False, 'cmake_clean_first': False, 'cmake_force_configure': False, 'cmake_target': None, 'cmake_target_skip_unavailable': False, 'install_base': '/home/fssja/ros2-project/install/two_server_controllers', 'merge_install': False, 'path': '/home/fssja/ros2-project/src/two_server_controllers', 'symlink_install': False, 'test_result_base': None}
[0.997s] INFO:colcon.colcon_core.executor:Executing jobs using 'parallel' executor
[0.999s] DEBUG:colcon.colcon_parallel_executor.executor.parallel:run_until_complete
[1.000s] INFO:colcon.colcon_ros.task.ament_cmake.build:Building ROS package in '/home/fssja/ros2-project/src/two_server_controllers' with build type 'ament_cmake'
[1.000s] INFO:colcon.colcon_cmake.task.cmake.build:Building CMake package in '/home/fssja/ros2-project/src/two_server_controllers'
[1.007s] INFO:colcon.colcon_core.plugin_system:Skipping extension 'colcon_core.shell.bat': Not used on non-Windows systems
[1.007s] INFO:colcon.colcon_core.shell:Skip shell extension 'powershell' for command environment: Not usable outside of PowerShell
[1.007s] DEBUG:colcon.colcon_core.shell:Skip shell extension 'dsv' for command environment
[1.033s] DEBUG:colcon.colcon_core.event_handler.log_command:Invoking command in '/home/fssja/ros2-project/build/two_server_controllers': CMAKE_PREFIX_PATH=${CMAKE_PREFIX_PATH}:/home/fssja/turtlebot3_ws/install/turtlebot3_teleop:/home/fssja/turtlebot3_ws/install/turtlebot3_example:/opt/ros/humble /usr/bin/cmake --build /home/fssja/ros2-project/build/two_server_controllers -- -j2 -l2
[24.781s] DEBUG:colcon.colcon_core.event_handler.log_command:Invoked command in '/home/fssja/ros2-project/build/two_server_controllers' returned '0': CMAKE_PREFIX_PATH=${CMAKE_PREFIX_PATH}:/home/fssja/turtlebot3_ws/install/turtlebot3_teleop:/home/fssja/turtlebot3_ws/install/turtlebot3_example:/opt/ros/humble /usr/bin/cmake --build /home/fssja/ros2-project/build/two_server_controllers -- -j2 -l2
[24.875s] DEBUG:colcon.colcon_core.event_handler.log_command:Invoking command in '/home/fssja/ros2-project/build/two_server_controllers': CMAKE_PREFIX_PATH=${CMAKE_PREFIX_PATH}:/home/fssja/turtlebot3_ws/install/turtlebot3_teleop:/home/fssja/turtlebot3_ws/install/turtlebot3_example:/opt/ros/humble /usr/bin/cmake --install /home/fssja/ros2-project/build/two_server_controllers
[24.902s] Level 1:colcon.colcon_core.environment:create_environment_scripts_only(two_server_controllers)
[24.904s] DEBUG:colcon.colcon_core.event_handler.log_command:Invoked command in '/home/fssja/ros2-project/build/two_server_controllers' returned '0': CMAKE_PREFIX_PATH=${CMAKE_PREFIX_PATH}:/home/fssja/turtlebot3_ws/install/turtlebot3_teleop:/home/fssja/turtlebot3_ws/install/turtlebot3_example:/opt/ros/humble /usr/bin/cmake --install /home/fssja/ros2-project/build/two_server_controllers
[24.908s] Level 1:colcon.colcon_core.environment:checking '/home/fssja/ros2-project/install/two_server_controllers' for CMake module files
[24.909s] Level 1:colcon.colcon_core.environment:checking '/home/fssja/ros2-project/install/two_server_controllers' for CMake config files
[24.910s] Level 1:colcon.colcon_core.shell:create_environment_hook('two_server_controllers', 'cmake_prefix_path')
[24.911s] INFO:colcon.colcon_core.shell:Creating environment hook '/home/fssja/ros2-project/install/two_server_controllers/share/two_server_controllers/hook/cmake_prefix_path.ps1'
[24.912s] INFO:colcon.colcon_core.shell:Creating environment descriptor '/home/fssja/ros2-project/install/two_server_controllers/share/two_server_controllers/hook/cmake_prefix_path.dsv'
[24.913s] INFO:colcon.colcon_core.shell:Creating environment hook '/home/fssja/ros2-project/install/two_server_controllers/share/two_server_controllers/hook/cmake_prefix_path.sh'
[24.915s] Level 1:colcon.colcon_core.environment:checking '/home/fssja/ros2-project/install/two_server_controllers/lib'
[24.915s] Level 1:colcon.colcon_core.environment:checking '/home/fssja/ros2-project/install/two_server_controllers/bin'
[24.916s] Level 1:colcon.colcon_core.environment:checking '/home/fssja/ros2-project/install/two_server_controllers/lib/pkgconfig/two_server_controllers.pc'
[24.916s] Level 1:colcon.colcon_core.environment:checking '/home/fssja/ros2-project/install/two_server_controllers/lib/python3.10/site-packages'
[24.917s] Level 1:colcon.colcon_core.environment:checking '/home/fssja/ros2-project/install/two_server_controllers/bin'
[24.918s] INFO:colcon.colcon_core.shell:Creating package script '/home/fssja/ros2-project/install/two_server_controllers/share/two_server_controllers/package.ps1'
[24.919s] INFO:colcon.colcon_core.shell:Creating package descriptor '/home/fssja/ros2-project/install/two_server_controllers/share/two_server_controllers/package.dsv'
[24.921s] INFO:colcon.colcon_core.shell:Creating package script '/home/fssja/ros2-project/install/two_server_controllers/share/two_server_controllers/package.sh'
[24.923s] INFO:colcon.colcon_core.shell:Creating package script '/home/fssja/ros2-project/install/two_server_controllers/share/two_server_controllers/package.bash'
[24.924s] INFO:colcon.colcon_core.shell:Creating package script '/home/fssja/ros2-project/install/two_server_controllers/share/two_server_controllers/package.zsh'
[24.926s] Level 1:colcon.colcon_core.environment:create_file_with_runtime_dependencies(/home/fssja/ros2-project/install/two_server_controllers/share/colcon-core/packages/two_server_controllers)
[24.997s] Level 1:colcon.colcon_core.environment:create_environment_scripts_only(two_server_controllers)
[24.997s] Level 1:colcon.colcon_core.environment:checking '/home/fssja/ros2-project/install/two_server_controllers' for CMake module files
[24.999s] Level 1:colcon.colcon_core.environment:checking '/home/fssja/ros2-project/install/two_server_controllers' for CMake config files
[24.999s] Level 1:colcon.colcon_core.shell:create_environment_hook('two_server_controllers', 'cmake_prefix_path')
[25.000s] INFO:colcon.colcon_core.shell:Creating environment hook '/home/fssja/ros2-project/install/two_server_controllers/share/two_server_controllers/hook/cmake_prefix_path.ps1'
[25.001s] INFO:colcon.colcon_core.shell:Creating environment descriptor '/home/fssja/ros2-project/install/two_server_controllers/share/two_server_controllers/hook/cmake_prefix_path.dsv'
[25.002s] INFO:colcon.colcon_core.shell:Creating environment hook '/home/fssja/ros2-project/install/two_server_controllers/share/two_server_controllers/hook/cmake_prefix_path.sh'
[25.003s] Level 1:colcon.colcon_core.environment:checking '/home/fssja/ros2-project/install/two_server_controllers/lib'
[25.003s] Level 1:colcon.colcon_core.environment:checking '/home/fssja/ros2-project/install/two_server_controllers/bin'
[25.003s] Level 1:colcon.colcon_core.environment:checking '/home/fssja/ros2-project/install/two_server_controllers/lib/pkgconfig/two_server_controllers.pc'
[25.004s] Level 1:colcon.colcon_core.environment:checking '/home/fssja/ros2-project/install/two_server_controllers/lib/python3.10/site-packages'
[25.004s] Level 1:colcon.colcon_core.environment:checking '/home/fssja/ros2-project/install/two_server_controllers/bin'
[25.005s] INFO:colcon.colcon_core.shell:Creating package script '/home/fssja/ros2-project/install/two_server_controllers/share/two_server_controllers/package.ps1'
[25.006s] INFO:colcon.colcon_core.shell:Creating package descriptor '/home/fssja/ros2-project/install/two_server_controllers/share/two_server_controllers/package.dsv'
[25.007s] INFO:colcon.colcon_core.shell:Creating package script '/home/fssja/ros2-project/install/two_server_controllers/share/two_server_controllers/package.sh'
[25.008s] INFO:colcon.colcon_core.shell:Creating package script '/home/fssja/ros2-project/install/two_server_controllers/share/two_server_controllers/package.bash'
[25.009s] INFO:colcon.colcon_core.shell:Creating package script '/home/fssja/ros2-project/install/two_server_controllers/share/two_server_controllers/package.zsh'
[25.010s] Level 1:colcon.colcon_core.environment:create_file_with_runtime_dependencies(/home/fssja/ros2-project/install/two_server_controllers/share/colcon-core/packages/two_server_controllers)
[25.011s] DEBUG:colcon.colcon_parallel_executor.executor.parallel:closing loop
[25.013s] DEBUG:colcon.colcon_parallel_executor.executor.parallel:loop closed
[25.013s] DEBUG:colcon.colcon_parallel_executor.executor.parallel:run_until_complete finished with '0'
[25.013s] DEBUG:colcon.colcon_core.event_reactor:joining thread
[25.025s] INFO:colcon.colcon_core.plugin_system:Skipping extension 'colcon_notification.desktop_notification.terminal_notifier': Not used on non-Darwin systems
[25.025s] INFO:colcon.colcon_core.plugin_system:Skipping extension 'colcon_notification.desktop_notification.win32': Not used on non-Windows systems
[25.026s] INFO:colcon.colcon_notification.desktop_notification:Sending desktop notification using 'notify2'
[25.067s] DEBUG:colcon.colcon_core.event_reactor:joined thread
[25.068s] INFO:colcon.colcon_core.shell:Creating prefix script '/home/fssja/ros2-project/install/local_setup.ps1'
[25.070s] INFO:colcon.colcon_core.shell:Creating prefix util module '/home/fssja/ros2-project/install/_local_setup_util_ps1.py'
[25.074s] INFO:colcon.colcon_core.shell:Creating prefix chain script '/home/fssja/ros2-project/install/setup.ps1'
[25.080s] INFO:colcon.colcon_core.shell:Creating prefix script '/home/fssja/ros2-project/install/local_setup.sh'
[25.082s] INFO:colcon.colcon_core.shell:Creating prefix util module '/home/fssja/ros2-project/install/_local_setup_util_sh.py'
[25.085s] INFO:colcon.colcon_core.shell:Creating prefix chain script '/home/fssja/ros2-project/install/setup.sh'
[25.091s] INFO:colcon.colcon_core.shell:Creating prefix script '/home/fssja/ros2-project/install/local_setup.bash'
[25.092s] INFO:colcon.colcon_core.shell:Creating prefix chain script '/home/fssja/ros2-project/install/setup.bash'
[25.097s] INFO:colcon.colcon_core.shell:Creating prefix script '/home/fssja/ros2-project/install/local_setup.zsh'
[25.099s] INFO:colcon.colcon_core.shell:Creating prefix chain script '/home/fssja/ros2-project/install/setup.zsh'
