[0.179s] Invoking command in '/home/fssja/turtlebot3_ws/build/turtlebot3_node': AMENT_PREFIX_PATH=/home/fssja/turtlebot3_ws/install/turtlebot3_msgs:/home/fssja/turtlebot3_ws/install/dynamixel_sdk:${AMENT_PREFIX_PATH} CMAKE_PREFIX_PATH=/home/fssja/turtlebot3_ws/install/turtlebot3_msgs:/home/fssja/turtlebot3_ws/install/dynamixel_sdk:/opt/ros/humble LD_LIBRARY_PATH=/home/fssja/turtlebot3_ws/install/turtlebot3_msgs/lib:/home/fssja/turtlebot3_ws/install/dynamixel_sdk/lib:${LD_LIBRARY_PATH} PYTHONPATH=/home/fssja/turtlebot3_ws/install/turtlebot3_msgs/local/lib/python3.10/dist-packages:${PYTHONPATH} /usr/bin/cmake /home/fssja/turtlebot3_ws/src/turtlebot3/turtlebot3_node -DCMAKE_INSTALL_PREFIX=/home/fssja/turtlebot3_ws/install/turtlebot3_node
[0.297s] -- The C compiler identification is GNU 11.4.0
[0.452s] -- The CXX compiler identification is GNU 11.4.0
[0.468s] -- Detecting C compiler ABI info
[0.642s] -- Detecting C compiler ABI info - done
[0.662s] -- Check for working C compiler: /usr/bin/cc - skipped
[0.663s] -- Detecting C compile features
[0.664s] -- Detecting C compile features - done
[0.671s] -- Detecting CXX compiler ABI info
[0.871s] -- Detecting CXX compiler ABI info - done
[0.891s] -- Check for working CXX compiler: /usr/bin/c++ - skipped
[0.892s] -- Detecting CXX compile features
[0.893s] -- Detecting CXX compile features - done
[0.898s] -- Found ament_cmake: 1.3.7 (/opt/ros/humble/share/ament_cmake/cmake)
[1.373s] -- Found Python3: /usr/bin/python3.10 (found version "3.10.12") found components: Interpreter 
[1.605s] -- Found dynamixel_sdk: 3.7.60 (/home/fssja/turtlebot3_ws/install/dynamixel_sdk/share/dynamixel_sdk/cmake)
[1.689s] -- Found geometry_msgs: 4.2.3 (/opt/ros/humble/share/geometry_msgs/cmake)
[1.811s] -- Found rosidl_generator_c: 3.1.5 (/opt/ros/humble/share/rosidl_generator_c/cmake)
[1.823s] -- Found rosidl_adapter: 3.1.5 (/opt/ros/humble/share/rosidl_adapter/cmake)
[1.848s] -- Found rosidl_generator_cpp: 3.1.5 (/opt/ros/humble/share/rosidl_generator_cpp/cmake)
[1.886s] -- Using all available rosidl_typesupport_c: rosidl_typesupport_fastrtps_c;rosidl_typesupport_introspection_c
[1.961s] -- Using all available rosidl_typesupport_cpp: rosidl_typesupport_fastrtps_cpp;rosidl_typesupport_introspection_cpp
[2.424s] -- Found message_filters: 4.3.3 (/opt/ros/humble/share/message_filters/cmake)
[2.627s] -- Found rmw_implementation_cmake: 6.1.1 (/opt/ros/humble/share/rmw_implementation_cmake/cmake)
[2.634s] -- Found rmw_fastrtps_cpp: 6.2.6 (/opt/ros/humble/share/rmw_fastrtps_cpp/cmake)
[2.876s] -- Found OpenSSL: /usr/lib/x86_64-linux-gnu/libcrypto.so (found version "3.0.2")  
[2.933s] -- Found FastRTPS: /opt/ros/humble/include  
[3.041s] -- Using RMW implementation 'rmw_fastrtps_cpp' as default
[3.066s] -- Looking for pthread.h
[3.227s] -- Looking for pthread.h - found
[3.229s] -- Performing Test CMAKE_HAVE_LIBC_PTHREAD
[3.403s] -- Performing Test CMAKE_HAVE_LIBC_PTHREAD - Success
[3.406s] -- Found Threads: TRUE  
[3.949s] -- Found nav_msgs: 4.2.3 (/opt/ros/humble/share/nav_msgs/cmake)
[4.302s] -- Found sensor_msgs: 4.2.3 (/opt/ros/humble/share/sensor_msgs/cmake)
[4.694s] -- Found std_srvs: 4.2.3 (/opt/ros/humble/share/std_srvs/cmake)
[4.818s] -- Found tf2: 0.25.5 (/opt/ros/humble/share/tf2/cmake)
[4.873s] -- Found tf2_ros: 0.25.5 (/opt/ros/humble/share/tf2_ros/cmake)
[6.077s] -- Found turtlebot3_msgs: 2.2.3 (/home/fssja/turtlebot3_ws/install/turtlebot3_msgs/share/turtlebot3_msgs/cmake)
[6.553s] -- Configuring done
[6.632s] -- Generating done
[6.639s] -- Build files have been written to: /home/fssja/turtlebot3_ws/build/turtlebot3_node
[6.663s] Invoked command in '/home/fssja/turtlebot3_ws/build/turtlebot3_node' returned '0': AMENT_PREFIX_PATH=/home/fssja/turtlebot3_ws/install/turtlebot3_msgs:/home/fssja/turtlebot3_ws/install/dynamixel_sdk:${AMENT_PREFIX_PATH} CMAKE_PREFIX_PATH=/home/fssja/turtlebot3_ws/install/turtlebot3_msgs:/home/fssja/turtlebot3_ws/install/dynamixel_sdk:/opt/ros/humble LD_LIBRARY_PATH=/home/fssja/turtlebot3_ws/install/turtlebot3_msgs/lib:/home/fssja/turtlebot3_ws/install/dynamixel_sdk/lib:${LD_LIBRARY_PATH} PYTHONPATH=/home/fssja/turtlebot3_ws/install/turtlebot3_msgs/local/lib/python3.10/dist-packages:${PYTHONPATH} /usr/bin/cmake /home/fssja/turtlebot3_ws/src/turtlebot3/turtlebot3_node -DCMAKE_INSTALL_PREFIX=/home/fssja/turtlebot3_ws/install/turtlebot3_node
[6.664s] Invoking command in '/home/fssja/turtlebot3_ws/build/turtlebot3_node': AMENT_PREFIX_PATH=/home/fssja/turtlebot3_ws/install/turtlebot3_msgs:/home/fssja/turtlebot3_ws/install/dynamixel_sdk:${AMENT_PREFIX_PATH} CMAKE_PREFIX_PATH=/home/fssja/turtlebot3_ws/install/turtlebot3_msgs:/home/fssja/turtlebot3_ws/install/dynamixel_sdk:/opt/ros/humble LD_LIBRARY_PATH=/home/fssja/turtlebot3_ws/install/turtlebot3_msgs/lib:/home/fssja/turtlebot3_ws/install/dynamixel_sdk/lib:${LD_LIBRARY_PATH} PYTHONPATH=/home/fssja/turtlebot3_ws/install/turtlebot3_msgs/local/lib/python3.10/dist-packages:${PYTHONPATH} /usr/bin/cmake --build /home/fssja/turtlebot3_ws/build/turtlebot3_node -- -j2 -l2
[6.783s] [  7%] [32mBuilding CXX object CMakeFiles/turtlebot3_node_lib.dir/src/devices/motor_power.cpp.o[0m
[17.347s] [ 14%] [32mBuilding CXX object CMakeFiles/turtlebot3_node_lib.dir/src/devices/sound.cpp.o[0m
[25.994s] [ 21%] [32mBuilding CXX object CMakeFiles/turtlebot3_node_lib.dir/src/devices/reset.cpp.o[0m
[34.699s] [ 28%] [32mBuilding CXX object CMakeFiles/turtlebot3_node_lib.dir/src/diff_drive_controller.cpp.o[0m
[42.611s] [ 35%] [32mBuilding CXX object CMakeFiles/turtlebot3_node_lib.dir/src/dynamixel_sdk_wrapper.cpp.o[0m
[43.927s] [ 42%] [32mBuilding CXX object CMakeFiles/turtlebot3_node_lib.dir/src/odometry.cpp.o[0m
[45.949s] [ 50%] [32mBuilding CXX object CMakeFiles/turtlebot3_node_lib.dir/src/turtlebot3.cpp.o[0m
[85.007s] [ 57%] [32mBuilding CXX object CMakeFiles/turtlebot3_node_lib.dir/src/sensors/battery_state.cpp.o[0m
[95.058s] [ 64%] [32mBuilding CXX object CMakeFiles/turtlebot3_node_lib.dir/src/sensors/imu.cpp.o[0m
[105.876s] [ 71%] [32mBuilding CXX object CMakeFiles/turtlebot3_node_lib.dir/src/sensors/joint_state.cpp.o[0m
[116.127s] [ 78%] [32mBuilding CXX object CMakeFiles/turtlebot3_node_lib.dir/src/sensors/sensor_state.cpp.o[0m
[126.116s] [ 85%] [32m[1mLinking CXX static library libturtlebot3_node_lib.a[0m
[129.818s] [ 85%] Built target turtlebot3_node_lib
[129.866s] [ 92%] [32mBuilding CXX object CMakeFiles/turtlebot3_ros.dir/src/node_main.cpp.o[0m
[138.258s] [100%] [32m[1mLinking CXX executable turtlebot3_ros[0m
[144.484s] [100%] Built target turtlebot3_ros
[144.508s] Invoked command in '/home/fssja/turtlebot3_ws/build/turtlebot3_node' returned '0': AMENT_PREFIX_PATH=/home/fssja/turtlebot3_ws/install/turtlebot3_msgs:/home/fssja/turtlebot3_ws/install/dynamixel_sdk:${AMENT_PREFIX_PATH} CMAKE_PREFIX_PATH=/home/fssja/turtlebot3_ws/install/turtlebot3_msgs:/home/fssja/turtlebot3_ws/install/dynamixel_sdk:/opt/ros/humble LD_LIBRARY_PATH=/home/fssja/turtlebot3_ws/install/turtlebot3_msgs/lib:/home/fssja/turtlebot3_ws/install/dynamixel_sdk/lib:${LD_LIBRARY_PATH} PYTHONPATH=/home/fssja/turtlebot3_ws/install/turtlebot3_msgs/local/lib/python3.10/dist-packages:${PYTHONPATH} /usr/bin/cmake --build /home/fssja/turtlebot3_ws/build/turtlebot3_node -- -j2 -l2
[144.611s] Invoking command in '/home/fssja/turtlebot3_ws/build/turtlebot3_node': AMENT_PREFIX_PATH=/home/fssja/turtlebot3_ws/install/turtlebot3_msgs:/home/fssja/turtlebot3_ws/install/dynamixel_sdk:${AMENT_PREFIX_PATH} CMAKE_PREFIX_PATH=/home/fssja/turtlebot3_ws/install/turtlebot3_msgs:/home/fssja/turtlebot3_ws/install/dynamixel_sdk:/opt/ros/humble LD_LIBRARY_PATH=/home/fssja/turtlebot3_ws/install/turtlebot3_msgs/lib:/home/fssja/turtlebot3_ws/install/dynamixel_sdk/lib:${LD_LIBRARY_PATH} PYTHONPATH=/home/fssja/turtlebot3_ws/install/turtlebot3_msgs/local/lib/python3.10/dist-packages:${PYTHONPATH} /usr/bin/cmake --install /home/fssja/turtlebot3_ws/build/turtlebot3_node
[144.630s] -- Install configuration: ""
[144.630s] -- Installing: /home/fssja/turtlebot3_ws/install/turtlebot3_node/share/turtlebot3_node/param
[144.630s] -- Installing: /home/fssja/turtlebot3_ws/install/turtlebot3_node/share/turtlebot3_node/param/burger.yaml
[144.631s] -- Installing: /home/fssja/turtlebot3_ws/install/turtlebot3_node/share/turtlebot3_node/param/waffle.yaml
[144.631s] -- Installing: /home/fssja/turtlebot3_ws/install/turtlebot3_node/share/turtlebot3_node/param/waffle_pi.yaml
[144.631s] -- Installing: /home/fssja/turtlebot3_ws/install/turtlebot3_node/lib/turtlebot3_node/turtlebot3_ros
[144.662s] -- Set runtime path of "/home/fssja/turtlebot3_ws/install/turtlebot3_node/lib/turtlebot3_node/turtlebot3_ros" to ""
[144.662s] -- Installing: /home/fssja/turtlebot3_ws/install/turtlebot3_node/share/ament_index/resource_index/package_run_dependencies/turtlebot3_node
[144.662s] -- Installing: /home/fssja/turtlebot3_ws/install/turtlebot3_node/share/ament_index/resource_index/parent_prefix_path/turtlebot3_node
[144.663s] -- Installing: /home/fssja/turtlebot3_ws/install/turtlebot3_node/share/turtlebot3_node/environment/ament_prefix_path.sh
[144.663s] -- Installing: /home/fssja/turtlebot3_ws/install/turtlebot3_node/share/turtlebot3_node/environment/ament_prefix_path.dsv
[144.663s] -- Installing: /home/fssja/turtlebot3_ws/install/turtlebot3_node/share/turtlebot3_node/environment/path.sh
[144.664s] -- Installing: /home/fssja/turtlebot3_ws/install/turtlebot3_node/share/turtlebot3_node/environment/path.dsv
[144.664s] -- Installing: /home/fssja/turtlebot3_ws/install/turtlebot3_node/share/turtlebot3_node/local_setup.bash
[144.664s] -- Installing: /home/fssja/turtlebot3_ws/install/turtlebot3_node/share/turtlebot3_node/local_setup.sh
[144.665s] -- Installing: /home/fssja/turtlebot3_ws/install/turtlebot3_node/share/turtlebot3_node/local_setup.zsh
[144.665s] -- Installing: /home/fssja/turtlebot3_ws/install/turtlebot3_node/share/turtlebot3_node/local_setup.dsv
[144.665s] -- Installing: /home/fssja/turtlebot3_ws/install/turtlebot3_node/share/turtlebot3_node/package.dsv
[144.665s] -- Installing: /home/fssja/turtlebot3_ws/install/turtlebot3_node/share/ament_index/resource_index/packages/turtlebot3_node
[144.666s] -- Installing: /home/fssja/turtlebot3_ws/install/turtlebot3_node/share/turtlebot3_node/cmake/ament_cmake_export_include_directories-extras.cmake
[144.666s] -- Installing: /home/fssja/turtlebot3_ws/install/turtlebot3_node/share/turtlebot3_node/cmake/turtlebot3_nodeConfig.cmake
[144.666s] -- Installing: /home/fssja/turtlebot3_ws/install/turtlebot3_node/share/turtlebot3_node/cmake/turtlebot3_nodeConfig-version.cmake
[144.667s] -- Installing: /home/fssja/turtlebot3_ws/install/turtlebot3_node/share/turtlebot3_node/package.xml
[144.670s] Invoked command in '/home/fssja/turtlebot3_ws/build/turtlebot3_node' returned '0': AMENT_PREFIX_PATH=/home/fssja/turtlebot3_ws/install/turtlebot3_msgs:/home/fssja/turtlebot3_ws/install/dynamixel_sdk:${AMENT_PREFIX_PATH} CMAKE_PREFIX_PATH=/home/fssja/turtlebot3_ws/install/turtlebot3_msgs:/home/fssja/turtlebot3_ws/install/dynamixel_sdk:/opt/ros/humble LD_LIBRARY_PATH=/home/fssja/turtlebot3_ws/install/turtlebot3_msgs/lib:/home/fssja/turtlebot3_ws/install/dynamixel_sdk/lib:${LD_LIBRARY_PATH} PYTHONPATH=/home/fssja/turtlebot3_ws/install/turtlebot3_msgs/local/lib/python3.10/dist-packages:${PYTHONPATH} /usr/bin/cmake --install /home/fssja/turtlebot3_ws/build/turtlebot3_node
