[1.046s] Invoking command in '/home/fssja/turtlebot3_ws/build/turtlebot3_description': CMAKE_PREFIX_PATH=${CMAKE_PREFIX_PATH}:/opt/ros/humble /usr/bin/cmake --build /home/fssja/turtlebot3_ws/build/turtlebot3_description -- -j2 -l2
[1.520s] Invoked command in '/home/fssja/turtlebot3_ws/build/turtlebot3_description' returned '0': CMAKE_PREFIX_PATH=${CMAKE_PREFIX_PATH}:/opt/ros/humble /usr/bin/cmake --build /home/fssja/turtlebot3_ws/build/turtlebot3_description -- -j2 -l2
[1.803s] Invoking command in '/home/fssja/turtlebot3_ws/build/turtlebot3_description': CMAKE_PREFIX_PATH=${CMAKE_PREFIX_PATH}:/opt/ros/humble /usr/bin/cmake --install /home/fssja/turtlebot3_ws/build/turtlebot3_description
[1.867s] -- Install configuration: ""
[1.868s] -- Up-to-date: /home/fssja/turtlebot3_ws/install/turtlebot3_description/share/turtlebot3_description/meshes
[1.876s] -- Up-to-date: /home/fssja/turtlebot3_ws/install/turtlebot3_description/share/turtlebot3_description/meshes/sensors
[1.877s] -- Up-to-date: /home/fssja/turtlebot3_ws/install/turtlebot3_description/share/turtlebot3_description/meshes/sensors/astra.jpg
[1.877s] -- Up-to-date: /home/fssja/turtlebot3_ws/install/turtlebot3_description/share/turtlebot3_description/meshes/sensors/r200.dae
[1.883s] -- Up-to-date: /home/fssja/turtlebot3_ws/install/turtlebot3_description/share/turtlebot3_description/meshes/sensors/lds.stl
[1.883s] -- Up-to-date: /home/fssja/turtlebot3_ws/install/turtlebot3_description/share/turtlebot3_description/meshes/sensors/astra.dae
[1.883s] -- Up-to-date: /home/fssja/turtlebot3_ws/install/turtlebot3_description/share/turtlebot3_description/meshes/sensors/r200.jpg
[1.884s] -- Up-to-date: /home/fssja/turtlebot3_ws/install/turtlebot3_description/share/turtlebot3_description/meshes/wheels
[1.884s] -- Up-to-date: /home/fssja/turtlebot3_ws/install/turtlebot3_description/share/turtlebot3_description/meshes/wheels/left_tire.stl
[1.909s] -- Up-to-date: /home/fssja/turtlebot3_ws/install/turtlebot3_description/share/turtlebot3_description/meshes/wheels/right_tire.stl
[1.911s] -- Up-to-date: /home/fssja/turtlebot3_ws/install/turtlebot3_description/share/turtlebot3_description/meshes/bases
[1.912s] -- Up-to-date: /home/fssja/turtlebot3_ws/install/turtlebot3_description/share/turtlebot3_description/meshes/bases/burger_base.stl
[1.912s] -- Up-to-date: /home/fssja/turtlebot3_ws/install/turtlebot3_description/share/turtlebot3_description/meshes/bases/waffle_base.stl
[1.912s] -- Up-to-date: /home/fssja/turtlebot3_ws/install/turtlebot3_description/share/turtlebot3_description/meshes/bases/waffle_pi_base.stl
[1.913s] -- Up-to-date: /home/fssja/turtlebot3_ws/install/turtlebot3_description/share/turtlebot3_description/rviz
[1.913s] -- Up-to-date: /home/fssja/turtlebot3_ws/install/turtlebot3_description/share/turtlebot3_description/rviz/model.rviz
[1.913s] -- Up-to-date: /home/fssja/turtlebot3_ws/install/turtlebot3_description/share/turtlebot3_description/urdf
[1.913s] -- Up-to-date: /home/fssja/turtlebot3_ws/install/turtlebot3_description/share/turtlebot3_description/urdf/turtlebot3_burger.urdf
[1.913s] -- Up-to-date: /home/fssja/turtlebot3_ws/install/turtlebot3_description/share/turtlebot3_description/urdf/turtlebot3_waffle_pi.urdf
[1.914s] -- Up-to-date: /home/fssja/turtlebot3_ws/install/turtlebot3_description/share/turtlebot3_description/urdf/common_properties.urdf
[1.914s] -- Up-to-date: /home/fssja/turtlebot3_ws/install/turtlebot3_description/share/turtlebot3_description/urdf/turtlebot3_waffle.urdf
[1.914s] -- Up-to-date: /home/fssja/turtlebot3_ws/install/turtlebot3_description/share/ament_index/resource_index/package_run_dependencies/turtlebot3_description
[1.914s] -- Up-to-date: /home/fssja/turtlebot3_ws/install/turtlebot3_description/share/ament_index/resource_index/parent_prefix_path/turtlebot3_description
[1.914s] -- Up-to-date: /home/fssja/turtlebot3_ws/install/turtlebot3_description/share/turtlebot3_description/environment/ament_prefix_path.sh
[1.915s] -- Up-to-date: /home/fssja/turtlebot3_ws/install/turtlebot3_description/share/turtlebot3_description/environment/ament_prefix_path.dsv
[1.915s] -- Up-to-date: /home/fssja/turtlebot3_ws/install/turtlebot3_description/share/turtlebot3_description/environment/path.sh
[1.915s] -- Up-to-date: /home/fssja/turtlebot3_ws/install/turtlebot3_description/share/turtlebot3_description/environment/path.dsv
[1.915s] -- Up-to-date: /home/fssja/turtlebot3_ws/install/turtlebot3_description/share/turtlebot3_description/local_setup.bash
[1.915s] -- Up-to-date: /home/fssja/turtlebot3_ws/install/turtlebot3_description/share/turtlebot3_description/local_setup.sh
[1.916s] -- Up-to-date: /home/fssja/turtlebot3_ws/install/turtlebot3_description/share/turtlebot3_description/local_setup.zsh
[1.916s] -- Up-to-date: /home/fssja/turtlebot3_ws/install/turtlebot3_description/share/turtlebot3_description/local_setup.dsv
[1.953s] -- Installing: /home/fssja/turtlebot3_ws/install/turtlebot3_description/share/turtlebot3_description/package.dsv
[2.019s] -- Up-to-date: /home/fssja/turtlebot3_ws/install/turtlebot3_description/share/ament_index/resource_index/packages/turtlebot3_description
[2.019s] -- Up-to-date: /home/fssja/turtlebot3_ws/install/turtlebot3_description/share/turtlebot3_description/cmake/turtlebot3_descriptionConfig.cmake
[2.020s] -- Up-to-date: /home/fssja/turtlebot3_ws/install/turtlebot3_description/share/turtlebot3_description/cmake/turtlebot3_descriptionConfig-version.cmake
[2.020s] -- Up-to-date: /home/fssja/turtlebot3_ws/install/turtlebot3_description/share/turtlebot3_description/package.xml
[2.020s] Invoked command in '/home/fssja/turtlebot3_ws/build/turtlebot3_description' returned '0': CMAKE_PREFIX_PATH=${CMAKE_PREFIX_PATH}:/opt/ros/humble /usr/bin/cmake --install /home/fssja/turtlebot3_ws/build/turtlebot3_description
