[0.300s] DEBUG:colcon:Command line arguments: ['/usr/bin/colcon', 'build', '--packages-select', 'two_server_controllers']
[0.301s] DEBUG:colcon:Parsed command line arguments: Namespace(log_base=None, log_level=None, verb_name='build', build_base='build', install_base='install', merge_install=False, symlink_install=False, test_result_base=None, continue_on_error=False, executor='parallel', parallel_workers=2, event_handlers=None, ignore_user_meta=False, metas=['./colcon.meta'], base_paths=['.'], packages_ignore=None, packages_ignore_regex=None, paths=None, packages_up_to=None, packages_up_to_regex=None, packages_above=None, packages_above_and_dependencies=None, packages_above_depth=None, packages_select_by_dep=None, packages_skip_by_dep=None, packages_skip_up_to=None, packages_select_build_failed=False, packages_skip_build_finished=False, packages_select_test_failures=False, packages_skip_test_passed=False, packages_select=['two_server_controllers'], packages_skip=None, packages_select_regex=None, packages_skip_regex=None, packages_start=None, packages_end=None, allow_overriding=[], cmake_args=None, cmake_target=None, cmake_target_skip_unavailable=False, cmake_clean_cache=False, cmake_clean_first=False, cmake_force_configure=False, ament_cmake_args=None, catkin_cmake_args=None, catkin_skip_building_tests=False, verb_parser=<colcon_defaults.argument_parser.defaults.DefaultArgumentsDecorator object at 0x7a9ffe2fcac0>, verb_extension=<colcon_core.verb.build.BuildVerb object at 0x7a9ffe2fc670>, main=<bound method BuildVerb.main of <colcon_core.verb.build.BuildVerb object at 0x7a9ffe2fc670>>)
[0.968s] Level 1:colcon.colcon_core.package_discovery:discover_packages(colcon_meta) check parameters
[0.969s] Level 1:colcon.colcon_core.package_discovery:discover_packages(recursive) check parameters
[0.969s] Level 1:colcon.colcon_core.package_discovery:discover_packages(ignore) check parameters
[0.969s] Level 1:colcon.colcon_core.package_discovery:discover_packages(path) check parameters
[0.969s] Level 1:colcon.colcon_core.package_discovery:discover_packages(colcon_meta) discover
[0.969s] Level 1:colcon.colcon_core.package_discovery:discover_packages(recursive) discover
[0.969s] INFO:colcon.colcon_core.package_discovery:Crawling recursively for packages in '/home/fssja/ros2-project'
[0.970s] Level 1:colcon.colcon_core.package_identification:_identify(.) by extensions ['ignore', 'ignore_ament_install']
[0.970s] Level 1:colcon.colcon_core.package_identification:_identify(.) by extension 'ignore'
[0.970s] Level 1:colcon.colcon_core.package_identification:_identify(.) by extension 'ignore_ament_install'
[0.971s] Level 1:colcon.colcon_core.package_identification:_identify(.) by extensions ['colcon_pkg']
[0.971s] Level 1:colcon.colcon_core.package_identification:_identify(.) by extension 'colcon_pkg'
[0.974s] Level 1:colcon.colcon_core.package_identification:_identify(.) by extensions ['colcon_meta']
[0.975s] Level 1:colcon.colcon_core.package_identification:_identify(.) by extension 'colcon_meta'
[0.975s] Level 1:colcon.colcon_core.package_identification:_identify(.) by extensions ['ros']
[0.975s] Level 1:colcon.colcon_core.package_identification:_identify(.) by extension 'ros'
[1.015s] Level 1:colcon.colcon_core.package_identification:_identify(.) by extensions ['cmake', 'python']
[1.016s] Level 1:colcon.colcon_core.package_identification:_identify(.) by extension 'cmake'
[1.016s] Level 1:colcon.colcon_core.package_identification:_identify(.) by extension 'python'
[1.017s] Level 1:colcon.colcon_core.package_identification:_identify(.) by extensions ['python_setup_py']
[1.017s] Level 1:colcon.colcon_core.package_identification:_identify(.) by extension 'python_setup_py'
[1.017s] Level 1:colcon.colcon_core.package_identification:_identify(build) by extensions ['ignore', 'ignore_ament_install']
[1.018s] Level 1:colcon.colcon_core.package_identification:_identify(build) by extension 'ignore'
[1.018s] Level 1:colcon.colcon_core.package_identification:_identify(build) ignored
[1.018s] Level 1:colcon.colcon_core.package_identification:_identify(install) by extensions ['ignore', 'ignore_ament_install']
[1.018s] Level 1:colcon.colcon_core.package_identification:_identify(install) by extension 'ignore'
[1.018s] Level 1:colcon.colcon_core.package_identification:_identify(install) ignored
[1.019s] Level 1:colcon.colcon_core.package_identification:_identify(log) by extensions ['ignore', 'ignore_ament_install']
[1.019s] Level 1:colcon.colcon_core.package_identification:_identify(log) by extension 'ignore'
[1.019s] Level 1:colcon.colcon_core.package_identification:_identify(log) ignored
[1.020s] Level 1:colcon.colcon_core.package_identification:_identify(src) by extensions ['ignore', 'ignore_ament_install']
[1.020s] Level 1:colcon.colcon_core.package_identification:_identify(src) by extension 'ignore'
[1.020s] Level 1:colcon.colcon_core.package_identification:_identify(src) by extension 'ignore_ament_install'
[1.020s] Level 1:colcon.colcon_core.package_identification:_identify(src) by extensions ['colcon_pkg']
[1.020s] Level 1:colcon.colcon_core.package_identification:_identify(src) by extension 'colcon_pkg'
[1.021s] Level 1:colcon.colcon_core.package_identification:_identify(src) by extensions ['colcon_meta']
[1.021s] Level 1:colcon.colcon_core.package_identification:_identify(src) by extension 'colcon_meta'
[1.021s] Level 1:colcon.colcon_core.package_identification:_identify(src) by extensions ['ros']
[1.021s] Level 1:colcon.colcon_core.package_identification:_identify(src) by extension 'ros'
[1.021s] Level 1:colcon.colcon_core.package_identification:_identify(src) by extensions ['cmake', 'python']
[1.021s] Level 1:colcon.colcon_core.package_identification:_identify(src) by extension 'cmake'
[1.021s] Level 1:colcon.colcon_core.package_identification:_identify(src) by extension 'python'
[1.021s] Level 1:colcon.colcon_core.package_identification:_identify(src) by extensions ['python_setup_py']
[1.022s] Level 1:colcon.colcon_core.package_identification:_identify(src) by extension 'python_setup_py'
[1.022s] Level 1:colcon.colcon_core.package_identification:_identify(src/custom_interfaces) by extensions ['ignore', 'ignore_ament_install']
[1.022s] Level 1:colcon.colcon_core.package_identification:_identify(src/custom_interfaces) by extension 'ignore'
[1.022s] Level 1:colcon.colcon_core.package_identification:_identify(src/custom_interfaces) by extension 'ignore_ament_install'
[1.022s] Level 1:colcon.colcon_core.package_identification:_identify(src/custom_interfaces) by extensions ['colcon_pkg']
[1.022s] Level 1:colcon.colcon_core.package_identification:_identify(src/custom_interfaces) by extension 'colcon_pkg'
[1.023s] Level 1:colcon.colcon_core.package_identification:_identify(src/custom_interfaces) by extensions ['colcon_meta']
[1.023s] Level 1:colcon.colcon_core.package_identification:_identify(src/custom_interfaces) by extension 'colcon_meta'
[1.023s] Level 1:colcon.colcon_core.package_identification:_identify(src/custom_interfaces) by extensions ['ros']
[1.023s] Level 1:colcon.colcon_core.package_identification:_identify(src/custom_interfaces) by extension 'ros'
[1.029s] DEBUG:colcon.colcon_core.package_identification:Package 'src/custom_interfaces' with type 'ros.ament_cmake' and name 'custom_interfaces'
[1.030s] Level 1:colcon.colcon_core.package_identification:_identify(src/two_server_controllers) by extensions ['ignore', 'ignore_ament_install']
[1.030s] Level 1:colcon.colcon_core.package_identification:_identify(src/two_server_controllers) by extension 'ignore'
[1.031s] Level 1:colcon.colcon_core.package_identification:_identify(src/two_server_controllers) by extension 'ignore_ament_install'
[1.032s] Level 1:colcon.colcon_core.package_identification:_identify(src/two_server_controllers) by extensions ['colcon_pkg']
[1.032s] Level 1:colcon.colcon_core.package_identification:_identify(src/two_server_controllers) by extension 'colcon_pkg'
[1.032s] Level 1:colcon.colcon_core.package_identification:_identify(src/two_server_controllers) by extensions ['colcon_meta']
[1.032s] Level 1:colcon.colcon_core.package_identification:_identify(src/two_server_controllers) by extension 'colcon_meta'
[1.032s] Level 1:colcon.colcon_core.package_identification:_identify(src/two_server_controllers) by extensions ['ros']
[1.032s] Level 1:colcon.colcon_core.package_identification:_identify(src/two_server_controllers) by extension 'ros'
[1.037s] DEBUG:colcon.colcon_core.package_identification:Package 'src/two_server_controllers' with type 'ros.ament_cmake' and name 'two_server_controllers'
[1.039s] Level 1:colcon.colcon_core.package_discovery:discover_packages(recursive) using defaults
[1.040s] Level 1:colcon.colcon_core.package_discovery:discover_packages(ignore) discover
[1.040s] Level 1:colcon.colcon_core.package_discovery:discover_packages(ignore) using defaults
[1.040s] Level 1:colcon.colcon_core.package_discovery:discover_packages(path) discover
[1.041s] Level 1:colcon.colcon_core.package_discovery:discover_packages(path) using defaults
[1.141s] INFO:colcon.colcon_core.package_selection:Skipping not selected package 'custom_interfaces' in 'src/custom_interfaces'
[1.143s] Level 1:colcon.colcon_core.package_discovery:discover_packages(prefix_path) check parameters
[1.143s] Level 1:colcon.colcon_core.package_discovery:discover_packages(prefix_path) discover
[1.151s] DEBUG:colcon.colcon_installed_package_information.package_discovery:Found 2 installed packages in /home/fssja/ros2-project/install
[1.154s] DEBUG:colcon.colcon_installed_package_information.package_discovery:Found 16 installed packages in /home/fssja/turtlebot3_ws/install
[1.155s] DEBUG:colcon.colcon_installed_package_information.package_discovery:Found 4 installed packages in /home/fssja/ros2_ws/install
[1.160s] DEBUG:colcon.colcon_installed_package_information.package_discovery:Found 368 installed packages in /opt/ros/humble
[1.166s] Level 1:colcon.colcon_core.package_discovery:discover_packages(prefix_path) using defaults
[1.367s] Level 5:colcon.colcon_core.verb:set package 'two_server_controllers' build argument 'cmake_args' from command line to 'None'
[1.368s] Level 5:colcon.colcon_core.verb:set package 'two_server_controllers' build argument 'cmake_target' from command line to 'None'
[1.368s] Level 5:colcon.colcon_core.verb:set package 'two_server_controllers' build argument 'cmake_target_skip_unavailable' from command line to 'False'
[1.368s] Level 5:colcon.colcon_core.verb:set package 'two_server_controllers' build argument 'cmake_clean_cache' from command line to 'False'
[1.368s] Level 5:colcon.colcon_core.verb:set package 'two_server_controllers' build argument 'cmake_clean_first' from command line to 'False'
[1.368s] Level 5:colcon.colcon_core.verb:set package 'two_server_controllers' build argument 'cmake_force_configure' from command line to 'False'
[1.368s] Level 5:colcon.colcon_core.verb:set package 'two_server_controllers' build argument 'ament_cmake_args' from command line to 'None'
[1.368s] Level 5:colcon.colcon_core.verb:set package 'two_server_controllers' build argument 'catkin_cmake_args' from command line to 'None'
[1.369s] Level 5:colcon.colcon_core.verb:set package 'two_server_controllers' build argument 'catkin_skip_building_tests' from command line to 'False'
[1.369s] DEBUG:colcon.colcon_core.verb:Building package 'two_server_controllers' with the following arguments: {'ament_cmake_args': None, 'build_base': '/home/fssja/ros2-project/build/two_server_controllers', 'catkin_cmake_args': None, 'catkin_skip_building_tests': False, 'cmake_args': None, 'cmake_clean_cache': False, 'cmake_clean_first': False, 'cmake_force_configure': False, 'cmake_target': None, 'cmake_target_skip_unavailable': False, 'install_base': '/home/fssja/ros2-project/install/two_server_controllers', 'merge_install': False, 'path': '/home/fssja/ros2-project/src/two_server_controllers', 'symlink_install': False, 'test_result_base': None}
[1.369s] INFO:colcon.colcon_core.executor:Executing jobs using 'parallel' executor
[1.371s] DEBUG:colcon.colcon_parallel_executor.executor.parallel:run_until_complete
[1.373s] INFO:colcon.colcon_ros.task.ament_cmake.build:Building ROS package in '/home/fssja/ros2-project/src/two_server_controllers' with build type 'ament_cmake'
[1.377s] INFO:colcon.colcon_cmake.task.cmake.build:Building CMake package in '/home/fssja/ros2-project/src/two_server_controllers'
[1.382s] INFO:colcon.colcon_core.plugin_system:Skipping extension 'colcon_core.shell.bat': Not used on non-Windows systems
[1.383s] INFO:colcon.colcon_core.shell:Skip shell extension 'powershell' for command environment: Not usable outside of PowerShell
[1.387s] DEBUG:colcon.colcon_core.shell:Skip shell extension 'dsv' for command environment
[1.449s] DEBUG:colcon.colcon_core.event_handler.log_command:Invoking command in '/home/fssja/ros2-project/build/two_server_controllers': AMENT_PREFIX_PATH=/home/fssja/ros2-project/install/custom_interfaces:${AMENT_PREFIX_PATH} CMAKE_PREFIX_PATH=/home/fssja/ros2-project/install/custom_interfaces:/home/fssja/ros2-project/install/two_server_controllers:/home/fssja/turtlebot3_ws/install/turtlebot3:/home/fssja/turtlebot3_ws/install/turtlebot3_simulations:/home/fssja/turtlebot3_ws/install/turtlebot3_bringup:/home/fssja/turtlebot3_ws/install/turtlebot3_node:/home/fssja/turtlebot3_ws/install/turtlebot3_navigation2:/home/fssja/turtlebot3_ws/install/turtlebot3_fake_node:/home/fssja/turtlebot3_ws/install/turtlebot3_msgs:/home/fssja/turtlebot3_ws/install/turtlebot3_gazebo:/home/fssja/turtlebot3_ws/install/turtlebot3_description:/home/fssja/turtlebot3_ws/install/turtlebot3_cartographer:/home/fssja/turtlebot3_ws/install/robot_controller:/home/fssja/turtlebot3_ws/install/dynamixel_sdk_examples:/home/fssja/turtlebot3_ws/install/dynamixel_sdk_custom_interfaces:/home/fssja/turtlebot3_ws/install/dynamixel_sdk:/home/fssja/ros2_ws/install/the_publisher:/home/fssja/ros2_ws/install/robot_controller:/home/fssja/ros2_ws/install/publish_and_subscribe:/home/fssja/ros2_ws/install/add_two_nums:/home/fssja/turtlebot3_ws/install/turtlebot3_teleop:/home/fssja/turtlebot3_ws/install/turtlebot3_example:/opt/ros/humble LD_LIBRARY_PATH=/home/fssja/ros2-project/install/custom_interfaces/lib:${LD_LIBRARY_PATH} PYTHONPATH=/home/fssja/ros2-project/install/custom_interfaces/local/lib/python3.10/dist-packages:${PYTHONPATH} /usr/bin/cmake --build /home/fssja/ros2-project/build/two_server_controllers -- -j2 -l2
[14.243s] DEBUG:colcon.colcon_core.event_handler.log_command:Invoked command in '/home/fssja/ros2-project/build/two_server_controllers' returned '2': AMENT_PREFIX_PATH=/home/fssja/ros2-project/install/custom_interfaces:${AMENT_PREFIX_PATH} CMAKE_PREFIX_PATH=/home/fssja/ros2-project/install/custom_interfaces:/home/fssja/ros2-project/install/two_server_controllers:/home/fssja/turtlebot3_ws/install/turtlebot3:/home/fssja/turtlebot3_ws/install/turtlebot3_simulations:/home/fssja/turtlebot3_ws/install/turtlebot3_bringup:/home/fssja/turtlebot3_ws/install/turtlebot3_node:/home/fssja/turtlebot3_ws/install/turtlebot3_navigation2:/home/fssja/turtlebot3_ws/install/turtlebot3_fake_node:/home/fssja/turtlebot3_ws/install/turtlebot3_msgs:/home/fssja/turtlebot3_ws/install/turtlebot3_gazebo:/home/fssja/turtlebot3_ws/install/turtlebot3_description:/home/fssja/turtlebot3_ws/install/turtlebot3_cartographer:/home/fssja/turtlebot3_ws/install/robot_controller:/home/fssja/turtlebot3_ws/install/dynamixel_sdk_examples:/home/fssja/turtlebot3_ws/install/dynamixel_sdk_custom_interfaces:/home/fssja/turtlebot3_ws/install/dynamixel_sdk:/home/fssja/ros2_ws/install/the_publisher:/home/fssja/ros2_ws/install/robot_controller:/home/fssja/ros2_ws/install/publish_and_subscribe:/home/fssja/ros2_ws/install/add_two_nums:/home/fssja/turtlebot3_ws/install/turtlebot3_teleop:/home/fssja/turtlebot3_ws/install/turtlebot3_example:/opt/ros/humble LD_LIBRARY_PATH=/home/fssja/ros2-project/install/custom_interfaces/lib:${LD_LIBRARY_PATH} PYTHONPATH=/home/fssja/ros2-project/install/custom_interfaces/local/lib/python3.10/dist-packages:${PYTHONPATH} /usr/bin/cmake --build /home/fssja/ros2-project/build/two_server_controllers -- -j2 -l2
[14.295s] Level 1:colcon.colcon_core.environment:create_environment_scripts_only(two_server_controllers)
[14.300s] Level 1:colcon.colcon_core.environment:checking '/home/fssja/ros2-project/install/two_server_controllers' for CMake module files
[14.301s] Level 1:colcon.colcon_core.environment:checking '/home/fssja/ros2-project/install/two_server_controllers' for CMake config files
[14.302s] Level 1:colcon.colcon_core.shell:create_environment_hook('two_server_controllers', 'cmake_prefix_path')
[14.303s] INFO:colcon.colcon_core.shell:Creating environment hook '/home/fssja/ros2-project/install/two_server_controllers/share/two_server_controllers/hook/cmake_prefix_path.ps1'
[14.304s] INFO:colcon.colcon_core.shell:Creating environment descriptor '/home/fssja/ros2-project/install/two_server_controllers/share/two_server_controllers/hook/cmake_prefix_path.dsv'
[14.305s] INFO:colcon.colcon_core.shell:Creating environment hook '/home/fssja/ros2-project/install/two_server_controllers/share/two_server_controllers/hook/cmake_prefix_path.sh'
[14.307s] Level 1:colcon.colcon_core.environment:checking '/home/fssja/ros2-project/install/two_server_controllers/lib'
[14.307s] Level 1:colcon.colcon_core.environment:checking '/home/fssja/ros2-project/install/two_server_controllers/bin'
[14.308s] Level 1:colcon.colcon_core.environment:checking '/home/fssja/ros2-project/install/two_server_controllers/lib/pkgconfig/two_server_controllers.pc'
[14.308s] Level 1:colcon.colcon_core.environment:checking '/home/fssja/ros2-project/install/two_server_controllers/lib/python3.10/site-packages'
[14.309s] Level 1:colcon.colcon_core.environment:checking '/home/fssja/ros2-project/install/two_server_controllers/bin'
[14.309s] INFO:colcon.colcon_core.shell:Creating package script '/home/fssja/ros2-project/install/two_server_controllers/share/two_server_controllers/package.ps1'
[14.311s] INFO:colcon.colcon_core.shell:Creating package descriptor '/home/fssja/ros2-project/install/two_server_controllers/share/two_server_controllers/package.dsv'
[14.313s] INFO:colcon.colcon_core.shell:Creating package script '/home/fssja/ros2-project/install/two_server_controllers/share/two_server_controllers/package.sh'
[14.314s] INFO:colcon.colcon_core.shell:Creating package script '/home/fssja/ros2-project/install/two_server_controllers/share/two_server_controllers/package.bash'
[14.316s] INFO:colcon.colcon_core.shell:Creating package script '/home/fssja/ros2-project/install/two_server_controllers/share/two_server_controllers/package.zsh'
[14.318s] Level 1:colcon.colcon_core.environment:create_file_with_runtime_dependencies(/home/fssja/ros2-project/install/two_server_controllers/share/colcon-core/packages/two_server_controllers)
[14.329s] DEBUG:colcon.colcon_parallel_executor.executor.parallel:closing loop
[14.330s] DEBUG:colcon.colcon_parallel_executor.executor.parallel:loop closed
[14.330s] DEBUG:colcon.colcon_parallel_executor.executor.parallel:run_until_complete finished with '2'
[14.330s] DEBUG:colcon.colcon_core.event_reactor:joining thread
[14.348s] INFO:colcon.colcon_core.plugin_system:Skipping extension 'colcon_notification.desktop_notification.terminal_notifier': Not used on non-Darwin systems
[14.349s] INFO:colcon.colcon_core.plugin_system:Skipping extension 'colcon_notification.desktop_notification.win32': Not used on non-Windows systems
[14.349s] INFO:colcon.colcon_notification.desktop_notification:Sending desktop notification using 'notify2'
[14.382s] DEBUG:colcon.colcon_core.event_reactor:joined thread
[14.383s] INFO:colcon.colcon_core.shell:Creating prefix script '/home/fssja/ros2-project/install/local_setup.ps1'
[14.385s] INFO:colcon.colcon_core.shell:Creating prefix util module '/home/fssja/ros2-project/install/_local_setup_util_ps1.py'
[14.388s] INFO:colcon.colcon_core.shell:Creating prefix chain script '/home/fssja/ros2-project/install/setup.ps1'
[14.396s] INFO:colcon.colcon_core.shell:Creating prefix script '/home/fssja/ros2-project/install/local_setup.sh'
[14.398s] INFO:colcon.colcon_core.shell:Creating prefix util module '/home/fssja/ros2-project/install/_local_setup_util_sh.py'
[14.399s] INFO:colcon.colcon_core.shell:Creating prefix chain script '/home/fssja/ros2-project/install/setup.sh'
[14.404s] INFO:colcon.colcon_core.shell:Creating prefix script '/home/fssja/ros2-project/install/local_setup.bash'
[14.406s] INFO:colcon.colcon_core.shell:Creating prefix chain script '/home/fssja/ros2-project/install/setup.bash'
[14.411s] INFO:colcon.colcon_core.shell:Creating prefix script '/home/fssja/ros2-project/install/local_setup.zsh'
[14.413s] INFO:colcon.colcon_core.shell:Creating prefix chain script '/home/fssja/ros2-project/install/setup.zsh'
