[13.898s] DEBUG:colcon:Command line arguments: ['/usr/bin/colcon', 'build']
[13.899s] DEBUG:colcon:Parsed command line arguments: Namespace(log_base=None, log_level=None, verb_name='build', build_base='build', install_base='install', merge_install=False, symlink_install=False, test_result_base=None, continue_on_error=False, executor='parallel', parallel_workers=2, event_handlers=None, ignore_user_meta=False, metas=['./colcon.meta'], base_paths=['.'], packages_ignore=None, packages_ignore_regex=None, paths=None, packages_up_to=None, packages_up_to_regex=None, packages_above=None, packages_above_and_dependencies=None, packages_above_depth=None, packages_select_by_dep=None, packages_skip_by_dep=None, packages_skip_up_to=None, packages_select_build_failed=False, packages_skip_build_finished=False, packages_select_test_failures=False, packages_skip_test_passed=False, packages_select=None, packages_skip=None, packages_select_regex=None, packages_skip_regex=None, packages_start=None, packages_end=None, allow_overriding=[], cmake_args=None, cmake_target=None, cmake_target_skip_unavailable=False, cmake_clean_cache=False, cmake_clean_first=False, cmake_force_configure=False, ament_cmake_args=None, catkin_cmake_args=None, catkin_skip_building_tests=False, verb_parser=<colcon_defaults.argument_parser.defaults.DefaultArgumentsDecorator object at 0x7888826c9ab0>, verb_extension=<colcon_core.verb.build.BuildVerb object at 0x788882643f40>, main=<bound method BuildVerb.main of <colcon_core.verb.build.BuildVerb object at 0x788882643f40>>)
[14.973s] Level 1:colcon.colcon_core.package_discovery:discover_packages(colcon_meta) check parameters
[14.974s] Level 1:colcon.colcon_core.package_discovery:discover_packages(recursive) check parameters
[14.974s] Level 1:colcon.colcon_core.package_discovery:discover_packages(ignore) check parameters
[14.974s] Level 1:colcon.colcon_core.package_discovery:discover_packages(path) check parameters
[14.974s] Level 1:colcon.colcon_core.package_discovery:discover_packages(colcon_meta) discover
[14.974s] Level 1:colcon.colcon_core.package_discovery:discover_packages(recursive) discover
[14.974s] INFO:colcon.colcon_core.package_discovery:Crawling recursively for packages in '/home/fssja/ros2-project'
[14.974s] Level 1:colcon.colcon_core.package_identification:_identify(.) by extensions ['ignore', 'ignore_ament_install']
[14.975s] Level 1:colcon.colcon_core.package_identification:_identify(.) by extension 'ignore'
[14.975s] Level 1:colcon.colcon_core.package_identification:_identify(.) by extension 'ignore_ament_install'
[14.975s] Level 1:colcon.colcon_core.package_identification:_identify(.) by extensions ['colcon_pkg']
[14.975s] Level 1:colcon.colcon_core.package_identification:_identify(.) by extension 'colcon_pkg'
[14.975s] Level 1:colcon.colcon_core.package_identification:_identify(.) by extensions ['colcon_meta']
[14.975s] Level 1:colcon.colcon_core.package_identification:_identify(.) by extension 'colcon_meta'
[14.976s] Level 1:colcon.colcon_core.package_identification:_identify(.) by extensions ['ros']
[14.976s] Level 1:colcon.colcon_core.package_identification:_identify(.) by extension 'ros'
[15.192s] Level 1:colcon.colcon_core.package_identification:_identify(.) by extensions ['cmake', 'python']
[15.193s] Level 1:colcon.colcon_core.package_identification:_identify(.) by extension 'cmake'
[15.194s] Level 1:colcon.colcon_core.package_identification:_identify(.) by extension 'python'
[15.194s] Level 1:colcon.colcon_core.package_identification:_identify(.) by extensions ['python_setup_py']
[15.195s] Level 1:colcon.colcon_core.package_identification:_identify(.) by extension 'python_setup_py'
[15.498s] Level 1:colcon.colcon_core.package_identification:_identify(build) by extensions ['ignore', 'ignore_ament_install']
[15.498s] Level 1:colcon.colcon_core.package_identification:_identify(build) by extension 'ignore'
[15.499s] Level 1:colcon.colcon_core.package_identification:_identify(build) ignored
[15.500s] Level 1:colcon.colcon_core.package_identification:_identify(install) by extensions ['ignore', 'ignore_ament_install']
[15.500s] Level 1:colcon.colcon_core.package_identification:_identify(install) by extension 'ignore'
[15.501s] Level 1:colcon.colcon_core.package_identification:_identify(install) ignored
[15.501s] Level 1:colcon.colcon_core.package_identification:_identify(log) by extensions ['ignore', 'ignore_ament_install']
[15.502s] Level 1:colcon.colcon_core.package_identification:_identify(log) by extension 'ignore'
[15.502s] Level 1:colcon.colcon_core.package_identification:_identify(log) ignored
[15.502s] Level 1:colcon.colcon_core.package_identification:_identify(src) by extensions ['ignore', 'ignore_ament_install']
[15.503s] Level 1:colcon.colcon_core.package_identification:_identify(src) by extension 'ignore'
[15.503s] Level 1:colcon.colcon_core.package_identification:_identify(src) by extension 'ignore_ament_install'
[15.503s] Level 1:colcon.colcon_core.package_identification:_identify(src) by extensions ['colcon_pkg']
[15.504s] Level 1:colcon.colcon_core.package_identification:_identify(src) by extension 'colcon_pkg'
[15.505s] Level 1:colcon.colcon_core.package_identification:_identify(src) by extensions ['colcon_meta']
[15.505s] Level 1:colcon.colcon_core.package_identification:_identify(src) by extension 'colcon_meta'
[15.505s] Level 1:colcon.colcon_core.package_identification:_identify(src) by extensions ['ros']
[15.505s] Level 1:colcon.colcon_core.package_identification:_identify(src) by extension 'ros'
[15.506s] Level 1:colcon.colcon_core.package_identification:_identify(src) by extensions ['cmake', 'python']
[15.506s] Level 1:colcon.colcon_core.package_identification:_identify(src) by extension 'cmake'
[15.506s] Level 1:colcon.colcon_core.package_identification:_identify(src) by extension 'python'
[15.506s] Level 1:colcon.colcon_core.package_identification:_identify(src) by extensions ['python_setup_py']
[15.507s] Level 1:colcon.colcon_core.package_identification:_identify(src) by extension 'python_setup_py'
[15.507s] Level 1:colcon.colcon_core.package_identification:_identify(src/two_server_controllers) by extensions ['ignore', 'ignore_ament_install']
[15.510s] Level 1:colcon.colcon_core.package_identification:_identify(src/two_server_controllers) by extension 'ignore'
[15.510s] Level 1:colcon.colcon_core.package_identification:_identify(src/two_server_controllers) by extension 'ignore_ament_install'
[15.510s] Level 1:colcon.colcon_core.package_identification:_identify(src/two_server_controllers) by extensions ['colcon_pkg']
[15.511s] Level 1:colcon.colcon_core.package_identification:_identify(src/two_server_controllers) by extension 'colcon_pkg'
[15.511s] Level 1:colcon.colcon_core.package_identification:_identify(src/two_server_controllers) by extensions ['colcon_meta']
[15.511s] Level 1:colcon.colcon_core.package_identification:_identify(src/two_server_controllers) by extension 'colcon_meta'
[15.511s] Level 1:colcon.colcon_core.package_identification:_identify(src/two_server_controllers) by extensions ['ros']
[15.512s] Level 1:colcon.colcon_core.package_identification:_identify(src/two_server_controllers) by extension 'ros'
[15.622s] DEBUG:colcon.colcon_core.package_identification:Package 'src/two_server_controllers' with type 'ros.ament_cmake' and name 'two_server_controllers'
[15.623s] Level 1:colcon.colcon_core.package_discovery:discover_packages(recursive) using defaults
[15.623s] Level 1:colcon.colcon_core.package_discovery:discover_packages(ignore) discover
[15.623s] Level 1:colcon.colcon_core.package_discovery:discover_packages(ignore) using defaults
[15.623s] Level 1:colcon.colcon_core.package_discovery:discover_packages(path) discover
[15.624s] Level 1:colcon.colcon_core.package_discovery:discover_packages(path) using defaults
[17.444s] Level 1:colcon.colcon_core.package_discovery:discover_packages(prefix_path) check parameters
[17.445s] Level 1:colcon.colcon_core.package_discovery:discover_packages(prefix_path) discover
[18.544s] DEBUG:colcon.colcon_installed_package_information.package_discovery:Found 0 installed packages in /home/fssja/ros2-project/install
[18.632s] DEBUG:colcon.colcon_installed_package_information.package_discovery:Found 16 installed packages in /home/fssja/turtlebot3_ws/install
[18.751s] DEBUG:colcon.colcon_installed_package_information.package_discovery:Found 4 installed packages in /home/fssja/ros2_ws/install
[18.926s] DEBUG:colcon.colcon_installed_package_information.package_discovery:Found 368 installed packages in /opt/ros/humble
[18.933s] Level 1:colcon.colcon_core.package_discovery:discover_packages(prefix_path) using defaults
[30.934s] Level 5:colcon.colcon_core.verb:set package 'two_server_controllers' build argument 'cmake_args' from command line to 'None'
[30.935s] Level 5:colcon.colcon_core.verb:set package 'two_server_controllers' build argument 'cmake_target' from command line to 'None'
[30.935s] Level 5:colcon.colcon_core.verb:set package 'two_server_controllers' build argument 'cmake_target_skip_unavailable' from command line to 'False'
[30.935s] Level 5:colcon.colcon_core.verb:set package 'two_server_controllers' build argument 'cmake_clean_cache' from command line to 'False'
[30.935s] Level 5:colcon.colcon_core.verb:set package 'two_server_controllers' build argument 'cmake_clean_first' from command line to 'False'
[30.935s] Level 5:colcon.colcon_core.verb:set package 'two_server_controllers' build argument 'cmake_force_configure' from command line to 'False'
[30.935s] Level 5:colcon.colcon_core.verb:set package 'two_server_controllers' build argument 'ament_cmake_args' from command line to 'None'
[30.935s] Level 5:colcon.colcon_core.verb:set package 'two_server_controllers' build argument 'catkin_cmake_args' from command line to 'None'
[30.935s] Level 5:colcon.colcon_core.verb:set package 'two_server_controllers' build argument 'catkin_skip_building_tests' from command line to 'False'
[30.935s] DEBUG:colcon.colcon_core.verb:Building package 'two_server_controllers' with the following arguments: {'ament_cmake_args': None, 'build_base': '/home/fssja/ros2-project/build/two_server_controllers', 'catkin_cmake_args': None, 'catkin_skip_building_tests': False, 'cmake_args': None, 'cmake_clean_cache': False, 'cmake_clean_first': False, 'cmake_force_configure': False, 'cmake_target': None, 'cmake_target_skip_unavailable': False, 'install_base': '/home/fssja/ros2-project/install/two_server_controllers', 'merge_install': False, 'path': '/home/fssja/ros2-project/src/two_server_controllers', 'symlink_install': False, 'test_result_base': None}
[30.978s] INFO:colcon.colcon_core.executor:Executing jobs using 'parallel' executor
[31.023s] DEBUG:colcon.colcon_parallel_executor.executor.parallel:run_until_complete
[31.024s] INFO:colcon.colcon_ros.task.ament_cmake.build:Building ROS package in '/home/fssja/ros2-project/src/two_server_controllers' with build type 'ament_cmake'
[31.024s] INFO:colcon.colcon_cmake.task.cmake.build:Building CMake package in '/home/fssja/ros2-project/src/two_server_controllers'
[31.323s] INFO:colcon.colcon_core.plugin_system:Skipping extension 'colcon_core.shell.bat': Not used on non-Windows systems
[31.324s] INFO:colcon.colcon_core.shell:Skip shell extension 'powershell' for command environment: Not usable outside of PowerShell
[31.325s] DEBUG:colcon.colcon_core.shell:Skip shell extension 'dsv' for command environment
[31.778s] DEBUG:colcon.colcon_core.event_handler.log_command:Invoking command in '/home/fssja/ros2-project/build/two_server_controllers': CMAKE_PREFIX_PATH=${CMAKE_PREFIX_PATH}:/home/fssja/turtlebot3_ws/install/turtlebot3_teleop:/home/fssja/turtlebot3_ws/install/turtlebot3_example:/opt/ros/humble /usr/bin/cmake /home/fssja/ros2-project/src/two_server_controllers -DCMAKE_INSTALL_PREFIX=/home/fssja/ros2-project/install/two_server_controllers
[53.587s] DEBUG:colcon.colcon_core.event_handler.log_command:Invoked command in '/home/fssja/ros2-project/build/two_server_controllers' returned '0': CMAKE_PREFIX_PATH=${CMAKE_PREFIX_PATH}:/home/fssja/turtlebot3_ws/install/turtlebot3_teleop:/home/fssja/turtlebot3_ws/install/turtlebot3_example:/opt/ros/humble /usr/bin/cmake /home/fssja/ros2-project/src/two_server_controllers -DCMAKE_INSTALL_PREFIX=/home/fssja/ros2-project/install/two_server_controllers
[53.593s] DEBUG:colcon.colcon_core.event_handler.log_command:Invoking command in '/home/fssja/ros2-project/build/two_server_controllers': CMAKE_PREFIX_PATH=${CMAKE_PREFIX_PATH}:/home/fssja/turtlebot3_ws/install/turtlebot3_teleop:/home/fssja/turtlebot3_ws/install/turtlebot3_example:/opt/ros/humble /usr/bin/cmake --build /home/fssja/ros2-project/build/two_server_controllers -- -j2 -l2
[57.435s] DEBUG:colcon.colcon_core.event_handler.log_command:Invoked command in '/home/fssja/ros2-project/build/two_server_controllers' returned '2': CMAKE_PREFIX_PATH=${CMAKE_PREFIX_PATH}:/home/fssja/turtlebot3_ws/install/turtlebot3_teleop:/home/fssja/turtlebot3_ws/install/turtlebot3_example:/opt/ros/humble /usr/bin/cmake --build /home/fssja/ros2-project/build/two_server_controllers -- -j2 -l2
[57.561s] Level 1:colcon.colcon_core.environment:create_environment_scripts_only(two_server_controllers)
[57.656s] Level 1:colcon.colcon_core.environment:checking '/home/fssja/ros2-project/install/two_server_controllers' for CMake module files
[57.657s] Level 1:colcon.colcon_core.environment:checking '/home/fssja/ros2-project/install/two_server_controllers' for CMake config files
[57.658s] Level 1:colcon.colcon_core.environment:checking '/home/fssja/ros2-project/install/two_server_controllers/bin'
[57.659s] Level 1:colcon.colcon_core.environment:checking '/home/fssja/ros2-project/install/two_server_controllers/lib/pkgconfig/two_server_controllers.pc'
[57.659s] Level 1:colcon.colcon_core.environment:checking '/home/fssja/ros2-project/install/two_server_controllers/lib/python3.10/site-packages'
[57.660s] Level 1:colcon.colcon_core.environment:checking '/home/fssja/ros2-project/install/two_server_controllers/bin'
[57.703s] INFO:colcon.colcon_core.shell:Creating package script '/home/fssja/ros2-project/install/two_server_controllers/share/two_server_controllers/package.ps1'
[57.723s] INFO:colcon.colcon_core.shell:Creating package descriptor '/home/fssja/ros2-project/install/two_server_controllers/share/two_server_controllers/package.dsv'
[57.737s] INFO:colcon.colcon_core.shell:Creating package script '/home/fssja/ros2-project/install/two_server_controllers/share/two_server_controllers/package.sh'
[57.740s] INFO:colcon.colcon_core.shell:Creating package script '/home/fssja/ros2-project/install/two_server_controllers/share/two_server_controllers/package.bash'
[57.754s] INFO:colcon.colcon_core.shell:Creating package script '/home/fssja/ros2-project/install/two_server_controllers/share/two_server_controllers/package.zsh'
[57.757s] Level 1:colcon.colcon_core.environment:create_file_with_runtime_dependencies(/home/fssja/ros2-project/install/two_server_controllers/share/colcon-core/packages/two_server_controllers)
[57.768s] DEBUG:colcon.colcon_parallel_executor.executor.parallel:closing loop
[57.769s] DEBUG:colcon.colcon_parallel_executor.executor.parallel:loop closed
[57.769s] DEBUG:colcon.colcon_parallel_executor.executor.parallel:run_until_complete finished with '2'
[57.769s] DEBUG:colcon.colcon_core.event_reactor:joining thread
[57.885s] INFO:colcon.colcon_core.plugin_system:Skipping extension 'colcon_notification.desktop_notification.terminal_notifier': Not used on non-Darwin systems
[57.885s] INFO:colcon.colcon_core.plugin_system:Skipping extension 'colcon_notification.desktop_notification.win32': Not used on non-Windows systems
[57.885s] INFO:colcon.colcon_notification.desktop_notification:Sending desktop notification using 'notify2'
[58.253s] DEBUG:colcon.colcon_core.event_reactor:joined thread
[58.320s] INFO:colcon.colcon_core.shell:Creating prefix script '/home/fssja/ros2-project/install/local_setup.ps1'
[58.395s] INFO:colcon.colcon_core.shell:Creating prefix util module '/home/fssja/ros2-project/install/_local_setup_util_ps1.py'
[58.417s] INFO:colcon.colcon_core.shell:Creating prefix chain script '/home/fssja/ros2-project/install/setup.ps1'
[58.469s] INFO:colcon.colcon_core.shell:Creating prefix script '/home/fssja/ros2-project/install/local_setup.sh'
[58.482s] INFO:colcon.colcon_core.shell:Creating prefix util module '/home/fssja/ros2-project/install/_local_setup_util_sh.py'
[58.483s] INFO:colcon.colcon_core.shell:Creating prefix chain script '/home/fssja/ros2-project/install/setup.sh'
[58.533s] INFO:colcon.colcon_core.shell:Creating prefix script '/home/fssja/ros2-project/install/local_setup.bash'
[58.554s] INFO:colcon.colcon_core.shell:Creating prefix chain script '/home/fssja/ros2-project/install/setup.bash'
[58.607s] INFO:colcon.colcon_core.shell:Creating prefix script '/home/fssja/ros2-project/install/local_setup.zsh'
[58.609s] INFO:colcon.colcon_core.shell:Creating prefix chain script '/home/fssja/ros2-project/install/setup.zsh'
