[0.691s] Invoking command in '/home/fssja/turtlebot3_ws/build/turtlebot3_node': AMENT_PREFIX_PATH=/home/fssja/turtlebot3_ws/install/turtlebot3_msgs:/home/fssja/turtlebot3_ws/install/dynamixel_sdk:${AMENT_PREFIX_PATH} CMAKE_PREFIX_PATH=/home/fssja/turtlebot3_ws/install/turtlebot3_msgs:/home/fssja/turtlebot3_ws/install/dynamixel_sdk:/home/fssja/ros2_ws/install/the_publisher:/home/fssja/ros2_ws/install/publish_and_subscribe:/opt/ros/humble LD_LIBRARY_PATH=/home/fssja/turtlebot3_ws/install/turtlebot3_msgs/lib:/home/fssja/turtlebot3_ws/install/dynamixel_sdk/lib:${LD_LIBRARY_PATH} PYTHONPATH=/home/fssja/turtlebot3_ws/install/turtlebot3_msgs/local/lib/python3.10/dist-packages:${PYTHONPATH} /usr/bin/cmake --build /home/fssja/turtlebot3_ws/build/turtlebot3_node -- -j2 -l2
[1.175s] [ 85%] Built target turtlebot3_node_lib
[1.341s] [100%] Built target turtlebot3_ros
[1.435s] Invoked command in '/home/fssja/turtlebot3_ws/build/turtlebot3_node' returned '0': AMENT_PREFIX_PATH=/home/fssja/turtlebot3_ws/install/turtlebot3_msgs:/home/fssja/turtlebot3_ws/install/dynamixel_sdk:${AMENT_PREFIX_PATH} CMAKE_PREFIX_PATH=/home/fssja/turtlebot3_ws/install/turtlebot3_msgs:/home/fssja/turtlebot3_ws/install/dynamixel_sdk:/home/fssja/ros2_ws/install/the_publisher:/home/fssja/ros2_ws/install/publish_and_subscribe:/opt/ros/humble LD_LIBRARY_PATH=/home/fssja/turtlebot3_ws/install/turtlebot3_msgs/lib:/home/fssja/turtlebot3_ws/install/dynamixel_sdk/lib:${LD_LIBRARY_PATH} PYTHONPATH=/home/fssja/turtlebot3_ws/install/turtlebot3_msgs/local/lib/python3.10/dist-packages:${PYTHONPATH} /usr/bin/cmake --build /home/fssja/turtlebot3_ws/build/turtlebot3_node -- -j2 -l2
[2.421s] Invoking command in '/home/fssja/turtlebot3_ws/build/turtlebot3_node': AMENT_PREFIX_PATH=/home/fssja/turtlebot3_ws/install/turtlebot3_msgs:/home/fssja/turtlebot3_ws/install/dynamixel_sdk:${AMENT_PREFIX_PATH} CMAKE_PREFIX_PATH=/home/fssja/turtlebot3_ws/install/turtlebot3_msgs:/home/fssja/turtlebot3_ws/install/dynamixel_sdk:/home/fssja/ros2_ws/install/the_publisher:/home/fssja/ros2_ws/install/publish_and_subscribe:/opt/ros/humble LD_LIBRARY_PATH=/home/fssja/turtlebot3_ws/install/turtlebot3_msgs/lib:/home/fssja/turtlebot3_ws/install/dynamixel_sdk/lib:${LD_LIBRARY_PATH} PYTHONPATH=/home/fssja/turtlebot3_ws/install/turtlebot3_msgs/local/lib/python3.10/dist-packages:${PYTHONPATH} /usr/bin/cmake --install /home/fssja/turtlebot3_ws/build/turtlebot3_node
[2.448s] -- Install configuration: ""
[2.448s] -- Up-to-date: /home/fssja/turtlebot3_ws/install/turtlebot3_node/share/turtlebot3_node/param
[2.452s] -- Up-to-date: /home/fssja/turtlebot3_ws/install/turtlebot3_node/share/turtlebot3_node/param/burger.yaml
[2.453s] -- Up-to-date: /home/fssja/turtlebot3_ws/install/turtlebot3_node/share/turtlebot3_node/param/waffle.yaml
[2.453s] -- Up-to-date: /home/fssja/turtlebot3_ws/install/turtlebot3_node/share/turtlebot3_node/param/waffle_pi.yaml
[2.476s] -- Up-to-date: /home/fssja/turtlebot3_ws/install/turtlebot3_node/lib/turtlebot3_node/turtlebot3_ros
[2.478s] -- Up-to-date: /home/fssja/turtlebot3_ws/install/turtlebot3_node/share/ament_index/resource_index/package_run_dependencies/turtlebot3_node
[2.478s] -- Up-to-date: /home/fssja/turtlebot3_ws/install/turtlebot3_node/share/ament_index/resource_index/parent_prefix_path/turtlebot3_node
[2.479s] -- Up-to-date: /home/fssja/turtlebot3_ws/install/turtlebot3_node/share/turtlebot3_node/environment/ament_prefix_path.sh
[2.484s] -- Up-to-date: /home/fssja/turtlebot3_ws/install/turtlebot3_node/share/turtlebot3_node/environment/ament_prefix_path.dsv
[2.485s] -- Up-to-date: /home/fssja/turtlebot3_ws/install/turtlebot3_node/share/turtlebot3_node/environment/path.sh
[2.485s] -- Up-to-date: /home/fssja/turtlebot3_ws/install/turtlebot3_node/share/turtlebot3_node/environment/path.dsv
[2.486s] -- Up-to-date: /home/fssja/turtlebot3_ws/install/turtlebot3_node/share/turtlebot3_node/local_setup.bash
[2.486s] -- Up-to-date: /home/fssja/turtlebot3_ws/install/turtlebot3_node/share/turtlebot3_node/local_setup.sh
[2.487s] -- Up-to-date: /home/fssja/turtlebot3_ws/install/turtlebot3_node/share/turtlebot3_node/local_setup.zsh
[2.488s] -- Up-to-date: /home/fssja/turtlebot3_ws/install/turtlebot3_node/share/turtlebot3_node/local_setup.dsv
[2.489s] -- Installing: /home/fssja/turtlebot3_ws/install/turtlebot3_node/share/turtlebot3_node/package.dsv
[2.492s] -- Up-to-date: /home/fssja/turtlebot3_ws/install/turtlebot3_node/share/ament_index/resource_index/packages/turtlebot3_node
[2.493s] -- Up-to-date: /home/fssja/turtlebot3_ws/install/turtlebot3_node/share/turtlebot3_node/cmake/ament_cmake_export_include_directories-extras.cmake
[2.493s] -- Up-to-date: /home/fssja/turtlebot3_ws/install/turtlebot3_node/share/turtlebot3_node/cmake/turtlebot3_nodeConfig.cmake
[2.494s] -- Up-to-date: /home/fssja/turtlebot3_ws/install/turtlebot3_node/share/turtlebot3_node/cmake/turtlebot3_nodeConfig-version.cmake
[2.540s] -- Up-to-date: /home/fssja/turtlebot3_ws/install/turtlebot3_node/share/turtlebot3_node/package.xml
[2.541s] Invoked command in '/home/fssja/turtlebot3_ws/build/turtlebot3_node' returned '0': AMENT_PREFIX_PATH=/home/fssja/turtlebot3_ws/install/turtlebot3_msgs:/home/fssja/turtlebot3_ws/install/dynamixel_sdk:${AMENT_PREFIX_PATH} CMAKE_PREFIX_PATH=/home/fssja/turtlebot3_ws/install/turtlebot3_msgs:/home/fssja/turtlebot3_ws/install/dynamixel_sdk:/home/fssja/ros2_ws/install/the_publisher:/home/fssja/ros2_ws/install/publish_and_subscribe:/opt/ros/humble LD_LIBRARY_PATH=/home/fssja/turtlebot3_ws/install/turtlebot3_msgs/lib:/home/fssja/turtlebot3_ws/install/dynamixel_sdk/lib:${LD_LIBRARY_PATH} PYTHONPATH=/home/fssja/turtlebot3_ws/install/turtlebot3_msgs/local/lib/python3.10/dist-packages:${PYTHONPATH} /usr/bin/cmake --install /home/fssja/turtlebot3_ws/build/turtlebot3_node
