[  3%] Built target two_server_controllers__cpp
[ 12%] Built target two_server_controllers__rosidl_generator_c
[ 15%] [32mBuilding CXX object CMakeFiles/go_to_goal.dir/src/goto_server.cpp.o[0m
[ 15%] Built target ament_cmake_python_copy_two_server_controllers
[ 24%] Built target two_server_controllers__rosidl_typesupport_cpp
[ 33%] Built target two_server_controllers__rosidl_typesupport_fastrtps_c
[ 42%] Built target two_server_controllers__rosidl_typesupport_fastrtps_cpp
[ 51%] Built target two_server_controllers__rosidl_typesupport_introspection_c
[ 60%] Built target two_server_controllers__rosidl_typesupport_c
[ 69%] Built target two_server_controllers__rosidl_typesupport_introspection_cpp
[01m[K/home/fssja/ros2-project/src/two_server_controllers/src/goto_server.cpp:2:10:[m[K [01;31m[Kfatal error: [m[Ktwo_server_controllers/srv/goto.hpp: No such file or directory
    2 | #include [01;31m[K"two_server_controllers/srv/goto.hpp"[m[K
      |          [01;31m[K^~~~~~~~~~~~~~~~~~~~~~~~~~~~~~~~~~~~~[m[K
compilation terminated.
gmake[2]: *** [CMakeFiles/go_to_goal.dir/build.make:76: CMakeFiles/go_to_goal.dir/src/goto_server.cpp.o] Error 1
gmake[1]: *** [CMakeFiles/Makefile2:592: CMakeFiles/go_to_goal.dir/all] Error 2
gmake[1]: *** Waiting for unfinished jobs....
running egg_info
writing two_server_controllers.egg-info/PKG-INFO
writing dependency_links to two_server_controllers.egg-info/dependency_links.txt
writing top-level names to two_server_controllers.egg-info/top_level.txt
reading manifest file 'two_server_controllers.egg-info/SOURCES.txt'
writing manifest file 'two_server_controllers.egg-info/SOURCES.txt'
[ 69%] Built target ament_cmake_python_build_two_server_controllers_egg
gmake: *** [Makefile:146: all] Error 2
