[13.280s] Invoking command in '/home/fssja/turtlebot3_ws/src/turtlebot3/turtlebot3_teleop': PYTHONPATH=/home/fssja/turtlebot3_ws/build/turtlebot3_teleop/prefix_override:/home/fssja/turtlebot3_ws/install/turtlebot3_teleop/lib/python3.10/site-packages:${PYTHONPATH} /usr/bin/python3 setup.py egg_info --egg-base ../../../build/turtlebot3_teleop build --build-base /home/fssja/turtlebot3_ws/build/turtlebot3_teleop/build install --record /home/fssja/turtlebot3_ws/build/turtlebot3_teleop/install.log --single-version-externally-managed
[15.915s] running egg_info
[15.924s] writing ../../../build/turtlebot3_teleop/turtlebot3_teleop.egg-info/PKG-INFO
[15.924s] writing dependency_links to ../../../build/turtlebot3_teleop/turtlebot3_teleop.egg-info/dependency_links.txt
[15.929s] writing entry points to ../../../build/turtlebot3_teleop/turtlebot3_teleop.egg-info/entry_points.txt
[15.929s] writing requirements to ../../../build/turtlebot3_teleop/turtlebot3_teleop.egg-info/requires.txt
[15.929s] writing top-level names to ../../../build/turtlebot3_teleop/turtlebot3_teleop.egg-info/top_level.txt
[15.929s] reading manifest file '../../../build/turtlebot3_teleop/turtlebot3_teleop.egg-info/SOURCES.txt'
[15.930s] writing manifest file '../../../build/turtlebot3_teleop/turtlebot3_teleop.egg-info/SOURCES.txt'
[15.930s] /usr/lib/python3/dist-packages/setuptools/command/install.py:34: SetuptoolsDeprecationWarning: setup.py install is deprecated. Use build and pip and other standards-based tools.
[15.930s]   warnings.warn(
[15.930s] running build
[15.930s] running build_py
[15.931s] running install
[15.931s] running install_lib
[15.988s] running install_data
[16.006s] running install_egg_info
[16.073s] removing '/home/fssja/turtlebot3_ws/install/turtlebot3_teleop/lib/python3.10/site-packages/turtlebot3_teleop-2.1.5-py3.10.egg-info' (and everything under it)
[16.127s] Copying ../../../build/turtlebot3_teleop/turtlebot3_teleop.egg-info to /home/fssja/turtlebot3_ws/install/turtlebot3_teleop/lib/python3.10/site-packages/turtlebot3_teleop-2.1.5-py3.10.egg-info
[16.142s] running install_scripts
[16.299s] Installing teleop_keyboard script to /home/fssja/turtlebot3_ws/install/turtlebot3_teleop/lib/turtlebot3_teleop
[16.310s] writing list of installed files to '/home/fssja/turtlebot3_ws/build/turtlebot3_teleop/install.log'
[17.107s] Invoked command in '/home/fssja/turtlebot3_ws/src/turtlebot3/turtlebot3_teleop' returned '0': PYTHONPATH=/home/fssja/turtlebot3_ws/build/turtlebot3_teleop/prefix_override:/home/fssja/turtlebot3_ws/install/turtlebot3_teleop/lib/python3.10/site-packages:${PYTHONPATH} /usr/bin/python3 setup.py egg_info --egg-base ../../../build/turtlebot3_teleop build --build-base /home/fssja/turtlebot3_ws/build/turtlebot3_teleop/build install --record /home/fssja/turtlebot3_ws/build/turtlebot3_teleop/install.log --single-version-externally-managed
