[0.033s] Invoking command in '/home/fssja/ros2-project/build/two_server_controllers': CMAKE_PREFIX_PATH=${CMAKE_PREFIX_PATH}:/home/fssja/turtlebot3_ws/install/turtlebot3_teleop:/home/fssja/turtlebot3_ws/install/turtlebot3_example:/opt/ros/humble /usr/bin/cmake --build /home/fssja/ros2-project/build/two_server_controllers -- -j2 -l2
[0.124s] [35m[1mConsolidate compiler generated dependencies of target go_to_goal[0m
[0.162s] [ 50%] [32mBuilding CXX object CMakeFiles/go_to_goal.dir/src/goto.cpp.o[0m
[20.064s] [100%] [32m[1mLinking CXX executable go_to_goal[0m
[21.218s] [100%] Built target go_to_goal
[21.244s] Invoked command in '/home/fssja/ros2-project/build/two_server_controllers' returned '0': CMAKE_PREFIX_PATH=${CMAKE_PREFIX_PATH}:/home/fssja/turtlebot3_ws/install/turtlebot3_teleop:/home/fssja/turtlebot3_ws/install/turtlebot3_example:/opt/ros/humble /usr/bin/cmake --build /home/fssja/ros2-project/build/two_server_controllers -- -j2 -l2
[21.322s] Invoking command in '/home/fssja/ros2-project/build/two_server_controllers': CMAKE_PREFIX_PATH=${CMAKE_PREFIX_PATH}:/home/fssja/turtlebot3_ws/install/turtlebot3_teleop:/home/fssja/turtlebot3_ws/install/turtlebot3_example:/opt/ros/humble /usr/bin/cmake --install /home/fssja/ros2-project/build/two_server_controllers
[21.338s] -- Install configuration: ""
[21.338s] -- Installing: /home/fssja/ros2-project/install/two_server_controllers/lib/two_server_controllers/go_to_goal
[21.349s] -- Set runtime path of "/home/fssja/ros2-project/install/two_server_controllers/lib/two_server_controllers/go_to_goal" to ""
[21.349s] -- Up-to-date: /home/fssja/ros2-project/install/two_server_controllers/share/ament_index/resource_index/package_run_dependencies/two_server_controllers
[21.350s] -- Up-to-date: /home/fssja/ros2-project/install/two_server_controllers/share/ament_index/resource_index/parent_prefix_path/two_server_controllers
[21.350s] -- Up-to-date: /home/fssja/ros2-project/install/two_server_controllers/share/two_server_controllers/environment/ament_prefix_path.sh
[21.350s] -- Up-to-date: /home/fssja/ros2-project/install/two_server_controllers/share/two_server_controllers/environment/ament_prefix_path.dsv
[21.351s] -- Up-to-date: /home/fssja/ros2-project/install/two_server_controllers/share/two_server_controllers/environment/path.sh
[21.351s] -- Up-to-date: /home/fssja/ros2-project/install/two_server_controllers/share/two_server_controllers/environment/path.dsv
[21.351s] -- Up-to-date: /home/fssja/ros2-project/install/two_server_controllers/share/two_server_controllers/local_setup.bash
[21.351s] -- Up-to-date: /home/fssja/ros2-project/install/two_server_controllers/share/two_server_controllers/local_setup.sh
[21.351s] -- Up-to-date: /home/fssja/ros2-project/install/two_server_controllers/share/two_server_controllers/local_setup.zsh
[21.352s] -- Up-to-date: /home/fssja/ros2-project/install/two_server_controllers/share/two_server_controllers/local_setup.dsv
[21.352s] -- Installing: /home/fssja/ros2-project/install/two_server_controllers/share/two_server_controllers/package.dsv
[21.352s] -- Up-to-date: /home/fssja/ros2-project/install/two_server_controllers/share/ament_index/resource_index/packages/two_server_controllers
[21.352s] -- Up-to-date: /home/fssja/ros2-project/install/two_server_controllers/share/two_server_controllers/cmake/two_server_controllersConfig.cmake
[21.352s] -- Up-to-date: /home/fssja/ros2-project/install/two_server_controllers/share/two_server_controllers/cmake/two_server_controllersConfig-version.cmake
[21.355s] -- Up-to-date: /home/fssja/ros2-project/install/two_server_controllers/share/two_server_controllers/package.xml
[21.356s] Invoked command in '/home/fssja/ros2-project/build/two_server_controllers' returned '0': CMAKE_PREFIX_PATH=${CMAKE_PREFIX_PATH}:/home/fssja/turtlebot3_ws/install/turtlebot3_teleop:/home/fssja/turtlebot3_ws/install/turtlebot3_example:/opt/ros/humble /usr/bin/cmake --install /home/fssja/ros2-project/build/two_server_controllers
