[0.523s] Invoking command in '/home/fssja/turtlebot3_ws/build/turtlebot3_fake_node': AMENT_PREFIX_PATH=/home/fssja/turtlebot3_ws/install/turtlebot3_msgs:${AMENT_PREFIX_PATH} CMAKE_PREFIX_PATH=/home/fssja/turtlebot3_ws/install/turtlebot3_msgs:/home/fssja/ros2_ws/install/the_publisher:/home/fssja/ros2_ws/install/publish_and_subscribe:/opt/ros/humble LD_LIBRARY_PATH=/home/fssja/turtlebot3_ws/install/turtlebot3_msgs/lib:${LD_LIBRARY_PATH} PYTHONPATH=/home/fssja/turtlebot3_ws/install/turtlebot3_msgs/local/lib/python3.10/dist-packages:${PYTHONPATH} /usr/bin/cmake --build /home/fssja/turtlebot3_ws/build/turtlebot3_fake_node -- -j2 -l2
[0.751s] [100%] Built target turtlebot3_fake_node
[0.787s] Invoked command in '/home/fssja/turtlebot3_ws/build/turtlebot3_fake_node' returned '0': AMENT_PREFIX_PATH=/home/fssja/turtlebot3_ws/install/turtlebot3_msgs:${AMENT_PREFIX_PATH} CMAKE_PREFIX_PATH=/home/fssja/turtlebot3_ws/install/turtlebot3_msgs:/home/fssja/ros2_ws/install/the_publisher:/home/fssja/ros2_ws/install/publish_and_subscribe:/opt/ros/humble LD_LIBRARY_PATH=/home/fssja/turtlebot3_ws/install/turtlebot3_msgs/lib:${LD_LIBRARY_PATH} PYTHONPATH=/home/fssja/turtlebot3_ws/install/turtlebot3_msgs/local/lib/python3.10/dist-packages:${PYTHONPATH} /usr/bin/cmake --build /home/fssja/turtlebot3_ws/build/turtlebot3_fake_node -- -j2 -l2
[0.899s] Invoking command in '/home/fssja/turtlebot3_ws/build/turtlebot3_fake_node': AMENT_PREFIX_PATH=/home/fssja/turtlebot3_ws/install/turtlebot3_msgs:${AMENT_PREFIX_PATH} CMAKE_PREFIX_PATH=/home/fssja/turtlebot3_ws/install/turtlebot3_msgs:/home/fssja/ros2_ws/install/the_publisher:/home/fssja/ros2_ws/install/publish_and_subscribe:/opt/ros/humble LD_LIBRARY_PATH=/home/fssja/turtlebot3_ws/install/turtlebot3_msgs/lib:${LD_LIBRARY_PATH} PYTHONPATH=/home/fssja/turtlebot3_ws/install/turtlebot3_msgs/local/lib/python3.10/dist-packages:${PYTHONPATH} /usr/bin/cmake --install /home/fssja/turtlebot3_ws/build/turtlebot3_fake_node
[0.929s] -- Install configuration: ""
[0.930s] -- Up-to-date: /home/fssja/turtlebot3_ws/install/turtlebot3_fake_node/lib/turtlebot3_fake_node/turtlebot3_fake_node
[0.932s] -- Up-to-date: /home/fssja/turtlebot3_ws/install/turtlebot3_fake_node/share/turtlebot3_fake_node/launch
[0.932s] -- Up-to-date: /home/fssja/turtlebot3_ws/install/turtlebot3_fake_node/share/turtlebot3_fake_node/launch/turtlebot3_fake_node.launch.py
[0.932s] -- Up-to-date: /home/fssja/turtlebot3_ws/install/turtlebot3_fake_node/share/turtlebot3_fake_node/launch/rviz2.launch.py
[0.933s] -- Up-to-date: /home/fssja/turtlebot3_ws/install/turtlebot3_fake_node/share/turtlebot3_fake_node/param
[0.933s] -- Up-to-date: /home/fssja/turtlebot3_ws/install/turtlebot3_fake_node/share/turtlebot3_fake_node/param/burger.yaml
[0.933s] -- Up-to-date: /home/fssja/turtlebot3_ws/install/turtlebot3_fake_node/share/turtlebot3_fake_node/param/waffle.yaml
[0.933s] -- Up-to-date: /home/fssja/turtlebot3_ws/install/turtlebot3_fake_node/share/turtlebot3_fake_node/param/waffle_pi.yaml
[0.933s] -- Up-to-date: /home/fssja/turtlebot3_ws/install/turtlebot3_fake_node/include/
[0.934s] -- Up-to-date: /home/fssja/turtlebot3_ws/install/turtlebot3_fake_node/include//turtlebot3_fake_node
[0.938s] -- Up-to-date: /home/fssja/turtlebot3_ws/install/turtlebot3_fake_node/include//turtlebot3_fake_node/turtlebot3_fake_node.hpp
[0.938s] -- Up-to-date: /home/fssja/turtlebot3_ws/install/turtlebot3_fake_node/share/ament_index/resource_index/package_run_dependencies/turtlebot3_fake_node
[0.938s] -- Up-to-date: /home/fssja/turtlebot3_ws/install/turtlebot3_fake_node/share/ament_index/resource_index/parent_prefix_path/turtlebot3_fake_node
[0.939s] -- Up-to-date: /home/fssja/turtlebot3_ws/install/turtlebot3_fake_node/share/turtlebot3_fake_node/environment/ament_prefix_path.sh
[0.939s] -- Up-to-date: /home/fssja/turtlebot3_ws/install/turtlebot3_fake_node/share/turtlebot3_fake_node/environment/ament_prefix_path.dsv
[0.939s] -- Up-to-date: /home/fssja/turtlebot3_ws/install/turtlebot3_fake_node/share/turtlebot3_fake_node/environment/path.sh
[0.939s] -- Up-to-date: /home/fssja/turtlebot3_ws/install/turtlebot3_fake_node/share/turtlebot3_fake_node/environment/path.dsv
[0.939s] -- Up-to-date: /home/fssja/turtlebot3_ws/install/turtlebot3_fake_node/share/turtlebot3_fake_node/local_setup.bash
[0.940s] -- Up-to-date: /home/fssja/turtlebot3_ws/install/turtlebot3_fake_node/share/turtlebot3_fake_node/local_setup.sh
[0.952s] -- Up-to-date: /home/fssja/turtlebot3_ws/install/turtlebot3_fake_node/share/turtlebot3_fake_node/local_setup.zsh
[0.952s] -- Up-to-date: /home/fssja/turtlebot3_ws/install/turtlebot3_fake_node/share/turtlebot3_fake_node/local_setup.dsv
[0.953s] -- Installing: /home/fssja/turtlebot3_ws/install/turtlebot3_fake_node/share/turtlebot3_fake_node/package.dsv
[0.953s] -- Up-to-date: /home/fssja/turtlebot3_ws/install/turtlebot3_fake_node/share/ament_index/resource_index/packages/turtlebot3_fake_node
[0.953s] -- Up-to-date: /home/fssja/turtlebot3_ws/install/turtlebot3_fake_node/share/turtlebot3_fake_node/cmake/ament_cmake_export_include_directories-extras.cmake
[0.953s] -- Up-to-date: /home/fssja/turtlebot3_ws/install/turtlebot3_fake_node/share/turtlebot3_fake_node/cmake/ament_cmake_export_dependencies-extras.cmake
[0.953s] -- Up-to-date: /home/fssja/turtlebot3_ws/install/turtlebot3_fake_node/share/turtlebot3_fake_node/cmake/turtlebot3_fake_nodeConfig.cmake
[0.954s] -- Up-to-date: /home/fssja/turtlebot3_ws/install/turtlebot3_fake_node/share/turtlebot3_fake_node/cmake/turtlebot3_fake_nodeConfig-version.cmake
[0.954s] -- Up-to-date: /home/fssja/turtlebot3_ws/install/turtlebot3_fake_node/share/turtlebot3_fake_node/package.xml
[1.126s] Invoked command in '/home/fssja/turtlebot3_ws/build/turtlebot3_fake_node' returned '0': AMENT_PREFIX_PATH=/home/fssja/turtlebot3_ws/install/turtlebot3_msgs:${AMENT_PREFIX_PATH} CMAKE_PREFIX_PATH=/home/fssja/turtlebot3_ws/install/turtlebot3_msgs:/home/fssja/ros2_ws/install/the_publisher:/home/fssja/ros2_ws/install/publish_and_subscribe:/opt/ros/humble LD_LIBRARY_PATH=/home/fssja/turtlebot3_ws/install/turtlebot3_msgs/lib:${LD_LIBRARY_PATH} PYTHONPATH=/home/fssja/turtlebot3_ws/install/turtlebot3_msgs/local/lib/python3.10/dist-packages:${PYTHONPATH} /usr/bin/cmake --install /home/fssja/turtlebot3_ws/build/turtlebot3_fake_node
