[01m[K/home/fssja/ros2-project/src/two_server_controllers/src/goto_server.cpp:[m[K In member function ‘[01m[Kint GoToGoal::move_to_goal()[m[K’:
[01m[K/home/fssja/ros2-project/src/two_server_controllers/src/goto_server.cpp:91:33:[m[K [01;31m[Kerror: [m[Kcannot convert ‘[01m[Kint[m[K’ to ‘[01m[Krmw_request_id_t&[m[K’ {aka ‘[01m[Krmw_request_id_s&[m[K’}
   91 |         service_->send_response([01;31m[K0[m[K, *response_);
      |                                 [01;31m[K^[m[K
      |                                 [01;31m[K|[m[K
      |                                 [01;31m[Kint[m[K
In file included from [01m[K/opt/ros/humble/include/rclcpp/rclcpp/callback_group.hpp:28[m[K,
                 from [01m[K/opt/ros/humble/include/rclcpp/rclcpp/any_executable.hpp:20[m[K,
                 from [01m[K/opt/ros/humble/include/rclcpp/rclcpp/memory_strategy.hpp:25[m[K,
                 from [01m[K/opt/ros/humble/include/rclcpp/rclcpp/memory_strategies.hpp:18[m[K,
                 from [01m[K/opt/ros/humble/include/rclcpp/rclcpp/executor_options.hpp:20[m[K,
                 from [01m[K/opt/ros/humble/include/rclcpp/rclcpp/executor.hpp:37[m[K,
                 from [01m[K/opt/ros/humble/include/rclcpp/rclcpp/executors/multi_threaded_executor.hpp:25[m[K,
                 from [01m[K/opt/ros/humble/include/rclcpp/rclcpp/executors.hpp:21[m[K,
                 from [01m[K/opt/ros/humble/include/rclcpp/rclcpp/rclcpp.hpp:155[m[K,
                 from [01m[K/home/fssja/ros2-project/src/two_server_controllers/src/goto_server.cpp:1[m[K:
[01m[K/opt/ros/humble/include/rclcpp/rclcpp/service.hpp:480:36:[m[K [01;36m[Knote: [m[K  initializing argument 1 of ‘[01m[Kvoid rclcpp::Service<ServiceT>::send_response(rmw_request_id_t&, typename ServiceT::Response&) [with ServiceT = custom_interfaces::srv::Goto; rmw_request_id_t = rmw_request_id_s; typename ServiceT::Response = custom_interfaces::srv::Goto_Response_<std::allocator<void> >][m[K’
  480 |   send_response([01;36m[Krmw_request_id_t & req_id[m[K, typename ServiceT::Response & response)
      |                 [01;36m[K~~~~~~~~~~~~~~~~~~~^~~~~~[m[K
[01m[K/home/fssja/ros2-project/src/two_server_controllers/src/goto_server.cpp:96:3:[m[K [01;35m[Kwarning: [m[Kcontrol reaches end of non-void function [[01;35m[K]8;;https://gcc.gnu.org/onlinedocs/gcc/Warning-Options.html#index-Wreturn-type-Wreturn-type]8;;[m[K]
   96 |   [01;35m[K}[m[K
      |   [01;35m[K^[m[K
gmake[2]: *** [CMakeFiles/go_to_goal.dir/build.make:76: CMakeFiles/go_to_goal.dir/src/goto_server.cpp.o] Error 1
gmake[1]: *** [CMakeFiles/Makefile2:139: CMakeFiles/go_to_goal.dir/all] Error 2
gmake: *** [Makefile:146: all] Error 2
