[0.030s] Invoking command in '/home/fssja/ros2-project/build/two_server_controllers': CMAKE_PREFIX_PATH=${CMAKE_PREFIX_PATH}:/home/fssja/turtlebot3_ws/install/turtlebot3_teleop:/home/fssja/turtlebot3_ws/install/turtlebot3_example:/opt/ros/humble /usr/bin/cmake --build /home/fssja/ros2-project/build/two_server_controllers -- -j2 -l2
[0.112s] -- Found ament_cmake: 1.3.8 (/opt/ros/humble/share/ament_cmake/cmake)
[0.427s] -- Found rclcpp: 16.0.8 (/opt/ros/humble/share/rclcpp/cmake)
[0.490s] -- Found rosidl_generator_c: 3.1.5 (/opt/ros/humble/share/rosidl_generator_c/cmake)
[0.496s] -- Found rosidl_adapter: 3.1.5 (/opt/ros/humble/share/rosidl_adapter/cmake)
[0.511s] -- Found rosidl_generator_cpp: 3.1.5 (/opt/ros/humble/share/rosidl_generator_cpp/cmake)
[0.543s] -- Using all available rosidl_typesupport_c: rosidl_typesupport_fastrtps_c;rosidl_typesupport_introspection_c
[0.584s] -- Using all available rosidl_typesupport_cpp: rosidl_typesupport_fastrtps_cpp;rosidl_typesupport_introspection_cpp
[0.739s] -- Found rmw_implementation_cmake: 6.1.1 (/opt/ros/humble/share/rmw_implementation_cmake/cmake)
[0.743s] -- Found rmw_fastrtps_cpp: 6.2.6 (/opt/ros/humble/share/rmw_fastrtps_cpp/cmake)
[1.047s] -- Using RMW implementation 'rmw_fastrtps_cpp' as default
[1.472s] -- Found turtlesim: 1.4.2 (/opt/ros/humble/share/turtlesim/cmake)
[1.812s] -- Found geometry_msgs: 4.2.3 (/opt/ros/humble/share/geometry_msgs/cmake)
[1.927s] -- Found two_server_controllers: 0.0.0 (/home/fssja/ros2-project/install/two_server_controllers/share/two_server_controllers/cmake)
[1.927s] -- Found rosidl_default_generators: 1.2.0 (/opt/ros/humble/share/rosidl_default_generators/cmake)
[2.525s] -- Found ament_cmake_ros: 0.10.0 (/opt/ros/humble/share/ament_cmake_ros/cmake)
[3.286s] -- Using all available rosidl_typesupport_c: rosidl_typesupport_fastrtps_c;rosidl_typesupport_introspection_c
[3.587s] -- Using all available rosidl_typesupport_cpp: rosidl_typesupport_fastrtps_cpp;rosidl_typesupport_introspection_cpp
[3.641s] -- Found python_cmake_module: 0.10.0 (/opt/ros/humble/share/python_cmake_module/cmake)
[3.708s] -- Using PYTHON_EXECUTABLE: /usr/bin/python3
[3.708s] -- Using PYTHON_INCLUDE_DIRS: /usr/include/python3.10
[3.709s] -- Using PYTHON_LIBRARIES: /usr/lib/x86_64-linux-gnu/libpython3.10.so
[3.773s] -- Configuring done
[3.910s] -- Generating done
[3.924s] -- Build files have been written to: /home/fssja/ros2-project/build/two_server_controllers
[4.015s] [35m[1mConsolidate compiler generated dependencies of target two_server_controllers__rosidl_generator_c[0m
[4.031s] [  3%] Built target two_server_controllers__cpp
[4.049s] [ 12%] Built target two_server_controllers__rosidl_generator_c
[4.096s] [ 15%] [32mBuilding CXX object CMakeFiles/go_to_goal.dir/src/goto_server.cpp.o[0m
[4.101s] [ 15%] Built target ament_cmake_python_copy_two_server_controllers
[4.127s] [35m[1mConsolidate compiler generated dependencies of target two_server_controllers__rosidl_typesupport_cpp[0m
[4.169s] [ 24%] Built target two_server_controllers__rosidl_typesupport_cpp
[4.193s] [35m[1mConsolidate compiler generated dependencies of target two_server_controllers__rosidl_typesupport_fastrtps_c[0m
[4.240s] [ 33%] Built target two_server_controllers__rosidl_typesupport_fastrtps_c
[4.267s] [35m[1mConsolidate compiler generated dependencies of target two_server_controllers__rosidl_typesupport_fastrtps_cpp[0m
[4.314s] [ 42%] Built target two_server_controllers__rosidl_typesupport_fastrtps_cpp
[4.344s] [35m[1mConsolidate compiler generated dependencies of target two_server_controllers__rosidl_typesupport_introspection_c[0m
[4.379s] [ 51%] Built target two_server_controllers__rosidl_typesupport_introspection_c
[4.403s] [35m[1mConsolidate compiler generated dependencies of target two_server_controllers__rosidl_typesupport_c[0m
[4.452s] [ 60%] Built target two_server_controllers__rosidl_typesupport_c
[4.479s] [35m[1mConsolidate compiler generated dependencies of target two_server_controllers__rosidl_typesupport_introspection_cpp[0m
[4.523s] [ 69%] Built target two_server_controllers__rosidl_typesupport_introspection_cpp
[4.736s] [01m[K/home/fssja/ros2-project/src/two_server_controllers/src/goto_server.cpp:2:10:[m[K [01;31m[Kfatal error: [m[Ktwo_servers_controllers/srv/goto.hpp: No such file or directory
[4.736s]     2 | #include [01;31m[K"two_servers_controllers/srv/goto.hpp"[m[K
[4.736s]       |          [01;31m[K^~~~~~~~~~~~~~~~~~~~~~~~~~~~~~~~~~~~~~[m[K
[4.736s] compilation terminated.
[4.756s] gmake[2]: *** [CMakeFiles/go_to_goal.dir/build.make:76: CMakeFiles/go_to_goal.dir/src/goto_server.cpp.o] Error 1
[4.757s] gmake[1]: *** [CMakeFiles/Makefile2:592: CMakeFiles/go_to_goal.dir/all] Error 2
[4.757s] gmake[1]: *** Waiting for unfinished jobs....
[5.294s] running egg_info
[5.297s] writing two_server_controllers.egg-info/PKG-INFO
[5.299s] writing dependency_links to two_server_controllers.egg-info/dependency_links.txt
[5.301s] writing top-level names to two_server_controllers.egg-info/top_level.txt
[5.306s] reading manifest file 'two_server_controllers.egg-info/SOURCES.txt'
[5.307s] writing manifest file 'two_server_controllers.egg-info/SOURCES.txt'
[5.369s] [ 69%] Built target ament_cmake_python_build_two_server_controllers_egg
[5.373s] gmake: *** [Makefile:146: all] Error 2
[5.377s] Invoked command in '/home/fssja/ros2-project/build/two_server_controllers' returned '2': CMAKE_PREFIX_PATH=${CMAKE_PREFIX_PATH}:/home/fssja/turtlebot3_ws/install/turtlebot3_teleop:/home/fssja/turtlebot3_ws/install/turtlebot3_example:/opt/ros/humble /usr/bin/cmake --build /home/fssja/ros2-project/build/two_server_controllers -- -j2 -l2
