[4.390s] Invoking command in '/home/fssja/turtlebot3_ws/src/turtlebot3/turtlebot3_example': AMENT_PREFIX_PATH=/home/fssja/turtlebot3_ws/install/turtlebot3_msgs:${AMENT_PREFIX_PATH} CMAKE_PREFIX_PATH=/home/fssja/turtlebot3_ws/install/turtlebot3_msgs:${CMAKE_PREFIX_PATH} LD_LIBRARY_PATH=/home/fssja/turtlebot3_ws/install/turtlebot3_msgs/lib:${LD_LIBRARY_PATH} PYTHONPATH=/home/fssja/turtlebot3_ws/build/turtlebot3_example/prefix_override:/home/fssja/turtlebot3_ws/install/turtlebot3_example/lib/python3.10/site-packages:/home/fssja/turtlebot3_ws/install/turtlebot3_msgs/local/lib/python3.10/dist-packages:${PYTHONPATH} /usr/bin/python3 setup.py egg_info --egg-base ../../../build/turtlebot3_example build --build-base /home/fssja/turtlebot3_ws/build/turtlebot3_example/build install --record /home/fssja/turtlebot3_ws/build/turtlebot3_example/install.log --single-version-externally-managed
[5.504s] running egg_info
[5.504s] writing ../../../build/turtlebot3_example/turtlebot3_example.egg-info/PKG-INFO
[5.504s] writing dependency_links to ../../../build/turtlebot3_example/turtlebot3_example.egg-info/dependency_links.txt
[5.504s] writing entry points to ../../../build/turtlebot3_example/turtlebot3_example.egg-info/entry_points.txt
[5.511s] writing requirements to ../../../build/turtlebot3_example/turtlebot3_example.egg-info/requires.txt
[5.512s] writing top-level names to ../../../build/turtlebot3_example/turtlebot3_example.egg-info/top_level.txt
[5.549s] reading manifest file '../../../build/turtlebot3_example/turtlebot3_example.egg-info/SOURCES.txt'
[5.560s] writing manifest file '../../../build/turtlebot3_example/turtlebot3_example.egg-info/SOURCES.txt'
[5.567s] running build
[5.568s] running build_py
[5.572s] running install
[5.573s] /usr/lib/python3/dist-packages/setuptools/command/install.py:34: SetuptoolsDeprecationWarning: setup.py install is deprecated. Use build and pip and other standards-based tools.
[5.573s]   warnings.warn(
[5.574s] running install_lib
[5.579s] running install_data
[5.588s] running install_egg_info
[5.603s] removing '/home/fssja/turtlebot3_ws/install/turtlebot3_example/lib/python3.10/site-packages/turtlebot3_example-2.1.5-py3.10.egg-info' (and everything under it)
[5.604s] Copying ../../../build/turtlebot3_example/turtlebot3_example.egg-info to /home/fssja/turtlebot3_ws/install/turtlebot3_example/lib/python3.10/site-packages/turtlebot3_example-2.1.5-py3.10.egg-info
[5.607s] running install_scripts
[5.706s] Installing turtlebot3_obstacle_detection script to /home/fssja/turtlebot3_ws/install/turtlebot3_example/lib/turtlebot3_example
[5.706s] Installing turtlebot3_patrol_client script to /home/fssja/turtlebot3_ws/install/turtlebot3_example/lib/turtlebot3_example
[5.706s] Installing turtlebot3_patrol_server script to /home/fssja/turtlebot3_ws/install/turtlebot3_example/lib/turtlebot3_example
[5.706s] Installing turtlebot3_position_control script to /home/fssja/turtlebot3_ws/install/turtlebot3_example/lib/turtlebot3_example
[5.707s] writing list of installed files to '/home/fssja/turtlebot3_ws/build/turtlebot3_example/install.log'
[5.783s] Invoked command in '/home/fssja/turtlebot3_ws/src/turtlebot3/turtlebot3_example' returned '0': AMENT_PREFIX_PATH=/home/fssja/turtlebot3_ws/install/turtlebot3_msgs:${AMENT_PREFIX_PATH} CMAKE_PREFIX_PATH=/home/fssja/turtlebot3_ws/install/turtlebot3_msgs:${CMAKE_PREFIX_PATH} LD_LIBRARY_PATH=/home/fssja/turtlebot3_ws/install/turtlebot3_msgs/lib:${LD_LIBRARY_PATH} PYTHONPATH=/home/fssja/turtlebot3_ws/build/turtlebot3_example/prefix_override:/home/fssja/turtlebot3_ws/install/turtlebot3_example/lib/python3.10/site-packages:/home/fssja/turtlebot3_ws/install/turtlebot3_msgs/local/lib/python3.10/dist-packages:${PYTHONPATH} /usr/bin/python3 setup.py egg_info --egg-base ../../../build/turtlebot3_example build --build-base /home/fssja/turtlebot3_ws/build/turtlebot3_example/build install --record /home/fssja/turtlebot3_ws/build/turtlebot3_example/install.log --single-version-externally-managed
