[0.034s] Invoking command in '/home/fssja/ros2-project/build/two_server_controllers': CMAKE_PREFIX_PATH=${CMAKE_PREFIX_PATH}:/home/fssja/turtlebot3_ws/install/turtlebot3_teleop:/home/fssja/turtlebot3_ws/install/turtlebot3_example:/opt/ros/humble /usr/bin/cmake --build /home/fssja/ros2-project/build/two_server_controllers -- -j2 -l2
[0.129s] [35m[1mConsolidate compiler generated dependencies of target go_to_goal[0m
[0.165s] [ 50%] [32mBuilding CXX object CMakeFiles/go_to_goal.dir/src/goto.cpp.o[0m
[20.305s] [100%] [32m[1mLinking CXX executable go_to_goal[0m
[22.481s] [100%] Built target go_to_goal
[22.506s] Invoked command in '/home/fssja/ros2-project/build/two_server_controllers' returned '0': CMAKE_PREFIX_PATH=${CMAKE_PREFIX_PATH}:/home/fssja/turtlebot3_ws/install/turtlebot3_teleop:/home/fssja/turtlebot3_ws/install/turtlebot3_example:/opt/ros/humble /usr/bin/cmake --build /home/fssja/ros2-project/build/two_server_controllers -- -j2 -l2
[22.582s] Invoking command in '/home/fssja/ros2-project/build/two_server_controllers': CMAKE_PREFIX_PATH=${CMAKE_PREFIX_PATH}:/home/fssja/turtlebot3_ws/install/turtlebot3_teleop:/home/fssja/turtlebot3_ws/install/turtlebot3_example:/opt/ros/humble /usr/bin/cmake --install /home/fssja/ros2-project/build/two_server_controllers
[22.622s] -- Install configuration: ""
[22.622s] -- Installing: /home/fssja/ros2-project/install/two_server_controllers/lib/two_server_controllers/go_to_goal
[22.634s] -- Set runtime path of "/home/fssja/ros2-project/install/two_server_controllers/lib/two_server_controllers/go_to_goal" to ""
[22.634s] -- Up-to-date: /home/fssja/ros2-project/install/two_server_controllers/share/ament_index/resource_index/package_run_dependencies/two_server_controllers
[22.635s] -- Up-to-date: /home/fssja/ros2-project/install/two_server_controllers/share/ament_index/resource_index/parent_prefix_path/two_server_controllers
[22.635s] -- Up-to-date: /home/fssja/ros2-project/install/two_server_controllers/share/two_server_controllers/environment/ament_prefix_path.sh
[22.635s] -- Up-to-date: /home/fssja/ros2-project/install/two_server_controllers/share/two_server_controllers/environment/ament_prefix_path.dsv
[22.635s] -- Up-to-date: /home/fssja/ros2-project/install/two_server_controllers/share/two_server_controllers/environment/path.sh
[22.636s] -- Up-to-date: /home/fssja/ros2-project/install/two_server_controllers/share/two_server_controllers/environment/path.dsv
[22.636s] -- Up-to-date: /home/fssja/ros2-project/install/two_server_controllers/share/two_server_controllers/local_setup.bash
[22.637s] -- Up-to-date: /home/fssja/ros2-project/install/two_server_controllers/share/two_server_controllers/local_setup.sh
[22.637s] -- Up-to-date: /home/fssja/ros2-project/install/two_server_controllers/share/two_server_controllers/local_setup.zsh
[22.638s] -- Up-to-date: /home/fssja/ros2-project/install/two_server_controllers/share/two_server_controllers/local_setup.dsv
[22.638s] -- Installing: /home/fssja/ros2-project/install/two_server_controllers/share/two_server_controllers/package.dsv
[22.658s] -- Up-to-date: /home/fssja/ros2-project/install/two_server_controllers/share/ament_index/resource_index/packages/two_server_controllers
[22.659s] -- Up-to-date: /home/fssja/ros2-project/install/two_server_controllers/share/two_server_controllers/cmake/two_server_controllersConfig.cmake
[22.659s] -- Up-to-date: /home/fssja/ros2-project/install/two_server_controllers/share/two_server_controllers/cmake/two_server_controllersConfig-version.cmake
[22.659s] -- Up-to-date: /home/fssja/ros2-project/install/two_server_controllers/share/two_server_controllers/package.xml
[22.664s] Invoked command in '/home/fssja/ros2-project/build/two_server_controllers' returned '0': CMAKE_PREFIX_PATH=${CMAKE_PREFIX_PATH}:/home/fssja/turtlebot3_ws/install/turtlebot3_teleop:/home/fssja/turtlebot3_ws/install/turtlebot3_example:/opt/ros/humble /usr/bin/cmake --install /home/fssja/ros2-project/build/two_server_controllers
