[0.210s] Invoking command in '/home/fssja/turtlebot3_ws/build/dynamixel_sdk': CMAKE_PREFIX_PATH=${CMAKE_PREFIX_PATH}:/opt/ros/humble /usr/bin/cmake --build /home/fssja/turtlebot3_ws/build/dynamixel_sdk -- -j2 -l2
[0.383s] [100%] Built target dynamixel_sdk
[0.437s] Invoked command in '/home/fssja/turtlebot3_ws/build/dynamixel_sdk' returned '0': CMAKE_PREFIX_PATH=${CMAKE_PREFIX_PATH}:/opt/ros/humble /usr/bin/cmake --build /home/fssja/turtlebot3_ws/build/dynamixel_sdk -- -j2 -l2
[0.659s] Invoking command in '/home/fssja/turtlebot3_ws/build/dynamixel_sdk': CMAKE_PREFIX_PATH=${CMAKE_PREFIX_PATH}:/opt/ros/humble /usr/bin/cmake --install /home/fssja/turtlebot3_ws/build/dynamixel_sdk
[0.686s] -- Install configuration: ""
[0.686s] -- Up-to-date: /home/fssja/turtlebot3_ws/install/dynamixel_sdk/include/
[0.686s] -- Up-to-date: /home/fssja/turtlebot3_ws/install/dynamixel_sdk/include//dynamixel_sdk
[0.686s] -- Up-to-date: /home/fssja/turtlebot3_ws/install/dynamixel_sdk/include//dynamixel_sdk/packet_handler.h
[0.687s] -- Up-to-date: /home/fssja/turtlebot3_ws/install/dynamixel_sdk/include//dynamixel_sdk/dynamixel_sdk.h
[0.687s] -- Up-to-date: /home/fssja/turtlebot3_ws/install/dynamixel_sdk/include//dynamixel_sdk/port_handler_linux.h
[0.687s] -- Up-to-date: /home/fssja/turtlebot3_ws/install/dynamixel_sdk/include//dynamixel_sdk/port_handler_windows.h
[0.687s] -- Up-to-date: /home/fssja/turtlebot3_ws/install/dynamixel_sdk/include//dynamixel_sdk/protocol1_packet_handler.h
[0.687s] -- Up-to-date: /home/fssja/turtlebot3_ws/install/dynamixel_sdk/include//dynamixel_sdk/port_handler.h
[0.688s] -- Up-to-date: /home/fssja/turtlebot3_ws/install/dynamixel_sdk/include//dynamixel_sdk/port_handler_arduino.h
[0.688s] -- Up-to-date: /home/fssja/turtlebot3_ws/install/dynamixel_sdk/include//dynamixel_sdk/group_bulk_write.h
[0.688s] -- Up-to-date: /home/fssja/turtlebot3_ws/install/dynamixel_sdk/include//dynamixel_sdk/port_handler_mac.h
[0.688s] -- Up-to-date: /home/fssja/turtlebot3_ws/install/dynamixel_sdk/include//dynamixel_sdk/group_sync_write.h
[0.688s] -- Up-to-date: /home/fssja/turtlebot3_ws/install/dynamixel_sdk/include//dynamixel_sdk/group_bulk_read.h
[0.688s] -- Up-to-date: /home/fssja/turtlebot3_ws/install/dynamixel_sdk/include//dynamixel_sdk/group_sync_read.h
[0.689s] -- Up-to-date: /home/fssja/turtlebot3_ws/install/dynamixel_sdk/include//dynamixel_sdk/protocol2_packet_handler.h
[0.689s] -- Up-to-date: /home/fssja/turtlebot3_ws/install/dynamixel_sdk/lib/libdynamixel_sdk.so
[0.689s] -- Up-to-date: /home/fssja/turtlebot3_ws/install/dynamixel_sdk/share/dynamixel_sdk/environment/library_path.sh
[0.689s] -- Up-to-date: /home/fssja/turtlebot3_ws/install/dynamixel_sdk/share/dynamixel_sdk/environment/library_path.dsv
[0.689s] -- Up-to-date: /home/fssja/turtlebot3_ws/install/dynamixel_sdk/share/ament_index/resource_index/package_run_dependencies/dynamixel_sdk
[0.690s] -- Up-to-date: /home/fssja/turtlebot3_ws/install/dynamixel_sdk/share/ament_index/resource_index/parent_prefix_path/dynamixel_sdk
[0.690s] -- Up-to-date: /home/fssja/turtlebot3_ws/install/dynamixel_sdk/share/dynamixel_sdk/environment/ament_prefix_path.sh
[0.690s] -- Up-to-date: /home/fssja/turtlebot3_ws/install/dynamixel_sdk/share/dynamixel_sdk/environment/ament_prefix_path.dsv
[0.690s] -- Up-to-date: /home/fssja/turtlebot3_ws/install/dynamixel_sdk/share/dynamixel_sdk/environment/path.sh
[0.690s] -- Up-to-date: /home/fssja/turtlebot3_ws/install/dynamixel_sdk/share/dynamixel_sdk/environment/path.dsv
[0.691s] -- Up-to-date: /home/fssja/turtlebot3_ws/install/dynamixel_sdk/share/dynamixel_sdk/local_setup.bash
[0.707s] -- Up-to-date: /home/fssja/turtlebot3_ws/install/dynamixel_sdk/share/dynamixel_sdk/local_setup.sh
[0.714s] -- Up-to-date: /home/fssja/turtlebot3_ws/install/dynamixel_sdk/share/dynamixel_sdk/local_setup.zsh
[0.714s] -- Up-to-date: /home/fssja/turtlebot3_ws/install/dynamixel_sdk/share/dynamixel_sdk/local_setup.dsv
[0.714s] -- Installing: /home/fssja/turtlebot3_ws/install/dynamixel_sdk/share/dynamixel_sdk/package.dsv
[0.715s] -- Up-to-date: /home/fssja/turtlebot3_ws/install/dynamixel_sdk/share/ament_index/resource_index/packages/dynamixel_sdk
[0.727s] -- Up-to-date: /home/fssja/turtlebot3_ws/install/dynamixel_sdk/share/dynamixel_sdk/cmake/ament_cmake_export_include_directories-extras.cmake
[0.727s] -- Up-to-date: /home/fssja/turtlebot3_ws/install/dynamixel_sdk/share/dynamixel_sdk/cmake/ament_cmake_export_libraries-extras.cmake
[0.728s] -- Up-to-date: /home/fssja/turtlebot3_ws/install/dynamixel_sdk/share/dynamixel_sdk/cmake/dynamixel_sdkConfig.cmake
[0.728s] -- Up-to-date: /home/fssja/turtlebot3_ws/install/dynamixel_sdk/share/dynamixel_sdk/cmake/dynamixel_sdkConfig-version.cmake
[0.728s] -- Up-to-date: /home/fssja/turtlebot3_ws/install/dynamixel_sdk/share/dynamixel_sdk/package.xml
[0.729s] Invoked command in '/home/fssja/turtlebot3_ws/build/dynamixel_sdk' returned '0': CMAKE_PREFIX_PATH=${CMAKE_PREFIX_PATH}:/opt/ros/humble /usr/bin/cmake --install /home/fssja/turtlebot3_ws/build/dynamixel_sdk
