[0.036s] Invoking command in '/home/fssja/ros2-project/build/custom_interfaces': CMAKE_PREFIX_PATH=${CMAKE_PREFIX_PATH}:/home/fssja/turtlebot3_ws/install/turtlebot3_teleop:/home/fssja/turtlebot3_ws/install/turtlebot3_example:/opt/ros/humble /usr/bin/cmake --build /home/fssja/ros2-project/build/custom_interfaces -- -j2 -l2
[0.139s] [35m[1mConsolidate compiler generated dependencies of target custom_interfaces__rosidl_generator_c[0m
[0.169s] [  9%] Built target custom_interfaces__rosidl_generator_c
[0.176s] [ 12%] Built target custom_interfaces__cpp
[0.220s] [35m[1mConsolidate compiler generated dependencies of target custom_interfaces__rosidl_typesupport_fastrtps_cpp[0m
[0.276s] [ 22%] Built target custom_interfaces__rosidl_typesupport_fastrtps_cpp
[0.290s] [ 22%] Built target ament_cmake_python_copy_custom_interfaces
[0.304s] [35m[1mConsolidate compiler generated dependencies of target custom_interfaces__rosidl_typesupport_introspection_cpp[0m
[0.316s] [35m[1mConsolidate compiler generated dependencies of target custom_interfaces__rosidl_typesupport_cpp[0m
[0.349s] [ 41%] Built target custom_interfaces__rosidl_typesupport_cpp
[0.351s] [ 41%] Built target custom_interfaces__rosidl_typesupport_introspection_cpp
[0.372s] [35m[1mConsolidate compiler generated dependencies of target custom_interfaces__rosidl_typesupport_introspection_c[0m
[0.372s] [35m[1mConsolidate compiler generated dependencies of target custom_interfaces__rosidl_typesupport_fastrtps_c[0m
[0.403s] [ 51%] Built target custom_interfaces__rosidl_typesupport_fastrtps_c
[0.409s] [ 61%] Built target custom_interfaces__rosidl_typesupport_introspection_c
[0.433s] [35m[1mConsolidate compiler generated dependencies of target custom_interfaces__rosidl_typesupport_c[0m
[0.457s] [ 70%] Built target custom_interfaces__rosidl_typesupport_c
[0.502s] [ 70%] Built target custom_interfaces
[0.552s] [ 74%] Built target custom_interfaces__py
[0.575s] [35m[1mConsolidate compiler generated dependencies of target custom_interfaces__rosidl_generator_py[0m
[0.604s] [ 80%] Built target custom_interfaces__rosidl_generator_py
[0.634s] [35m[1mConsolidate compiler generated dependencies of target custom_interfaces__rosidl_typesupport_fastrtps_c__pyext[0m
[0.662s] [ 87%] Built target custom_interfaces__rosidl_typesupport_fastrtps_c__pyext
[0.707s] [35m[1mConsolidate compiler generated dependencies of target custom_interfaces__rosidl_typesupport_introspection_c__pyext[0m
[0.742s] [ 93%] Built target custom_interfaces__rosidl_typesupport_introspection_c__pyext
[0.766s] [35m[1mConsolidate compiler generated dependencies of target custom_interfaces__rosidl_typesupport_c__pyext[0m
[0.795s] [100%] Built target custom_interfaces__rosidl_typesupport_c__pyext
[1.177s] running egg_info
[1.178s] writing custom_interfaces.egg-info/PKG-INFO
[1.179s] writing dependency_links to custom_interfaces.egg-info/dependency_links.txt
[1.179s] writing top-level names to custom_interfaces.egg-info/top_level.txt
[1.185s] reading manifest file 'custom_interfaces.egg-info/SOURCES.txt'
[1.186s] writing manifest file 'custom_interfaces.egg-info/SOURCES.txt'
[1.246s] [100%] Built target ament_cmake_python_build_custom_interfaces_egg
[1.274s] Invoked command in '/home/fssja/ros2-project/build/custom_interfaces' returned '0': CMAKE_PREFIX_PATH=${CMAKE_PREFIX_PATH}:/home/fssja/turtlebot3_ws/install/turtlebot3_teleop:/home/fssja/turtlebot3_ws/install/turtlebot3_example:/opt/ros/humble /usr/bin/cmake --build /home/fssja/ros2-project/build/custom_interfaces -- -j2 -l2
[1.434s] Invoking command in '/home/fssja/ros2-project/build/custom_interfaces': CMAKE_PREFIX_PATH=${CMAKE_PREFIX_PATH}:/home/fssja/turtlebot3_ws/install/turtlebot3_teleop:/home/fssja/turtlebot3_ws/install/turtlebot3_example:/opt/ros/humble /usr/bin/cmake --install /home/fssja/ros2-project/build/custom_interfaces
[1.460s] -- Install configuration: ""
[1.464s] -- Up-to-date: /home/fssja/ros2-project/install/custom_interfaces/share/ament_index/resource_index/rosidl_interfaces/custom_interfaces
[1.466s] -- Up-to-date: /home/fssja/ros2-project/install/custom_interfaces/include/custom_interfaces/custom_interfaces
[1.476s] -- Up-to-date: /home/fssja/ros2-project/install/custom_interfaces/include/custom_interfaces/custom_interfaces/srv
[1.477s] -- Up-to-date: /home/fssja/ros2-project/install/custom_interfaces/include/custom_interfaces/custom_interfaces/srv/detail
[1.477s] -- Up-to-date: /home/fssja/ros2-project/install/custom_interfaces/include/custom_interfaces/custom_interfaces/srv/detail/goto__struct.h
[1.477s] -- Up-to-date: /home/fssja/ros2-project/install/custom_interfaces/include/custom_interfaces/custom_interfaces/srv/detail/goto__functions.h
[1.477s] -- Up-to-date: /home/fssja/ros2-project/install/custom_interfaces/include/custom_interfaces/custom_interfaces/srv/detail/goto__type_support.h
[1.477s] -- Up-to-date: /home/fssja/ros2-project/install/custom_interfaces/include/custom_interfaces/custom_interfaces/srv/detail/goto__functions.c
[1.478s] -- Up-to-date: /home/fssja/ros2-project/install/custom_interfaces/include/custom_interfaces/custom_interfaces/srv/goto.h
[1.478s] -- Up-to-date: /home/fssja/ros2-project/install/custom_interfaces/include/custom_interfaces/custom_interfaces/msg
[1.478s] -- Up-to-date: /home/fssja/ros2-project/install/custom_interfaces/include/custom_interfaces/custom_interfaces/msg/rosidl_generator_c__visibility_control.h
[1.478s] -- Up-to-date: /home/fssja/ros2-project/install/custom_interfaces/share/custom_interfaces/environment/library_path.sh
[1.478s] -- Up-to-date: /home/fssja/ros2-project/install/custom_interfaces/share/custom_interfaces/environment/library_path.dsv
[1.479s] -- Up-to-date: /home/fssja/ros2-project/install/custom_interfaces/lib/libcustom_interfaces__rosidl_generator_c.so
[1.479s] -- Up-to-date: /home/fssja/ros2-project/install/custom_interfaces/include/custom_interfaces/custom_interfaces
[1.479s] -- Up-to-date: /home/fssja/ros2-project/install/custom_interfaces/include/custom_interfaces/custom_interfaces/srv
[1.479s] -- Up-to-date: /home/fssja/ros2-project/install/custom_interfaces/include/custom_interfaces/custom_interfaces/srv/detail
[1.479s] -- Up-to-date: /home/fssja/ros2-project/install/custom_interfaces/include/custom_interfaces/custom_interfaces/srv/detail/goto__rosidl_typesupport_fastrtps_c.h
[1.480s] -- Up-to-date: /home/fssja/ros2-project/install/custom_interfaces/include/custom_interfaces/custom_interfaces/msg
[1.480s] -- Up-to-date: /home/fssja/ros2-project/install/custom_interfaces/include/custom_interfaces/custom_interfaces/msg/rosidl_typesupport_fastrtps_c__visibility_control.h
[1.480s] -- Up-to-date: /home/fssja/ros2-project/install/custom_interfaces/lib/libcustom_interfaces__rosidl_typesupport_fastrtps_c.so
[1.480s] -- Up-to-date: /home/fssja/ros2-project/install/custom_interfaces/include/custom_interfaces/custom_interfaces
[1.480s] -- Up-to-date: /home/fssja/ros2-project/install/custom_interfaces/include/custom_interfaces/custom_interfaces/srv
[1.501s] -- Up-to-date: /home/fssja/ros2-project/install/custom_interfaces/include/custom_interfaces/custom_interfaces/srv/detail
[1.501s] -- Up-to-date: /home/fssja/ros2-project/install/custom_interfaces/include/custom_interfaces/custom_interfaces/srv/detail/goto__type_support.c
[1.501s] -- Up-to-date: /home/fssja/ros2-project/install/custom_interfaces/include/custom_interfaces/custom_interfaces/srv/detail/goto__rosidl_typesupport_introspection_c.h
[1.502s] -- Up-to-date: /home/fssja/ros2-project/install/custom_interfaces/include/custom_interfaces/custom_interfaces/msg
[1.502s] -- Up-to-date: /home/fssja/ros2-project/install/custom_interfaces/include/custom_interfaces/custom_interfaces/msg/rosidl_typesupport_introspection_c__visibility_control.h
[1.502s] -- Up-to-date: /home/fssja/ros2-project/install/custom_interfaces/lib/libcustom_interfaces__rosidl_typesupport_introspection_c.so
[1.502s] -- Up-to-date: /home/fssja/ros2-project/install/custom_interfaces/lib/libcustom_interfaces__rosidl_typesupport_c.so
[1.502s] -- Up-to-date: /home/fssja/ros2-project/install/custom_interfaces/include/custom_interfaces/custom_interfaces
[1.503s] -- Up-to-date: /home/fssja/ros2-project/install/custom_interfaces/include/custom_interfaces/custom_interfaces/srv
[1.503s] -- Up-to-date: /home/fssja/ros2-project/install/custom_interfaces/include/custom_interfaces/custom_interfaces/srv/detail
[1.503s] -- Up-to-date: /home/fssja/ros2-project/install/custom_interfaces/include/custom_interfaces/custom_interfaces/srv/detail/goto__builder.hpp
[1.503s] -- Up-to-date: /home/fssja/ros2-project/install/custom_interfaces/include/custom_interfaces/custom_interfaces/srv/detail/goto__struct.hpp
[1.503s] -- Up-to-date: /home/fssja/ros2-project/install/custom_interfaces/include/custom_interfaces/custom_interfaces/srv/detail/goto__traits.hpp
[1.504s] -- Up-to-date: /home/fssja/ros2-project/install/custom_interfaces/include/custom_interfaces/custom_interfaces/srv/goto.hpp
[1.504s] -- Up-to-date: /home/fssja/ros2-project/install/custom_interfaces/include/custom_interfaces/custom_interfaces
[1.504s] -- Up-to-date: /home/fssja/ros2-project/install/custom_interfaces/include/custom_interfaces/custom_interfaces/srv
[1.504s] -- Up-to-date: /home/fssja/ros2-project/install/custom_interfaces/include/custom_interfaces/custom_interfaces/srv/detail
[1.504s] -- Up-to-date: /home/fssja/ros2-project/install/custom_interfaces/include/custom_interfaces/custom_interfaces/srv/detail/dds_fastrtps
[1.512s] -- Up-to-date: /home/fssja/ros2-project/install/custom_interfaces/include/custom_interfaces/custom_interfaces/srv/detail/goto__rosidl_typesupport_fastrtps_cpp.hpp
[1.512s] -- Up-to-date: /home/fssja/ros2-project/install/custom_interfaces/include/custom_interfaces/custom_interfaces/msg
[1.512s] -- Up-to-date: /home/fssja/ros2-project/install/custom_interfaces/include/custom_interfaces/custom_interfaces/msg/rosidl_typesupport_fastrtps_cpp__visibility_control.h
[1.513s] -- Up-to-date: /home/fssja/ros2-project/install/custom_interfaces/lib/libcustom_interfaces__rosidl_typesupport_fastrtps_cpp.so
[1.513s] -- Up-to-date: /home/fssja/ros2-project/install/custom_interfaces/include/custom_interfaces/custom_interfaces
[1.513s] -- Up-to-date: /home/fssja/ros2-project/install/custom_interfaces/include/custom_interfaces/custom_interfaces/srv
[1.513s] -- Up-to-date: /home/fssja/ros2-project/install/custom_interfaces/include/custom_interfaces/custom_interfaces/srv/detail
[1.513s] -- Up-to-date: /home/fssja/ros2-project/install/custom_interfaces/include/custom_interfaces/custom_interfaces/srv/detail/goto__rosidl_typesupport_introspection_cpp.hpp
[1.514s] -- Up-to-date: /home/fssja/ros2-project/install/custom_interfaces/include/custom_interfaces/custom_interfaces/srv/detail/goto__type_support.cpp
[1.514s] -- Up-to-date: /home/fssja/ros2-project/install/custom_interfaces/lib/libcustom_interfaces__rosidl_typesupport_introspection_cpp.so
[1.514s] -- Up-to-date: /home/fssja/ros2-project/install/custom_interfaces/lib/libcustom_interfaces__rosidl_typesupport_cpp.so
[1.514s] -- Up-to-date: /home/fssja/ros2-project/install/custom_interfaces/share/custom_interfaces/environment/pythonpath.sh
[1.514s] -- Up-to-date: /home/fssja/ros2-project/install/custom_interfaces/share/custom_interfaces/environment/pythonpath.dsv
[1.514s] -- Up-to-date: /home/fssja/ros2-project/install/custom_interfaces/local/lib/python3.10/dist-packages/custom_interfaces-0.0.0-py3.10.egg-info
[1.515s] -- Installing: /home/fssja/ros2-project/install/custom_interfaces/local/lib/python3.10/dist-packages/custom_interfaces-0.0.0-py3.10.egg-info/PKG-INFO
[1.515s] -- Installing: /home/fssja/ros2-project/install/custom_interfaces/local/lib/python3.10/dist-packages/custom_interfaces-0.0.0-py3.10.egg-info/SOURCES.txt
[1.515s] -- Installing: /home/fssja/ros2-project/install/custom_interfaces/local/lib/python3.10/dist-packages/custom_interfaces-0.0.0-py3.10.egg-info/top_level.txt
[1.515s] -- Installing: /home/fssja/ros2-project/install/custom_interfaces/local/lib/python3.10/dist-packages/custom_interfaces-0.0.0-py3.10.egg-info/dependency_links.txt
[1.515s] -- Up-to-date: /home/fssja/ros2-project/install/custom_interfaces/local/lib/python3.10/dist-packages/custom_interfaces
[1.516s] -- Up-to-date: /home/fssja/ros2-project/install/custom_interfaces/local/lib/python3.10/dist-packages/custom_interfaces/srv
[1.516s] -- Up-to-date: /home/fssja/ros2-project/install/custom_interfaces/local/lib/python3.10/dist-packages/custom_interfaces/srv/_goto_s.c
[1.516s] -- Up-to-date: /home/fssja/ros2-project/install/custom_interfaces/local/lib/python3.10/dist-packages/custom_interfaces/srv/__init__.py
[1.516s] -- Up-to-date: /home/fssja/ros2-project/install/custom_interfaces/local/lib/python3.10/dist-packages/custom_interfaces/srv/_goto.py
[1.516s] -- Up-to-date: /home/fssja/ros2-project/install/custom_interfaces/local/lib/python3.10/dist-packages/custom_interfaces/__init__.py
[1.521s] -- Up-to-date: /home/fssja/ros2-project/install/custom_interfaces/local/lib/python3.10/dist-packages/custom_interfaces/_custom_interfaces_s.ep.rosidl_typesupport_c.c
[1.521s] -- Up-to-date: /home/fssja/ros2-project/install/custom_interfaces/local/lib/python3.10/dist-packages/custom_interfaces/custom_interfaces_s__rosidl_typesupport_fastrtps_c.cpython-310-x86_64-linux-gnu.so
[1.521s] -- Up-to-date: /home/fssja/ros2-project/install/custom_interfaces/local/lib/python3.10/dist-packages/custom_interfaces/custom_interfaces_s__rosidl_typesupport_c.cpython-310-x86_64-linux-gnu.so
[1.521s] -- Up-to-date: /home/fssja/ros2-project/install/custom_interfaces/local/lib/python3.10/dist-packages/custom_interfaces/_custom_interfaces_s.ep.rosidl_typesupport_introspection_c.c
[1.522s] -- Up-to-date: /home/fssja/ros2-project/install/custom_interfaces/local/lib/python3.10/dist-packages/custom_interfaces/custom_interfaces_s__rosidl_typesupport_introspection_c.cpython-310-x86_64-linux-gnu.so
[1.522s] -- Up-to-date: /home/fssja/ros2-project/install/custom_interfaces/local/lib/python3.10/dist-packages/custom_interfaces/libcustom_interfaces__rosidl_generator_py.so
[1.522s] -- Up-to-date: /home/fssja/ros2-project/install/custom_interfaces/local/lib/python3.10/dist-packages/custom_interfaces/_custom_interfaces_s.ep.rosidl_typesupport_fastrtps_c.c
[1.544s] Listing '/home/fssja/ros2-project/install/custom_interfaces/local/lib/python3.10/dist-packages/custom_interfaces'...
[1.545s] Listing '/home/fssja/ros2-project/install/custom_interfaces/local/lib/python3.10/dist-packages/custom_interfaces/srv'...
[1.557s] -- Up-to-date: /home/fssja/ros2-project/install/custom_interfaces/local/lib/python3.10/dist-packages/custom_interfaces/custom_interfaces_s__rosidl_typesupport_fastrtps_c.cpython-310-x86_64-linux-gnu.so
[1.557s] -- Up-to-date: /home/fssja/ros2-project/install/custom_interfaces/local/lib/python3.10/dist-packages/custom_interfaces/custom_interfaces_s__rosidl_typesupport_introspection_c.cpython-310-x86_64-linux-gnu.so
[1.557s] -- Up-to-date: /home/fssja/ros2-project/install/custom_interfaces/local/lib/python3.10/dist-packages/custom_interfaces/custom_interfaces_s__rosidl_typesupport_c.cpython-310-x86_64-linux-gnu.so
[1.558s] -- Up-to-date: /home/fssja/ros2-project/install/custom_interfaces/lib/libcustom_interfaces__rosidl_generator_py.so
[1.558s] -- Up-to-date: /home/fssja/ros2-project/install/custom_interfaces/share/custom_interfaces/srv/Goto.idl
[1.559s] -- Up-to-date: /home/fssja/ros2-project/install/custom_interfaces/share/custom_interfaces/srv/Goto.srv
[1.559s] -- Up-to-date: /home/fssja/ros2-project/install/custom_interfaces/share/custom_interfaces/srv/Goto_Request.msg
[1.560s] -- Up-to-date: /home/fssja/ros2-project/install/custom_interfaces/share/custom_interfaces/srv/Goto_Response.msg
[1.560s] -- Up-to-date: /home/fssja/ros2-project/install/custom_interfaces/share/ament_index/resource_index/package_run_dependencies/custom_interfaces
[1.560s] -- Up-to-date: /home/fssja/ros2-project/install/custom_interfaces/share/ament_index/resource_index/parent_prefix_path/custom_interfaces
[1.561s] -- Up-to-date: /home/fssja/ros2-project/install/custom_interfaces/share/custom_interfaces/environment/ament_prefix_path.sh
[1.561s] -- Up-to-date: /home/fssja/ros2-project/install/custom_interfaces/share/custom_interfaces/environment/ament_prefix_path.dsv
[1.566s] -- Up-to-date: /home/fssja/ros2-project/install/custom_interfaces/share/custom_interfaces/environment/path.sh
[1.566s] -- Up-to-date: /home/fssja/ros2-project/install/custom_interfaces/share/custom_interfaces/environment/path.dsv
[1.566s] -- Up-to-date: /home/fssja/ros2-project/install/custom_interfaces/share/custom_interfaces/local_setup.bash
[1.567s] -- Up-to-date: /home/fssja/ros2-project/install/custom_interfaces/share/custom_interfaces/local_setup.sh
[1.567s] -- Up-to-date: /home/fssja/ros2-project/install/custom_interfaces/share/custom_interfaces/local_setup.zsh
[1.568s] -- Up-to-date: /home/fssja/ros2-project/install/custom_interfaces/share/custom_interfaces/local_setup.dsv
[1.568s] -- Installing: /home/fssja/ros2-project/install/custom_interfaces/share/custom_interfaces/package.dsv
[1.569s] -- Up-to-date: /home/fssja/ros2-project/install/custom_interfaces/share/ament_index/resource_index/packages/custom_interfaces
[1.570s] -- Up-to-date: /home/fssja/ros2-project/install/custom_interfaces/share/custom_interfaces/cmake/export_custom_interfaces__rosidl_generator_cExport.cmake
[1.570s] -- Up-to-date: /home/fssja/ros2-project/install/custom_interfaces/share/custom_interfaces/cmake/export_custom_interfaces__rosidl_generator_cExport-noconfig.cmake
[1.571s] -- Up-to-date: /home/fssja/ros2-project/install/custom_interfaces/share/custom_interfaces/cmake/export_custom_interfaces__rosidl_typesupport_fastrtps_cExport.cmake
[1.571s] -- Up-to-date: /home/fssja/ros2-project/install/custom_interfaces/share/custom_interfaces/cmake/export_custom_interfaces__rosidl_typesupport_fastrtps_cExport-noconfig.cmake
[1.572s] -- Up-to-date: /home/fssja/ros2-project/install/custom_interfaces/share/custom_interfaces/cmake/custom_interfaces__rosidl_typesupport_introspection_cExport.cmake
[1.572s] -- Up-to-date: /home/fssja/ros2-project/install/custom_interfaces/share/custom_interfaces/cmake/custom_interfaces__rosidl_typesupport_introspection_cExport-noconfig.cmake
[1.573s] -- Up-to-date: /home/fssja/ros2-project/install/custom_interfaces/share/custom_interfaces/cmake/custom_interfaces__rosidl_typesupport_cExport.cmake
[1.573s] -- Up-to-date: /home/fssja/ros2-project/install/custom_interfaces/share/custom_interfaces/cmake/custom_interfaces__rosidl_typesupport_cExport-noconfig.cmake
[1.574s] -- Up-to-date: /home/fssja/ros2-project/install/custom_interfaces/share/custom_interfaces/cmake/export_custom_interfaces__rosidl_generator_cppExport.cmake
[1.574s] -- Up-to-date: /home/fssja/ros2-project/install/custom_interfaces/share/custom_interfaces/cmake/export_custom_interfaces__rosidl_typesupport_fastrtps_cppExport.cmake
[1.575s] -- Up-to-date: /home/fssja/ros2-project/install/custom_interfaces/share/custom_interfaces/cmake/export_custom_interfaces__rosidl_typesupport_fastrtps_cppExport-noconfig.cmake
[1.575s] -- Up-to-date: /home/fssja/ros2-project/install/custom_interfaces/share/custom_interfaces/cmake/custom_interfaces__rosidl_typesupport_introspection_cppExport.cmake
[1.576s] -- Up-to-date: /home/fssja/ros2-project/install/custom_interfaces/share/custom_interfaces/cmake/custom_interfaces__rosidl_typesupport_introspection_cppExport-noconfig.cmake
[1.576s] -- Up-to-date: /home/fssja/ros2-project/install/custom_interfaces/share/custom_interfaces/cmake/custom_interfaces__rosidl_typesupport_cppExport.cmake
[1.577s] -- Up-to-date: /home/fssja/ros2-project/install/custom_interfaces/share/custom_interfaces/cmake/custom_interfaces__rosidl_typesupport_cppExport-noconfig.cmake
[1.577s] -- Up-to-date: /home/fssja/ros2-project/install/custom_interfaces/share/custom_interfaces/cmake/export_custom_interfaces__rosidl_generator_pyExport.cmake
[1.578s] -- Up-to-date: /home/fssja/ros2-project/install/custom_interfaces/share/custom_interfaces/cmake/export_custom_interfaces__rosidl_generator_pyExport-noconfig.cmake
[1.578s] -- Up-to-date: /home/fssja/ros2-project/install/custom_interfaces/share/custom_interfaces/cmake/rosidl_cmake-extras.cmake
[1.593s] -- Up-to-date: /home/fssja/ros2-project/install/custom_interfaces/share/custom_interfaces/cmake/ament_cmake_export_include_directories-extras.cmake
[1.593s] -- Up-to-date: /home/fssja/ros2-project/install/custom_interfaces/share/custom_interfaces/cmake/ament_cmake_export_libraries-extras.cmake
[1.593s] -- Up-to-date: /home/fssja/ros2-project/install/custom_interfaces/share/custom_interfaces/cmake/ament_cmake_export_targets-extras.cmake
[1.593s] -- Up-to-date: /home/fssja/ros2-project/install/custom_interfaces/share/custom_interfaces/cmake/rosidl_cmake_export_typesupport_targets-extras.cmake
[1.594s] -- Up-to-date: /home/fssja/ros2-project/install/custom_interfaces/share/custom_interfaces/cmake/ament_cmake_export_dependencies-extras.cmake
[1.594s] -- Up-to-date: /home/fssja/ros2-project/install/custom_interfaces/share/custom_interfaces/cmake/rosidl_cmake_export_typesupport_libraries-extras.cmake
[1.594s] -- Up-to-date: /home/fssja/ros2-project/install/custom_interfaces/share/custom_interfaces/cmake/custom_interfacesConfig.cmake
[1.594s] -- Up-to-date: /home/fssja/ros2-project/install/custom_interfaces/share/custom_interfaces/cmake/custom_interfacesConfig-version.cmake
[1.594s] -- Up-to-date: /home/fssja/ros2-project/install/custom_interfaces/share/custom_interfaces/package.xml
[1.595s] Invoked command in '/home/fssja/ros2-project/build/custom_interfaces' returned '0': CMAKE_PREFIX_PATH=${CMAKE_PREFIX_PATH}:/home/fssja/turtlebot3_ws/install/turtlebot3_teleop:/home/fssja/turtlebot3_ws/install/turtlebot3_example:/opt/ros/humble /usr/bin/cmake --install /home/fssja/ros2-project/build/custom_interfaces
