[0.044s] Invoking command in '/home/fssja/ros2-project/build/two_server_controllers': CMAKE_PREFIX_PATH=${CMAKE_PREFIX_PATH}:/home/fssja/turtlebot3_ws/install/turtlebot3_teleop:/home/fssja/turtlebot3_ws/install/turtlebot3_example:/opt/ros/humble /usr/bin/cmake --build /home/fssja/ros2-project/build/two_server_controllers -- -j2 -l2
[0.105s] -- Found ament_cmake: 1.3.8 (/opt/ros/humble/share/ament_cmake/cmake)
[0.416s] -- Found rclcpp: 16.0.8 (/opt/ros/humble/share/rclcpp/cmake)
[0.487s] -- Found rosidl_generator_c: 3.1.5 (/opt/ros/humble/share/rosidl_generator_c/cmake)
[0.493s] -- Found rosidl_adapter: 3.1.5 (/opt/ros/humble/share/rosidl_adapter/cmake)
[0.508s] -- Found rosidl_generator_cpp: 3.1.5 (/opt/ros/humble/share/rosidl_generator_cpp/cmake)
[0.541s] -- Using all available rosidl_typesupport_c: rosidl_typesupport_fastrtps_c;rosidl_typesupport_introspection_c
[0.583s] -- Using all available rosidl_typesupport_cpp: rosidl_typesupport_fastrtps_cpp;rosidl_typesupport_introspection_cpp
[0.742s] -- Found rmw_implementation_cmake: 6.1.1 (/opt/ros/humble/share/rmw_implementation_cmake/cmake)
[0.747s] -- Found rmw_fastrtps_cpp: 6.2.6 (/opt/ros/humble/share/rmw_fastrtps_cpp/cmake)
[1.046s] -- Using RMW implementation 'rmw_fastrtps_cpp' as default
[1.467s] -- Found turtlesim: 1.4.2 (/opt/ros/humble/share/turtlesim/cmake)
[1.828s] -- Found geometry_msgs: 4.2.3 (/opt/ros/humble/share/geometry_msgs/cmake)
[1.944s] -- Found std_srvs: 4.2.3 (/opt/ros/humble/share/std_srvs/cmake)
[1.990s] -- Found rosidl_default_generators: 1.2.0 (/opt/ros/humble/share/rosidl_default_generators/cmake)
[2.410s] [31mCMake Error at /opt/ros/humble/share/rosidl_adapter/cmake/rosidl_adapt_interfaces.cmake:59 (message):
[2.413s]   execute_process(/usr/bin/python3 -m rosidl_adapter --package-name
[2.414s]   two_server_controllers --arguments-file
[2.415s]   /home/fssja/ros2-project/build/two_server_controllers/rosidl_adapter__arguments__two_server_controllers.json
[2.417s]   --output-dir
[2.417s]   /home/fssja/ros2-project/build/two_server_controllers/rosidl_adapter/two_server_controllers
[2.417s]   --output-file
[2.417s]   /home/fssja/ros2-project/build/two_server_controllers/rosidl_adapter/two_server_controllers.idls)
[2.417s]   returned error code 1:
[2.418s] 
[2.418s]   Traceback (most recent call last):
[2.418s] 
[2.418s]     File "/usr/lib/python3.10/runpy.py", line 196, in _run_module_as_main
[2.418s]       return _run_code(code, main_globals, None,
[2.418s]     File "/usr/lib/python3.10/runpy.py", line 86, in _run_code
[2.419s]       exec(code, run_globals)
[2.419s]     File "/opt/ros/humble/local/lib/python3.10/dist-packages/rosidl_adapter/__main__.py", line 19, in <module>
[2.419s]       sys.exit(main())
[2.419s]     File "/opt/ros/humble/local/lib/python3.10/dist-packages/rosidl_adapter/main.py", line 53, in main
[2.419s]       abs_idl_file = convert_to_idl(
[2.420s]     File "/opt/ros/humble/local/lib/python3.10/dist-packages/rosidl_adapter/__init__.py", line 24, in convert_to_idl
[2.420s]       return convert_srv_to_idl(
[2.420s]     File "/opt/ros/humble/local/lib/python3.10/dist-packages/rosidl_adapter/srv/__init__.py", line 28, in convert_srv_to_idl
[2.420s]       srv = parse_service_string(package_name, input_file.stem, content)
[2.420s]     File "/opt/ros/humble/local/lib/python3.10/dist-packages/rosidl_adapter/parser.py", line 859, in parse_service_string
[2.430s]       request_message = parse_message_string(
[2.431s] -- Configuring incomplete, errors occurred!
[2.431s] See also "/home/fssja/ros2-project/build/two_server_controllers/CMakeFiles/CMakeOutput.log".
[2.431s]     File "/opt/ros/humble/local/lib/python3.10/dist-packages/rosidl_adapter/parser.py", line 544, in parse_message_string
[2.431s]       msg = MessageSpecification(pkg_name, msg_name, fields, constants)
[2.431s]     File "/opt/ros/humble/local/lib/python3.10/dist-packages/rosidl_adapter/parser.py", line 388, in __init__
[2.432s]       self.base_type = BaseType(
[2.432s]     File "/opt/ros/humble/local/lib/python3.10/dist-packages/rosidl_adapter/parser.py", line 205, in __init__
[2.432s]       raise InvalidResourceName(
[2.432s] 
[2.432s]   rosidl_adapter.parser.InvalidResourceName: 'goto_Request' is an invalid
[2.433s]   message name.  It should have the pattern '^[A-Z][A-Za-z0-9]*$'
[2.433s] 
[2.433s] Call Stack (most recent call first):
[2.433s]   /opt/ros/humble/share/rosidl_cmake/cmake/rosidl_generate_interfaces.cmake:130 (rosidl_adapt_interfaces)
[2.433s]   CMakeLists.txt:25 (rosidl_generate_interfaces)
[2.433s] 
[2.434s] [0m
[2.434s] gmake: *** [Makefile:267: cmake_check_build_system] Error 1
[2.438s] Invoked command in '/home/fssja/ros2-project/build/two_server_controllers' returned '2': CMAKE_PREFIX_PATH=${CMAKE_PREFIX_PATH}:/home/fssja/turtlebot3_ws/install/turtlebot3_teleop:/home/fssja/turtlebot3_ws/install/turtlebot3_example:/opt/ros/humble /usr/bin/cmake --build /home/fssja/ros2-project/build/two_server_controllers -- -j2 -l2
