[0.276s] Invoking command in '/home/fssja/turtlebot3_ws/build/robot_controller': CMAKE_PREFIX_PATH=${CMAKE_PREFIX_PATH}:/home/fssja/turtlebot3_ws/install/turtlebot3_teleop:/home/fssja/turtlebot3_ws/install/turtlebot3_example:/opt/ros/humble /usr/bin/cmake --build /home/fssja/turtlebot3_ws/build/robot_controller -- -j2 -l2
[0.330s] -- Found ament_cmake: 1.3.8 (/opt/ros/humble/share/ament_cmake/cmake)
[0.641s] -- Found rclcpp: 16.0.8 (/opt/ros/humble/share/rclcpp/cmake)
[0.733s] -- Found rosidl_generator_c: 3.1.5 (/opt/ros/humble/share/rosidl_generator_c/cmake)
[0.739s] -- Found rosidl_adapter: 3.1.5 (/opt/ros/humble/share/rosidl_adapter/cmake)
[0.754s] -- Found rosidl_generator_cpp: 3.1.5 (/opt/ros/humble/share/rosidl_generator_cpp/cmake)
[0.785s] -- Using all available rosidl_typesupport_c: rosidl_typesupport_fastrtps_c;rosidl_typesupport_introspection_c
[0.828s] -- Using all available rosidl_typesupport_cpp: rosidl_typesupport_fastrtps_cpp;rosidl_typesupport_introspection_cpp
[0.983s] -- Found rmw_implementation_cmake: 6.1.1 (/opt/ros/humble/share/rmw_implementation_cmake/cmake)
[0.987s] -- Found rmw_fastrtps_cpp: 6.2.6 (/opt/ros/humble/share/rmw_fastrtps_cpp/cmake)
[1.294s] -- Using RMW implementation 'rmw_fastrtps_cpp' as default
[1.722s] -- Found nav_msgs: 4.2.3 (/opt/ros/humble/share/nav_msgs/cmake)
[2.215s] -- Configuring done
[2.250s] -- Generating done
[2.254s] -- Build files have been written to: /home/fssja/turtlebot3_ws/build/robot_controller
[2.306s] [35m[1mConsolidate compiler generated dependencies of target talker[0m
[2.307s] [35m[1mConsolidate compiler generated dependencies of target listener[0m
[2.345s] [ 33%] Built target listener
[2.349s] [ 66%] Built target talker
[2.367s] [35m[1mConsolidate compiler generated dependencies of target random[0m
[2.404s] [ 83%] [32m[1mLinking CXX executable random[0m
[2.838s] [100%] Built target random
[2.861s] Invoked command in '/home/fssja/turtlebot3_ws/build/robot_controller' returned '0': CMAKE_PREFIX_PATH=${CMAKE_PREFIX_PATH}:/home/fssja/turtlebot3_ws/install/turtlebot3_teleop:/home/fssja/turtlebot3_ws/install/turtlebot3_example:/opt/ros/humble /usr/bin/cmake --build /home/fssja/turtlebot3_ws/build/robot_controller -- -j2 -l2
[2.948s] Invoking command in '/home/fssja/turtlebot3_ws/build/robot_controller': CMAKE_PREFIX_PATH=${CMAKE_PREFIX_PATH}:/home/fssja/turtlebot3_ws/install/turtlebot3_teleop:/home/fssja/turtlebot3_ws/install/turtlebot3_example:/opt/ros/humble /usr/bin/cmake --install /home/fssja/turtlebot3_ws/build/robot_controller
[2.964s] -- Install configuration: ""
[2.964s] -- Up-to-date: /home/fssja/turtlebot3_ws/install/robot_controller/lib/robot_controller/talker
[2.965s] -- Up-to-date: /home/fssja/turtlebot3_ws/install/robot_controller/lib/robot_controller/listener
[2.966s] -- Installing: /home/fssja/turtlebot3_ws/install/robot_controller/share/robot_controller/launch
[2.966s] -- Installing: /home/fssja/turtlebot3_ws/install/robot_controller/share/robot_controller/launch/controller_launch.py
[2.966s] -- Up-to-date: /home/fssja/turtlebot3_ws/install/robot_controller/share/ament_index/resource_index/package_run_dependencies/robot_controller
[2.967s] -- Up-to-date: /home/fssja/turtlebot3_ws/install/robot_controller/share/ament_index/resource_index/parent_prefix_path/robot_controller
[2.967s] -- Up-to-date: /home/fssja/turtlebot3_ws/install/robot_controller/share/robot_controller/environment/ament_prefix_path.sh
[2.967s] -- Installing: /home/fssja/turtlebot3_ws/install/robot_controller/share/robot_controller/environment/ament_prefix_path.dsv
[2.968s] -- Up-to-date: /home/fssja/turtlebot3_ws/install/robot_controller/share/robot_controller/environment/path.sh
[2.968s] -- Installing: /home/fssja/turtlebot3_ws/install/robot_controller/share/robot_controller/environment/path.dsv
[2.968s] -- Up-to-date: /home/fssja/turtlebot3_ws/install/robot_controller/share/robot_controller/local_setup.bash
[2.968s] -- Up-to-date: /home/fssja/turtlebot3_ws/install/robot_controller/share/robot_controller/local_setup.sh
[2.969s] -- Up-to-date: /home/fssja/turtlebot3_ws/install/robot_controller/share/robot_controller/local_setup.zsh
[2.969s] -- Installing: /home/fssja/turtlebot3_ws/install/robot_controller/share/robot_controller/local_setup.dsv
[2.969s] -- Installing: /home/fssja/turtlebot3_ws/install/robot_controller/share/robot_controller/package.dsv
[2.969s] -- Up-to-date: /home/fssja/turtlebot3_ws/install/robot_controller/share/ament_index/resource_index/packages/robot_controller
[2.969s] -- Up-to-date: /home/fssja/turtlebot3_ws/install/robot_controller/share/robot_controller/cmake/robot_controllerConfig.cmake
[2.970s] -- Up-to-date: /home/fssja/turtlebot3_ws/install/robot_controller/share/robot_controller/cmake/robot_controllerConfig-version.cmake
[2.970s] -- Installing: /home/fssja/turtlebot3_ws/install/robot_controller/share/robot_controller/package.xml
[2.973s] Invoked command in '/home/fssja/turtlebot3_ws/build/robot_controller' returned '0': CMAKE_PREFIX_PATH=${CMAKE_PREFIX_PATH}:/home/fssja/turtlebot3_ws/install/turtlebot3_teleop:/home/fssja/turtlebot3_ws/install/turtlebot3_example:/opt/ros/humble /usr/bin/cmake --install /home/fssja/turtlebot3_ws/build/robot_controller
