-- Found ament_cmake: 1.3.8 (/opt/ros/humble/share/ament_cmake/cmake)
-- Found rclcpp: 16.0.8 (/opt/ros/humble/share/rclcpp/cmake)
-- Found rosidl_generator_c: 3.1.5 (/opt/ros/humble/share/rosidl_generator_c/cmake)
-- Found rosidl_adapter: 3.1.5 (/opt/ros/humble/share/rosidl_adapter/cmake)
-- Found rosidl_generator_cpp: 3.1.5 (/opt/ros/humble/share/rosidl_generator_cpp/cmake)
-- Using all available rosidl_typesupport_c: rosidl_typesupport_fastrtps_c;rosidl_typesupport_introspection_c
-- Using all available rosidl_typesupport_cpp: rosidl_typesupport_fastrtps_cpp;rosidl_typesupport_introspection_cpp
-- Found rmw_implementation_cmake: 6.1.1 (/opt/ros/humble/share/rmw_implementation_cmake/cmake)
-- Found rmw_fastrtps_cpp: 6.2.6 (/opt/ros/humble/share/rmw_fastrtps_cpp/cmake)
-- Using RMW implementation 'rmw_fastrtps_cpp' as default
-- Found turtlesim: 1.4.2 (/opt/ros/humble/share/turtlesim/cmake)
-- Found geometry_msgs: 4.2.3 (/opt/ros/humble/share/geometry_msgs/cmake)
-- Configuring done
-- Generating done
-- Build files have been written to: /home/fssja/ros2-project/build/two_server_controllers
[ 50%] [32mBuilding CXX object CMakeFiles/go_to_goal.dir/src/goto.cpp.o[0m
[100%] [32m[1mLinking CXX executable go_to_goal[0m
[100%] Built target go_to_goal
-- Install configuration: ""
-- Installing: /home/fssja/ros2-project/install/two_server_controllers/lib/two_server_controllers/go_to_goal
-- Set runtime path of "/home/fssja/ros2-project/install/two_server_controllers/lib/two_server_controllers/go_to_goal" to ""
-- Installing: /home/fssja/ros2-project/install/two_server_controllers/share/ament_index/resource_index/package_run_dependencies/two_server_controllers
-- Installing: /home/fssja/ros2-project/install/two_server_controllers/share/ament_index/resource_index/parent_prefix_path/two_server_controllers
-- Installing: /home/fssja/ros2-project/install/two_server_controllers/share/two_server_controllers/environment/ament_prefix_path.sh
-- Installing: /home/fssja/ros2-project/install/two_server_controllers/share/two_server_controllers/environment/ament_prefix_path.dsv
-- Installing: /home/fssja/ros2-project/install/two_server_controllers/share/two_server_controllers/environment/path.sh
-- Installing: /home/fssja/ros2-project/install/two_server_controllers/share/two_server_controllers/environment/path.dsv
-- Installing: /home/fssja/ros2-project/install/two_server_controllers/share/two_server_controllers/local_setup.bash
-- Installing: /home/fssja/ros2-project/install/two_server_controllers/share/two_server_controllers/local_setup.sh
-- Installing: /home/fssja/ros2-project/install/two_server_controllers/share/two_server_controllers/local_setup.zsh
-- Installing: /home/fssja/ros2-project/install/two_server_controllers/share/two_server_controllers/local_setup.dsv
-- Installing: /home/fssja/ros2-project/install/two_server_controllers/share/two_server_controllers/package.dsv
-- Installing: /home/fssja/ros2-project/install/two_server_controllers/share/ament_index/resource_index/packages/two_server_controllers
-- Installing: /home/fssja/ros2-project/install/two_server_controllers/share/two_server_controllers/cmake/two_server_controllersConfig.cmake
-- Installing: /home/fssja/ros2-project/install/two_server_controllers/share/two_server_controllers/cmake/two_server_controllersConfig-version.cmake
-- Installing: /home/fssja/ros2-project/install/two_server_controllers/share/two_server_controllers/package.xml
