[0.169s] Invoking command in '/home/fssja/ros2_ws/build/the_publisher': CMAKE_PREFIX_PATH=/opt/ros/humble /usr/bin/cmake /home/fssja/ros2_ws/src/the_publisher -DCMAKE_INSTALL_PREFIX=/home/fssja/ros2_ws/install/the_publisher
[0.291s] -- The C compiler identification is GNU 11.4.0
[0.413s] -- The CXX compiler identification is GNU 11.4.0
[0.430s] -- Detecting C compiler ABI info
[0.576s] -- Detecting C compiler ABI info - done
[0.589s] -- Check for working C compiler: /usr/bin/cc - skipped
[0.589s] -- Detecting C compile features
[0.590s] -- Detecting C compile features - done
[0.597s] -- Detecting CXX compiler ABI info
[0.796s] -- Detecting CXX compiler ABI info - done
[0.817s] -- Check for working CXX compiler: /usr/bin/c++ - skipped
[0.817s] -- Detecting CXX compile features
[0.818s] -- Detecting CXX compile features - done
[0.823s] -- Found ament_cmake: 1.3.7 (/opt/ros/humble/share/ament_cmake/cmake)
[1.201s] -- Found Python3: /usr/bin/python3.10 (found version "3.10.12") found components: Interpreter 
[1.421s] -- Found rclcpp: 16.0.8 (/opt/ros/humble/share/rclcpp/cmake)
[1.863s] -- Found rosidl_generator_c: 3.1.5 (/opt/ros/humble/share/rosidl_generator_c/cmake)
[1.899s] -- Found rosidl_adapter: 3.1.5 (/opt/ros/humble/share/rosidl_adapter/cmake)
[1.980s] -- Found rosidl_generator_cpp: 3.1.5 (/opt/ros/humble/share/rosidl_generator_cpp/cmake)
[2.083s] -- Using all available rosidl_typesupport_c: rosidl_typesupport_fastrtps_c;rosidl_typesupport_introspection_c
[2.161s] -- Using all available rosidl_typesupport_cpp: rosidl_typesupport_fastrtps_cpp;rosidl_typesupport_introspection_cpp
[2.462s] -- Found rmw_implementation_cmake: 6.1.1 (/opt/ros/humble/share/rmw_implementation_cmake/cmake)
[2.473s] -- Found rmw_fastrtps_cpp: 6.2.6 (/opt/ros/humble/share/rmw_fastrtps_cpp/cmake)
[2.974s] -- Found OpenSSL: /usr/lib/x86_64-linux-gnu/libcrypto.so (found version "3.0.2")  
[3.127s] -- Found FastRTPS: /opt/ros/humble/include  
[3.265s] -- Using RMW implementation 'rmw_fastrtps_cpp' as default
[3.358s] -- Looking for pthread.h
[3.553s] -- Looking for pthread.h - found
[3.554s] -- Performing Test CMAKE_HAVE_LIBC_PTHREAD
[3.717s] -- Performing Test CMAKE_HAVE_LIBC_PTHREAD - Success
[3.720s] -- Found Threads: TRUE  
[4.464s] [31mCMake Error at /opt/ros/humble/share/ament_cmake_core/cmake/core/ament_package_xml.cmake:53 (message):
[4.465s]   ament_package_xml() package name 'the_publisher' in '/package.xml' does not
[4.465s]   match current PROJECT_NAME 'cpp_pubsub'.  You must call project() with the
[4.465s]   same package name before.
[4.465s] Call Stack (most recent call first):
[4.465s]   /opt/ros/humble/share/ament_cmake_core/cmake/core/ament_package.cmake:63 (ament_package_xml)
[4.466s]   CMakeLists.txt:24 (ament_package)
[4.466s] 
[4.466s] [0m
[4.466s] -- Configuring incomplete, errors occurred!
[4.467s] See also "/home/fssja/ros2_ws/build/the_publisher/CMakeFiles/CMakeOutput.log".
[4.488s] Invoked command in '/home/fssja/ros2_ws/build/the_publisher' returned '1': CMAKE_PREFIX_PATH=/opt/ros/humble /usr/bin/cmake /home/fssja/ros2_ws/src/the_publisher -DCMAKE_INSTALL_PREFIX=/home/fssja/ros2_ws/install/the_publisher
