[0.046s] Invoking command in '/home/fssja/ros2-project/build/custom_interfaces': CMAKE_PREFIX_PATH=${CMAKE_PREFIX_PATH}:/home/fssja/turtlebot3_ws/install/turtlebot3_teleop:/home/fssja/turtlebot3_ws/install/turtlebot3_example:/opt/ros/humble /usr/bin/cmake --build /home/fssja/ros2-project/build/custom_interfaces -- -j2 -l2
[0.140s] Invoked command in '/home/fssja/ros2-project/build/custom_interfaces' returned '0': CMAKE_PREFIX_PATH=${CMAKE_PREFIX_PATH}:/home/fssja/turtlebot3_ws/install/turtlebot3_teleop:/home/fssja/turtlebot3_ws/install/turtlebot3_example:/opt/ros/humble /usr/bin/cmake --build /home/fssja/ros2-project/build/custom_interfaces -- -j2 -l2
[0.208s] Invoking command in '/home/fssja/ros2-project/build/custom_interfaces': CMAKE_PREFIX_PATH=${CMAKE_PREFIX_PATH}:/home/fssja/turtlebot3_ws/install/turtlebot3_teleop:/home/fssja/turtlebot3_ws/install/turtlebot3_example:/opt/ros/humble /usr/bin/cmake --install /home/fssja/ros2-project/build/custom_interfaces
[0.227s] -- Install configuration: ""
[0.228s] -- Up-to-date: /home/fssja/ros2-project/install/custom_interfaces/share/ament_index/resource_index/package_run_dependencies/custom_interfaces
[0.229s] -- Up-to-date: /home/fssja/ros2-project/install/custom_interfaces/share/ament_index/resource_index/parent_prefix_path/custom_interfaces
[0.229s] -- Up-to-date: /home/fssja/ros2-project/install/custom_interfaces/share/custom_interfaces/environment/ament_prefix_path.sh
[0.229s] -- Up-to-date: /home/fssja/ros2-project/install/custom_interfaces/share/custom_interfaces/environment/ament_prefix_path.dsv
[0.229s] -- Up-to-date: /home/fssja/ros2-project/install/custom_interfaces/share/custom_interfaces/environment/path.sh
[0.230s] -- Up-to-date: /home/fssja/ros2-project/install/custom_interfaces/share/custom_interfaces/environment/path.dsv
[0.230s] -- Up-to-date: /home/fssja/ros2-project/install/custom_interfaces/share/custom_interfaces/local_setup.bash
[0.230s] -- Up-to-date: /home/fssja/ros2-project/install/custom_interfaces/share/custom_interfaces/local_setup.sh
[0.230s] -- Up-to-date: /home/fssja/ros2-project/install/custom_interfaces/share/custom_interfaces/local_setup.zsh
[0.230s] -- Up-to-date: /home/fssja/ros2-project/install/custom_interfaces/share/custom_interfaces/local_setup.dsv
[0.231s] -- Installing: /home/fssja/ros2-project/install/custom_interfaces/share/custom_interfaces/package.dsv
[0.233s] -- Up-to-date: /home/fssja/ros2-project/install/custom_interfaces/share/ament_index/resource_index/packages/custom_interfaces
[0.233s] -- Up-to-date: /home/fssja/ros2-project/install/custom_interfaces/share/custom_interfaces/cmake/custom_interfacesConfig.cmake
[0.233s] -- Up-to-date: /home/fssja/ros2-project/install/custom_interfaces/share/custom_interfaces/cmake/custom_interfacesConfig-version.cmake
[0.234s] -- Up-to-date: /home/fssja/ros2-project/install/custom_interfaces/share/custom_interfaces/package.xml
[0.242s] Invoked command in '/home/fssja/ros2-project/build/custom_interfaces' returned '0': CMAKE_PREFIX_PATH=${CMAKE_PREFIX_PATH}:/home/fssja/turtlebot3_ws/install/turtlebot3_teleop:/home/fssja/turtlebot3_ws/install/turtlebot3_example:/opt/ros/humble /usr/bin/cmake --install /home/fssja/ros2-project/build/custom_interfaces
