[0.168s] Invoking command in '/home/fssja/ros2_ws/build/the_publisher': CMAKE_PREFIX_PATH=/opt/ros/humble /usr/bin/cmake /home/fssja/ros2_ws/src/the_publisher -DCMAKE_INSTALL_PREFIX=/home/fssja/ros2_ws/install/the_publisher
[0.199s] -- Found ament_cmake: 1.3.7 (/opt/ros/humble/share/ament_cmake/cmake)
[0.533s] -- Found rclcpp: 16.0.8 (/opt/ros/humble/share/rclcpp/cmake)
[0.600s] -- Found rosidl_generator_c: 3.1.5 (/opt/ros/humble/share/rosidl_generator_c/cmake)
[0.607s] -- Found rosidl_adapter: 3.1.5 (/opt/ros/humble/share/rosidl_adapter/cmake)
[0.622s] -- Found rosidl_generator_cpp: 3.1.5 (/opt/ros/humble/share/rosidl_generator_cpp/cmake)
[0.652s] -- Using all available rosidl_typesupport_c: rosidl_typesupport_fastrtps_c;rosidl_typesupport_introspection_c
[0.695s] -- Using all available rosidl_typesupport_cpp: rosidl_typesupport_fastrtps_cpp;rosidl_typesupport_introspection_cpp
[0.847s] -- Found rmw_implementation_cmake: 6.1.1 (/opt/ros/humble/share/rmw_implementation_cmake/cmake)
[0.852s] -- Found rmw_fastrtps_cpp: 6.2.6 (/opt/ros/humble/share/rmw_fastrtps_cpp/cmake)
[1.122s] -- Using RMW implementation 'rmw_fastrtps_cpp' as default
[1.692s] -- Configuring done
[1.697s] [31mCMake Error at CMakeLists.txt:17 (add_executable):
[1.698s]   Cannot find source file:
[1.698s] 
[1.698s]     src/publisher_member_function.cpp
[1.699s] 
[1.699s]   Tried extensions .c .C .c++ .cc .cpp .cxx .cu .mpp .m .M .mm .ixx .cppm .h
[1.699s]   .hh .h++ .hm .hpp .hxx .in .txx .f .F .for .f77 .f90 .f95 .f03 .hip .ispc
[1.699s] 
[1.700s] [0m
[1.702s] [31mCMake Error at CMakeLists.txt:17 (add_executable):
[1.703s]   No SOURCES given to target: talker
[1.703s] 
[1.703s] [0m
[1.704s] [0mCMake Generate step failed.  Build files cannot be regenerated correctly.[0m
[1.720s] Invoked command in '/home/fssja/ros2_ws/build/the_publisher' returned '1': CMAKE_PREFIX_PATH=/opt/ros/humble /usr/bin/cmake /home/fssja/ros2_ws/src/the_publisher -DCMAKE_INSTALL_PREFIX=/home/fssja/ros2_ws/install/the_publisher
