[0.583s] Invoking command in '/home/fssja/turtlebot3_ws/build/dynamixel_sdk': CMAKE_PREFIX_PATH=${CMAKE_PREFIX_PATH}:/opt/ros/humble /usr/bin/cmake --build /home/fssja/turtlebot3_ws/build/dynamixel_sdk -- -j2 -l2
[1.058s] [100%] Built target dynamixel_sdk
[1.171s] Invoked command in '/home/fssja/turtlebot3_ws/build/dynamixel_sdk' returned '0': CMAKE_PREFIX_PATH=${CMAKE_PREFIX_PATH}:/opt/ros/humble /usr/bin/cmake --build /home/fssja/turtlebot3_ws/build/dynamixel_sdk -- -j2 -l2
[1.679s] Invoking command in '/home/fssja/turtlebot3_ws/build/dynamixel_sdk': CMAKE_PREFIX_PATH=${CMAKE_PREFIX_PATH}:/opt/ros/humble /usr/bin/cmake --install /home/fssja/turtlebot3_ws/build/dynamixel_sdk
[1.788s] -- Install configuration: ""
[1.789s] -- Up-to-date: /home/fssja/turtlebot3_ws/install/dynamixel_sdk/include/
[1.789s] -- Up-to-date: /home/fssja/turtlebot3_ws/install/dynamixel_sdk/include//dynamixel_sdk
[1.789s] -- Up-to-date: /home/fssja/turtlebot3_ws/install/dynamixel_sdk/include//dynamixel_sdk/packet_handler.h
[1.789s] -- Up-to-date: /home/fssja/turtlebot3_ws/install/dynamixel_sdk/include//dynamixel_sdk/dynamixel_sdk.h
[1.789s] -- Up-to-date: /home/fssja/turtlebot3_ws/install/dynamixel_sdk/include//dynamixel_sdk/port_handler_linux.h
[1.789s] -- Up-to-date: /home/fssja/turtlebot3_ws/install/dynamixel_sdk/include//dynamixel_sdk/port_handler_windows.h
[1.790s] -- Up-to-date: /home/fssja/turtlebot3_ws/install/dynamixel_sdk/include//dynamixel_sdk/protocol1_packet_handler.h
[1.790s] -- Up-to-date: /home/fssja/turtlebot3_ws/install/dynamixel_sdk/include//dynamixel_sdk/port_handler.h
[1.790s] -- Up-to-date: /home/fssja/turtlebot3_ws/install/dynamixel_sdk/include//dynamixel_sdk/port_handler_arduino.h
[1.790s] -- Up-to-date: /home/fssja/turtlebot3_ws/install/dynamixel_sdk/include//dynamixel_sdk/group_bulk_write.h
[1.809s] -- Up-to-date: /home/fssja/turtlebot3_ws/install/dynamixel_sdk/include//dynamixel_sdk/port_handler_mac.h
[1.809s] -- Up-to-date: /home/fssja/turtlebot3_ws/install/dynamixel_sdk/include//dynamixel_sdk/group_sync_write.h
[1.809s] -- Up-to-date: /home/fssja/turtlebot3_ws/install/dynamixel_sdk/include//dynamixel_sdk/group_bulk_read.h
[1.809s] -- Up-to-date: /home/fssja/turtlebot3_ws/install/dynamixel_sdk/include//dynamixel_sdk/group_sync_read.h
[1.810s] -- Up-to-date: /home/fssja/turtlebot3_ws/install/dynamixel_sdk/include//dynamixel_sdk/protocol2_packet_handler.h
[1.815s] -- Up-to-date: /home/fssja/turtlebot3_ws/install/dynamixel_sdk/lib/libdynamixel_sdk.so
[1.816s] -- Up-to-date: /home/fssja/turtlebot3_ws/install/dynamixel_sdk/share/dynamixel_sdk/environment/library_path.sh
[1.816s] -- Up-to-date: /home/fssja/turtlebot3_ws/install/dynamixel_sdk/share/dynamixel_sdk/environment/library_path.dsv
[1.816s] -- Up-to-date: /home/fssja/turtlebot3_ws/install/dynamixel_sdk/share/ament_index/resource_index/package_run_dependencies/dynamixel_sdk
[1.817s] -- Up-to-date: /home/fssja/turtlebot3_ws/install/dynamixel_sdk/share/ament_index/resource_index/parent_prefix_path/dynamixel_sdk
[1.817s] -- Up-to-date: /home/fssja/turtlebot3_ws/install/dynamixel_sdk/share/dynamixel_sdk/environment/ament_prefix_path.sh
[1.817s] -- Up-to-date: /home/fssja/turtlebot3_ws/install/dynamixel_sdk/share/dynamixel_sdk/environment/ament_prefix_path.dsv
[1.817s] -- Up-to-date: /home/fssja/turtlebot3_ws/install/dynamixel_sdk/share/dynamixel_sdk/environment/path.sh
[1.818s] -- Up-to-date: /home/fssja/turtlebot3_ws/install/dynamixel_sdk/share/dynamixel_sdk/environment/path.dsv
[1.818s] -- Up-to-date: /home/fssja/turtlebot3_ws/install/dynamixel_sdk/share/dynamixel_sdk/local_setup.bash
[1.818s] -- Up-to-date: /home/fssja/turtlebot3_ws/install/dynamixel_sdk/share/dynamixel_sdk/local_setup.sh
[1.818s] -- Up-to-date: /home/fssja/turtlebot3_ws/install/dynamixel_sdk/share/dynamixel_sdk/local_setup.zsh
[1.818s] -- Up-to-date: /home/fssja/turtlebot3_ws/install/dynamixel_sdk/share/dynamixel_sdk/local_setup.dsv
[1.874s] -- Installing: /home/fssja/turtlebot3_ws/install/dynamixel_sdk/share/dynamixel_sdk/package.dsv
[1.874s] -- Up-to-date: /home/fssja/turtlebot3_ws/install/dynamixel_sdk/share/ament_index/resource_index/packages/dynamixel_sdk
[1.879s] -- Up-to-date: /home/fssja/turtlebot3_ws/install/dynamixel_sdk/share/dynamixel_sdk/cmake/ament_cmake_export_include_directories-extras.cmake
[1.880s] -- Up-to-date: /home/fssja/turtlebot3_ws/install/dynamixel_sdk/share/dynamixel_sdk/cmake/ament_cmake_export_libraries-extras.cmake
[1.880s] -- Up-to-date: /home/fssja/turtlebot3_ws/install/dynamixel_sdk/share/dynamixel_sdk/cmake/dynamixel_sdkConfig.cmake
[1.880s] -- Up-to-date: /home/fssja/turtlebot3_ws/install/dynamixel_sdk/share/dynamixel_sdk/cmake/dynamixel_sdkConfig-version.cmake
[1.880s] -- Up-to-date: /home/fssja/turtlebot3_ws/install/dynamixel_sdk/share/dynamixel_sdk/package.xml
[1.881s] Invoked command in '/home/fssja/turtlebot3_ws/build/dynamixel_sdk' returned '0': CMAKE_PREFIX_PATH=${CMAKE_PREFIX_PATH}:/opt/ros/humble /usr/bin/cmake --install /home/fssja/turtlebot3_ws/build/dynamixel_sdk
