-- Found ament_cmake: 1.3.8 (/opt/ros/humble/share/ament_cmake/cmake)
-- Found rclcpp: 16.0.8 (/opt/ros/humble/share/rclcpp/cmake)
-- Found rosidl_generator_c: 3.1.5 (/opt/ros/humble/share/rosidl_generator_c/cmake)
-- Found rosidl_adapter: 3.1.5 (/opt/ros/humble/share/rosidl_adapter/cmake)
-- Found rosidl_generator_cpp: 3.1.5 (/opt/ros/humble/share/rosidl_generator_cpp/cmake)
-- Using all available rosidl_typesupport_c: rosidl_typesupport_fastrtps_c;rosidl_typesupport_introspection_c
-- Using all available rosidl_typesupport_cpp: rosidl_typesupport_fastrtps_cpp;rosidl_typesupport_introspection_cpp
-- Found rmw_implementation_cmake: 6.1.1 (/opt/ros/humble/share/rmw_implementation_cmake/cmake)
-- Found rmw_fastrtps_cpp: 6.2.6 (/opt/ros/humble/share/rmw_fastrtps_cpp/cmake)
-- Using RMW implementation 'rmw_fastrtps_cpp' as default
-- Found turtlesim: 1.4.2 (/opt/ros/humble/share/turtlesim/cmake)
-- Found geometry_msgs: 4.2.3 (/opt/ros/humble/share/geometry_msgs/cmake)
-- Found rosidl_default_generators: 1.2.0 (/opt/ros/humble/share/rosidl_default_generators/cmake)
-- Found ament_cmake_ros: 0.10.0 (/opt/ros/humble/share/ament_cmake_ros/cmake)
-- Using all available rosidl_typesupport_c: rosidl_typesupport_fastrtps_c;rosidl_typesupport_introspection_c
-- Using all available rosidl_typesupport_cpp: rosidl_typesupport_fastrtps_cpp;rosidl_typesupport_introspection_cpp
-- Found python_cmake_module: 0.10.0 (/opt/ros/humble/share/python_cmake_module/cmake)
-- Using PYTHON_EXECUTABLE: /usr/bin/python3
-- Using PYTHON_INCLUDE_DIRS: /usr/include/python3.10
-- Using PYTHON_LIBRARIES: /usr/lib/x86_64-linux-gnu/libpython3.10.so
-- Configuring done
-- Generating done
-- Build files have been written to: /home/fssja/ros2-project/build/two_server_controllers
[35m[1mConsolidate compiler generated dependencies of target two_server_controllers__rosidl_generator_c[0m
[  3%] Built target two_server_controllers__cpp
[ 12%] Built target two_server_controllers__rosidl_generator_c
[ 12%] Built target ament_cmake_python_copy_two_server_controllers
[ 15%] [32mBuilding CXX object CMakeFiles/go_to_goal.dir/src/goto_server.cpp.o[0m
[35m[1mConsolidate compiler generated dependencies of target two_server_controllers__rosidl_typesupport_cpp[0m
[ 24%] Built target two_server_controllers__rosidl_typesupport_cpp
[35m[1mConsolidate compiler generated dependencies of target two_server_controllers__rosidl_typesupport_fastrtps_c[0m
[ 33%] Built target two_server_controllers__rosidl_typesupport_fastrtps_c
[35m[1mConsolidate compiler generated dependencies of target two_server_controllers__rosidl_typesupport_fastrtps_cpp[0m
[ 42%] Built target two_server_controllers__rosidl_typesupport_fastrtps_cpp
[35m[1mConsolidate compiler generated dependencies of target two_server_controllers__rosidl_typesupport_introspection_c[0m
[ 51%] Built target two_server_controllers__rosidl_typesupport_introspection_c
[35m[1mConsolidate compiler generated dependencies of target two_server_controllers__rosidl_typesupport_c[0m
[ 60%] Built target two_server_controllers__rosidl_typesupport_c
[35m[1mConsolidate compiler generated dependencies of target two_server_controllers__rosidl_typesupport_introspection_cpp[0m
[ 69%] Built target two_server_controllers__rosidl_typesupport_introspection_cpp
running egg_info
writing two_server_controllers.egg-info/PKG-INFO
writing dependency_links to two_server_controllers.egg-info/dependency_links.txt
writing top-level names to two_server_controllers.egg-info/top_level.txt
reading manifest file 'two_server_controllers.egg-info/SOURCES.txt'
writing manifest file 'two_server_controllers.egg-info/SOURCES.txt'
[ 69%] Built target ament_cmake_python_build_two_server_controllers_egg
