[0.677s] Invoking command in '/home/fssja/turtlebot3_ws/build/robot_controller': CMAKE_PREFIX_PATH=${CMAKE_PREFIX_PATH}:/home/fssja/turtlebot3_ws/install/turtlebot3_teleop:/home/fssja/turtlebot3_ws/install/turtlebot3_example:/opt/ros/humble /usr/bin/cmake --build /home/fssja/turtlebot3_ws/build/robot_controller -- -j2 -l2
[0.989s] [ 33%] Built target talker
[1.119s] [ 66%] Built target listener
[1.159s] [35m[1mConsolidate compiler generated dependencies of target random[0m
[1.239s] [ 83%] [32mBuilding CXX object CMakeFiles/random.dir/src/random.cpp.o[0m
[24.794s] [100%] [32m[1mLinking CXX executable random[0m
[25.703s] [100%] Built target random
[25.732s] Invoked command in '/home/fssja/turtlebot3_ws/build/robot_controller' returned '0': CMAKE_PREFIX_PATH=${CMAKE_PREFIX_PATH}:/home/fssja/turtlebot3_ws/install/turtlebot3_teleop:/home/fssja/turtlebot3_ws/install/turtlebot3_example:/opt/ros/humble /usr/bin/cmake --build /home/fssja/turtlebot3_ws/build/robot_controller -- -j2 -l2
[25.909s] Invoking command in '/home/fssja/turtlebot3_ws/build/robot_controller': CMAKE_PREFIX_PATH=${CMAKE_PREFIX_PATH}:/home/fssja/turtlebot3_ws/install/turtlebot3_teleop:/home/fssja/turtlebot3_ws/install/turtlebot3_example:/opt/ros/humble /usr/bin/cmake --install /home/fssja/turtlebot3_ws/build/robot_controller
[25.928s] -- Install configuration: ""
[25.929s] -- Up-to-date: /home/fssja/turtlebot3_ws/install/robot_controller/lib/robot_controller/talker
[25.930s] -- Up-to-date: /home/fssja/turtlebot3_ws/install/robot_controller/lib/robot_controller/listener
[25.934s] -- Installing: /home/fssja/turtlebot3_ws/install/robot_controller/lib/robot_controller/random
[25.938s] -- Set runtime path of "/home/fssja/turtlebot3_ws/install/robot_controller/lib/robot_controller/random" to ""
[25.939s] -- Up-to-date: /home/fssja/turtlebot3_ws/install/robot_controller/share/ament_index/resource_index/package_run_dependencies/robot_controller
[25.940s] -- Up-to-date: /home/fssja/turtlebot3_ws/install/robot_controller/share/ament_index/resource_index/parent_prefix_path/robot_controller
[25.940s] -- Up-to-date: /home/fssja/turtlebot3_ws/install/robot_controller/share/robot_controller/environment/ament_prefix_path.sh
[25.940s] -- Up-to-date: /home/fssja/turtlebot3_ws/install/robot_controller/share/robot_controller/environment/ament_prefix_path.dsv
[25.940s] -- Up-to-date: /home/fssja/turtlebot3_ws/install/robot_controller/share/robot_controller/environment/path.sh
[25.941s] -- Up-to-date: /home/fssja/turtlebot3_ws/install/robot_controller/share/robot_controller/environment/path.dsv
[25.941s] -- Up-to-date: /home/fssja/turtlebot3_ws/install/robot_controller/share/robot_controller/local_setup.bash
[25.941s] -- Up-to-date: /home/fssja/turtlebot3_ws/install/robot_controller/share/robot_controller/local_setup.sh
[25.941s] -- Up-to-date: /home/fssja/turtlebot3_ws/install/robot_controller/share/robot_controller/local_setup.zsh
[25.942s] -- Up-to-date: /home/fssja/turtlebot3_ws/install/robot_controller/share/robot_controller/local_setup.dsv
[25.942s] -- Installing: /home/fssja/turtlebot3_ws/install/robot_controller/share/robot_controller/package.dsv
[25.942s] -- Up-to-date: /home/fssja/turtlebot3_ws/install/robot_controller/share/ament_index/resource_index/packages/robot_controller
[25.942s] -- Up-to-date: /home/fssja/turtlebot3_ws/install/robot_controller/share/robot_controller/cmake/robot_controllerConfig.cmake
[25.942s] -- Up-to-date: /home/fssja/turtlebot3_ws/install/robot_controller/share/robot_controller/cmake/robot_controllerConfig-version.cmake
[25.980s] -- Up-to-date: /home/fssja/turtlebot3_ws/install/robot_controller/share/robot_controller/package.xml
[25.981s] Invoked command in '/home/fssja/turtlebot3_ws/build/robot_controller' returned '0': CMAKE_PREFIX_PATH=${CMAKE_PREFIX_PATH}:/home/fssja/turtlebot3_ws/install/turtlebot3_teleop:/home/fssja/turtlebot3_ws/install/turtlebot3_example:/opt/ros/humble /usr/bin/cmake --install /home/fssja/turtlebot3_ws/build/robot_controller
