[0.051s] Invoking command in '/home/fssja/ros2-project/build/two_server_controllers': CMAKE_PREFIX_PATH=/home/fssja/ros2-project/install/custom_interfaces:/home/fssja/ros2-project/install/two_server_controllers:/home/fssja/turtlebot3_ws/install/turtlebot3:/home/fssja/turtlebot3_ws/install/turtlebot3_simulations:/home/fssja/turtlebot3_ws/install/turtlebot3_bringup:/home/fssja/turtlebot3_ws/install/turtlebot3_node:/home/fssja/turtlebot3_ws/install/turtlebot3_navigation2:/home/fssja/turtlebot3_ws/install/turtlebot3_fake_node:/home/fssja/turtlebot3_ws/install/turtlebot3_msgs:/home/fssja/turtlebot3_ws/install/turtlebot3_gazebo:/home/fssja/turtlebot3_ws/install/turtlebot3_description:/home/fssja/turtlebot3_ws/install/turtlebot3_cartographer:/home/fssja/turtlebot3_ws/install/robot_controller:/home/fssja/turtlebot3_ws/install/dynamixel_sdk_examples:/home/fssja/turtlebot3_ws/install/dynamixel_sdk_custom_interfaces:/home/fssja/turtlebot3_ws/install/dynamixel_sdk:/home/fssja/ros2_ws/install/the_publisher:/home/fssja/ros2_ws/install/robot_controller:/home/fssja/ros2_ws/install/publish_and_subscribe:/home/fssja/ros2_ws/install/add_two_nums:/home/fssja/turtlebot3_ws/install/turtlebot3_teleop:/home/fssja/turtlebot3_ws/install/turtlebot3_example:/opt/ros/humble /usr/bin/cmake --build /home/fssja/ros2-project/build/two_server_controllers -- -j2 -l2
[0.229s] [35m[1mConsolidate compiler generated dependencies of target go_to_goal[0m
[0.367s] [ 25%] [32mBuilding CXX object CMakeFiles/go_to_goal.dir/src/goto_server.cpp.o[0m
[10.764s] In file included from [01m[K/opt/ros/humble/include/rclcpp/rclcpp/logging.hpp:24[m[K,
[10.766s]                  from [01m[K/opt/ros/humble/include/rclcpp/rclcpp/client.hpp:40[m[K,
[10.768s]                  from [01m[K/opt/ros/humble/include/rclcpp/rclcpp/callback_group.hpp:24[m[K,
[10.769s]                  from [01m[K/opt/ros/humble/include/rclcpp/rclcpp/any_executable.hpp:20[m[K,
[10.771s]                  from [01m[K/opt/ros/humble/include/rclcpp/rclcpp/memory_strategy.hpp:25[m[K,
[10.773s]                  from [01m[K/opt/ros/humble/include/rclcpp/rclcpp/memory_strategies.hpp:18[m[K,
[10.774s]                  from [01m[K/opt/ros/humble/include/rclcpp/rclcpp/executor_options.hpp:20[m[K,
[10.776s]                  from [01m[K/opt/ros/humble/include/rclcpp/rclcpp/executor.hpp:37[m[K,
[10.777s]                  from [01m[K/opt/ros/humble/include/rclcpp/rclcpp/executors/multi_threaded_executor.hpp:25[m[K,
[10.778s]                  from [01m[K/opt/ros/humble/include/rclcpp/rclcpp/executors.hpp:21[m[K,
[10.779s]                  from [01m[K/opt/ros/humble/include/rclcpp/rclcpp/rclcpp.hpp:155[m[K,
[10.780s]                  from [01m[K/home/fssja/ros2-project/src/two_server_controllers/src/goto_server.cpp:1[m[K:
[10.781s] [01m[K/home/fssja/ros2-project/src/two_server_controllers/src/goto_server.cpp:[m[K In member function ‘[01m[Kvoid GoToGoal::go_to(std::shared_ptr<custom_interfaces::srv::Goto_Request_<std::allocator<void> > >, std::shared_ptr<custom_interfaces::srv::Goto_Response_<std::allocator<void> > >)[m[K’:
[10.783s] [01m[K/home/fssja/ros2-project/src/two_server_controllers/src/goto_server.cpp:44:39:[m[K [01;35m[Kwarning: [m[Ktoo many arguments for format [[01;35m[K]8;;https://gcc.gnu.org/onlinedocs/gcc/Warning-Options.html#index-Wformat-extra-args-Wformat-extra-args]8;;[m[K]
[10.784s]    44 |       RCLCPP_INFO(this->get_logger(), [01;35m[K"my_result:"[m[K, my_result);
[10.785s]       |                                       [01;35m[K^~~~~~~~~~~~[m[K
[20.607s] [01m[K/home/fssja/ros2-project/src/two_server_controllers/src/goto_server.cpp:[m[K In member function ‘[01m[Kint GoToGoal::move_to_goal()[m[K’:
[20.608s] [01m[K/home/fssja/ros2-project/src/two_server_controllers/src/goto_server.cpp:112:3:[m[K [01;35m[Kwarning: [m[Kcontrol reaches end of non-void function [[01;35m[K]8;;https://gcc.gnu.org/onlinedocs/gcc/Warning-Options.html#index-Wreturn-type-Wreturn-type]8;;[m[K]
[20.608s]   112 |   [01;35m[K}[m[K
[20.608s]       |   [01;35m[K^[m[K
[40.034s] [ 50%] [32m[1mLinking CXX executable go_to_goal[0m
[42.657s] [ 50%] Built target go_to_goal
[42.756s] [100%] Built target the_client
[42.831s] Invoked command in '/home/fssja/ros2-project/build/two_server_controllers' returned '0': CMAKE_PREFIX_PATH=/home/fssja/ros2-project/install/custom_interfaces:/home/fssja/ros2-project/install/two_server_controllers:/home/fssja/turtlebot3_ws/install/turtlebot3:/home/fssja/turtlebot3_ws/install/turtlebot3_simulations:/home/fssja/turtlebot3_ws/install/turtlebot3_bringup:/home/fssja/turtlebot3_ws/install/turtlebot3_node:/home/fssja/turtlebot3_ws/install/turtlebot3_navigation2:/home/fssja/turtlebot3_ws/install/turtlebot3_fake_node:/home/fssja/turtlebot3_ws/install/turtlebot3_msgs:/home/fssja/turtlebot3_ws/install/turtlebot3_gazebo:/home/fssja/turtlebot3_ws/install/turtlebot3_description:/home/fssja/turtlebot3_ws/install/turtlebot3_cartographer:/home/fssja/turtlebot3_ws/install/robot_controller:/home/fssja/turtlebot3_ws/install/dynamixel_sdk_examples:/home/fssja/turtlebot3_ws/install/dynamixel_sdk_custom_interfaces:/home/fssja/turtlebot3_ws/install/dynamixel_sdk:/home/fssja/ros2_ws/install/the_publisher:/home/fssja/ros2_ws/install/robot_controller:/home/fssja/ros2_ws/install/publish_and_subscribe:/home/fssja/ros2_ws/install/add_two_nums:/home/fssja/turtlebot3_ws/install/turtlebot3_teleop:/home/fssja/turtlebot3_ws/install/turtlebot3_example:/opt/ros/humble /usr/bin/cmake --build /home/fssja/ros2-project/build/two_server_controllers -- -j2 -l2
[43.039s] Invoking command in '/home/fssja/ros2-project/build/two_server_controllers': CMAKE_PREFIX_PATH=/home/fssja/ros2-project/install/custom_interfaces:/home/fssja/ros2-project/install/two_server_controllers:/home/fssja/turtlebot3_ws/install/turtlebot3:/home/fssja/turtlebot3_ws/install/turtlebot3_simulations:/home/fssja/turtlebot3_ws/install/turtlebot3_bringup:/home/fssja/turtlebot3_ws/install/turtlebot3_node:/home/fssja/turtlebot3_ws/install/turtlebot3_navigation2:/home/fssja/turtlebot3_ws/install/turtlebot3_fake_node:/home/fssja/turtlebot3_ws/install/turtlebot3_msgs:/home/fssja/turtlebot3_ws/install/turtlebot3_gazebo:/home/fssja/turtlebot3_ws/install/turtlebot3_description:/home/fssja/turtlebot3_ws/install/turtlebot3_cartographer:/home/fssja/turtlebot3_ws/install/robot_controller:/home/fssja/turtlebot3_ws/install/dynamixel_sdk_examples:/home/fssja/turtlebot3_ws/install/dynamixel_sdk_custom_interfaces:/home/fssja/turtlebot3_ws/install/dynamixel_sdk:/home/fssja/ros2_ws/install/the_publisher:/home/fssja/ros2_ws/install/robot_controller:/home/fssja/ros2_ws/install/publish_and_subscribe:/home/fssja/ros2_ws/install/add_two_nums:/home/fssja/turtlebot3_ws/install/turtlebot3_teleop:/home/fssja/turtlebot3_ws/install/turtlebot3_example:/opt/ros/humble /usr/bin/cmake --install /home/fssja/ros2-project/build/two_server_controllers
[43.061s] -- Install configuration: ""
[43.064s] -- Installing: /home/fssja/ros2-project/install/two_server_controllers/lib/two_server_controllers/go_to_goal
[43.132s] -- Set runtime path of "/home/fssja/ros2-project/install/two_server_controllers/lib/two_server_controllers/go_to_goal" to ""
[43.132s] -- Up-to-date: /home/fssja/ros2-project/install/two_server_controllers/lib/two_server_controllers/the_client
[43.132s] -- Up-to-date: /home/fssja/ros2-project/install/two_server_controllers/share/ament_index/resource_index/package_run_dependencies/two_server_controllers
[43.132s] -- Up-to-date: /home/fssja/ros2-project/install/two_server_controllers/share/ament_index/resource_index/parent_prefix_path/two_server_controllers
[43.132s] -- Up-to-date: /home/fssja/ros2-project/install/two_server_controllers/share/two_server_controllers/environment/ament_prefix_path.sh
[43.132s] -- Up-to-date: /home/fssja/ros2-project/install/two_server_controllers/share/two_server_controllers/environment/ament_prefix_path.dsv
[43.133s] -- Up-to-date: /home/fssja/ros2-project/install/two_server_controllers/share/two_server_controllers/environment/path.sh
[43.133s] -- Up-to-date: /home/fssja/ros2-project/install/two_server_controllers/share/two_server_controllers/environment/path.dsv
[43.133s] -- Up-to-date: /home/fssja/ros2-project/install/two_server_controllers/share/two_server_controllers/local_setup.bash
[43.133s] -- Up-to-date: /home/fssja/ros2-project/install/two_server_controllers/share/two_server_controllers/local_setup.sh
[43.133s] -- Up-to-date: /home/fssja/ros2-project/install/two_server_controllers/share/two_server_controllers/local_setup.zsh
[43.134s] -- Up-to-date: /home/fssja/ros2-project/install/two_server_controllers/share/two_server_controllers/local_setup.dsv
[43.134s] -- Installing: /home/fssja/ros2-project/install/two_server_controllers/share/two_server_controllers/package.dsv
[43.134s] -- Up-to-date: /home/fssja/ros2-project/install/two_server_controllers/share/ament_index/resource_index/packages/two_server_controllers
[43.135s] -- Up-to-date: /home/fssja/ros2-project/install/two_server_controllers/share/two_server_controllers/cmake/two_server_controllersConfig.cmake
[43.135s] -- Up-to-date: /home/fssja/ros2-project/install/two_server_controllers/share/two_server_controllers/cmake/two_server_controllersConfig-version.cmake
[43.135s] -- Up-to-date: /home/fssja/ros2-project/install/two_server_controllers/share/two_server_controllers/package.xml
[43.160s] Invoked command in '/home/fssja/ros2-project/build/two_server_controllers' returned '0': CMAKE_PREFIX_PATH=/home/fssja/ros2-project/install/custom_interfaces:/home/fssja/ros2-project/install/two_server_controllers:/home/fssja/turtlebot3_ws/install/turtlebot3:/home/fssja/turtlebot3_ws/install/turtlebot3_simulations:/home/fssja/turtlebot3_ws/install/turtlebot3_bringup:/home/fssja/turtlebot3_ws/install/turtlebot3_node:/home/fssja/turtlebot3_ws/install/turtlebot3_navigation2:/home/fssja/turtlebot3_ws/install/turtlebot3_fake_node:/home/fssja/turtlebot3_ws/install/turtlebot3_msgs:/home/fssja/turtlebot3_ws/install/turtlebot3_gazebo:/home/fssja/turtlebot3_ws/install/turtlebot3_description:/home/fssja/turtlebot3_ws/install/turtlebot3_cartographer:/home/fssja/turtlebot3_ws/install/robot_controller:/home/fssja/turtlebot3_ws/install/dynamixel_sdk_examples:/home/fssja/turtlebot3_ws/install/dynamixel_sdk_custom_interfaces:/home/fssja/turtlebot3_ws/install/dynamixel_sdk:/home/fssja/ros2_ws/install/the_publisher:/home/fssja/ros2_ws/install/robot_controller:/home/fssja/ros2_ws/install/publish_and_subscribe:/home/fssja/ros2_ws/install/add_two_nums:/home/fssja/turtlebot3_ws/install/turtlebot3_teleop:/home/fssja/turtlebot3_ws/install/turtlebot3_example:/opt/ros/humble /usr/bin/cmake --install /home/fssja/ros2-project/build/two_server_controllers
