[0.623s] Invoking command in '/home/fssja/turtlebot3_ws/build/turtlebot3_cartographer': CMAKE_PREFIX_PATH=${CMAKE_PREFIX_PATH}:/opt/ros/humble /usr/bin/cmake --build /home/fssja/turtlebot3_ws/build/turtlebot3_cartographer -- -j2 -l2
[0.877s] Invoked command in '/home/fssja/turtlebot3_ws/build/turtlebot3_cartographer' returned '0': CMAKE_PREFIX_PATH=${CMAKE_PREFIX_PATH}:/opt/ros/humble /usr/bin/cmake --build /home/fssja/turtlebot3_ws/build/turtlebot3_cartographer -- -j2 -l2
[0.996s] Invoking command in '/home/fssja/turtlebot3_ws/build/turtlebot3_cartographer': CMAKE_PREFIX_PATH=${CMAKE_PREFIX_PATH}:/opt/ros/humble /usr/bin/cmake --install /home/fssja/turtlebot3_ws/build/turtlebot3_cartographer
[1.016s] -- Install configuration: ""
[1.018s] -- Up-to-date: /home/fssja/turtlebot3_ws/install/turtlebot3_cartographer/share/turtlebot3_cartographer/config
[1.019s] -- Up-to-date: /home/fssja/turtlebot3_ws/install/turtlebot3_cartographer/share/turtlebot3_cartographer/config/turtlebot3_lds_2d.lua
[1.021s] -- Up-to-date: /home/fssja/turtlebot3_ws/install/turtlebot3_cartographer/share/turtlebot3_cartographer/launch
[1.023s] -- Up-to-date: /home/fssja/turtlebot3_ws/install/turtlebot3_cartographer/share/turtlebot3_cartographer/launch/occupancy_grid.launch.py
[1.023s] -- Up-to-date: /home/fssja/turtlebot3_ws/install/turtlebot3_cartographer/share/turtlebot3_cartographer/launch/cartographer.launch.py
[1.024s] -- Up-to-date: /home/fssja/turtlebot3_ws/install/turtlebot3_cartographer/share/turtlebot3_cartographer/rviz
[1.028s] -- Up-to-date: /home/fssja/turtlebot3_ws/install/turtlebot3_cartographer/share/turtlebot3_cartographer/rviz/tb3_cartographer.rviz
[1.031s] -- Up-to-date: /home/fssja/turtlebot3_ws/install/turtlebot3_cartographer/share/ament_index/resource_index/package_run_dependencies/turtlebot3_cartographer
[1.032s] -- Up-to-date: /home/fssja/turtlebot3_ws/install/turtlebot3_cartographer/share/ament_index/resource_index/parent_prefix_path/turtlebot3_cartographer
[1.032s] -- Up-to-date: /home/fssja/turtlebot3_ws/install/turtlebot3_cartographer/share/turtlebot3_cartographer/environment/ament_prefix_path.sh
[1.033s] -- Up-to-date: /home/fssja/turtlebot3_ws/install/turtlebot3_cartographer/share/turtlebot3_cartographer/environment/ament_prefix_path.dsv
[1.035s] -- Up-to-date: /home/fssja/turtlebot3_ws/install/turtlebot3_cartographer/share/turtlebot3_cartographer/environment/path.sh
[1.036s] -- Up-to-date: /home/fssja/turtlebot3_ws/install/turtlebot3_cartographer/share/turtlebot3_cartographer/environment/path.dsv
[1.037s] -- Up-to-date: /home/fssja/turtlebot3_ws/install/turtlebot3_cartographer/share/turtlebot3_cartographer/local_setup.bash
[1.038s] -- Up-to-date: /home/fssja/turtlebot3_ws/install/turtlebot3_cartographer/share/turtlebot3_cartographer/local_setup.sh
[1.044s] -- Up-to-date: /home/fssja/turtlebot3_ws/install/turtlebot3_cartographer/share/turtlebot3_cartographer/local_setup.zsh
[1.044s] -- Up-to-date: /home/fssja/turtlebot3_ws/install/turtlebot3_cartographer/share/turtlebot3_cartographer/local_setup.dsv
[1.052s] -- Installing: /home/fssja/turtlebot3_ws/install/turtlebot3_cartographer/share/turtlebot3_cartographer/package.dsv
[1.053s] -- Up-to-date: /home/fssja/turtlebot3_ws/install/turtlebot3_cartographer/share/ament_index/resource_index/packages/turtlebot3_cartographer
[1.053s] -- Up-to-date: /home/fssja/turtlebot3_ws/install/turtlebot3_cartographer/share/turtlebot3_cartographer/cmake/turtlebot3_cartographerConfig.cmake
[1.054s] -- Up-to-date: /home/fssja/turtlebot3_ws/install/turtlebot3_cartographer/share/turtlebot3_cartographer/cmake/turtlebot3_cartographerConfig-version.cmake
[1.054s] -- Up-to-date: /home/fssja/turtlebot3_ws/install/turtlebot3_cartographer/share/turtlebot3_cartographer/package.xml
[1.064s] Invoked command in '/home/fssja/turtlebot3_ws/build/turtlebot3_cartographer' returned '0': CMAKE_PREFIX_PATH=${CMAKE_PREFIX_PATH}:/opt/ros/humble /usr/bin/cmake --install /home/fssja/turtlebot3_ws/build/turtlebot3_cartographer
