[1.923s] Invoking command in '/home/fssja/turtlebot3_ws/src/turtlebot3/turtlebot3_example': AMENT_PREFIX_PATH=/home/fssja/turtlebot3_ws/install/turtlebot3_msgs:${AMENT_PREFIX_PATH} CMAKE_PREFIX_PATH=/home/fssja/turtlebot3_ws/install/turtlebot3_msgs LD_LIBRARY_PATH=/home/fssja/turtlebot3_ws/install/turtlebot3_msgs/lib:${LD_LIBRARY_PATH} PYTHONPATH=/home/fssja/turtlebot3_ws/build/turtlebot3_example/prefix_override:/home/fssja/turtlebot3_ws/install/turtlebot3_example/lib/python3.10/site-packages:/home/fssja/turtlebot3_ws/install/turtlebot3_msgs/local/lib/python3.10/dist-packages:${PYTHONPATH} /usr/bin/python3 setup.py egg_info --egg-base ../../../build/turtlebot3_example build --build-base /home/fssja/turtlebot3_ws/build/turtlebot3_example/build install --record /home/fssja/turtlebot3_ws/build/turtlebot3_example/install.log --single-version-externally-managed
[2.530s] running egg_info
[2.532s] writing ../../../build/turtlebot3_example/turtlebot3_example.egg-info/PKG-INFO
[2.532s] writing dependency_links to ../../../build/turtlebot3_example/turtlebot3_example.egg-info/dependency_links.txt
[2.532s] writing entry points to ../../../build/turtlebot3_example/turtlebot3_example.egg-info/entry_points.txt
[2.533s] writing requirements to ../../../build/turtlebot3_example/turtlebot3_example.egg-info/requires.txt
[2.533s] writing top-level names to ../../../build/turtlebot3_example/turtlebot3_example.egg-info/top_level.txt
[2.538s] reading manifest file '../../../build/turtlebot3_example/turtlebot3_example.egg-info/SOURCES.txt'
[2.581s] writing manifest file '../../../build/turtlebot3_example/turtlebot3_example.egg-info/SOURCES.txt'
[2.581s] running build
[2.581s] running build_py
[2.585s] running install
[2.585s] /usr/lib/python3/dist-packages/setuptools/command/install.py:34: SetuptoolsDeprecationWarning: setup.py install is deprecated. Use build and pip and other standards-based tools.
[2.585s]   warnings.warn(
[2.586s] running install_lib
[2.592s] running install_data
[2.599s] running install_egg_info
[2.599s] removing '/home/fssja/turtlebot3_ws/install/turtlebot3_example/lib/python3.10/site-packages/turtlebot3_example-2.1.5-py3.10.egg-info' (and everything under it)
[2.600s] Copying ../../../build/turtlebot3_example/turtlebot3_example.egg-info to /home/fssja/turtlebot3_ws/install/turtlebot3_example/lib/python3.10/site-packages/turtlebot3_example-2.1.5-py3.10.egg-info
[2.605s] running install_scripts
[2.654s] Installing turtlebot3_obstacle_detection script to /home/fssja/turtlebot3_ws/install/turtlebot3_example/lib/turtlebot3_example
[2.654s] Installing turtlebot3_patrol_client script to /home/fssja/turtlebot3_ws/install/turtlebot3_example/lib/turtlebot3_example
[2.655s] Installing turtlebot3_patrol_server script to /home/fssja/turtlebot3_ws/install/turtlebot3_example/lib/turtlebot3_example
[2.655s] Installing turtlebot3_position_control script to /home/fssja/turtlebot3_ws/install/turtlebot3_example/lib/turtlebot3_example
[2.660s] writing list of installed files to '/home/fssja/turtlebot3_ws/build/turtlebot3_example/install.log'
[2.718s] Invoked command in '/home/fssja/turtlebot3_ws/src/turtlebot3/turtlebot3_example' returned '0': AMENT_PREFIX_PATH=/home/fssja/turtlebot3_ws/install/turtlebot3_msgs:${AMENT_PREFIX_PATH} CMAKE_PREFIX_PATH=/home/fssja/turtlebot3_ws/install/turtlebot3_msgs LD_LIBRARY_PATH=/home/fssja/turtlebot3_ws/install/turtlebot3_msgs/lib:${LD_LIBRARY_PATH} PYTHONPATH=/home/fssja/turtlebot3_ws/build/turtlebot3_example/prefix_override:/home/fssja/turtlebot3_ws/install/turtlebot3_example/lib/python3.10/site-packages:/home/fssja/turtlebot3_ws/install/turtlebot3_msgs/local/lib/python3.10/dist-packages:${PYTHONPATH} /usr/bin/python3 setup.py egg_info --egg-base ../../../build/turtlebot3_example build --build-base /home/fssja/turtlebot3_ws/build/turtlebot3_example/build install --record /home/fssja/turtlebot3_ws/build/turtlebot3_example/install.log --single-version-externally-managed
