[0.497s] Invoking command in '/home/fssja/turtlebot3_ws/build/dynamixel_sdk_examples': AMENT_PREFIX_PATH=/home/fssja/turtlebot3_ws/install/dynamixel_sdk_custom_interfaces:/home/fssja/turtlebot3_ws/install/dynamixel_sdk:${AMENT_PREFIX_PATH} CMAKE_PREFIX_PATH=/home/fssja/turtlebot3_ws/install/dynamixel_sdk_custom_interfaces:/home/fssja/turtlebot3_ws/install/dynamixel_sdk:/home/fssja/ros2_ws/install/the_publisher:/home/fssja/ros2_ws/install/publish_and_subscribe:/opt/ros/humble LD_LIBRARY_PATH=/home/fssja/turtlebot3_ws/install/dynamixel_sdk_custom_interfaces/lib:/home/fssja/turtlebot3_ws/install/dynamixel_sdk/lib:${LD_LIBRARY_PATH} PYTHONPATH=/home/fssja/turtlebot3_ws/install/dynamixel_sdk_custom_interfaces/local/lib/python3.10/dist-packages:${PYTHONPATH} /usr/bin/cmake --build /home/fssja/turtlebot3_ws/build/dynamixel_sdk_examples -- -j2 -l2
[0.857s] [100%] Built target read_write_node
[0.924s] Invoked command in '/home/fssja/turtlebot3_ws/build/dynamixel_sdk_examples' returned '0': AMENT_PREFIX_PATH=/home/fssja/turtlebot3_ws/install/dynamixel_sdk_custom_interfaces:/home/fssja/turtlebot3_ws/install/dynamixel_sdk:${AMENT_PREFIX_PATH} CMAKE_PREFIX_PATH=/home/fssja/turtlebot3_ws/install/dynamixel_sdk_custom_interfaces:/home/fssja/turtlebot3_ws/install/dynamixel_sdk:/home/fssja/ros2_ws/install/the_publisher:/home/fssja/ros2_ws/install/publish_and_subscribe:/opt/ros/humble LD_LIBRARY_PATH=/home/fssja/turtlebot3_ws/install/dynamixel_sdk_custom_interfaces/lib:/home/fssja/turtlebot3_ws/install/dynamixel_sdk/lib:${LD_LIBRARY_PATH} PYTHONPATH=/home/fssja/turtlebot3_ws/install/dynamixel_sdk_custom_interfaces/local/lib/python3.10/dist-packages:${PYTHONPATH} /usr/bin/cmake --build /home/fssja/turtlebot3_ws/build/dynamixel_sdk_examples -- -j2 -l2
[1.121s] Invoking command in '/home/fssja/turtlebot3_ws/build/dynamixel_sdk_examples': AMENT_PREFIX_PATH=/home/fssja/turtlebot3_ws/install/dynamixel_sdk_custom_interfaces:/home/fssja/turtlebot3_ws/install/dynamixel_sdk:${AMENT_PREFIX_PATH} CMAKE_PREFIX_PATH=/home/fssja/turtlebot3_ws/install/dynamixel_sdk_custom_interfaces:/home/fssja/turtlebot3_ws/install/dynamixel_sdk:/home/fssja/ros2_ws/install/the_publisher:/home/fssja/ros2_ws/install/publish_and_subscribe:/opt/ros/humble LD_LIBRARY_PATH=/home/fssja/turtlebot3_ws/install/dynamixel_sdk_custom_interfaces/lib:/home/fssja/turtlebot3_ws/install/dynamixel_sdk/lib:${LD_LIBRARY_PATH} PYTHONPATH=/home/fssja/turtlebot3_ws/install/dynamixel_sdk_custom_interfaces/local/lib/python3.10/dist-packages:${PYTHONPATH} /usr/bin/cmake --install /home/fssja/turtlebot3_ws/build/dynamixel_sdk_examples
[1.183s] -- Install configuration: ""
[1.184s] -- Up-to-date: /home/fssja/turtlebot3_ws/install/dynamixel_sdk_examples/lib/dynamixel_sdk_examples/read_write_node
[1.200s] -- Up-to-date: /home/fssja/turtlebot3_ws/install/dynamixel_sdk_examples/share/ament_index/resource_index/package_run_dependencies/dynamixel_sdk_examples
[1.201s] -- Up-to-date: /home/fssja/turtlebot3_ws/install/dynamixel_sdk_examples/share/ament_index/resource_index/parent_prefix_path/dynamixel_sdk_examples
[1.201s] -- Up-to-date: /home/fssja/turtlebot3_ws/install/dynamixel_sdk_examples/share/dynamixel_sdk_examples/environment/ament_prefix_path.sh
[1.201s] -- Up-to-date: /home/fssja/turtlebot3_ws/install/dynamixel_sdk_examples/share/dynamixel_sdk_examples/environment/ament_prefix_path.dsv
[1.201s] -- Up-to-date: /home/fssja/turtlebot3_ws/install/dynamixel_sdk_examples/share/dynamixel_sdk_examples/environment/path.sh
[1.202s] -- Up-to-date: /home/fssja/turtlebot3_ws/install/dynamixel_sdk_examples/share/dynamixel_sdk_examples/environment/path.dsv
[1.202s] -- Up-to-date: /home/fssja/turtlebot3_ws/install/dynamixel_sdk_examples/share/dynamixel_sdk_examples/local_setup.bash
[1.202s] -- Up-to-date: /home/fssja/turtlebot3_ws/install/dynamixel_sdk_examples/share/dynamixel_sdk_examples/local_setup.sh
[1.202s] -- Up-to-date: /home/fssja/turtlebot3_ws/install/dynamixel_sdk_examples/share/dynamixel_sdk_examples/local_setup.zsh
[1.203s] -- Up-to-date: /home/fssja/turtlebot3_ws/install/dynamixel_sdk_examples/share/dynamixel_sdk_examples/local_setup.dsv
[1.203s] -- Installing: /home/fssja/turtlebot3_ws/install/dynamixel_sdk_examples/share/dynamixel_sdk_examples/package.dsv
[1.203s] -- Up-to-date: /home/fssja/turtlebot3_ws/install/dynamixel_sdk_examples/share/ament_index/resource_index/packages/dynamixel_sdk_examples
[1.203s] -- Up-to-date: /home/fssja/turtlebot3_ws/install/dynamixel_sdk_examples/share/dynamixel_sdk_examples/cmake/dynamixel_sdk_examplesConfig.cmake
[1.203s] -- Up-to-date: /home/fssja/turtlebot3_ws/install/dynamixel_sdk_examples/share/dynamixel_sdk_examples/cmake/dynamixel_sdk_examplesConfig-version.cmake
[1.203s] -- Up-to-date: /home/fssja/turtlebot3_ws/install/dynamixel_sdk_examples/share/dynamixel_sdk_examples/package.xml
[1.219s] Invoked command in '/home/fssja/turtlebot3_ws/build/dynamixel_sdk_examples' returned '0': AMENT_PREFIX_PATH=/home/fssja/turtlebot3_ws/install/dynamixel_sdk_custom_interfaces:/home/fssja/turtlebot3_ws/install/dynamixel_sdk:${AMENT_PREFIX_PATH} CMAKE_PREFIX_PATH=/home/fssja/turtlebot3_ws/install/dynamixel_sdk_custom_interfaces:/home/fssja/turtlebot3_ws/install/dynamixel_sdk:/home/fssja/ros2_ws/install/the_publisher:/home/fssja/ros2_ws/install/publish_and_subscribe:/opt/ros/humble LD_LIBRARY_PATH=/home/fssja/turtlebot3_ws/install/dynamixel_sdk_custom_interfaces/lib:/home/fssja/turtlebot3_ws/install/dynamixel_sdk/lib:${LD_LIBRARY_PATH} PYTHONPATH=/home/fssja/turtlebot3_ws/install/dynamixel_sdk_custom_interfaces/local/lib/python3.10/dist-packages:${PYTHONPATH} /usr/bin/cmake --install /home/fssja/turtlebot3_ws/build/dynamixel_sdk_examples
