[0.106s] Invoking command in '/home/fssja/ros2-project/build/two_server_controllers': CMAKE_PREFIX_PATH=/home/fssja/ros2-project/install/custom_interfaces:/home/fssja/ros2-project/install/two_server_controllers:/home/fssja/turtlebot3_ws/install/turtlebot3:/home/fssja/turtlebot3_ws/install/turtlebot3_simulations:/home/fssja/turtlebot3_ws/install/turtlebot3_bringup:/home/fssja/turtlebot3_ws/install/turtlebot3_node:/home/fssja/turtlebot3_ws/install/turtlebot3_navigation2:/home/fssja/turtlebot3_ws/install/turtlebot3_fake_node:/home/fssja/turtlebot3_ws/install/turtlebot3_msgs:/home/fssja/turtlebot3_ws/install/turtlebot3_gazebo:/home/fssja/turtlebot3_ws/install/turtlebot3_description:/home/fssja/turtlebot3_ws/install/turtlebot3_cartographer:/home/fssja/turtlebot3_ws/install/robot_controller:/home/fssja/turtlebot3_ws/install/dynamixel_sdk_examples:/home/fssja/turtlebot3_ws/install/dynamixel_sdk_custom_interfaces:/home/fssja/turtlebot3_ws/install/dynamixel_sdk:/home/fssja/ros2_ws/install/the_publisher:/home/fssja/ros2_ws/install/robot_controller:/home/fssja/ros2_ws/install/publish_and_subscribe:/home/fssja/ros2_ws/install/add_two_nums:/home/fssja/turtlebot3_ws/install/turtlebot3_teleop:/home/fssja/turtlebot3_ws/install/turtlebot3_example:/opt/ros/humble /usr/bin/cmake --build /home/fssja/ros2-project/build/two_server_controllers -- -j2 -l2
[0.253s] [35m[1mConsolidate compiler generated dependencies of target go_to_goal[0m
[0.280s] [ 50%] Built target the_client
[0.316s] [ 75%] [32mBuilding CXX object CMakeFiles/go_to_goal.dir/src/goto_server.cpp.o[0m
[9.157s] [01m[K/home/fssja/ros2-project/src/two_server_controllers/src/goto_server.cpp:[m[K In constructor ‘[01m[KGoToGoal::GoToGoal()[m[K’:
[9.157s] [01m[K/home/fssja/ros2-project/src/two_server_controllers/src/goto_server.cpp:26:101:[m[K [01;31m[Kerror: [m[Klvalue required as unary ‘[01m[K&[m[K’ operand
[9.157s]    26 | no::nanoseconds(10), std::bind(&[01;31m[KGoToGoal::move_to_goal()[m[K, this));
[9.158s]       |                                 [01;31m[K~~~~~~~~~~~~~~~~~~~~~~^~[m[K
[9.158s] 
[9.158s] [01m[K/home/fssja/ros2-project/src/two_server_controllers/src/goto_server.cpp:27:103:[m[K [01;31m[Kerror: [m[Klvalue required as unary ‘[01m[K&[m[K’ operand
[9.158s]    27 | o::microseconds(1), std::bind(&[01;31m[KGoToGoal::timerCallback()[m[K, this));
[9.158s]       |                                [01;31m[K~~~~~~~~~~~~~~~~~~~~~~~^~[m[K
[9.158s] 
[15.089s] [01m[K/home/fssja/ros2-project/src/two_server_controllers/src/goto_server.cpp:[m[K In member function ‘[01m[Kint GoToGoal::move_to_goal()[m[K’:
[15.089s] [01m[K/home/fssja/ros2-project/src/two_server_controllers/src/goto_server.cpp:103:3:[m[K [01;35m[Kwarning: [m[Kcontrol reaches end of non-void function [[01;35m[K]8;;https://gcc.gnu.org/onlinedocs/gcc/Warning-Options.html#index-Wreturn-type-Wreturn-type]8;;[m[K]
[15.089s]   103 |   [01;35m[K}[m[K
[15.089s]       |   [01;35m[K^[m[K
[15.205s] gmake[2]: *** [CMakeFiles/go_to_goal.dir/build.make:76: CMakeFiles/go_to_goal.dir/src/goto_server.cpp.o] Error 1
[15.208s] gmake[1]: *** [CMakeFiles/Makefile2:139: CMakeFiles/go_to_goal.dir/all] Error 2
[15.208s] gmake: *** [Makefile:146: all] Error 2
[15.208s] Invoked command in '/home/fssja/ros2-project/build/two_server_controllers' returned '2': CMAKE_PREFIX_PATH=/home/fssja/ros2-project/install/custom_interfaces:/home/fssja/ros2-project/install/two_server_controllers:/home/fssja/turtlebot3_ws/install/turtlebot3:/home/fssja/turtlebot3_ws/install/turtlebot3_simulations:/home/fssja/turtlebot3_ws/install/turtlebot3_bringup:/home/fssja/turtlebot3_ws/install/turtlebot3_node:/home/fssja/turtlebot3_ws/install/turtlebot3_navigation2:/home/fssja/turtlebot3_ws/install/turtlebot3_fake_node:/home/fssja/turtlebot3_ws/install/turtlebot3_msgs:/home/fssja/turtlebot3_ws/install/turtlebot3_gazebo:/home/fssja/turtlebot3_ws/install/turtlebot3_description:/home/fssja/turtlebot3_ws/install/turtlebot3_cartographer:/home/fssja/turtlebot3_ws/install/robot_controller:/home/fssja/turtlebot3_ws/install/dynamixel_sdk_examples:/home/fssja/turtlebot3_ws/install/dynamixel_sdk_custom_interfaces:/home/fssja/turtlebot3_ws/install/dynamixel_sdk:/home/fssja/ros2_ws/install/the_publisher:/home/fssja/ros2_ws/install/robot_controller:/home/fssja/ros2_ws/install/publish_and_subscribe:/home/fssja/ros2_ws/install/add_two_nums:/home/fssja/turtlebot3_ws/install/turtlebot3_teleop:/home/fssja/turtlebot3_ws/install/turtlebot3_example:/opt/ros/humble /usr/bin/cmake --build /home/fssja/ros2-project/build/two_server_controllers -- -j2 -l2
