[ 25%] [32mBuilding CXX object CMakeFiles/talker.dir/src/publisher_cmd.cpp.o[0m
[01m[K/home/fssja/turtlebot3_ws/src/robot_controller/src/publisher_cmd.cpp:34:43:[m[K [01;31m[Kerror: [m[K‘[01m[KString[m[K’ is not a member of ‘[01m[Kgeometry_msgs::msg[m[K’
   34 |     rclcpp::Publisher<geometry_msgs::msg::[01;31m[KString[m[K>::SharedPtr publisher_;
      |                                           [01;31m[K^~~~~~[m[K
[01m[K/home/fssja/turtlebot3_ws/src/robot_controller/src/publisher_cmd.cpp:34:49:[m[K [01;31m[Kerror: [m[Ktemplate argument 1 is invalid
   34 |     rclcpp::Publisher<geometry_msgs::msg::String[01;31m[K>[m[K::SharedPtr publisher_;
      |                                                 [01;31m[K^[m[K
[01m[K/home/fssja/turtlebot3_ws/src/robot_controller/src/publisher_cmd.cpp:34:52:[m[K [01;31m[Kerror: [m[Kexpected ‘[01m[K;[m[K’ at end of member declaration
   34 |     rclcpp::Publisher<geometry_msgs::msg::String>::[01;31m[KSharedPtr[m[K publisher_;
      |                                                    [01;31m[K^~~~~~~~~[m[K
      |                                                             [32m[K;[m[K
[01m[K/home/fssja/turtlebot3_ws/src/robot_controller/src/publisher_cmd.cpp:34:62:[m[K [01;31m[Kerror: [m[K‘[01m[Kpublisher_[m[K’ does not name a type; did you mean ‘[01m[Krmw_publisher_t[m[K’?
   34 | cpp::Publisher<geometry_msgs::msg::String>::SharedPtr [01;31m[Kpublisher_[m[K;
      |                                                       [01;31m[K^~~~~~~~~~[m[K
      |                                                       [32m[Krmw_publisher_t[m[K
[01m[K/home/fssja/turtlebot3_ws/src/robot_controller/src/publisher_cmd.cpp:[m[K In constructor ‘[01m[KVelocityPublisher::VelocityPublisher()[m[K’:
[01m[K/home/fssja/turtlebot3_ws/src/robot_controller/src/publisher_cmd.cpp:20:7:[m[K [01;31m[Kerror: [m[K‘[01m[Kpublisher_[m[K’ was not declared in this scope; did you mean ‘[01m[Krmw_publisher_t[m[K’?
   20 |       [01;31m[Kpublisher_[m[K = this->create_publisher<geometry_msgs::msg::Twist>("topic", 10);
      |       [01;31m[K^~~~~~~~~~[m[K
      |       [32m[Krmw_publisher_t[m[K
[01m[K/home/fssja/turtlebot3_ws/src/robot_controller/src/publisher_cmd.cpp:[m[K In member function ‘[01m[Kvoid VelocityPublisher::timer_callback()[m[K’:
[01m[K/home/fssja/turtlebot3_ws/src/robot_controller/src/publisher_cmd.cpp:28:42:[m[K [01;31m[Kerror: [m[K‘[01m[KString[m[K’ is not a member of ‘[01m[Kgeometry_msgs::msg[m[K’
   28 |       auto message = geometry_msgs::msg::[01;31m[KString[m[K();
      |                                          [01;31m[K^~~~~~[m[K
[01m[K/home/fssja/turtlebot3_ws/src/robot_controller/src/publisher_cmd.cpp:31:7:[m[K [01;31m[Kerror: [m[K‘[01m[Kpublisher_[m[K’ was not declared in this scope; did you mean ‘[01m[Krmw_publisher_t[m[K’?
   31 |       [01;31m[Kpublisher_[m[K->publish(message);
      |       [01;31m[K^~~~~~~~~~[m[K
      |       [32m[Krmw_publisher_t[m[K
gmake[2]: *** [CMakeFiles/talker.dir/build.make:76: CMakeFiles/talker.dir/src/publisher_cmd.cpp.o] Error 1
gmake[1]: *** [CMakeFiles/Makefile2:139: CMakeFiles/talker.dir/all] Error 2
gmake: *** [Makefile:146: all] Error 2
