[1.793s] DEBUG:colcon:Command line arguments: ['/usr/bin/colcon', 'build']
[1.794s] DEBUG:colcon:Parsed command line arguments: Namespace(log_base=None, log_level=None, verb_name='build', build_base='build', install_base='install', merge_install=False, symlink_install=False, test_result_base=None, continue_on_error=False, executor='parallel', parallel_workers=2, event_handlers=None, ignore_user_meta=False, metas=['./colcon.meta'], base_paths=['.'], packages_ignore=None, packages_ignore_regex=None, paths=None, packages_up_to=None, packages_up_to_regex=None, packages_above=None, packages_above_and_dependencies=None, packages_above_depth=None, packages_select_by_dep=None, packages_skip_by_dep=None, packages_skip_up_to=None, packages_select_build_failed=False, packages_skip_build_finished=False, packages_select_test_failures=False, packages_skip_test_passed=False, packages_select=None, packages_skip=None, packages_select_regex=None, packages_skip_regex=None, packages_start=None, packages_end=None, allow_overriding=[], cmake_args=None, cmake_target=None, cmake_target_skip_unavailable=False, cmake_clean_cache=False, cmake_clean_first=False, cmake_force_configure=False, ament_cmake_args=None, catkin_cmake_args=None, catkin_skip_building_tests=False, verb_parser=<colcon_defaults.argument_parser.defaults.DefaultArgumentsDecorator object at 0x7a18463a4d30>, verb_extension=<colcon_core.verb.build.BuildVerb object at 0x7a18463a48e0>, main=<bound method BuildVerb.main of <colcon_core.verb.build.BuildVerb object at 0x7a18463a48e0>>)
[4.517s] Level 1:colcon.colcon_core.package_discovery:discover_packages(colcon_meta) check parameters
[4.517s] Level 1:colcon.colcon_core.package_discovery:discover_packages(recursive) check parameters
[4.517s] Level 1:colcon.colcon_core.package_discovery:discover_packages(ignore) check parameters
[4.517s] Level 1:colcon.colcon_core.package_discovery:discover_packages(path) check parameters
[4.517s] Level 1:colcon.colcon_core.package_discovery:discover_packages(colcon_meta) discover
[4.518s] Level 1:colcon.colcon_core.package_discovery:discover_packages(recursive) discover
[4.518s] INFO:colcon.colcon_core.package_discovery:Crawling recursively for packages in '/home/fssja/ros2-project'
[4.518s] Level 1:colcon.colcon_core.package_identification:_identify(.) by extensions ['ignore', 'ignore_ament_install']
[4.518s] Level 1:colcon.colcon_core.package_identification:_identify(.) by extension 'ignore'
[4.518s] Level 1:colcon.colcon_core.package_identification:_identify(.) by extension 'ignore_ament_install'
[4.518s] Level 1:colcon.colcon_core.package_identification:_identify(.) by extensions ['colcon_pkg']
[4.519s] Level 1:colcon.colcon_core.package_identification:_identify(.) by extension 'colcon_pkg'
[4.519s] Level 1:colcon.colcon_core.package_identification:_identify(.) by extensions ['colcon_meta']
[4.519s] Level 1:colcon.colcon_core.package_identification:_identify(.) by extension 'colcon_meta'
[4.519s] Level 1:colcon.colcon_core.package_identification:_identify(.) by extensions ['ros']
[4.519s] Level 1:colcon.colcon_core.package_identification:_identify(.) by extension 'ros'
[4.545s] Level 1:colcon.colcon_core.package_identification:_identify(.) by extensions ['cmake', 'python']
[4.545s] Level 1:colcon.colcon_core.package_identification:_identify(.) by extension 'cmake'
[4.545s] Level 1:colcon.colcon_core.package_identification:_identify(.) by extension 'python'
[4.545s] Level 1:colcon.colcon_core.package_identification:_identify(.) by extensions ['python_setup_py']
[4.545s] Level 1:colcon.colcon_core.package_identification:_identify(.) by extension 'python_setup_py'
[4.569s] Level 1:colcon.colcon_core.package_identification:_identify(build) by extensions ['ignore', 'ignore_ament_install']
[4.569s] Level 1:colcon.colcon_core.package_identification:_identify(build) by extension 'ignore'
[4.569s] Level 1:colcon.colcon_core.package_identification:_identify(build) ignored
[4.570s] Level 1:colcon.colcon_core.package_identification:_identify(install) by extensions ['ignore', 'ignore_ament_install']
[4.570s] Level 1:colcon.colcon_core.package_identification:_identify(install) by extension 'ignore'
[4.570s] Level 1:colcon.colcon_core.package_identification:_identify(install) ignored
[4.571s] Level 1:colcon.colcon_core.package_identification:_identify(log) by extensions ['ignore', 'ignore_ament_install']
[4.571s] Level 1:colcon.colcon_core.package_identification:_identify(log) by extension 'ignore'
[4.571s] Level 1:colcon.colcon_core.package_identification:_identify(log) ignored
[4.571s] Level 1:colcon.colcon_core.package_identification:_identify(src) by extensions ['ignore', 'ignore_ament_install']
[4.572s] Level 1:colcon.colcon_core.package_identification:_identify(src) by extension 'ignore'
[4.572s] Level 1:colcon.colcon_core.package_identification:_identify(src) by extension 'ignore_ament_install'
[4.572s] Level 1:colcon.colcon_core.package_identification:_identify(src) by extensions ['colcon_pkg']
[4.572s] Level 1:colcon.colcon_core.package_identification:_identify(src) by extension 'colcon_pkg'
[4.572s] Level 1:colcon.colcon_core.package_identification:_identify(src) by extensions ['colcon_meta']
[4.572s] Level 1:colcon.colcon_core.package_identification:_identify(src) by extension 'colcon_meta'
[4.572s] Level 1:colcon.colcon_core.package_identification:_identify(src) by extensions ['ros']
[4.572s] Level 1:colcon.colcon_core.package_identification:_identify(src) by extension 'ros'
[4.573s] Level 1:colcon.colcon_core.package_identification:_identify(src) by extensions ['cmake', 'python']
[4.573s] Level 1:colcon.colcon_core.package_identification:_identify(src) by extension 'cmake'
[4.573s] Level 1:colcon.colcon_core.package_identification:_identify(src) by extension 'python'
[4.573s] Level 1:colcon.colcon_core.package_identification:_identify(src) by extensions ['python_setup_py']
[4.573s] Level 1:colcon.colcon_core.package_identification:_identify(src) by extension 'python_setup_py'
[4.621s] Level 1:colcon.colcon_core.package_identification:_identify(src/custom_interfaces) by extensions ['ignore', 'ignore_ament_install']
[4.621s] Level 1:colcon.colcon_core.package_identification:_identify(src/custom_interfaces) by extension 'ignore'
[4.621s] Level 1:colcon.colcon_core.package_identification:_identify(src/custom_interfaces) by extension 'ignore_ament_install'
[4.622s] Level 1:colcon.colcon_core.package_identification:_identify(src/custom_interfaces) by extensions ['colcon_pkg']
[4.622s] Level 1:colcon.colcon_core.package_identification:_identify(src/custom_interfaces) by extension 'colcon_pkg'
[4.622s] Level 1:colcon.colcon_core.package_identification:_identify(src/custom_interfaces) by extensions ['colcon_meta']
[4.622s] Level 1:colcon.colcon_core.package_identification:_identify(src/custom_interfaces) by extension 'colcon_meta'
[4.622s] Level 1:colcon.colcon_core.package_identification:_identify(src/custom_interfaces) by extensions ['ros']
[4.622s] Level 1:colcon.colcon_core.package_identification:_identify(src/custom_interfaces) by extension 'ros'
[4.628s] DEBUG:colcon.colcon_core.package_identification:Package 'src/custom_interfaces' with type 'ros.ament_cmake' and name 'custom_interfaces'
[4.628s] Level 1:colcon.colcon_core.package_identification:_identify(src/two_server_controllers) by extensions ['ignore', 'ignore_ament_install']
[4.629s] Level 1:colcon.colcon_core.package_identification:_identify(src/two_server_controllers) by extension 'ignore'
[4.629s] Level 1:colcon.colcon_core.package_identification:_identify(src/two_server_controllers) by extension 'ignore_ament_install'
[4.629s] Level 1:colcon.colcon_core.package_identification:_identify(src/two_server_controllers) by extensions ['colcon_pkg']
[4.629s] Level 1:colcon.colcon_core.package_identification:_identify(src/two_server_controllers) by extension 'colcon_pkg'
[4.629s] Level 1:colcon.colcon_core.package_identification:_identify(src/two_server_controllers) by extensions ['colcon_meta']
[4.629s] Level 1:colcon.colcon_core.package_identification:_identify(src/two_server_controllers) by extension 'colcon_meta'
[4.629s] Level 1:colcon.colcon_core.package_identification:_identify(src/two_server_controllers) by extensions ['ros']
[4.629s] Level 1:colcon.colcon_core.package_identification:_identify(src/two_server_controllers) by extension 'ros'
[4.651s] DEBUG:colcon.colcon_core.package_identification:Package 'src/two_server_controllers' with type 'ros.ament_cmake' and name 'two_server_controllers'
[4.651s] Level 1:colcon.colcon_core.package_discovery:discover_packages(recursive) using defaults
[4.651s] Level 1:colcon.colcon_core.package_discovery:discover_packages(ignore) discover
[4.651s] Level 1:colcon.colcon_core.package_discovery:discover_packages(ignore) using defaults
[4.651s] Level 1:colcon.colcon_core.package_discovery:discover_packages(path) discover
[4.651s] Level 1:colcon.colcon_core.package_discovery:discover_packages(path) using defaults
[4.757s] Level 1:colcon.colcon_core.package_discovery:discover_packages(prefix_path) check parameters
[4.757s] Level 1:colcon.colcon_core.package_discovery:discover_packages(prefix_path) discover
[4.785s] DEBUG:colcon.colcon_installed_package_information.package_discovery:Found 2 installed packages in /home/fssja/ros2-project/install
[4.787s] DEBUG:colcon.colcon_installed_package_information.package_discovery:Found 16 installed packages in /home/fssja/turtlebot3_ws/install
[4.788s] DEBUG:colcon.colcon_installed_package_information.package_discovery:Found 4 installed packages in /home/fssja/ros2_ws/install
[4.792s] DEBUG:colcon.colcon_installed_package_information.package_discovery:Found 368 installed packages in /opt/ros/humble
[4.798s] Level 1:colcon.colcon_core.package_discovery:discover_packages(prefix_path) using defaults
[4.971s] Level 5:colcon.colcon_core.verb:set package 'custom_interfaces' build argument 'cmake_args' from command line to 'None'
[4.971s] Level 5:colcon.colcon_core.verb:set package 'custom_interfaces' build argument 'cmake_target' from command line to 'None'
[4.971s] Level 5:colcon.colcon_core.verb:set package 'custom_interfaces' build argument 'cmake_target_skip_unavailable' from command line to 'False'
[4.971s] Level 5:colcon.colcon_core.verb:set package 'custom_interfaces' build argument 'cmake_clean_cache' from command line to 'False'
[4.971s] Level 5:colcon.colcon_core.verb:set package 'custom_interfaces' build argument 'cmake_clean_first' from command line to 'False'
[4.971s] Level 5:colcon.colcon_core.verb:set package 'custom_interfaces' build argument 'cmake_force_configure' from command line to 'False'
[4.971s] Level 5:colcon.colcon_core.verb:set package 'custom_interfaces' build argument 'ament_cmake_args' from command line to 'None'
[4.972s] Level 5:colcon.colcon_core.verb:set package 'custom_interfaces' build argument 'catkin_cmake_args' from command line to 'None'
[4.972s] Level 5:colcon.colcon_core.verb:set package 'custom_interfaces' build argument 'catkin_skip_building_tests' from command line to 'False'
[4.972s] DEBUG:colcon.colcon_core.verb:Building package 'custom_interfaces' with the following arguments: {'ament_cmake_args': None, 'build_base': '/home/fssja/ros2-project/build/custom_interfaces', 'catkin_cmake_args': None, 'catkin_skip_building_tests': False, 'cmake_args': None, 'cmake_clean_cache': False, 'cmake_clean_first': False, 'cmake_force_configure': False, 'cmake_target': None, 'cmake_target_skip_unavailable': False, 'install_base': '/home/fssja/ros2-project/install/custom_interfaces', 'merge_install': False, 'path': '/home/fssja/ros2-project/src/custom_interfaces', 'symlink_install': False, 'test_result_base': None}
[4.973s] Level 5:colcon.colcon_core.verb:set package 'two_server_controllers' build argument 'cmake_args' from command line to 'None'
[4.973s] Level 5:colcon.colcon_core.verb:set package 'two_server_controllers' build argument 'cmake_target' from command line to 'None'
[4.973s] Level 5:colcon.colcon_core.verb:set package 'two_server_controllers' build argument 'cmake_target_skip_unavailable' from command line to 'False'
[4.973s] Level 5:colcon.colcon_core.verb:set package 'two_server_controllers' build argument 'cmake_clean_cache' from command line to 'False'
[4.973s] Level 5:colcon.colcon_core.verb:set package 'two_server_controllers' build argument 'cmake_clean_first' from command line to 'False'
[4.973s] Level 5:colcon.colcon_core.verb:set package 'two_server_controllers' build argument 'cmake_force_configure' from command line to 'False'
[4.973s] Level 5:colcon.colcon_core.verb:set package 'two_server_controllers' build argument 'ament_cmake_args' from command line to 'None'
[4.973s] Level 5:colcon.colcon_core.verb:set package 'two_server_controllers' build argument 'catkin_cmake_args' from command line to 'None'
[4.973s] Level 5:colcon.colcon_core.verb:set package 'two_server_controllers' build argument 'catkin_skip_building_tests' from command line to 'False'
[4.973s] DEBUG:colcon.colcon_core.verb:Building package 'two_server_controllers' with the following arguments: {'ament_cmake_args': None, 'build_base': '/home/fssja/ros2-project/build/two_server_controllers', 'catkin_cmake_args': None, 'catkin_skip_building_tests': False, 'cmake_args': None, 'cmake_clean_cache': False, 'cmake_clean_first': False, 'cmake_force_configure': False, 'cmake_target': None, 'cmake_target_skip_unavailable': False, 'install_base': '/home/fssja/ros2-project/install/two_server_controllers', 'merge_install': False, 'path': '/home/fssja/ros2-project/src/two_server_controllers', 'symlink_install': False, 'test_result_base': None}
[4.974s] INFO:colcon.colcon_core.executor:Executing jobs using 'parallel' executor
[4.976s] DEBUG:colcon.colcon_parallel_executor.executor.parallel:run_until_complete
[4.976s] INFO:colcon.colcon_ros.task.ament_cmake.build:Building ROS package in '/home/fssja/ros2-project/src/custom_interfaces' with build type 'ament_cmake'
[4.977s] INFO:colcon.colcon_cmake.task.cmake.build:Building CMake package in '/home/fssja/ros2-project/src/custom_interfaces'
[4.982s] INFO:colcon.colcon_core.plugin_system:Skipping extension 'colcon_core.shell.bat': Not used on non-Windows systems
[4.982s] INFO:colcon.colcon_core.shell:Skip shell extension 'powershell' for command environment: Not usable outside of PowerShell
[4.983s] DEBUG:colcon.colcon_core.shell:Skip shell extension 'dsv' for command environment
[5.038s] DEBUG:colcon.colcon_core.event_handler.log_command:Invoking command in '/home/fssja/ros2-project/build/custom_interfaces': CMAKE_PREFIX_PATH=${CMAKE_PREFIX_PATH}:/home/fssja/turtlebot3_ws/install/turtlebot3_teleop:/home/fssja/turtlebot3_ws/install/turtlebot3_example:/opt/ros/humble /usr/bin/cmake --build /home/fssja/ros2-project/build/custom_interfaces -- -j2 -l2
[6.403s] DEBUG:colcon.colcon_core.event_handler.log_command:Invoked command in '/home/fssja/ros2-project/build/custom_interfaces' returned '0': CMAKE_PREFIX_PATH=${CMAKE_PREFIX_PATH}:/home/fssja/turtlebot3_ws/install/turtlebot3_teleop:/home/fssja/turtlebot3_ws/install/turtlebot3_example:/opt/ros/humble /usr/bin/cmake --build /home/fssja/ros2-project/build/custom_interfaces -- -j2 -l2
[6.567s] DEBUG:colcon.colcon_core.event_handler.log_command:Invoking command in '/home/fssja/ros2-project/build/custom_interfaces': CMAKE_PREFIX_PATH=${CMAKE_PREFIX_PATH}:/home/fssja/turtlebot3_ws/install/turtlebot3_teleop:/home/fssja/turtlebot3_ws/install/turtlebot3_example:/opt/ros/humble /usr/bin/cmake --install /home/fssja/ros2-project/build/custom_interfaces
[6.982s] Level 1:colcon.colcon_core.environment:create_environment_scripts_only(custom_interfaces)
[6.984s] DEBUG:colcon.colcon_core.event_handler.log_command:Invoked command in '/home/fssja/ros2-project/build/custom_interfaces' returned '0': CMAKE_PREFIX_PATH=${CMAKE_PREFIX_PATH}:/home/fssja/turtlebot3_ws/install/turtlebot3_teleop:/home/fssja/turtlebot3_ws/install/turtlebot3_example:/opt/ros/humble /usr/bin/cmake --install /home/fssja/ros2-project/build/custom_interfaces
[7.082s] Level 1:colcon.colcon_core.environment:checking '/home/fssja/ros2-project/install/custom_interfaces' for CMake module files
[7.086s] Level 1:colcon.colcon_core.environment:checking '/home/fssja/ros2-project/install/custom_interfaces' for CMake config files
[7.121s] Level 1:colcon.colcon_core.shell:create_environment_hook('custom_interfaces', 'cmake_prefix_path')
[7.122s] INFO:colcon.colcon_core.shell:Creating environment hook '/home/fssja/ros2-project/install/custom_interfaces/share/custom_interfaces/hook/cmake_prefix_path.ps1'
[7.123s] INFO:colcon.colcon_core.shell:Creating environment descriptor '/home/fssja/ros2-project/install/custom_interfaces/share/custom_interfaces/hook/cmake_prefix_path.dsv'
[7.124s] INFO:colcon.colcon_core.shell:Creating environment hook '/home/fssja/ros2-project/install/custom_interfaces/share/custom_interfaces/hook/cmake_prefix_path.sh'
[7.127s] Level 1:colcon.colcon_core.environment:checking '/home/fssja/ros2-project/install/custom_interfaces/lib'
[7.127s] Level 1:colcon.colcon_core.shell:create_environment_hook('custom_interfaces', 'ld_library_path_lib')
[7.128s] INFO:colcon.colcon_core.shell:Creating environment hook '/home/fssja/ros2-project/install/custom_interfaces/share/custom_interfaces/hook/ld_library_path_lib.ps1'
[7.129s] INFO:colcon.colcon_core.shell:Creating environment descriptor '/home/fssja/ros2-project/install/custom_interfaces/share/custom_interfaces/hook/ld_library_path_lib.dsv'
[7.130s] INFO:colcon.colcon_core.shell:Creating environment hook '/home/fssja/ros2-project/install/custom_interfaces/share/custom_interfaces/hook/ld_library_path_lib.sh'
[7.131s] Level 1:colcon.colcon_core.environment:checking '/home/fssja/ros2-project/install/custom_interfaces/bin'
[7.131s] Level 1:colcon.colcon_core.environment:checking '/home/fssja/ros2-project/install/custom_interfaces/lib/pkgconfig/custom_interfaces.pc'
[7.132s] Level 1:colcon.colcon_core.environment:checking '/home/fssja/ros2-project/install/custom_interfaces/lib/python3.10/site-packages'
[7.132s] Level 1:colcon.colcon_core.environment:checking '/home/fssja/ros2-project/install/custom_interfaces/bin'
[7.134s] INFO:colcon.colcon_core.shell:Creating package script '/home/fssja/ros2-project/install/custom_interfaces/share/custom_interfaces/package.ps1'
[7.138s] INFO:colcon.colcon_core.shell:Creating package descriptor '/home/fssja/ros2-project/install/custom_interfaces/share/custom_interfaces/package.dsv'
[7.139s] INFO:colcon.colcon_core.shell:Creating package script '/home/fssja/ros2-project/install/custom_interfaces/share/custom_interfaces/package.sh'
[7.141s] INFO:colcon.colcon_core.shell:Creating package script '/home/fssja/ros2-project/install/custom_interfaces/share/custom_interfaces/package.bash'
[7.142s] INFO:colcon.colcon_core.shell:Creating package script '/home/fssja/ros2-project/install/custom_interfaces/share/custom_interfaces/package.zsh'
[7.144s] Level 1:colcon.colcon_core.environment:create_file_with_runtime_dependencies(/home/fssja/ros2-project/install/custom_interfaces/share/colcon-core/packages/custom_interfaces)
[7.278s] Level 1:colcon.colcon_core.environment:create_environment_scripts_only(custom_interfaces)
[7.279s] Level 1:colcon.colcon_core.environment:checking '/home/fssja/ros2-project/install/custom_interfaces' for CMake module files
[7.281s] Level 1:colcon.colcon_core.environment:checking '/home/fssja/ros2-project/install/custom_interfaces' for CMake config files
[7.283s] Level 1:colcon.colcon_core.shell:create_environment_hook('custom_interfaces', 'cmake_prefix_path')
[7.283s] INFO:colcon.colcon_core.shell:Creating environment hook '/home/fssja/ros2-project/install/custom_interfaces/share/custom_interfaces/hook/cmake_prefix_path.ps1'
[7.284s] INFO:colcon.colcon_core.shell:Creating environment descriptor '/home/fssja/ros2-project/install/custom_interfaces/share/custom_interfaces/hook/cmake_prefix_path.dsv'
[7.285s] INFO:colcon.colcon_core.shell:Creating environment hook '/home/fssja/ros2-project/install/custom_interfaces/share/custom_interfaces/hook/cmake_prefix_path.sh'
[7.286s] Level 1:colcon.colcon_core.environment:checking '/home/fssja/ros2-project/install/custom_interfaces/lib'
[7.287s] Level 1:colcon.colcon_core.shell:create_environment_hook('custom_interfaces', 'ld_library_path_lib')
[7.287s] INFO:colcon.colcon_core.shell:Creating environment hook '/home/fssja/ros2-project/install/custom_interfaces/share/custom_interfaces/hook/ld_library_path_lib.ps1'
[7.289s] INFO:colcon.colcon_core.shell:Creating environment descriptor '/home/fssja/ros2-project/install/custom_interfaces/share/custom_interfaces/hook/ld_library_path_lib.dsv'
[7.289s] INFO:colcon.colcon_core.shell:Creating environment hook '/home/fssja/ros2-project/install/custom_interfaces/share/custom_interfaces/hook/ld_library_path_lib.sh'
[7.290s] Level 1:colcon.colcon_core.environment:checking '/home/fssja/ros2-project/install/custom_interfaces/bin'
[7.290s] Level 1:colcon.colcon_core.environment:checking '/home/fssja/ros2-project/install/custom_interfaces/lib/pkgconfig/custom_interfaces.pc'
[7.291s] Level 1:colcon.colcon_core.environment:checking '/home/fssja/ros2-project/install/custom_interfaces/lib/python3.10/site-packages'
[7.291s] Level 1:colcon.colcon_core.environment:checking '/home/fssja/ros2-project/install/custom_interfaces/bin'
[7.292s] INFO:colcon.colcon_core.shell:Creating package script '/home/fssja/ros2-project/install/custom_interfaces/share/custom_interfaces/package.ps1'
[7.294s] INFO:colcon.colcon_core.shell:Creating package descriptor '/home/fssja/ros2-project/install/custom_interfaces/share/custom_interfaces/package.dsv'
[7.295s] INFO:colcon.colcon_core.shell:Creating package script '/home/fssja/ros2-project/install/custom_interfaces/share/custom_interfaces/package.sh'
[7.296s] INFO:colcon.colcon_core.shell:Creating package script '/home/fssja/ros2-project/install/custom_interfaces/share/custom_interfaces/package.bash'
[7.297s] INFO:colcon.colcon_core.shell:Creating package script '/home/fssja/ros2-project/install/custom_interfaces/share/custom_interfaces/package.zsh'
[7.298s] Level 1:colcon.colcon_core.environment:create_file_with_runtime_dependencies(/home/fssja/ros2-project/install/custom_interfaces/share/colcon-core/packages/custom_interfaces)
[7.298s] INFO:colcon.colcon_ros.task.ament_cmake.build:Building ROS package in '/home/fssja/ros2-project/src/two_server_controllers' with build type 'ament_cmake'
[7.299s] INFO:colcon.colcon_cmake.task.cmake.build:Building CMake package in '/home/fssja/ros2-project/src/two_server_controllers'
[7.299s] INFO:colcon.colcon_core.shell:Skip shell extension 'powershell' for command environment: Not usable outside of PowerShell
[7.299s] DEBUG:colcon.colcon_core.shell:Skip shell extension 'dsv' for command environment
[7.414s] DEBUG:colcon.colcon_core.event_handler.log_command:Invoking command in '/home/fssja/ros2-project/build/two_server_controllers': CMAKE_PREFIX_PATH=/home/fssja/ros2-project/install/custom_interfaces:/home/fssja/ros2-project/install/two_server_controllers:/home/fssja/turtlebot3_ws/install/turtlebot3:/home/fssja/turtlebot3_ws/install/turtlebot3_simulations:/home/fssja/turtlebot3_ws/install/turtlebot3_bringup:/home/fssja/turtlebot3_ws/install/turtlebot3_node:/home/fssja/turtlebot3_ws/install/turtlebot3_navigation2:/home/fssja/turtlebot3_ws/install/turtlebot3_fake_node:/home/fssja/turtlebot3_ws/install/turtlebot3_msgs:/home/fssja/turtlebot3_ws/install/turtlebot3_gazebo:/home/fssja/turtlebot3_ws/install/turtlebot3_description:/home/fssja/turtlebot3_ws/install/turtlebot3_cartographer:/home/fssja/turtlebot3_ws/install/robot_controller:/home/fssja/turtlebot3_ws/install/dynamixel_sdk_examples:/home/fssja/turtlebot3_ws/install/dynamixel_sdk_custom_interfaces:/home/fssja/turtlebot3_ws/install/dynamixel_sdk:/home/fssja/ros2_ws/install/the_publisher:/home/fssja/ros2_ws/install/robot_controller:/home/fssja/ros2_ws/install/publish_and_subscribe:/home/fssja/ros2_ws/install/add_two_nums:/home/fssja/turtlebot3_ws/install/turtlebot3_teleop:/home/fssja/turtlebot3_ws/install/turtlebot3_example:/opt/ros/humble /usr/bin/cmake --build /home/fssja/ros2-project/build/two_server_controllers -- -j2 -l2
[9.024s] DEBUG:colcon.colcon_core.event_handler.log_command:Invoked command in '/home/fssja/ros2-project/build/two_server_controllers' returned '2': CMAKE_PREFIX_PATH=/home/fssja/ros2-project/install/custom_interfaces:/home/fssja/ros2-project/install/two_server_controllers:/home/fssja/turtlebot3_ws/install/turtlebot3:/home/fssja/turtlebot3_ws/install/turtlebot3_simulations:/home/fssja/turtlebot3_ws/install/turtlebot3_bringup:/home/fssja/turtlebot3_ws/install/turtlebot3_node:/home/fssja/turtlebot3_ws/install/turtlebot3_navigation2:/home/fssja/turtlebot3_ws/install/turtlebot3_fake_node:/home/fssja/turtlebot3_ws/install/turtlebot3_msgs:/home/fssja/turtlebot3_ws/install/turtlebot3_gazebo:/home/fssja/turtlebot3_ws/install/turtlebot3_description:/home/fssja/turtlebot3_ws/install/turtlebot3_cartographer:/home/fssja/turtlebot3_ws/install/robot_controller:/home/fssja/turtlebot3_ws/install/dynamixel_sdk_examples:/home/fssja/turtlebot3_ws/install/dynamixel_sdk_custom_interfaces:/home/fssja/turtlebot3_ws/install/dynamixel_sdk:/home/fssja/ros2_ws/install/the_publisher:/home/fssja/ros2_ws/install/robot_controller:/home/fssja/ros2_ws/install/publish_and_subscribe:/home/fssja/ros2_ws/install/add_two_nums:/home/fssja/turtlebot3_ws/install/turtlebot3_teleop:/home/fssja/turtlebot3_ws/install/turtlebot3_example:/opt/ros/humble /usr/bin/cmake --build /home/fssja/ros2-project/build/two_server_controllers -- -j2 -l2
[9.092s] Level 1:colcon.colcon_core.environment:create_environment_scripts_only(two_server_controllers)
[9.092s] Level 1:colcon.colcon_core.environment:checking '/home/fssja/ros2-project/install/two_server_controllers' for CMake module files
[9.093s] Level 1:colcon.colcon_core.environment:checking '/home/fssja/ros2-project/install/two_server_controllers' for CMake config files
[9.094s] Level 1:colcon.colcon_core.shell:create_environment_hook('two_server_controllers', 'cmake_prefix_path')
[9.095s] INFO:colcon.colcon_core.shell:Creating environment hook '/home/fssja/ros2-project/install/two_server_controllers/share/two_server_controllers/hook/cmake_prefix_path.ps1'
[9.096s] INFO:colcon.colcon_core.shell:Creating environment descriptor '/home/fssja/ros2-project/install/two_server_controllers/share/two_server_controllers/hook/cmake_prefix_path.dsv'
[9.096s] INFO:colcon.colcon_core.shell:Creating environment hook '/home/fssja/ros2-project/install/two_server_controllers/share/two_server_controllers/hook/cmake_prefix_path.sh'
[9.098s] Level 1:colcon.colcon_core.environment:checking '/home/fssja/ros2-project/install/two_server_controllers/lib'
[9.098s] Level 1:colcon.colcon_core.environment:checking '/home/fssja/ros2-project/install/two_server_controllers/bin'
[9.098s] Level 1:colcon.colcon_core.environment:checking '/home/fssja/ros2-project/install/two_server_controllers/lib/pkgconfig/two_server_controllers.pc'
[9.098s] Level 1:colcon.colcon_core.environment:checking '/home/fssja/ros2-project/install/two_server_controllers/lib/python3.10/site-packages'
[9.099s] Level 1:colcon.colcon_core.environment:checking '/home/fssja/ros2-project/install/two_server_controllers/bin'
[9.100s] INFO:colcon.colcon_core.shell:Creating package script '/home/fssja/ros2-project/install/two_server_controllers/share/two_server_controllers/package.ps1'
[9.101s] INFO:colcon.colcon_core.shell:Creating package descriptor '/home/fssja/ros2-project/install/two_server_controllers/share/two_server_controllers/package.dsv'
[9.102s] INFO:colcon.colcon_core.shell:Creating package script '/home/fssja/ros2-project/install/two_server_controllers/share/two_server_controllers/package.sh'
[9.103s] INFO:colcon.colcon_core.shell:Creating package script '/home/fssja/ros2-project/install/two_server_controllers/share/two_server_controllers/package.bash'
[9.104s] INFO:colcon.colcon_core.shell:Creating package script '/home/fssja/ros2-project/install/two_server_controllers/share/two_server_controllers/package.zsh'
[9.105s] Level 1:colcon.colcon_core.environment:create_file_with_runtime_dependencies(/home/fssja/ros2-project/install/two_server_controllers/share/colcon-core/packages/two_server_controllers)
[9.116s] DEBUG:colcon.colcon_parallel_executor.executor.parallel:closing loop
[9.117s] DEBUG:colcon.colcon_parallel_executor.executor.parallel:loop closed
[9.117s] DEBUG:colcon.colcon_parallel_executor.executor.parallel:run_until_complete finished with '2'
[9.117s] DEBUG:colcon.colcon_core.event_reactor:joining thread
[9.129s] INFO:colcon.colcon_core.plugin_system:Skipping extension 'colcon_notification.desktop_notification.terminal_notifier': Not used on non-Darwin systems
[9.129s] INFO:colcon.colcon_core.plugin_system:Skipping extension 'colcon_notification.desktop_notification.win32': Not used on non-Windows systems
[9.129s] INFO:colcon.colcon_notification.desktop_notification:Sending desktop notification using 'notify2'
[9.162s] DEBUG:colcon.colcon_core.event_reactor:joined thread
[9.163s] INFO:colcon.colcon_core.shell:Creating prefix script '/home/fssja/ros2-project/install/local_setup.ps1'
[9.165s] INFO:colcon.colcon_core.shell:Creating prefix util module '/home/fssja/ros2-project/install/_local_setup_util_ps1.py'
[9.170s] INFO:colcon.colcon_core.shell:Creating prefix chain script '/home/fssja/ros2-project/install/setup.ps1'
[9.176s] INFO:colcon.colcon_core.shell:Creating prefix script '/home/fssja/ros2-project/install/local_setup.sh'
[9.177s] INFO:colcon.colcon_core.shell:Creating prefix util module '/home/fssja/ros2-project/install/_local_setup_util_sh.py'
[9.179s] INFO:colcon.colcon_core.shell:Creating prefix chain script '/home/fssja/ros2-project/install/setup.sh'
[9.185s] INFO:colcon.colcon_core.shell:Creating prefix script '/home/fssja/ros2-project/install/local_setup.bash'
[9.187s] INFO:colcon.colcon_core.shell:Creating prefix chain script '/home/fssja/ros2-project/install/setup.bash'
[9.192s] INFO:colcon.colcon_core.shell:Creating prefix script '/home/fssja/ros2-project/install/local_setup.zsh'
[9.194s] INFO:colcon.colcon_core.shell:Creating prefix chain script '/home/fssja/ros2-project/install/setup.zsh'
