[4.982s] Invoking command in '/home/fssja/turtlebot3_ws/src/turtlebot3/turtlebot3_example': AMENT_PREFIX_PATH=/home/fssja/turtlebot3_ws/install/turtlebot3_msgs:${AMENT_PREFIX_PATH} CMAKE_PREFIX_PATH=/home/fssja/turtlebot3_ws/install/turtlebot3_msgs:${CMAKE_PREFIX_PATH} LD_LIBRARY_PATH=/home/fssja/turtlebot3_ws/install/turtlebot3_msgs/lib:${LD_LIBRARY_PATH} PYTHONPATH=/home/fssja/turtlebot3_ws/build/turtlebot3_example/prefix_override:/home/fssja/turtlebot3_ws/install/turtlebot3_example/lib/python3.10/site-packages:/home/fssja/turtlebot3_ws/install/turtlebot3_msgs/local/lib/python3.10/dist-packages:${PYTHONPATH} /usr/bin/python3 setup.py egg_info --egg-base ../../../build/turtlebot3_example build --build-base /home/fssja/turtlebot3_ws/build/turtlebot3_example/build install --record /home/fssja/turtlebot3_ws/build/turtlebot3_example/install.log --single-version-externally-managed
[7.531s] running egg_info
[7.550s] writing ../../../build/turtlebot3_example/turtlebot3_example.egg-info/PKG-INFO
[7.550s] writing dependency_links to ../../../build/turtlebot3_example/turtlebot3_example.egg-info/dependency_links.txt
[7.550s] writing entry points to ../../../build/turtlebot3_example/turtlebot3_example.egg-info/entry_points.txt
[7.551s] writing requirements to ../../../build/turtlebot3_example/turtlebot3_example.egg-info/requires.txt
[7.551s] writing top-level names to ../../../build/turtlebot3_example/turtlebot3_example.egg-info/top_level.txt
[7.556s] reading manifest file '../../../build/turtlebot3_example/turtlebot3_example.egg-info/SOURCES.txt'
[7.559s] writing manifest file '../../../build/turtlebot3_example/turtlebot3_example.egg-info/SOURCES.txt'
[7.559s] running build
[7.559s] running build_py
[7.591s] running install
[7.591s] /usr/lib/python3/dist-packages/setuptools/command/install.py:34: SetuptoolsDeprecationWarning: setup.py install is deprecated. Use build and pip and other standards-based tools.
[7.591s]   warnings.warn(
[7.594s] running install_lib
[7.628s] running install_data
[7.628s] running install_egg_info
[7.629s] removing '/home/fssja/turtlebot3_ws/install/turtlebot3_example/lib/python3.10/site-packages/turtlebot3_example-2.1.5-py3.10.egg-info' (and everything under it)
[7.629s] Copying ../../../build/turtlebot3_example/turtlebot3_example.egg-info to /home/fssja/turtlebot3_ws/install/turtlebot3_example/lib/python3.10/site-packages/turtlebot3_example-2.1.5-py3.10.egg-info
[7.629s] running install_scripts
[7.819s] Installing turtlebot3_obstacle_detection script to /home/fssja/turtlebot3_ws/install/turtlebot3_example/lib/turtlebot3_example
[7.819s] Installing turtlebot3_patrol_client script to /home/fssja/turtlebot3_ws/install/turtlebot3_example/lib/turtlebot3_example
[7.819s] Installing turtlebot3_patrol_server script to /home/fssja/turtlebot3_ws/install/turtlebot3_example/lib/turtlebot3_example
[7.819s] Installing turtlebot3_position_control script to /home/fssja/turtlebot3_ws/install/turtlebot3_example/lib/turtlebot3_example
[7.837s] writing list of installed files to '/home/fssja/turtlebot3_ws/build/turtlebot3_example/install.log'
[8.577s] Invoked command in '/home/fssja/turtlebot3_ws/src/turtlebot3/turtlebot3_example' returned '0': AMENT_PREFIX_PATH=/home/fssja/turtlebot3_ws/install/turtlebot3_msgs:${AMENT_PREFIX_PATH} CMAKE_PREFIX_PATH=/home/fssja/turtlebot3_ws/install/turtlebot3_msgs:${CMAKE_PREFIX_PATH} LD_LIBRARY_PATH=/home/fssja/turtlebot3_ws/install/turtlebot3_msgs/lib:${LD_LIBRARY_PATH} PYTHONPATH=/home/fssja/turtlebot3_ws/build/turtlebot3_example/prefix_override:/home/fssja/turtlebot3_ws/install/turtlebot3_example/lib/python3.10/site-packages:/home/fssja/turtlebot3_ws/install/turtlebot3_msgs/local/lib/python3.10/dist-packages:${PYTHONPATH} /usr/bin/python3 setup.py egg_info --egg-base ../../../build/turtlebot3_example build --build-base /home/fssja/turtlebot3_ws/build/turtlebot3_example/build install --record /home/fssja/turtlebot3_ws/build/turtlebot3_example/install.log --single-version-externally-managed
