[0.034s] Invoking command in '/home/fssja/ros2-project/build/two_server_controllers': CMAKE_PREFIX_PATH=${CMAKE_PREFIX_PATH}:/home/fssja/turtlebot3_ws/install/turtlebot3_teleop:/home/fssja/turtlebot3_ws/install/turtlebot3_example:/opt/ros/humble /usr/bin/cmake --build /home/fssja/ros2-project/build/two_server_controllers -- -j2 -l2
[0.127s] -- Found ament_cmake: 1.3.8 (/opt/ros/humble/share/ament_cmake/cmake)
[0.460s] -- Found rclcpp: 16.0.8 (/opt/ros/humble/share/rclcpp/cmake)
[0.541s] -- Found rosidl_generator_c: 3.1.5 (/opt/ros/humble/share/rosidl_generator_c/cmake)
[0.548s] -- Found rosidl_adapter: 3.1.5 (/opt/ros/humble/share/rosidl_adapter/cmake)
[0.564s] -- Found rosidl_generator_cpp: 3.1.5 (/opt/ros/humble/share/rosidl_generator_cpp/cmake)
[0.595s] -- Using all available rosidl_typesupport_c: rosidl_typesupport_fastrtps_c;rosidl_typesupport_introspection_c
[0.641s] -- Using all available rosidl_typesupport_cpp: rosidl_typesupport_fastrtps_cpp;rosidl_typesupport_introspection_cpp
[0.796s] -- Found rmw_implementation_cmake: 6.1.1 (/opt/ros/humble/share/rmw_implementation_cmake/cmake)
[0.802s] -- Found rmw_fastrtps_cpp: 6.2.6 (/opt/ros/humble/share/rmw_fastrtps_cpp/cmake)
[1.109s] -- Using RMW implementation 'rmw_fastrtps_cpp' as default
[1.529s] -- Found turtlesim: 1.4.2 (/opt/ros/humble/share/turtlesim/cmake)
[1.879s] -- Found geometry_msgs: 4.2.3 (/opt/ros/humble/share/geometry_msgs/cmake)
[1.997s] -- Found rosidl_default_generators: 1.2.0 (/opt/ros/humble/share/rosidl_default_generators/cmake)
[2.663s] [31mCMake Error at /opt/ros/humble/share/rosidl_adapter/cmake/rosidl_adapt_interfaces.cmake:59 (message):
[2.664s]   execute_process(/usr/bin/python3 -m rosidl_adapter --package-name
[2.664s]   two_server_controllers --arguments-file
[2.664s]   /home/fssja/ros2-project/build/two_server_controllers/rosidl_adapter__arguments__two_server_controllers.json
[2.664s]   --output-dir
[2.664s]   /home/fssja/ros2-project/build/two_server_controllers/rosidl_adapter/two_server_controllers
[2.665s]   --output-file
[2.665s]   /home/fssja/ros2-project/build/two_server_controllers/rosidl_adapter/two_server_controllers.idls)
[2.665s]   returned error code 1:
[2.665s] 
[2.665s]   Traceback (most recent call last):
[2.665s] 
[2.666s]     File "/usr/lib/python3.10/runpy.py", line 196, in _run_module_as_main
[2.666s]       return _run_code(code, main_globals, None,
[2.666s]     File "/usr/lib/python3.10/runpy.py", line 86, in _run_code
[2.666s]       exec(code, run_globals)
[2.666s]     File "/opt/ros/humble/local/lib/python3.10/dist-packages/rosidl_adapter/__main__.py", line 19, in <module>
[2.666s]       sys.exit(main())
[2.667s]     File "/opt/ros/humble/local/lib/python3.10/dist-packages/rosidl_adapter/main.py", line 53, in main
[2.667s]       abs_idl_file = convert_to_idl(
[2.667s]     File "/opt/ros/humble/local/lib/python3.10/dist-packages/rosidl_adapter/__init__.py", line 24, in convert_to_idl
[2.667s]       return convert_srv_to_idl(
[2.667s]     File "/opt/ros/humble/local/lib/python3.10/dist-packages/rosidl_adapter/srv/__init__.py", line 28, in convert_srv_to_idl
[2.667s]       srv = parse_service_string(package_name, input_file.stem, content)
[2.668s]     File "/opt/ros/humble/local/lib/python3.10/dist-packages/rosidl_adapter/parser.py", line 859, in parse_service_string
[2.668s]       request_message = parse_message_string(
[2.668s]     File "/opt/ros/humble/local/lib/python3.10/dist-packages/rosidl_adapter/parser.py", line 544, in parse_message_string
[2.668s]       msg = MessageSpecification(pkg_name, msg_name, fields, constants)
[2.668s]     File "/opt/ros/humble/local/lib/python3.10/dist-packages/rosidl_adapter/parser.py", line 388, in __init__
[2.669s]       self.base_type = BaseType(
[2.669s]     File "/opt/ros/humble/local/lib/python3.10/dist-packages/rosidl_adapter/parser.py", line 205, in __init__
[2.669s]       raise InvalidResourceName(
[2.669s] 
[2.669s]   rosidl_adapter.parser.InvalidResourceName: 'goto_Request' is an invalid
[2.670s]   message name.  It should have the pattern '^[A-Z][A-Za-z0-9]*$'
[2.670s] 
[2.670s] Call Stack (most recent call first):
[2.670s]   /opt/ros/humble/share/rosidl_cmake/cmake/rosidl_generate_interfaces.cmake:130 (rosidl_adapt_interfaces)
[2.670s]   CMakeLists.txt:24 (rosidl_generate_interfaces)
[2.670s] 
[2.671s] [0m
[2.680s] -- Configuring incomplete, errors occurred!
[2.680s] See also "/home/fssja/ros2-project/build/two_server_controllers/CMakeFiles/CMakeOutput.log".
[2.688s] gmake: *** [Makefile:267: cmake_check_build_system] Error 1
[2.693s] Invoked command in '/home/fssja/ros2-project/build/two_server_controllers' returned '2': CMAKE_PREFIX_PATH=${CMAKE_PREFIX_PATH}:/home/fssja/turtlebot3_ws/install/turtlebot3_teleop:/home/fssja/turtlebot3_ws/install/turtlebot3_example:/opt/ros/humble /usr/bin/cmake --build /home/fssja/ros2-project/build/two_server_controllers -- -j2 -l2
