-- The C compiler identification is GNU 11.4.0
-- The CXX compiler identification is GNU 11.4.0
-- Detecting C compiler ABI info
-- Detecting C compiler ABI info - done
-- Check for working C compiler: /usr/bin/cc - skipped
-- Detecting C compile features
-- Detecting C compile features - done
-- Detecting CXX compiler ABI info
-- Detecting CXX compiler ABI info - done
-- Check for working CXX compiler: /usr/bin/c++ - skipped
-- Detecting CXX compile features
-- Detecting CXX compile features - done
-- Found ament_cmake: 1.3.7 (/opt/ros/humble/share/ament_cmake/cmake)
-- Found Python3: /usr/bin/python3.10 (found version "3.10.12") found components: Interpreter 
-- Found rclcpp: 16.0.8 (/opt/ros/humble/share/rclcpp/cmake)
-- Found rosidl_generator_c: 3.1.5 (/opt/ros/humble/share/rosidl_generator_c/cmake)
-- Found rosidl_adapter: 3.1.5 (/opt/ros/humble/share/rosidl_adapter/cmake)
-- Found rosidl_generator_cpp: 3.1.5 (/opt/ros/humble/share/rosidl_generator_cpp/cmake)
-- Using all available rosidl_typesupport_c: rosidl_typesupport_fastrtps_c;rosidl_typesupport_introspection_c
-- Using all available rosidl_typesupport_cpp: rosidl_typesupport_fastrtps_cpp;rosidl_typesupport_introspection_cpp
-- Found rmw_implementation_cmake: 6.1.1 (/opt/ros/humble/share/rmw_implementation_cmake/cmake)
-- Found rmw_fastrtps_cpp: 6.2.6 (/opt/ros/humble/share/rmw_fastrtps_cpp/cmake)
-- Found OpenSSL: /usr/lib/x86_64-linux-gnu/libcrypto.so (found version "3.0.2")  
-- Found FastRTPS: /opt/ros/humble/include  
-- Using RMW implementation 'rmw_fastrtps_cpp' as default
-- Looking for pthread.h
-- Looking for pthread.h - found
-- Performing Test CMAKE_HAVE_LIBC_PTHREAD
-- Performing Test CMAKE_HAVE_LIBC_PTHREAD - Success
-- Found Threads: TRUE  
-- Found nav_msgs: 4.2.3 (/opt/ros/humble/share/nav_msgs/cmake)
-- Configuring done
-- Generating done
-- Build files have been written to: /home/fssja/turtlebot3_ws/build/robot_controller
[ 25%] [32mBuilding CXX object CMakeFiles/talker.dir/src/publisher_cmd.cpp.o[0m
[ 50%] [32m[1mLinking CXX executable talker[0m
[ 50%] Built target talker
[ 75%] [32mBuilding CXX object CMakeFiles/listener.dir/src/subscriber_odom.cpp.o[0m
[100%] [32m[1mLinking CXX executable listener[0m
[100%] Built target listener
-- Install configuration: ""
-- Installing: /home/fssja/turtlebot3_ws/install/robot_controller/lib/robot_controller/talker
-- Set runtime path of "/home/fssja/turtlebot3_ws/install/robot_controller/lib/robot_controller/talker" to ""
-- Installing: /home/fssja/turtlebot3_ws/install/robot_controller/lib/robot_controller/listener
-- Set runtime path of "/home/fssja/turtlebot3_ws/install/robot_controller/lib/robot_controller/listener" to ""
-- Installing: /home/fssja/turtlebot3_ws/install/robot_controller/share/ament_index/resource_index/package_run_dependencies/robot_controller
-- Installing: /home/fssja/turtlebot3_ws/install/robot_controller/share/ament_index/resource_index/parent_prefix_path/robot_controller
-- Installing: /home/fssja/turtlebot3_ws/install/robot_controller/share/robot_controller/environment/ament_prefix_path.sh
-- Installing: /home/fssja/turtlebot3_ws/install/robot_controller/share/robot_controller/environment/ament_prefix_path.dsv
-- Installing: /home/fssja/turtlebot3_ws/install/robot_controller/share/robot_controller/environment/path.sh
-- Installing: /home/fssja/turtlebot3_ws/install/robot_controller/share/robot_controller/environment/path.dsv
-- Installing: /home/fssja/turtlebot3_ws/install/robot_controller/share/robot_controller/local_setup.bash
-- Installing: /home/fssja/turtlebot3_ws/install/robot_controller/share/robot_controller/local_setup.sh
-- Installing: /home/fssja/turtlebot3_ws/install/robot_controller/share/robot_controller/local_setup.zsh
-- Installing: /home/fssja/turtlebot3_ws/install/robot_controller/share/robot_controller/local_setup.dsv
-- Installing: /home/fssja/turtlebot3_ws/install/robot_controller/share/robot_controller/package.dsv
-- Installing: /home/fssja/turtlebot3_ws/install/robot_controller/share/ament_index/resource_index/packages/robot_controller
-- Installing: /home/fssja/turtlebot3_ws/install/robot_controller/share/robot_controller/cmake/robot_controllerConfig.cmake
-- Installing: /home/fssja/turtlebot3_ws/install/robot_controller/share/robot_controller/cmake/robot_controllerConfig-version.cmake
-- Installing: /home/fssja/turtlebot3_ws/install/robot_controller/share/robot_controller/package.xml
