[0.048s] Invoking command in '/home/fssja/ros2-project/build/custom_interfaces': CMAKE_PREFIX_PATH=${CMAKE_PREFIX_PATH}:/home/fssja/turtlebot3_ws/install/turtlebot3_teleop:/home/fssja/turtlebot3_ws/install/turtlebot3_example:/opt/ros/humble /usr/bin/cmake --build /home/fssja/ros2-project/build/custom_interfaces -- -j2 -l2
[0.106s] -- Found ament_cmake: 1.3.8 (/opt/ros/humble/share/ament_cmake/cmake)
[0.453s] -- Found rosidl_default_generators: 1.2.0 (/opt/ros/humble/share/rosidl_default_generators/cmake)
[0.506s] -- Using all available rosidl_typesupport_c: rosidl_typesupport_fastrtps_c;rosidl_typesupport_introspection_c
[0.579s] -- Found rosidl_adapter: 3.1.5 (/opt/ros/humble/share/rosidl_adapter/cmake)
[0.782s] -- Using all available rosidl_typesupport_cpp: rosidl_typesupport_fastrtps_cpp;rosidl_typesupport_introspection_cpp
[1.522s] -- Found ament_cmake_ros: 0.10.0 (/opt/ros/humble/share/ament_cmake_ros/cmake)
[2.000s] -- Using all available rosidl_typesupport_c: rosidl_typesupport_fastrtps_c;rosidl_typesupport_introspection_c
[2.602s] -- Using all available rosidl_typesupport_cpp: rosidl_typesupport_fastrtps_cpp;rosidl_typesupport_introspection_cpp
[2.662s] -- Found PythonInterp: /usr/bin/python3 (found suitable version "3.10.12", minimum required is "3.6") 
[2.695s] -- Found python_cmake_module: 0.10.0 (/opt/ros/humble/share/python_cmake_module/cmake)
[2.815s] -- Found PythonLibs: /usr/lib/x86_64-linux-gnu/libpython3.10.so (found suitable version "3.10.12", minimum required is "3.5") 
[2.817s] -- Using PYTHON_EXECUTABLE: /usr/bin/python3
[2.818s] -- Using PYTHON_INCLUDE_DIRS: /usr/include/python3.10
[2.818s] -- Using PYTHON_LIBRARIES: /usr/lib/x86_64-linux-gnu/libpython3.10.so
[2.871s] -- Found PythonExtra: .so  
[3.028s] -- Configuring done
[3.121s] -- Generating done
[3.136s] -- Build files have been written to: /home/fssja/ros2-project/build/custom_interfaces
[3.194s] [  3%] [34m[1mGenerating C code for ROS interfaces[0m
[3.216s] [  6%] [34m[1mGenerating C++ code for ROS interfaces[0m
[4.242s] [  6%] Built target custom_interfaces__cpp
[4.314s] [  6%] Built target ament_cmake_python_copy_custom_interfaces
[4.339s] [  9%] [34m[1mGenerating C++ type support for eProsima Fast-RTPS[0m
[4.429s] [ 12%] [32mBuilding C object CMakeFiles/custom_interfaces__rosidl_generator_c.dir/rosidl_generator_c/custom_interfaces/srv/detail/goto__functions.c.o[0m
[4.567s] [ 16%] [32m[1mLinking C shared library libcustom_interfaces__rosidl_generator_c.so[0m
[4.708s] [ 16%] Built target custom_interfaces__rosidl_generator_c
[4.748s] [ 19%] [34m[1mGenerating C++ introspection for ROS interfaces[0m
[5.216s] [ 22%] [32mBuilding CXX object CMakeFiles/custom_interfaces__rosidl_typesupport_fastrtps_cpp.dir/rosidl_typesupport_fastrtps_cpp/custom_interfaces/srv/detail/dds_fastrtps/goto__type_support.cpp.o[0m
[5.534s] [ 25%] [32mBuilding CXX object CMakeFiles/custom_interfaces__rosidl_typesupport_introspection_cpp.dir/rosidl_typesupport_introspection_cpp/custom_interfaces/srv/detail/goto__type_support.cpp.o[0m
[6.319s] [ 29%] [32m[1mLinking CXX shared library libcustom_interfaces__rosidl_typesupport_fastrtps_cpp.so[0m
[6.536s] [ 29%] Built target custom_interfaces__rosidl_typesupport_fastrtps_cpp
[6.579s] [ 32%] [34m[1mGenerating C++ type support dispatch for ROS interfaces[0m
[6.658s] [ 35%] [32m[1mLinking CXX shared library libcustom_interfaces__rosidl_typesupport_introspection_cpp.so[0m
[6.769s] [ 35%] Built target custom_interfaces__rosidl_typesupport_introspection_cpp
[6.791s] [ 38%] [34m[1mGenerating C type support for eProsima Fast-RTPS[0m
[7.372s] [ 41%] [32mBuilding CXX object CMakeFiles/custom_interfaces__rosidl_typesupport_cpp.dir/rosidl_typesupport_cpp/custom_interfaces/srv/goto__type_support.cpp.o[0m
[7.631s] [ 45%] [32mBuilding CXX object CMakeFiles/custom_interfaces__rosidl_typesupport_fastrtps_c.dir/rosidl_typesupport_fastrtps_c/custom_interfaces/srv/detail/goto__type_support_c.cpp.o[0m
[8.145s] [ 48%] [32m[1mLinking CXX shared library libcustom_interfaces__rosidl_typesupport_cpp.so[0m
[8.275s] [ 48%] Built target custom_interfaces__rosidl_typesupport_cpp
[8.298s] [ 51%] [34m[1mGenerating C introspection for ROS interfaces[0m
[8.775s] [ 54%] [32m[1mLinking CXX shared library libcustom_interfaces__rosidl_typesupport_fastrtps_c.so[0m
[9.031s] [ 54%] Built target custom_interfaces__rosidl_typesupport_fastrtps_c
[9.059s] [ 58%] [34m[1mGenerating C type support dispatch for ROS interfaces[0m
[9.120s] [ 61%] [32mBuilding C object CMakeFiles/custom_interfaces__rosidl_typesupport_introspection_c.dir/rosidl_typesupport_introspection_c/custom_interfaces/srv/detail/goto__type_support.c.o[0m
[9.198s] [ 64%] [32m[1mLinking C shared library libcustom_interfaces__rosidl_typesupport_introspection_c.so[0m
[9.289s] [ 64%] Built target custom_interfaces__rosidl_typesupport_introspection_c
[9.865s] [ 67%] [32mBuilding CXX object CMakeFiles/custom_interfaces__rosidl_typesupport_c.dir/rosidl_typesupport_c/custom_interfaces/srv/goto__type_support.cpp.o[0m
[9.939s] [ 70%] [32m[1mLinking CXX shared library libcustom_interfaces__rosidl_typesupport_c.so[0m
[10.040s] [ 70%] Built target custom_interfaces__rosidl_typesupport_c
[10.090s] [ 70%] Built target custom_interfaces
[10.093s] running egg_info
[10.095s] creating custom_interfaces.egg-info
[10.095s] writing custom_interfaces.egg-info/PKG-INFO
[10.095s] writing dependency_links to custom_interfaces.egg-info/dependency_links.txt
[10.101s] writing top-level names to custom_interfaces.egg-info/top_level.txt
[10.102s] writing manifest file 'custom_interfaces.egg-info/SOURCES.txt'
[10.108s] reading manifest file 'custom_interfaces.egg-info/SOURCES.txt'
[10.110s] writing manifest file 'custom_interfaces.egg-info/SOURCES.txt'
[10.146s] [ 74%] [34m[1mGenerating Python code for ROS interfaces[0m
[10.197s] [ 74%] Built target ament_cmake_python_build_custom_interfaces_egg
[11.093s] [ 74%] Built target custom_interfaces__py
[11.136s] [ 77%] [32mBuilding C object CMakeFiles/custom_interfaces__rosidl_generator_py.dir/rosidl_generator_py/custom_interfaces/srv/_goto_s.c.o[0m
[11.812s] [ 80%] [32m[1mLinking C shared library rosidl_generator_py/custom_interfaces/libcustom_interfaces__rosidl_generator_py.so[0m
[11.904s] [ 80%] Built target custom_interfaces__rosidl_generator_py
[11.952s] [ 83%] [32mBuilding C object CMakeFiles/custom_interfaces__rosidl_typesupport_fastrtps_c__pyext.dir/rosidl_generator_py/custom_interfaces/_custom_interfaces_s.ep.rosidl_typesupport_fastrtps_c.c.o[0m
[11.973s] [ 87%] [32mBuilding C object CMakeFiles/custom_interfaces__rosidl_typesupport_introspection_c__pyext.dir/rosidl_generator_py/custom_interfaces/_custom_interfaces_s.ep.rosidl_typesupport_introspection_c.c.o[0m
[12.217s] [ 93%] [32m[1mLinking C shared library rosidl_generator_py/custom_interfaces/custom_interfaces_s__rosidl_typesupport_introspection_c.cpython-310-x86_64-linux-gnu.so[0m
[12.219s] [ 93%] [32m[1mLinking C shared library rosidl_generator_py/custom_interfaces/custom_interfaces_s__rosidl_typesupport_fastrtps_c.cpython-310-x86_64-linux-gnu.so[0m
[12.296s] [ 93%] Built target custom_interfaces__rosidl_typesupport_introspection_c__pyext
[12.308s] [ 93%] Built target custom_interfaces__rosidl_typesupport_fastrtps_c__pyext
[12.340s] [ 96%] [32mBuilding C object CMakeFiles/custom_interfaces__rosidl_typesupport_c__pyext.dir/rosidl_generator_py/custom_interfaces/_custom_interfaces_s.ep.rosidl_typesupport_c.c.o[0m
[12.563s] [100%] [32m[1mLinking C shared library rosidl_generator_py/custom_interfaces/custom_interfaces_s__rosidl_typesupport_c.cpython-310-x86_64-linux-gnu.so[0m
[12.634s] [100%] Built target custom_interfaces__rosidl_typesupport_c__pyext
[12.658s] Invoked command in '/home/fssja/ros2-project/build/custom_interfaces' returned '0': CMAKE_PREFIX_PATH=${CMAKE_PREFIX_PATH}:/home/fssja/turtlebot3_ws/install/turtlebot3_teleop:/home/fssja/turtlebot3_ws/install/turtlebot3_example:/opt/ros/humble /usr/bin/cmake --build /home/fssja/ros2-project/build/custom_interfaces -- -j2 -l2
[12.815s] Invoking command in '/home/fssja/ros2-project/build/custom_interfaces': CMAKE_PREFIX_PATH=${CMAKE_PREFIX_PATH}:/home/fssja/turtlebot3_ws/install/turtlebot3_teleop:/home/fssja/turtlebot3_ws/install/turtlebot3_example:/opt/ros/humble /usr/bin/cmake --install /home/fssja/ros2-project/build/custom_interfaces
[12.834s] -- Install configuration: ""
[12.835s] -- Installing: /home/fssja/ros2-project/install/custom_interfaces/share/ament_index/resource_index/rosidl_interfaces/custom_interfaces
[12.836s] -- Installing: /home/fssja/ros2-project/install/custom_interfaces/include/custom_interfaces/custom_interfaces
[12.838s] -- Installing: /home/fssja/ros2-project/install/custom_interfaces/include/custom_interfaces/custom_interfaces/srv
[12.839s] -- Installing: /home/fssja/ros2-project/install/custom_interfaces/include/custom_interfaces/custom_interfaces/srv/detail
[12.841s] -- Installing: /home/fssja/ros2-project/install/custom_interfaces/include/custom_interfaces/custom_interfaces/srv/detail/goto__struct.h
[12.844s] -- Installing: /home/fssja/ros2-project/install/custom_interfaces/include/custom_interfaces/custom_interfaces/srv/detail/goto__functions.h
[12.850s] -- Installing: /home/fssja/ros2-project/install/custom_interfaces/include/custom_interfaces/custom_interfaces/srv/detail/goto__type_support.h
[12.850s] -- Installing: /home/fssja/ros2-project/install/custom_interfaces/include/custom_interfaces/custom_interfaces/srv/detail/goto__functions.c
[12.850s] -- Installing: /home/fssja/ros2-project/install/custom_interfaces/include/custom_interfaces/custom_interfaces/srv/goto.h
[12.851s] -- Installing: /home/fssja/ros2-project/install/custom_interfaces/include/custom_interfaces/custom_interfaces/msg
[12.851s] -- Installing: /home/fssja/ros2-project/install/custom_interfaces/include/custom_interfaces/custom_interfaces/msg/rosidl_generator_c__visibility_control.h
[12.852s] -- Installing: /home/fssja/ros2-project/install/custom_interfaces/share/custom_interfaces/environment/library_path.sh
[12.853s] -- Installing: /home/fssja/ros2-project/install/custom_interfaces/share/custom_interfaces/environment/library_path.dsv
[12.853s] -- Installing: /home/fssja/ros2-project/install/custom_interfaces/lib/libcustom_interfaces__rosidl_generator_c.so
[12.855s] -- Set runtime path of "/home/fssja/ros2-project/install/custom_interfaces/lib/libcustom_interfaces__rosidl_generator_c.so" to ""
[12.855s] -- Up-to-date: /home/fssja/ros2-project/install/custom_interfaces/include/custom_interfaces/custom_interfaces
[12.855s] -- Up-to-date: /home/fssja/ros2-project/install/custom_interfaces/include/custom_interfaces/custom_interfaces/srv
[12.856s] -- Up-to-date: /home/fssja/ros2-project/install/custom_interfaces/include/custom_interfaces/custom_interfaces/srv/detail
[12.856s] -- Installing: /home/fssja/ros2-project/install/custom_interfaces/include/custom_interfaces/custom_interfaces/srv/detail/goto__rosidl_typesupport_fastrtps_c.h
[12.857s] -- Up-to-date: /home/fssja/ros2-project/install/custom_interfaces/include/custom_interfaces/custom_interfaces/msg
[12.857s] -- Installing: /home/fssja/ros2-project/install/custom_interfaces/include/custom_interfaces/custom_interfaces/msg/rosidl_typesupport_fastrtps_c__visibility_control.h
[12.858s] -- Installing: /home/fssja/ros2-project/install/custom_interfaces/lib/libcustom_interfaces__rosidl_typesupport_fastrtps_c.so
[12.859s] -- Set runtime path of "/home/fssja/ros2-project/install/custom_interfaces/lib/libcustom_interfaces__rosidl_typesupport_fastrtps_c.so" to ""
[12.859s] -- Up-to-date: /home/fssja/ros2-project/install/custom_interfaces/include/custom_interfaces/custom_interfaces
[12.860s] -- Up-to-date: /home/fssja/ros2-project/install/custom_interfaces/include/custom_interfaces/custom_interfaces/srv
[12.860s] -- Up-to-date: /home/fssja/ros2-project/install/custom_interfaces/include/custom_interfaces/custom_interfaces/srv/detail
[12.860s] -- Installing: /home/fssja/ros2-project/install/custom_interfaces/include/custom_interfaces/custom_interfaces/srv/detail/goto__type_support.c
[12.861s] -- Installing: /home/fssja/ros2-project/install/custom_interfaces/include/custom_interfaces/custom_interfaces/srv/detail/goto__rosidl_typesupport_introspection_c.h
[12.864s] -- Up-to-date: /home/fssja/ros2-project/install/custom_interfaces/include/custom_interfaces/custom_interfaces/msg
[12.864s] -- Installing: /home/fssja/ros2-project/install/custom_interfaces/include/custom_interfaces/custom_interfaces/msg/rosidl_typesupport_introspection_c__visibility_control.h
[12.865s] -- Installing: /home/fssja/ros2-project/install/custom_interfaces/lib/libcustom_interfaces__rosidl_typesupport_introspection_c.so
[12.866s] -- Set runtime path of "/home/fssja/ros2-project/install/custom_interfaces/lib/libcustom_interfaces__rosidl_typesupport_introspection_c.so" to ""
[12.867s] -- Installing: /home/fssja/ros2-project/install/custom_interfaces/lib/libcustom_interfaces__rosidl_typesupport_c.so
[12.868s] -- Set runtime path of "/home/fssja/ros2-project/install/custom_interfaces/lib/libcustom_interfaces__rosidl_typesupport_c.so" to ""
[12.869s] -- Up-to-date: /home/fssja/ros2-project/install/custom_interfaces/include/custom_interfaces/custom_interfaces
[12.869s] -- Up-to-date: /home/fssja/ros2-project/install/custom_interfaces/include/custom_interfaces/custom_interfaces/srv
[12.870s] -- Up-to-date: /home/fssja/ros2-project/install/custom_interfaces/include/custom_interfaces/custom_interfaces/srv/detail
[12.870s] -- Installing: /home/fssja/ros2-project/install/custom_interfaces/include/custom_interfaces/custom_interfaces/srv/detail/goto__builder.hpp
[12.871s] -- Installing: /home/fssja/ros2-project/install/custom_interfaces/include/custom_interfaces/custom_interfaces/srv/detail/goto__struct.hpp
[12.871s] -- Installing: /home/fssja/ros2-project/install/custom_interfaces/include/custom_interfaces/custom_interfaces/srv/detail/goto__traits.hpp
[12.872s] -- Installing: /home/fssja/ros2-project/install/custom_interfaces/include/custom_interfaces/custom_interfaces/srv/goto.hpp
[12.872s] -- Up-to-date: /home/fssja/ros2-project/install/custom_interfaces/include/custom_interfaces/custom_interfaces
[12.873s] -- Up-to-date: /home/fssja/ros2-project/install/custom_interfaces/include/custom_interfaces/custom_interfaces/srv
[12.873s] -- Up-to-date: /home/fssja/ros2-project/install/custom_interfaces/include/custom_interfaces/custom_interfaces/srv/detail
[12.874s] -- Installing: /home/fssja/ros2-project/install/custom_interfaces/include/custom_interfaces/custom_interfaces/srv/detail/dds_fastrtps
[12.874s] -- Installing: /home/fssja/ros2-project/install/custom_interfaces/include/custom_interfaces/custom_interfaces/srv/detail/goto__rosidl_typesupport_fastrtps_cpp.hpp
[12.875s] -- Up-to-date: /home/fssja/ros2-project/install/custom_interfaces/include/custom_interfaces/custom_interfaces/msg
[12.875s] -- Installing: /home/fssja/ros2-project/install/custom_interfaces/include/custom_interfaces/custom_interfaces/msg/rosidl_typesupport_fastrtps_cpp__visibility_control.h
[12.876s] -- Installing: /home/fssja/ros2-project/install/custom_interfaces/lib/libcustom_interfaces__rosidl_typesupport_fastrtps_cpp.so
[12.877s] -- Set runtime path of "/home/fssja/ros2-project/install/custom_interfaces/lib/libcustom_interfaces__rosidl_typesupport_fastrtps_cpp.so" to ""
[12.878s] -- Up-to-date: /home/fssja/ros2-project/install/custom_interfaces/include/custom_interfaces/custom_interfaces
[12.878s] -- Up-to-date: /home/fssja/ros2-project/install/custom_interfaces/include/custom_interfaces/custom_interfaces/srv
[12.878s] -- Up-to-date: /home/fssja/ros2-project/install/custom_interfaces/include/custom_interfaces/custom_interfaces/srv/detail
[12.879s] -- Installing: /home/fssja/ros2-project/install/custom_interfaces/include/custom_interfaces/custom_interfaces/srv/detail/goto__rosidl_typesupport_introspection_cpp.hpp
[12.879s] -- Installing: /home/fssja/ros2-project/install/custom_interfaces/include/custom_interfaces/custom_interfaces/srv/detail/goto__type_support.cpp
[12.880s] -- Installing: /home/fssja/ros2-project/install/custom_interfaces/lib/libcustom_interfaces__rosidl_typesupport_introspection_cpp.so
[12.881s] -- Set runtime path of "/home/fssja/ros2-project/install/custom_interfaces/lib/libcustom_interfaces__rosidl_typesupport_introspection_cpp.so" to ""
[12.882s] -- Installing: /home/fssja/ros2-project/install/custom_interfaces/lib/libcustom_interfaces__rosidl_typesupport_cpp.so
[12.883s] -- Set runtime path of "/home/fssja/ros2-project/install/custom_interfaces/lib/libcustom_interfaces__rosidl_typesupport_cpp.so" to ""
[12.883s] -- Installing: /home/fssja/ros2-project/install/custom_interfaces/share/custom_interfaces/environment/pythonpath.sh
[12.884s] -- Installing: /home/fssja/ros2-project/install/custom_interfaces/share/custom_interfaces/environment/pythonpath.dsv
[12.885s] -- Installing: /home/fssja/ros2-project/install/custom_interfaces/local/lib/python3.10/dist-packages/custom_interfaces-0.0.0-py3.10.egg-info
[12.885s] -- Installing: /home/fssja/ros2-project/install/custom_interfaces/local/lib/python3.10/dist-packages/custom_interfaces-0.0.0-py3.10.egg-info/PKG-INFO
[12.886s] -- Installing: /home/fssja/ros2-project/install/custom_interfaces/local/lib/python3.10/dist-packages/custom_interfaces-0.0.0-py3.10.egg-info/SOURCES.txt
[12.886s] -- Installing: /home/fssja/ros2-project/install/custom_interfaces/local/lib/python3.10/dist-packages/custom_interfaces-0.0.0-py3.10.egg-info/top_level.txt
[12.887s] -- Installing: /home/fssja/ros2-project/install/custom_interfaces/local/lib/python3.10/dist-packages/custom_interfaces-0.0.0-py3.10.egg-info/dependency_links.txt
[12.887s] -- Installing: /home/fssja/ros2-project/install/custom_interfaces/local/lib/python3.10/dist-packages/custom_interfaces
[12.888s] -- Installing: /home/fssja/ros2-project/install/custom_interfaces/local/lib/python3.10/dist-packages/custom_interfaces/srv
[12.888s] -- Installing: /home/fssja/ros2-project/install/custom_interfaces/local/lib/python3.10/dist-packages/custom_interfaces/srv/_goto_s.c
[12.889s] -- Installing: /home/fssja/ros2-project/install/custom_interfaces/local/lib/python3.10/dist-packages/custom_interfaces/srv/__init__.py
[12.890s] -- Installing: /home/fssja/ros2-project/install/custom_interfaces/local/lib/python3.10/dist-packages/custom_interfaces/srv/_goto.py
[12.890s] -- Installing: /home/fssja/ros2-project/install/custom_interfaces/local/lib/python3.10/dist-packages/custom_interfaces/__init__.py
[12.891s] -- Installing: /home/fssja/ros2-project/install/custom_interfaces/local/lib/python3.10/dist-packages/custom_interfaces/_custom_interfaces_s.ep.rosidl_typesupport_c.c
[12.891s] -- Installing: /home/fssja/ros2-project/install/custom_interfaces/local/lib/python3.10/dist-packages/custom_interfaces/custom_interfaces_s__rosidl_typesupport_fastrtps_c.cpython-310-x86_64-linux-gnu.so
[12.892s] -- Installing: /home/fssja/ros2-project/install/custom_interfaces/local/lib/python3.10/dist-packages/custom_interfaces/custom_interfaces_s__rosidl_typesupport_c.cpython-310-x86_64-linux-gnu.so
[12.892s] -- Installing: /home/fssja/ros2-project/install/custom_interfaces/local/lib/python3.10/dist-packages/custom_interfaces/_custom_interfaces_s.ep.rosidl_typesupport_introspection_c.c
[12.893s] -- Installing: /home/fssja/ros2-project/install/custom_interfaces/local/lib/python3.10/dist-packages/custom_interfaces/custom_interfaces_s__rosidl_typesupport_introspection_c.cpython-310-x86_64-linux-gnu.so
[12.894s] -- Installing: /home/fssja/ros2-project/install/custom_interfaces/local/lib/python3.10/dist-packages/custom_interfaces/libcustom_interfaces__rosidl_generator_py.so
[12.894s] -- Installing: /home/fssja/ros2-project/install/custom_interfaces/local/lib/python3.10/dist-packages/custom_interfaces/_custom_interfaces_s.ep.rosidl_typesupport_fastrtps_c.c
[13.021s] Listing '/home/fssja/ros2-project/install/custom_interfaces/local/lib/python3.10/dist-packages/custom_interfaces'...
[13.021s] Compiling '/home/fssja/ros2-project/install/custom_interfaces/local/lib/python3.10/dist-packages/custom_interfaces/__init__.py'...
[13.021s] Listing '/home/fssja/ros2-project/install/custom_interfaces/local/lib/python3.10/dist-packages/custom_interfaces/srv'...
[13.022s] Compiling '/home/fssja/ros2-project/install/custom_interfaces/local/lib/python3.10/dist-packages/custom_interfaces/srv/__init__.py'...
[13.022s] Compiling '/home/fssja/ros2-project/install/custom_interfaces/local/lib/python3.10/dist-packages/custom_interfaces/srv/_goto.py'...
[13.035s] -- Installing: /home/fssja/ros2-project/install/custom_interfaces/local/lib/python3.10/dist-packages/custom_interfaces/custom_interfaces_s__rosidl_typesupport_fastrtps_c.cpython-310-x86_64-linux-gnu.so
[13.037s] -- Set runtime path of "/home/fssja/ros2-project/install/custom_interfaces/local/lib/python3.10/dist-packages/custom_interfaces/custom_interfaces_s__rosidl_typesupport_fastrtps_c.cpython-310-x86_64-linux-gnu.so" to ""
[13.037s] -- Installing: /home/fssja/ros2-project/install/custom_interfaces/local/lib/python3.10/dist-packages/custom_interfaces/custom_interfaces_s__rosidl_typesupport_introspection_c.cpython-310-x86_64-linux-gnu.so
[13.039s] -- Set runtime path of "/home/fssja/ros2-project/install/custom_interfaces/local/lib/python3.10/dist-packages/custom_interfaces/custom_interfaces_s__rosidl_typesupport_introspection_c.cpython-310-x86_64-linux-gnu.so" to ""
[13.040s] -- Installing: /home/fssja/ros2-project/install/custom_interfaces/local/lib/python3.10/dist-packages/custom_interfaces/custom_interfaces_s__rosidl_typesupport_c.cpython-310-x86_64-linux-gnu.so
[13.041s] -- Set runtime path of "/home/fssja/ros2-project/install/custom_interfaces/local/lib/python3.10/dist-packages/custom_interfaces/custom_interfaces_s__rosidl_typesupport_c.cpython-310-x86_64-linux-gnu.so" to ""
[13.041s] -- Installing: /home/fssja/ros2-project/install/custom_interfaces/lib/libcustom_interfaces__rosidl_generator_py.so
[13.043s] -- Set runtime path of "/home/fssja/ros2-project/install/custom_interfaces/lib/libcustom_interfaces__rosidl_generator_py.so" to ""
[13.043s] -- Installing: /home/fssja/ros2-project/install/custom_interfaces/share/custom_interfaces/srv/Goto.idl
[13.044s] -- Installing: /home/fssja/ros2-project/install/custom_interfaces/share/custom_interfaces/srv/Goto.srv
[13.052s] -- Installing: /home/fssja/ros2-project/install/custom_interfaces/share/custom_interfaces/srv/Goto_Request.msg
[13.053s] -- Installing: /home/fssja/ros2-project/install/custom_interfaces/share/custom_interfaces/srv/Goto_Response.msg
[13.054s] -- Installing: /home/fssja/ros2-project/install/custom_interfaces/share/ament_index/resource_index/package_run_dependencies/custom_interfaces
[13.055s] -- Up-to-date: /home/fssja/ros2-project/install/custom_interfaces/share/ament_index/resource_index/parent_prefix_path/custom_interfaces
[13.055s] -- Up-to-date: /home/fssja/ros2-project/install/custom_interfaces/share/custom_interfaces/environment/ament_prefix_path.sh
[13.056s] -- Installing: /home/fssja/ros2-project/install/custom_interfaces/share/custom_interfaces/environment/ament_prefix_path.dsv
[13.056s] -- Up-to-date: /home/fssja/ros2-project/install/custom_interfaces/share/custom_interfaces/environment/path.sh
[13.057s] -- Installing: /home/fssja/ros2-project/install/custom_interfaces/share/custom_interfaces/environment/path.dsv
[13.057s] -- Up-to-date: /home/fssja/ros2-project/install/custom_interfaces/share/custom_interfaces/local_setup.bash
[13.058s] -- Installing: /home/fssja/ros2-project/install/custom_interfaces/share/custom_interfaces/local_setup.sh
[13.059s] -- Up-to-date: /home/fssja/ros2-project/install/custom_interfaces/share/custom_interfaces/local_setup.zsh
[13.059s] -- Installing: /home/fssja/ros2-project/install/custom_interfaces/share/custom_interfaces/local_setup.dsv
[13.060s] -- Installing: /home/fssja/ros2-project/install/custom_interfaces/share/custom_interfaces/package.dsv
[13.061s] -- Up-to-date: /home/fssja/ros2-project/install/custom_interfaces/share/ament_index/resource_index/packages/custom_interfaces
[13.061s] -- Installing: /home/fssja/ros2-project/install/custom_interfaces/share/custom_interfaces/cmake/export_custom_interfaces__rosidl_generator_cExport.cmake
[13.062s] -- Installing: /home/fssja/ros2-project/install/custom_interfaces/share/custom_interfaces/cmake/export_custom_interfaces__rosidl_generator_cExport-noconfig.cmake
[13.065s] -- Installing: /home/fssja/ros2-project/install/custom_interfaces/share/custom_interfaces/cmake/export_custom_interfaces__rosidl_typesupport_fastrtps_cExport.cmake
[13.066s] -- Installing: /home/fssja/ros2-project/install/custom_interfaces/share/custom_interfaces/cmake/export_custom_interfaces__rosidl_typesupport_fastrtps_cExport-noconfig.cmake
[13.068s] -- Installing: /home/fssja/ros2-project/install/custom_interfaces/share/custom_interfaces/cmake/custom_interfaces__rosidl_typesupport_introspection_cExport.cmake
[13.068s] -- Installing: /home/fssja/ros2-project/install/custom_interfaces/share/custom_interfaces/cmake/custom_interfaces__rosidl_typesupport_introspection_cExport-noconfig.cmake
[13.069s] -- Installing: /home/fssja/ros2-project/install/custom_interfaces/share/custom_interfaces/cmake/custom_interfaces__rosidl_typesupport_cExport.cmake
[13.071s] -- Installing: /home/fssja/ros2-project/install/custom_interfaces/share/custom_interfaces/cmake/custom_interfaces__rosidl_typesupport_cExport-noconfig.cmake
[13.076s] -- Installing: /home/fssja/ros2-project/install/custom_interfaces/share/custom_interfaces/cmake/export_custom_interfaces__rosidl_generator_cppExport.cmake
[13.077s] -- Installing: /home/fssja/ros2-project/install/custom_interfaces/share/custom_interfaces/cmake/export_custom_interfaces__rosidl_typesupport_fastrtps_cppExport.cmake
[13.078s] -- Installing: /home/fssja/ros2-project/install/custom_interfaces/share/custom_interfaces/cmake/export_custom_interfaces__rosidl_typesupport_fastrtps_cppExport-noconfig.cmake
[13.078s] -- Installing: /home/fssja/ros2-project/install/custom_interfaces/share/custom_interfaces/cmake/custom_interfaces__rosidl_typesupport_introspection_cppExport.cmake
[13.079s] -- Installing: /home/fssja/ros2-project/install/custom_interfaces/share/custom_interfaces/cmake/custom_interfaces__rosidl_typesupport_introspection_cppExport-noconfig.cmake
[13.080s] -- Installing: /home/fssja/ros2-project/install/custom_interfaces/share/custom_interfaces/cmake/custom_interfaces__rosidl_typesupport_cppExport.cmake
[13.081s] -- Installing: /home/fssja/ros2-project/install/custom_interfaces/share/custom_interfaces/cmake/custom_interfaces__rosidl_typesupport_cppExport-noconfig.cmake
[13.082s] -- Installing: /home/fssja/ros2-project/install/custom_interfaces/share/custom_interfaces/cmake/export_custom_interfaces__rosidl_generator_pyExport.cmake
[13.083s] -- Installing: /home/fssja/ros2-project/install/custom_interfaces/share/custom_interfaces/cmake/export_custom_interfaces__rosidl_generator_pyExport-noconfig.cmake
[13.084s] -- Installing: /home/fssja/ros2-project/install/custom_interfaces/share/custom_interfaces/cmake/rosidl_cmake-extras.cmake
[13.085s] -- Installing: /home/fssja/ros2-project/install/custom_interfaces/share/custom_interfaces/cmake/ament_cmake_export_include_directories-extras.cmake
[13.086s] -- Installing: /home/fssja/ros2-project/install/custom_interfaces/share/custom_interfaces/cmake/ament_cmake_export_libraries-extras.cmake
[13.088s] -- Installing: /home/fssja/ros2-project/install/custom_interfaces/share/custom_interfaces/cmake/ament_cmake_export_targets-extras.cmake
[13.088s] -- Installing: /home/fssja/ros2-project/install/custom_interfaces/share/custom_interfaces/cmake/rosidl_cmake_export_typesupport_targets-extras.cmake
[13.089s] -- Installing: /home/fssja/ros2-project/install/custom_interfaces/share/custom_interfaces/cmake/ament_cmake_export_dependencies-extras.cmake
[13.090s] -- Installing: /home/fssja/ros2-project/install/custom_interfaces/share/custom_interfaces/cmake/rosidl_cmake_export_typesupport_libraries-extras.cmake
[13.090s] -- Installing: /home/fssja/ros2-project/install/custom_interfaces/share/custom_interfaces/cmake/custom_interfacesConfig.cmake
[13.091s] -- Up-to-date: /home/fssja/ros2-project/install/custom_interfaces/share/custom_interfaces/cmake/custom_interfacesConfig-version.cmake
[13.092s] -- Installing: /home/fssja/ros2-project/install/custom_interfaces/share/custom_interfaces/package.xml
[13.100s] Invoked command in '/home/fssja/ros2-project/build/custom_interfaces' returned '0': CMAKE_PREFIX_PATH=${CMAKE_PREFIX_PATH}:/home/fssja/turtlebot3_ws/install/turtlebot3_teleop:/home/fssja/turtlebot3_ws/install/turtlebot3_example:/opt/ros/humble /usr/bin/cmake --install /home/fssja/ros2-project/build/custom_interfaces
