[ 25%] [32mBuilding CXX object CMakeFiles/talker.dir/src/publisher_cmd.cpp.o[0m
[ 50%] [32m[1mLinking CXX executable talker[0m
[ 50%] Built target talker
[35m[1mConsolidate compiler generated dependencies of target listener[0m
[100%] Built target listener
-- Install configuration: ""
-- Installing: /home/fssja/turtlebot3_ws/install/robot_controller/lib/robot_controller/talker
-- Set runtime path of "/home/fssja/turtlebot3_ws/install/robot_controller/lib/robot_controller/talker" to ""
-- Up-to-date: /home/fssja/turtlebot3_ws/install/robot_controller/lib/robot_controller/listener
-- Up-to-date: /home/fssja/turtlebot3_ws/install/robot_controller/share/ament_index/resource_index/package_run_dependencies/robot_controller
-- Up-to-date: /home/fssja/turtlebot3_ws/install/robot_controller/share/ament_index/resource_index/parent_prefix_path/robot_controller
-- Up-to-date: /home/fssja/turtlebot3_ws/install/robot_controller/share/robot_controller/environment/ament_prefix_path.sh
-- Up-to-date: /home/fssja/turtlebot3_ws/install/robot_controller/share/robot_controller/environment/ament_prefix_path.dsv
-- Up-to-date: /home/fssja/turtlebot3_ws/install/robot_controller/share/robot_controller/environment/path.sh
-- Up-to-date: /home/fssja/turtlebot3_ws/install/robot_controller/share/robot_controller/environment/path.dsv
-- Up-to-date: /home/fssja/turtlebot3_ws/install/robot_controller/share/robot_controller/local_setup.bash
-- Up-to-date: /home/fssja/turtlebot3_ws/install/robot_controller/share/robot_controller/local_setup.sh
-- Up-to-date: /home/fssja/turtlebot3_ws/install/robot_controller/share/robot_controller/local_setup.zsh
-- Up-to-date: /home/fssja/turtlebot3_ws/install/robot_controller/share/robot_controller/local_setup.dsv
-- Installing: /home/fssja/turtlebot3_ws/install/robot_controller/share/robot_controller/package.dsv
-- Up-to-date: /home/fssja/turtlebot3_ws/install/robot_controller/share/ament_index/resource_index/packages/robot_controller
-- Up-to-date: /home/fssja/turtlebot3_ws/install/robot_controller/share/robot_controller/cmake/robot_controllerConfig.cmake
-- Up-to-date: /home/fssja/turtlebot3_ws/install/robot_controller/share/robot_controller/cmake/robot_controllerConfig-version.cmake
-- Up-to-date: /home/fssja/turtlebot3_ws/install/robot_controller/share/robot_controller/package.xml
