-- Found ament_cmake: 1.3.8 (/opt/ros/humble/share/ament_cmake/cmake)
-- Found rclcpp: 16.0.8 (/opt/ros/humble/share/rclcpp/cmake)
-- Found rosidl_generator_c: 3.1.5 (/opt/ros/humble/share/rosidl_generator_c/cmake)
-- Found rosidl_adapter: 3.1.5 (/opt/ros/humble/share/rosidl_adapter/cmake)
-- Found rosidl_generator_cpp: 3.1.5 (/opt/ros/humble/share/rosidl_generator_cpp/cmake)
-- Using all available rosidl_typesupport_c: rosidl_typesupport_fastrtps_c;rosidl_typesupport_introspection_c
-- Using all available rosidl_typesupport_cpp: rosidl_typesupport_fastrtps_cpp;rosidl_typesupport_introspection_cpp
-- Found rmw_implementation_cmake: 6.1.1 (/opt/ros/humble/share/rmw_implementation_cmake/cmake)
-- Found rmw_fastrtps_cpp: 6.2.6 (/opt/ros/humble/share/rmw_fastrtps_cpp/cmake)
-- Using RMW implementation 'rmw_fastrtps_cpp' as default
-- Found turtlesim: 1.4.2 (/opt/ros/humble/share/turtlesim/cmake)
-- Found geometry_msgs: 4.2.3 (/opt/ros/humble/share/geometry_msgs/cmake)
-- Found rosidl_default_generators: 1.2.0 (/opt/ros/humble/share/rosidl_default_generators/cmake)
-- Found ament_cmake_ros: 0.10.0 (/opt/ros/humble/share/ament_cmake_ros/cmake)
-- Using all available rosidl_typesupport_c: rosidl_typesupport_fastrtps_c;rosidl_typesupport_introspection_c
-- Using all available rosidl_typesupport_cpp: rosidl_typesupport_fastrtps_cpp;rosidl_typesupport_introspection_cpp
-- Found PythonInterp: /usr/bin/python3 (found suitable version "3.10.12", minimum required is "3.6") 
-- Found python_cmake_module: 0.10.0 (/opt/ros/humble/share/python_cmake_module/cmake)
-- Found PythonLibs: /usr/lib/x86_64-linux-gnu/libpython3.10.so (found suitable version "3.10.12", minimum required is "3.5") 
-- Using PYTHON_EXECUTABLE: /usr/bin/python3
-- Using PYTHON_INCLUDE_DIRS: /usr/include/python3.10
-- Using PYTHON_LIBRARIES: /usr/lib/x86_64-linux-gnu/libpython3.10.so
-- Found PythonExtra: .so  
[0mCMake Deprecation Warning at /opt/ros/humble/share/rosidl_cmake/cmake/rosidl_target_interfaces.cmake:32 (message):
  Use rosidl_get_typesupport_target() and target_link_libraries() instead of
  rosidl_target_interfaces()
Call Stack (most recent call first):
  CMakeLists.txt:27 (rosidl_target_interfaces)

[0m
-- Configuring done
-- Generating done
-- Build files have been written to: /home/fssja/ros2-project/build/two_server_controllers
[  3%] [34m[1mGenerating C++ code for ROS interfaces[0m
[  3%] Built target two_server_controllers__cpp
[  6%] [34m[1mGenerating C code for ROS interfaces[0m
[  9%] [32mBuilding C object CMakeFiles/two_server_controllers__rosidl_generator_c.dir/rosidl_generator_c/two_server_controllers/srv/detail/goto__functions.c.o[0m
[ 12%] [32m[1mLinking C shared library libtwo_server_controllers__rosidl_generator_c.so[0m
[ 12%] Built target two_server_controllers__rosidl_generator_c
[ 12%] Built target ament_cmake_python_copy_two_server_controllers
[ 15%] [34m[1mGenerating C++ type support dispatch for ROS interfaces[0m
[ 18%] [32mBuilding CXX object CMakeFiles/two_server_controllers__rosidl_typesupport_cpp.dir/rosidl_typesupport_cpp/two_server_controllers/srv/goto__type_support.cpp.o[0m
[ 21%] [32m[1mLinking CXX shared library libtwo_server_controllers__rosidl_typesupport_cpp.so[0m
[ 21%] Built target two_server_controllers__rosidl_typesupport_cpp
[ 24%] [34m[1mGenerating C type support for eProsima Fast-RTPS[0m
[ 27%] [32mBuilding CXX object CMakeFiles/two_server_controllers__rosidl_typesupport_fastrtps_c.dir/rosidl_typesupport_fastrtps_c/two_server_controllers/srv/detail/goto__type_support_c.cpp.o[0m
[ 30%] [32m[1mLinking CXX shared library libtwo_server_controllers__rosidl_typesupport_fastrtps_c.so[0m
[ 30%] Built target two_server_controllers__rosidl_typesupport_fastrtps_c
[ 33%] [34m[1mGenerating C++ type support for eProsima Fast-RTPS[0m
[ 36%] [32mBuilding CXX object CMakeFiles/two_server_controllers__rosidl_typesupport_fastrtps_cpp.dir/rosidl_typesupport_fastrtps_cpp/two_server_controllers/srv/detail/dds_fastrtps/goto__type_support.cpp.o[0m
[ 39%] [32m[1mLinking CXX shared library libtwo_server_controllers__rosidl_typesupport_fastrtps_cpp.so[0m
[ 39%] Built target two_server_controllers__rosidl_typesupport_fastrtps_cpp
[ 42%] [34m[1mGenerating C introspection for ROS interfaces[0m
[ 45%] [32mBuilding C object CMakeFiles/two_server_controllers__rosidl_typesupport_introspection_c.dir/rosidl_typesupport_introspection_c/two_server_controllers/srv/detail/goto__type_support.c.o[0m
[ 48%] [32m[1mLinking C shared library libtwo_server_controllers__rosidl_typesupport_introspection_c.so[0m
[ 48%] Built target two_server_controllers__rosidl_typesupport_introspection_c
[ 51%] [34m[1mGenerating C type support dispatch for ROS interfaces[0m
[ 54%] [32mBuilding CXX object CMakeFiles/two_server_controllers__rosidl_typesupport_c.dir/rosidl_typesupport_c/two_server_controllers/srv/goto__type_support.cpp.o[0m
[ 57%] [32m[1mLinking CXX shared library libtwo_server_controllers__rosidl_typesupport_c.so[0m
[ 57%] Built target two_server_controllers__rosidl_typesupport_c
[ 60%] [34m[1mGenerating C++ introspection for ROS interfaces[0m
[ 63%] [32mBuilding CXX object CMakeFiles/two_server_controllers__rosidl_typesupport_introspection_cpp.dir/rosidl_typesupport_introspection_cpp/two_server_controllers/srv/detail/goto__type_support.cpp.o[0m
[ 66%] [32m[1mLinking CXX shared library libtwo_server_controllers__rosidl_typesupport_introspection_cpp.so[0m
[ 66%] Built target two_server_controllers__rosidl_typesupport_introspection_cpp
running egg_info
creating two_server_controllers.egg-info
writing two_server_controllers.egg-info/PKG-INFO
writing dependency_links to two_server_controllers.egg-info/dependency_links.txt
writing top-level names to two_server_controllers.egg-info/top_level.txt
writing manifest file 'two_server_controllers.egg-info/SOURCES.txt'
reading manifest file 'two_server_controllers.egg-info/SOURCES.txt'
writing manifest file 'two_server_controllers.egg-info/SOURCES.txt'
[ 66%] Built target ament_cmake_python_build_two_server_controllers_egg
[ 66%] Built target two_server_controllers
[ 69%] [32mBuilding CXX object CMakeFiles/go_to_goal.dir/src/goto_server.cpp.o[0m
[01m[K/home/fssja/ros2-project/src/two_server_controllers/src/goto_server.cpp:2:10:[m[K [01;31m[Kfatal error: [m[Ktwo_servers_controllers/srv/Goto.hpp: No such file or directory
    2 | #include [01;31m[K"two_servers_controllers/srv/Goto.hpp"[m[K
      |          [01;31m[K^~~~~~~~~~~~~~~~~~~~~~~~~~~~~~~~~~~~~~[m[K
compilation terminated.
gmake[2]: *** [CMakeFiles/go_to_goal.dir/build.make:76: CMakeFiles/go_to_goal.dir/src/goto_server.cpp.o] Error 1
gmake[1]: *** [CMakeFiles/Makefile2:184: CMakeFiles/go_to_goal.dir/all] Error 2
gmake: *** [Makefile:146: all] Error 2
