[12.333s] Invoking command in '/home/fssja/turtlebot3_ws/src/turtlebot3/turtlebot3_teleop': PYTHONPATH=/home/fssja/turtlebot3_ws/build/turtlebot3_teleop/prefix_override:/home/fssja/turtlebot3_ws/install/turtlebot3_teleop/lib/python3.10/site-packages:${PYTHONPATH} /usr/bin/python3 setup.py egg_info --egg-base ../../../build/turtlebot3_teleop build --build-base /home/fssja/turtlebot3_ws/build/turtlebot3_teleop/build install --record /home/fssja/turtlebot3_ws/build/turtlebot3_teleop/install.log --single-version-externally-managed
[15.703s] running egg_info
[15.707s] writing ../../../build/turtlebot3_teleop/turtlebot3_teleop.egg-info/PKG-INFO
[15.710s] writing dependency_links to ../../../build/turtlebot3_teleop/turtlebot3_teleop.egg-info/dependency_links.txt
[15.713s] writing entry points to ../../../build/turtlebot3_teleop/turtlebot3_teleop.egg-info/entry_points.txt
[15.716s] writing requirements to ../../../build/turtlebot3_teleop/turtlebot3_teleop.egg-info/requires.txt
[15.717s] writing top-level names to ../../../build/turtlebot3_teleop/turtlebot3_teleop.egg-info/top_level.txt
[15.724s] reading manifest file '../../../build/turtlebot3_teleop/turtlebot3_teleop.egg-info/SOURCES.txt'
[15.728s] writing manifest file '../../../build/turtlebot3_teleop/turtlebot3_teleop.egg-info/SOURCES.txt'
[15.729s] running build
[15.730s] running build_py
[15.732s] running install
[15.732s] /usr/lib/python3/dist-packages/setuptools/command/install.py:34: SetuptoolsDeprecationWarning: setup.py install is deprecated. Use build and pip and other standards-based tools.
[15.732s]   warnings.warn(
[15.770s] running install_lib
[15.770s] running install_data
[15.771s] running install_egg_info
[15.784s] removing '/home/fssja/turtlebot3_ws/install/turtlebot3_teleop/lib/python3.10/site-packages/turtlebot3_teleop-2.1.5-py3.10.egg-info' (and everything under it)
[15.785s] Copying ../../../build/turtlebot3_teleop/turtlebot3_teleop.egg-info to /home/fssja/turtlebot3_ws/install/turtlebot3_teleop/lib/python3.10/site-packages/turtlebot3_teleop-2.1.5-py3.10.egg-info
[15.796s] running install_scripts
[16.120s] Installing teleop_keyboard script to /home/fssja/turtlebot3_ws/install/turtlebot3_teleop/lib/turtlebot3_teleop
[16.129s] writing list of installed files to '/home/fssja/turtlebot3_ws/build/turtlebot3_teleop/install.log'
[16.827s] Invoked command in '/home/fssja/turtlebot3_ws/src/turtlebot3/turtlebot3_teleop' returned '0': PYTHONPATH=/home/fssja/turtlebot3_ws/build/turtlebot3_teleop/prefix_override:/home/fssja/turtlebot3_ws/install/turtlebot3_teleop/lib/python3.10/site-packages:${PYTHONPATH} /usr/bin/python3 setup.py egg_info --egg-base ../../../build/turtlebot3_teleop build --build-base /home/fssja/turtlebot3_ws/build/turtlebot3_teleop/build install --record /home/fssja/turtlebot3_ws/build/turtlebot3_teleop/install.log --single-version-externally-managed
