[2.387s] DEBUG:colcon:Command line arguments: ['/usr/bin/colcon', 'build', '--packages-select', 'the_publisher']
[2.387s] DEBUG:colcon:Parsed command line arguments: Namespace(log_base=None, log_level=None, verb_name='build', build_base='build', install_base='install', merge_install=False, symlink_install=False, test_result_base=None, continue_on_error=False, executor='parallel', parallel_workers=2, event_handlers=None, ignore_user_meta=False, metas=['./colcon.meta'], base_paths=['.'], packages_ignore=None, packages_ignore_regex=None, paths=None, packages_up_to=None, packages_up_to_regex=None, packages_above=None, packages_above_and_dependencies=None, packages_above_depth=None, packages_select_by_dep=None, packages_skip_by_dep=None, packages_skip_up_to=None, packages_select_build_failed=False, packages_skip_build_finished=False, packages_select_test_failures=False, packages_skip_test_passed=False, packages_select=['the_publisher'], packages_skip=None, packages_select_regex=None, packages_skip_regex=None, packages_start=None, packages_end=None, allow_overriding=[], cmake_args=None, cmake_target=None, cmake_target_skip_unavailable=False, cmake_clean_cache=False, cmake_clean_first=False, cmake_force_configure=False, ament_cmake_args=None, catkin_cmake_args=None, catkin_skip_building_tests=False, verb_parser=<colcon_defaults.argument_parser.defaults.DefaultArgumentsDecorator object at 0x7fcddd38b2e0>, verb_extension=<colcon_core.verb.build.BuildVerb object at 0x7fcddd38a320>, main=<bound method BuildVerb.main of <colcon_core.verb.build.BuildVerb object at 0x7fcddd38a320>>)
[2.496s] Level 1:colcon.colcon_core.package_discovery:discover_packages(colcon_meta) check parameters
[2.496s] Level 1:colcon.colcon_core.package_discovery:discover_packages(recursive) check parameters
[2.496s] Level 1:colcon.colcon_core.package_discovery:discover_packages(ignore) check parameters
[2.496s] Level 1:colcon.colcon_core.package_discovery:discover_packages(path) check parameters
[2.496s] Level 1:colcon.colcon_core.package_discovery:discover_packages(colcon_meta) discover
[2.497s] Level 1:colcon.colcon_core.package_discovery:discover_packages(recursive) discover
[2.497s] INFO:colcon.colcon_core.package_discovery:Crawling recursively for packages in '/home/fssja/ros2_ws'
[2.497s] Level 1:colcon.colcon_core.package_identification:_identify(.) by extensions ['ignore', 'ignore_ament_install']
[2.497s] Level 1:colcon.colcon_core.package_identification:_identify(.) by extension 'ignore'
[2.497s] Level 1:colcon.colcon_core.package_identification:_identify(.) by extension 'ignore_ament_install'
[2.497s] Level 1:colcon.colcon_core.package_identification:_identify(.) by extensions ['colcon_pkg']
[2.497s] Level 1:colcon.colcon_core.package_identification:_identify(.) by extension 'colcon_pkg'
[2.498s] Level 1:colcon.colcon_core.package_identification:_identify(.) by extensions ['colcon_meta']
[2.498s] Level 1:colcon.colcon_core.package_identification:_identify(.) by extension 'colcon_meta'
[2.498s] Level 1:colcon.colcon_core.package_identification:_identify(.) by extensions ['ros']
[2.498s] Level 1:colcon.colcon_core.package_identification:_identify(.) by extension 'ros'
[2.524s] Level 1:colcon.colcon_core.package_identification:_identify(.) by extensions ['cmake', 'python']
[2.524s] Level 1:colcon.colcon_core.package_identification:_identify(.) by extension 'cmake'
[2.524s] Level 1:colcon.colcon_core.package_identification:_identify(.) by extension 'python'
[2.524s] Level 1:colcon.colcon_core.package_identification:_identify(.) by extensions ['python_setup_py']
[2.524s] Level 1:colcon.colcon_core.package_identification:_identify(.) by extension 'python_setup_py'
[2.525s] Level 1:colcon.colcon_core.package_identification:_identify(build) by extensions ['ignore', 'ignore_ament_install']
[2.525s] Level 1:colcon.colcon_core.package_identification:_identify(build) by extension 'ignore'
[2.525s] Level 1:colcon.colcon_core.package_identification:_identify(build) ignored
[2.525s] Level 1:colcon.colcon_core.package_identification:_identify(install) by extensions ['ignore', 'ignore_ament_install']
[2.526s] Level 1:colcon.colcon_core.package_identification:_identify(install) by extension 'ignore'
[2.526s] Level 1:colcon.colcon_core.package_identification:_identify(install) ignored
[2.526s] Level 1:colcon.colcon_core.package_identification:_identify(log) by extensions ['ignore', 'ignore_ament_install']
[2.526s] Level 1:colcon.colcon_core.package_identification:_identify(log) by extension 'ignore'
[2.526s] Level 1:colcon.colcon_core.package_identification:_identify(log) ignored
[2.526s] Level 1:colcon.colcon_core.package_identification:_identify(src) by extensions ['ignore', 'ignore_ament_install']
[2.527s] Level 1:colcon.colcon_core.package_identification:_identify(src) by extension 'ignore'
[2.527s] Level 1:colcon.colcon_core.package_identification:_identify(src) by extension 'ignore_ament_install'
[2.527s] Level 1:colcon.colcon_core.package_identification:_identify(src) by extensions ['colcon_pkg']
[2.527s] Level 1:colcon.colcon_core.package_identification:_identify(src) by extension 'colcon_pkg'
[2.527s] Level 1:colcon.colcon_core.package_identification:_identify(src) by extensions ['colcon_meta']
[2.527s] Level 1:colcon.colcon_core.package_identification:_identify(src) by extension 'colcon_meta'
[2.527s] Level 1:colcon.colcon_core.package_identification:_identify(src) by extensions ['ros']
[2.527s] Level 1:colcon.colcon_core.package_identification:_identify(src) by extension 'ros'
[2.527s] Level 1:colcon.colcon_core.package_identification:_identify(src) by extensions ['cmake', 'python']
[2.528s] Level 1:colcon.colcon_core.package_identification:_identify(src) by extension 'cmake'
[2.528s] Level 1:colcon.colcon_core.package_identification:_identify(src) by extension 'python'
[2.528s] Level 1:colcon.colcon_core.package_identification:_identify(src) by extensions ['python_setup_py']
[2.528s] Level 1:colcon.colcon_core.package_identification:_identify(src) by extension 'python_setup_py'
[2.528s] Level 1:colcon.colcon_core.package_identification:_identify(src/the_publisher) by extensions ['ignore', 'ignore_ament_install']
[2.528s] Level 1:colcon.colcon_core.package_identification:_identify(src/the_publisher) by extension 'ignore'
[2.528s] Level 1:colcon.colcon_core.package_identification:_identify(src/the_publisher) by extension 'ignore_ament_install'
[2.529s] Level 1:colcon.colcon_core.package_identification:_identify(src/the_publisher) by extensions ['colcon_pkg']
[2.529s] Level 1:colcon.colcon_core.package_identification:_identify(src/the_publisher) by extension 'colcon_pkg'
[2.529s] Level 1:colcon.colcon_core.package_identification:_identify(src/the_publisher) by extensions ['colcon_meta']
[2.529s] Level 1:colcon.colcon_core.package_identification:_identify(src/the_publisher) by extension 'colcon_meta'
[2.529s] Level 1:colcon.colcon_core.package_identification:_identify(src/the_publisher) by extensions ['ros']
[2.529s] Level 1:colcon.colcon_core.package_identification:_identify(src/the_publisher) by extension 'ros'
[2.534s] DEBUG:colcon.colcon_core.package_identification:Package 'src/the_publisher' with type 'ros.ament_cmake' and name 'the_publisher'
[2.534s] Level 1:colcon.colcon_core.package_discovery:discover_packages(recursive) using defaults
[2.534s] Level 1:colcon.colcon_core.package_discovery:discover_packages(ignore) discover
[2.534s] Level 1:colcon.colcon_core.package_discovery:discover_packages(ignore) using defaults
[2.534s] Level 1:colcon.colcon_core.package_discovery:discover_packages(path) discover
[2.534s] Level 1:colcon.colcon_core.package_discovery:discover_packages(path) using defaults
[2.750s] Level 1:colcon.colcon_core.package_discovery:discover_packages(prefix_path) check parameters
[2.750s] Level 1:colcon.colcon_core.package_discovery:discover_packages(prefix_path) discover
[2.822s] DEBUG:colcon.colcon_installed_package_information.package_discovery:Found 1 installed packages in /home/fssja/ros2_ws/install
[2.860s] DEBUG:colcon.colcon_installed_package_information.package_discovery:Found 291 installed packages in /opt/ros/humble
[2.864s] Level 1:colcon.colcon_core.package_discovery:discover_packages(prefix_path) using defaults
[3.116s] Level 5:colcon.colcon_core.verb:set package 'the_publisher' build argument 'cmake_args' from command line to 'None'
[3.117s] Level 5:colcon.colcon_core.verb:set package 'the_publisher' build argument 'cmake_target' from command line to 'None'
[3.117s] Level 5:colcon.colcon_core.verb:set package 'the_publisher' build argument 'cmake_target_skip_unavailable' from command line to 'False'
[3.118s] Level 5:colcon.colcon_core.verb:set package 'the_publisher' build argument 'cmake_clean_cache' from command line to 'False'
[3.118s] Level 5:colcon.colcon_core.verb:set package 'the_publisher' build argument 'cmake_clean_first' from command line to 'False'
[3.118s] Level 5:colcon.colcon_core.verb:set package 'the_publisher' build argument 'cmake_force_configure' from command line to 'False'
[3.118s] Level 5:colcon.colcon_core.verb:set package 'the_publisher' build argument 'ament_cmake_args' from command line to 'None'
[3.119s] Level 5:colcon.colcon_core.verb:set package 'the_publisher' build argument 'catkin_cmake_args' from command line to 'None'
[3.119s] Level 5:colcon.colcon_core.verb:set package 'the_publisher' build argument 'catkin_skip_building_tests' from command line to 'False'
[3.119s] DEBUG:colcon.colcon_core.verb:Building package 'the_publisher' with the following arguments: {'ament_cmake_args': None, 'build_base': '/home/fssja/ros2_ws/build/the_publisher', 'catkin_cmake_args': None, 'catkin_skip_building_tests': False, 'cmake_args': None, 'cmake_clean_cache': False, 'cmake_clean_first': False, 'cmake_force_configure': False, 'cmake_target': None, 'cmake_target_skip_unavailable': False, 'install_base': '/home/fssja/ros2_ws/install/the_publisher', 'merge_install': False, 'path': '/home/fssja/ros2_ws/src/the_publisher', 'symlink_install': False, 'test_result_base': None}
[3.161s] INFO:colcon.colcon_core.executor:Executing jobs using 'parallel' executor
[3.198s] DEBUG:colcon.colcon_parallel_executor.executor.parallel:run_until_complete
[3.199s] INFO:colcon.colcon_ros.task.ament_cmake.build:Building ROS package in '/home/fssja/ros2_ws/src/the_publisher' with build type 'ament_cmake'
[3.200s] INFO:colcon.colcon_cmake.task.cmake.build:Building CMake package in '/home/fssja/ros2_ws/src/the_publisher'
[3.242s] INFO:colcon.colcon_core.plugin_system:Skipping extension 'colcon_core.shell.bat': Not used on non-Windows systems
[3.243s] INFO:colcon.colcon_core.shell:Skip shell extension 'powershell' for command environment: Not usable outside of PowerShell
[3.244s] DEBUG:colcon.colcon_core.shell:Skip shell extension 'dsv' for command environment
[3.371s] DEBUG:colcon.colcon_core.event_handler.log_command:Invoking command in '/home/fssja/ros2_ws/build/the_publisher': CMAKE_PREFIX_PATH=/opt/ros/humble /usr/bin/cmake /home/fssja/ros2_ws/src/the_publisher -DCMAKE_INSTALL_PREFIX=/home/fssja/ros2_ws/install/the_publisher
[4.936s] DEBUG:colcon.colcon_core.event_handler.log_command:Invoked command in '/home/fssja/ros2_ws/build/the_publisher' returned '0': CMAKE_PREFIX_PATH=/opt/ros/humble /usr/bin/cmake /home/fssja/ros2_ws/src/the_publisher -DCMAKE_INSTALL_PREFIX=/home/fssja/ros2_ws/install/the_publisher
[4.937s] DEBUG:colcon.colcon_core.event_handler.log_command:Invoking command in '/home/fssja/ros2_ws/build/the_publisher': CMAKE_PREFIX_PATH=/opt/ros/humble /usr/bin/cmake --build /home/fssja/ros2_ws/build/the_publisher -- -j2 -l2
[16.669s] DEBUG:colcon.colcon_core.event_handler.log_command:Invoked command in '/home/fssja/ros2_ws/build/the_publisher' returned '0': CMAKE_PREFIX_PATH=/opt/ros/humble /usr/bin/cmake --build /home/fssja/ros2_ws/build/the_publisher -- -j2 -l2
[16.738s] DEBUG:colcon.colcon_core.event_handler.log_command:Invoking command in '/home/fssja/ros2_ws/build/the_publisher': CMAKE_PREFIX_PATH=/opt/ros/humble /usr/bin/cmake --install /home/fssja/ros2_ws/build/the_publisher
[16.765s] Level 1:colcon.colcon_core.environment:create_environment_scripts_only(the_publisher)
[16.781s] DEBUG:colcon.colcon_core.event_handler.log_command:Invoked command in '/home/fssja/ros2_ws/build/the_publisher' returned '0': CMAKE_PREFIX_PATH=/opt/ros/humble /usr/bin/cmake --install /home/fssja/ros2_ws/build/the_publisher
[16.813s] Level 1:colcon.colcon_core.environment:checking '/home/fssja/ros2_ws/install/the_publisher' for CMake module files
[16.814s] Level 1:colcon.colcon_core.environment:checking '/home/fssja/ros2_ws/install/the_publisher' for CMake config files
[16.815s] Level 1:colcon.colcon_core.shell:create_environment_hook('the_publisher', 'cmake_prefix_path')
[16.850s] INFO:colcon.colcon_core.shell:Creating environment hook '/home/fssja/ros2_ws/install/the_publisher/share/the_publisher/hook/cmake_prefix_path.ps1'
[16.851s] INFO:colcon.colcon_core.shell:Creating environment descriptor '/home/fssja/ros2_ws/install/the_publisher/share/the_publisher/hook/cmake_prefix_path.dsv'
[16.852s] INFO:colcon.colcon_core.shell:Creating environment hook '/home/fssja/ros2_ws/install/the_publisher/share/the_publisher/hook/cmake_prefix_path.sh'
[16.854s] Level 1:colcon.colcon_core.environment:checking '/home/fssja/ros2_ws/install/the_publisher/lib'
[16.854s] Level 1:colcon.colcon_core.environment:checking '/home/fssja/ros2_ws/install/the_publisher/bin'
[16.855s] Level 1:colcon.colcon_core.environment:checking '/home/fssja/ros2_ws/install/the_publisher/lib/pkgconfig/the_publisher.pc'
[16.855s] Level 1:colcon.colcon_core.environment:checking '/home/fssja/ros2_ws/install/the_publisher/lib/python3.10/site-packages'
[16.856s] Level 1:colcon.colcon_core.environment:checking '/home/fssja/ros2_ws/install/the_publisher/bin'
[16.892s] INFO:colcon.colcon_core.shell:Creating package script '/home/fssja/ros2_ws/install/the_publisher/share/the_publisher/package.ps1'
[16.894s] INFO:colcon.colcon_core.shell:Creating package descriptor '/home/fssja/ros2_ws/install/the_publisher/share/the_publisher/package.dsv'
[16.895s] INFO:colcon.colcon_core.shell:Creating package script '/home/fssja/ros2_ws/install/the_publisher/share/the_publisher/package.sh'
[16.897s] INFO:colcon.colcon_core.shell:Creating package script '/home/fssja/ros2_ws/install/the_publisher/share/the_publisher/package.bash'
[16.899s] INFO:colcon.colcon_core.shell:Creating package script '/home/fssja/ros2_ws/install/the_publisher/share/the_publisher/package.zsh'
[16.901s] Level 1:colcon.colcon_core.environment:create_file_with_runtime_dependencies(/home/fssja/ros2_ws/install/the_publisher/share/colcon-core/packages/the_publisher)
[16.990s] Level 1:colcon.colcon_core.environment:create_environment_scripts_only(the_publisher)
[17.028s] Level 1:colcon.colcon_core.environment:checking '/home/fssja/ros2_ws/install/the_publisher' for CMake module files
[17.032s] Level 1:colcon.colcon_core.environment:checking '/home/fssja/ros2_ws/install/the_publisher' for CMake config files
[17.032s] Level 1:colcon.colcon_core.shell:create_environment_hook('the_publisher', 'cmake_prefix_path')
[17.068s] INFO:colcon.colcon_core.shell:Creating environment hook '/home/fssja/ros2_ws/install/the_publisher/share/the_publisher/hook/cmake_prefix_path.ps1'
[17.069s] INFO:colcon.colcon_core.shell:Creating environment descriptor '/home/fssja/ros2_ws/install/the_publisher/share/the_publisher/hook/cmake_prefix_path.dsv'
[17.069s] INFO:colcon.colcon_core.shell:Creating environment hook '/home/fssja/ros2_ws/install/the_publisher/share/the_publisher/hook/cmake_prefix_path.sh'
[17.070s] Level 1:colcon.colcon_core.environment:checking '/home/fssja/ros2_ws/install/the_publisher/lib'
[17.071s] Level 1:colcon.colcon_core.environment:checking '/home/fssja/ros2_ws/install/the_publisher/bin'
[17.071s] Level 1:colcon.colcon_core.environment:checking '/home/fssja/ros2_ws/install/the_publisher/lib/pkgconfig/the_publisher.pc'
[17.071s] Level 1:colcon.colcon_core.environment:checking '/home/fssja/ros2_ws/install/the_publisher/lib/python3.10/site-packages'
[17.072s] Level 1:colcon.colcon_core.environment:checking '/home/fssja/ros2_ws/install/the_publisher/bin'
[17.109s] INFO:colcon.colcon_core.shell:Creating package script '/home/fssja/ros2_ws/install/the_publisher/share/the_publisher/package.ps1'
[17.111s] INFO:colcon.colcon_core.shell:Creating package descriptor '/home/fssja/ros2_ws/install/the_publisher/share/the_publisher/package.dsv'
[17.112s] INFO:colcon.colcon_core.shell:Creating package script '/home/fssja/ros2_ws/install/the_publisher/share/the_publisher/package.sh'
[17.113s] INFO:colcon.colcon_core.shell:Creating package script '/home/fssja/ros2_ws/install/the_publisher/share/the_publisher/package.bash'
[17.115s] INFO:colcon.colcon_core.shell:Creating package script '/home/fssja/ros2_ws/install/the_publisher/share/the_publisher/package.zsh'
[17.115s] Level 1:colcon.colcon_core.environment:create_file_with_runtime_dependencies(/home/fssja/ros2_ws/install/the_publisher/share/colcon-core/packages/the_publisher)
[17.116s] DEBUG:colcon.colcon_parallel_executor.executor.parallel:closing loop
[17.116s] DEBUG:colcon.colcon_parallel_executor.executor.parallel:loop closed
[17.116s] DEBUG:colcon.colcon_parallel_executor.executor.parallel:run_until_complete finished with '0'
[17.116s] DEBUG:colcon.colcon_core.event_reactor:joining thread
[17.165s] INFO:colcon.colcon_core.plugin_system:Skipping extension 'colcon_notification.desktop_notification.terminal_notifier': Not used on non-Darwin systems
[17.165s] INFO:colcon.colcon_core.plugin_system:Skipping extension 'colcon_notification.desktop_notification.win32': Not used on non-Windows systems
[17.165s] INFO:colcon.colcon_notification.desktop_notification:Sending desktop notification using 'notify2'
[17.215s] DEBUG:colcon.colcon_core.event_reactor:joined thread
[17.255s] INFO:colcon.colcon_core.shell:Creating prefix script '/home/fssja/ros2_ws/install/local_setup.ps1'
[17.257s] INFO:colcon.colcon_core.shell:Creating prefix util module '/home/fssja/ros2_ws/install/_local_setup_util_ps1.py'
[17.260s] INFO:colcon.colcon_core.shell:Creating prefix chain script '/home/fssja/ros2_ws/install/setup.ps1'
[17.298s] INFO:colcon.colcon_core.shell:Creating prefix script '/home/fssja/ros2_ws/install/local_setup.sh'
[17.299s] INFO:colcon.colcon_core.shell:Creating prefix util module '/home/fssja/ros2_ws/install/_local_setup_util_sh.py'
[17.300s] INFO:colcon.colcon_core.shell:Creating prefix chain script '/home/fssja/ros2_ws/install/setup.sh'
[17.338s] INFO:colcon.colcon_core.shell:Creating prefix script '/home/fssja/ros2_ws/install/local_setup.bash'
[17.339s] INFO:colcon.colcon_core.shell:Creating prefix chain script '/home/fssja/ros2_ws/install/setup.bash'
[17.377s] INFO:colcon.colcon_core.shell:Creating prefix script '/home/fssja/ros2_ws/install/local_setup.zsh'
[17.378s] INFO:colcon.colcon_core.shell:Creating prefix chain script '/home/fssja/ros2_ws/install/setup.zsh'
