[0.198s] Invoking command in '/home/fssja/turtlebot3_ws/build/turtlebot3_navigation2': CMAKE_PREFIX_PATH=${CMAKE_PREFIX_PATH}:/opt/ros/humble /usr/bin/cmake --build /home/fssja/turtlebot3_ws/build/turtlebot3_navigation2 -- -j2 -l2
[0.479s] Invoked command in '/home/fssja/turtlebot3_ws/build/turtlebot3_navigation2' returned '0': CMAKE_PREFIX_PATH=${CMAKE_PREFIX_PATH}:/opt/ros/humble /usr/bin/cmake --build /home/fssja/turtlebot3_ws/build/turtlebot3_navigation2 -- -j2 -l2
[0.712s] Invoking command in '/home/fssja/turtlebot3_ws/build/turtlebot3_navigation2': CMAKE_PREFIX_PATH=${CMAKE_PREFIX_PATH}:/opt/ros/humble /usr/bin/cmake --install /home/fssja/turtlebot3_ws/build/turtlebot3_navigation2
[0.747s] -- Install configuration: ""
[0.748s] -- Up-to-date: /home/fssja/turtlebot3_ws/install/turtlebot3_navigation2/share/turtlebot3_navigation2/launch
[0.753s] -- Up-to-date: /home/fssja/turtlebot3_ws/install/turtlebot3_navigation2/share/turtlebot3_navigation2/launch/navigation2.launch.py
[0.755s] -- Up-to-date: /home/fssja/turtlebot3_ws/install/turtlebot3_navigation2/share/turtlebot3_navigation2/map
[0.756s] -- Up-to-date: /home/fssja/turtlebot3_ws/install/turtlebot3_navigation2/share/turtlebot3_navigation2/map/map.pgm
[0.758s] -- Up-to-date: /home/fssja/turtlebot3_ws/install/turtlebot3_navigation2/share/turtlebot3_navigation2/map/map.yaml
[0.760s] -- Up-to-date: /home/fssja/turtlebot3_ws/install/turtlebot3_navigation2/share/turtlebot3_navigation2/param
[0.760s] -- Up-to-date: /home/fssja/turtlebot3_ws/install/turtlebot3_navigation2/share/turtlebot3_navigation2/param/burger.yaml
[0.762s] -- Up-to-date: /home/fssja/turtlebot3_ws/install/turtlebot3_navigation2/share/turtlebot3_navigation2/param/waffle.yaml
[0.767s] -- Up-to-date: /home/fssja/turtlebot3_ws/install/turtlebot3_navigation2/share/turtlebot3_navigation2/param/waffle_pi.yaml
[0.768s] -- Up-to-date: /home/fssja/turtlebot3_ws/install/turtlebot3_navigation2/share/turtlebot3_navigation2/rviz
[0.768s] -- Up-to-date: /home/fssja/turtlebot3_ws/install/turtlebot3_navigation2/share/turtlebot3_navigation2/rviz/tb3_navigation2.rviz
[0.769s] -- Up-to-date: /home/fssja/turtlebot3_ws/install/turtlebot3_navigation2/share/ament_index/resource_index/package_run_dependencies/turtlebot3_navigation2
[0.769s] -- Up-to-date: /home/fssja/turtlebot3_ws/install/turtlebot3_navigation2/share/ament_index/resource_index/parent_prefix_path/turtlebot3_navigation2
[0.770s] -- Up-to-date: /home/fssja/turtlebot3_ws/install/turtlebot3_navigation2/share/turtlebot3_navigation2/environment/ament_prefix_path.sh
[0.770s] -- Up-to-date: /home/fssja/turtlebot3_ws/install/turtlebot3_navigation2/share/turtlebot3_navigation2/environment/ament_prefix_path.dsv
[0.771s] -- Up-to-date: /home/fssja/turtlebot3_ws/install/turtlebot3_navigation2/share/turtlebot3_navigation2/environment/path.sh
[0.772s] -- Up-to-date: /home/fssja/turtlebot3_ws/install/turtlebot3_navigation2/share/turtlebot3_navigation2/environment/path.dsv
[0.772s] -- Up-to-date: /home/fssja/turtlebot3_ws/install/turtlebot3_navigation2/share/turtlebot3_navigation2/local_setup.bash
[0.773s] -- Up-to-date: /home/fssja/turtlebot3_ws/install/turtlebot3_navigation2/share/turtlebot3_navigation2/local_setup.sh
[0.777s] -- Up-to-date: /home/fssja/turtlebot3_ws/install/turtlebot3_navigation2/share/turtlebot3_navigation2/local_setup.zsh
[0.777s] -- Up-to-date: /home/fssja/turtlebot3_ws/install/turtlebot3_navigation2/share/turtlebot3_navigation2/local_setup.dsv
[0.778s] -- Installing: /home/fssja/turtlebot3_ws/install/turtlebot3_navigation2/share/turtlebot3_navigation2/package.dsv
[0.779s] -- Up-to-date: /home/fssja/turtlebot3_ws/install/turtlebot3_navigation2/share/ament_index/resource_index/packages/turtlebot3_navigation2
[0.780s] -- Up-to-date: /home/fssja/turtlebot3_ws/install/turtlebot3_navigation2/share/turtlebot3_navigation2/cmake/turtlebot3_navigation2Config.cmake
[0.780s] -- Up-to-date: /home/fssja/turtlebot3_ws/install/turtlebot3_navigation2/share/turtlebot3_navigation2/cmake/turtlebot3_navigation2Config-version.cmake
[0.781s] -- Up-to-date: /home/fssja/turtlebot3_ws/install/turtlebot3_navigation2/share/turtlebot3_navigation2/package.xml
[0.794s] Invoked command in '/home/fssja/turtlebot3_ws/build/turtlebot3_navigation2' returned '0': CMAKE_PREFIX_PATH=${CMAKE_PREFIX_PATH}:/opt/ros/humble /usr/bin/cmake --install /home/fssja/turtlebot3_ws/build/turtlebot3_navigation2
